<?xml version="1.0" encoding="UTF-8"?>
<testsuite xmlns:xsi="http://www.w3.org/2001/XMLSchema-instance" xsi:noNamespaceSchemaLocation="https://maven.apache.org/surefire/maven-surefire-plugin/xsd/surefire-test-report.xsd" version="3.0.2" name="com.online.shop.WishListControllerIntegrationTest" time="0.126" tests="1" errors="0" skipped="0" failures="0">
  <properties>
    <property name="java.specification.version" value="21"/>
    <property name="sun.cpu.isalist" value="amd64"/>
    <property name="sun.jnu.encoding" value="Cp1252"/>
    <property name="java.class.path" value="C:\Users\catal\Downloads\shop\shop\target\test-classes;C:\Users\catal\Downloads\shop\shop\target\classes;C:\Users\catal\.m2\repository\org\springframework\boot\spring-boot-starter\3.4.1\spring-boot-starter-3.4.1.jar;C:\Users\catal\.m2\repository\org\springframework\boot\spring-boot\3.4.1\spring-boot-3.4.1.jar;C:\Users\catal\.m2\repository\org\springframework\spring-context\6.2.1\spring-context-6.2.1.jar;C:\Users\catal\.m2\repository\org\springframework\boot\spring-boot-autoconfigure\3.4.1\spring-boot-autoconfigure-3.4.1.jar;C:\Users\catal\.m2\repository\org\springframework\boot\spring-boot-starter-logging\3.4.1\spring-boot-starter-logging-3.4.1.jar;C:\Users\catal\.m2\repository\ch\qos\logback\logback-classic\1.5.12\logback-classic-1.5.12.jar;C:\Users\catal\.m2\repository\ch\qos\logback\logback-core\1.5.12\logback-core-1.5.12.jar;C:\Users\catal\.m2\repository\org\apache\logging\log4j\log4j-to-slf4j\2.24.3\log4j-to-slf4j-2.24.3.jar;C:\Users\catal\.m2\repository\org\apache\logging\log4j\log4j-api\2.24.3\log4j-api-2.24.3.jar;C:\Users\catal\.m2\repository\org\slf4j\jul-to-slf4j\2.0.16\jul-to-slf4j-2.0.16.jar;C:\Users\catal\.m2\repository\jakarta\annotation\jakarta.annotation-api\2.1.1\jakarta.annotation-api-2.1.1.jar;C:\Users\catal\.m2\repository\org\springframework\spring-core\6.2.1\spring-core-6.2.1.jar;C:\Users\catal\.m2\repository\org\springframework\spring-jcl\6.2.1\spring-jcl-6.2.1.jar;C:\Users\catal\.m2\repository\org\yaml\snakeyaml\2.3\snakeyaml-2.3.jar;C:\Users\catal\.m2\repository\org\springframework\boot\spring-boot-starter-websocket\3.4.1\spring-boot-starter-websocket-3.4.1.jar;C:\Users\catal\.m2\repository\org\springframework\spring-messaging\6.2.1\spring-messaging-6.2.1.jar;C:\Users\catal\.m2\repository\org\springframework\spring-beans\6.2.1\spring-beans-6.2.1.jar;C:\Users\catal\.m2\repository\org\springframework\spring-websocket\6.2.1\spring-websocket-6.2.1.jar;C:\Users\catal\.m2\repository\org\springframework\boot\spring-boot-starter-test\3.4.1\spring-boot-starter-test-3.4.1.jar;C:\Users\catal\.m2\repository\org\springframework\boot\spring-boot-test\3.4.1\spring-boot-test-3.4.1.jar;C:\Users\catal\.m2\repository\org\springframework\boot\spring-boot-test-autoconfigure\3.4.1\spring-boot-test-autoconfigure-3.4.1.jar;C:\Users\catal\.m2\repository\com\jayway\jsonpath\json-path\2.9.0\json-path-2.9.0.jar;C:\Users\catal\.m2\repository\jakarta\xml\bind\jakarta.xml.bind-api\4.0.2\jakarta.xml.bind-api-4.0.2.jar;C:\Users\catal\.m2\repository\jakarta\activation\jakarta.activation-api\2.1.3\jakarta.activation-api-2.1.3.jar;C:\Users\catal\.m2\repository\net\minidev\json-smart\2.5.1\json-smart-2.5.1.jar;C:\Users\catal\.m2\repository\net\minidev\accessors-smart\2.5.1\accessors-smart-2.5.1.jar;C:\Users\catal\.m2\repository\org\ow2\asm\asm\9.6\asm-9.6.jar;C:\Users\catal\.m2\repository\org\assertj\assertj-core\3.26.3\assertj-core-3.26.3.jar;C:\Users\catal\.m2\repository\net\bytebuddy\byte-buddy\1.15.11\byte-buddy-1.15.11.jar;C:\Users\catal\.m2\repository\org\awaitility\awaitility\4.2.2\awaitility-4.2.2.jar;C:\Users\catal\.m2\repository\org\junit\jupiter\junit-jupiter\5.11.4\junit-jupiter-5.11.4.jar;C:\Users\catal\.m2\repository\org\junit\jupiter\junit-jupiter-api\5.11.4\junit-jupiter-api-5.11.4.jar;C:\Users\catal\.m2\repository\org\opentest4j\opentest4j\1.3.0\opentest4j-1.3.0.jar;C:\Users\catal\.m2\repository\org\junit\platform\junit-platform-commons\1.11.4\junit-platform-commons-1.11.4.jar;C:\Users\catal\.m2\repository\org\apiguardian\apiguardian-api\1.1.2\apiguardian-api-1.1.2.jar;C:\Users\catal\.m2\repository\org\junit\jupiter\junit-jupiter-params\5.11.4\junit-jupiter-params-5.11.4.jar;C:\Users\catal\.m2\repository\org\junit\jupiter\junit-jupiter-engine\5.11.4\junit-jupiter-engine-5.11.4.jar;C:\Users\catal\.m2\repository\org\junit\platform\junit-platform-engine\1.11.4\junit-platform-engine-1.11.4.jar;C:\Users\catal\.m2\repository\org\mockito\mockito-core\5.14.2\mockito-core-5.14.2.jar;C:\Users\catal\.m2\repository\net\bytebuddy\byte-buddy-agent\1.15.11\byte-buddy-agent-1.15.11.jar;C:\Users\catal\.m2\repository\org\objenesis\objenesis\3.3\objenesis-3.3.jar;C:\Users\catal\.m2\repository\org\mockito\mockito-junit-jupiter\5.14.2\mockito-junit-jupiter-5.14.2.jar;C:\Users\catal\.m2\repository\org\skyscreamer\jsonassert\1.5.3\jsonassert-1.5.3.jar;C:\Users\catal\.m2\repository\com\vaadin\external\google\android-json\0.0.20131108.vaadin1\android-json-0.0.20131108.vaadin1.jar;C:\Users\catal\.m2\repository\org\springframework\spring-test\6.2.1\spring-test-6.2.1.jar;C:\Users\catal\.m2\repository\org\xmlunit\xmlunit-core\2.10.0\xmlunit-core-2.10.0.jar;C:\Users\catal\.m2\repository\org\springframework\security\spring-security-test\6.4.2\spring-security-test-6.4.2.jar;C:\Users\catal\.m2\repository\org\springframework\security\spring-security-core\6.4.2\spring-security-core-6.4.2.jar;C:\Users\catal\.m2\repository\org\springframework\security\spring-security-crypto\6.4.2\spring-security-crypto-6.4.2.jar;C:\Users\catal\.m2\repository\org\springframework\spring-expression\6.2.1\spring-expression-6.2.1.jar;C:\Users\catal\.m2\repository\io\micrometer\micrometer-observation\1.14.2\micrometer-observation-1.14.2.jar;C:\Users\catal\.m2\repository\io\micrometer\micrometer-commons\1.14.2\micrometer-commons-1.14.2.jar;C:\Users\catal\.m2\repository\org\springframework\security\spring-security-web\6.4.2\spring-security-web-6.4.2.jar;C:\Users\catal\.m2\repository\org\springframework\boot\spring-boot-starter-security\3.4.1\spring-boot-starter-security-3.4.1.jar;C:\Users\catal\.m2\repository\org\springframework\spring-aop\6.2.1\spring-aop-6.2.1.jar;C:\Users\catal\.m2\repository\org\springframework\security\spring-security-config\6.4.2\spring-security-config-6.4.2.jar;C:\Users\catal\.m2\repository\org\springframework\boot\spring-boot-starter-data-jpa\3.4.1\spring-boot-starter-data-jpa-3.4.1.jar;C:\Users\catal\.m2\repository\org\springframework\boot\spring-boot-starter-jdbc\3.4.1\spring-boot-starter-jdbc-3.4.1.jar;C:\Users\catal\.m2\repository\com\zaxxer\HikariCP\5.1.0\HikariCP-5.1.0.jar;C:\Users\catal\.m2\repository\org\springframework\spring-jdbc\6.2.1\spring-jdbc-6.2.1.jar;C:\Users\catal\.m2\repository\org\hibernate\orm\hibernate-core\6.6.4.Final\hibernate-core-6.6.4.Final.jar;C:\Users\catal\.m2\repository\jakarta\persistence\jakarta.persistence-api\3.1.0\jakarta.persistence-api-3.1.0.jar;C:\Users\catal\.m2\repository\jakarta\transaction\jakarta.transaction-api\2.0.1\jakarta.transaction-api-2.0.1.jar;C:\Users\catal\.m2\repository\org\jboss\logging\jboss-logging\3.6.1.Final\jboss-logging-3.6.1.Final.jar;C:\Users\catal\.m2\repository\org\hibernate\common\hibernate-commons-annotations\7.0.3.Final\hibernate-commons-annotations-7.0.3.Final.jar;C:\Users\catal\.m2\repository\io\smallrye\jandex\3.2.0\jandex-3.2.0.jar;C:\Users\catal\.m2\repository\com\fasterxml\classmate\1.7.0\classmate-1.7.0.jar;C:\Users\catal\.m2\repository\org\glassfish\jaxb\jaxb-runtime\4.0.5\jaxb-runtime-4.0.5.jar;C:\Users\catal\.m2\repository\org\glassfish\jaxb\jaxb-core\4.0.5\jaxb-core-4.0.5.jar;C:\Users\catal\.m2\repository\org\glassfish\jaxb\txw2\4.0.5\txw2-4.0.5.jar;C:\Users\catal\.m2\repository\com\sun\istack\istack-commons-runtime\4.1.2\istack-commons-runtime-4.1.2.jar;C:\Users\catal\.m2\repository\jakarta\inject\jakarta.inject-api\2.0.1\jakarta.inject-api-2.0.1.jar;C:\Users\catal\.m2\repository\org\antlr\antlr4-runtime\4.13.0\antlr4-runtime-4.13.0.jar;C:\Users\catal\.m2\repository\org\springframework\data\spring-data-jpa\3.4.1\spring-data-jpa-3.4.1.jar;C:\Users\catal\.m2\repository\org\springframework\data\spring-data-commons\3.4.1\spring-data-commons-3.4.1.jar;C:\Users\catal\.m2\repository\org\springframework\spring-orm\6.2.1\spring-orm-6.2.1.jar;C:\Users\catal\.m2\repository\org\springframework\spring-tx\6.2.1\spring-tx-6.2.1.jar;C:\Users\catal\.m2\repository\org\springframework\spring-aspects\6.2.1\spring-aspects-6.2.1.jar;C:\Users\catal\.m2\repository\org\aspectj\aspectjweaver\1.9.22.1\aspectjweaver-1.9.22.1.jar;C:\Users\catal\.m2\repository\org\springframework\boot\spring-boot-starter-web\3.4.1\spring-boot-starter-web-3.4.1.jar;C:\Users\catal\.m2\repository\org\springframework\boot\spring-boot-starter-json\3.4.1\spring-boot-starter-json-3.4.1.jar;C:\Users\catal\.m2\repository\com\fasterxml\jackson\datatype\jackson-datatype-jdk8\2.18.2\jackson-datatype-jdk8-2.18.2.jar;C:\Users\catal\.m2\repository\com\fasterxml\jackson\datatype\jackson-datatype-jsr310\2.18.2\jackson-datatype-jsr310-2.18.2.jar;C:\Users\catal\.m2\repository\com\fasterxml\jackson\module\jackson-module-parameter-names\2.18.2\jackson-module-parameter-names-2.18.2.jar;C:\Users\catal\.m2\repository\org\springframework\boot\spring-boot-starter-tomcat\3.4.1\spring-boot-starter-tomcat-3.4.1.jar;C:\Users\catal\.m2\repository\org\apache\tomcat\embed\tomcat-embed-core\10.1.34\tomcat-embed-core-10.1.34.jar;C:\Users\catal\.m2\repository\org\apache\tomcat\embed\tomcat-embed-el\10.1.34\tomcat-embed-el-10.1.34.jar;C:\Users\catal\.m2\repository\org\apache\tomcat\embed\tomcat-embed-websocket\10.1.34\tomcat-embed-websocket-10.1.34.jar;C:\Users\catal\.m2\repository\org\springframework\spring-web\6.2.1\spring-web-6.2.1.jar;C:\Users\catal\.m2\repository\org\springframework\spring-webmvc\6.2.1\spring-webmvc-6.2.1.jar;C:\Users\catal\.m2\repository\org\springframework\boot\spring-boot-starter-thymeleaf\3.4.1\spring-boot-starter-thymeleaf-3.4.1.jar;C:\Users\catal\.m2\repository\org\thymeleaf\thymeleaf-spring6\3.1.3.RELEASE\thymeleaf-spring6-3.1.3.RELEASE.jar;C:\Users\catal\.m2\repository\org\thymeleaf\thymeleaf\3.1.3.RELEASE\thymeleaf-3.1.3.RELEASE.jar;C:\Users\catal\.m2\repository\org\attoparser\attoparser\2.0.7.RELEASE\attoparser-2.0.7.RELEASE.jar;C:\Users\catal\.m2\repository\org\unbescape\unbescape\1.1.6.RELEASE\unbescape-1.1.6.RELEASE.jar;C:\Users\catal\.m2\repository\com\mysql\mysql-connector-j\8.0.33\mysql-connector-j-8.0.33.jar;C:\Users\catal\.m2\repository\com\h2database\h2\2.3.232\h2-2.3.232.jar;C:\Users\catal\.m2\repository\io\rest-assured\rest-assured\5.5.0\rest-assured-5.5.0.jar;C:\Users\catal\.m2\repository\org\apache\groovy\groovy\4.0.24\groovy-4.0.24.jar;C:\Users\catal\.m2\repository\org\apache\groovy\groovy-xml\4.0.24\groovy-xml-4.0.24.jar;C:\Users\catal\.m2\repository\org\apache\httpcomponents\httpclient\4.5.13\httpclient-4.5.13.jar;C:\Users\catal\.m2\repository\org\apache\httpcomponents\httpcore\4.4.16\httpcore-4.4.16.jar;C:\Users\catal\.m2\repository\commons-logging\commons-logging\1.2\commons-logging-1.2.jar;C:\Users\catal\.m2\repository\commons-codec\commons-codec\1.17.1\commons-codec-1.17.1.jar;C:\Users\catal\.m2\repository\org\apache\httpcomponents\httpmime\4.5.13\httpmime-4.5.13.jar;C:\Users\catal\.m2\repository\org\ccil\cowan\tagsoup\tagsoup\1.2.1\tagsoup-1.2.1.jar;C:\Users\catal\.m2\repository\io\rest-assured\json-path\5.5.0\json-path-5.5.0.jar;C:\Users\catal\.m2\repository\org\apache\groovy\groovy-json\4.0.24\groovy-json-4.0.24.jar;C:\Users\catal\.m2\repository\io\rest-assured\rest-assured-common\5.5.0\rest-assured-common-5.5.0.jar;C:\Users\catal\.m2\repository\io\rest-assured\xml-path\5.5.0\xml-path-5.5.0.jar;C:\Users\catal\.m2\repository\org\hamcrest\hamcrest\2.2\hamcrest-2.2.jar;C:\Users\catal\.m2\repository\com\auth0\java-jwt\4.4.0\java-jwt-4.4.0.jar;C:\Users\catal\.m2\repository\com\fasterxml\jackson\core\jackson-databind\2.18.2\jackson-databind-2.18.2.jar;C:\Users\catal\.m2\repository\com\fasterxml\jackson\core\jackson-annotations\2.18.2\jackson-annotations-2.18.2.jar;C:\Users\catal\.m2\repository\com\fasterxml\jackson\core\jackson-core\2.18.2\jackson-core-2.18.2.jar;C:\Users\catal\.m2\repository\org\springframework\boot\spring-boot-starter-mail\3.4.1\spring-boot-starter-mail-3.4.1.jar;C:\Users\catal\.m2\repository\org\springframework\spring-context-support\6.2.1\spring-context-support-6.2.1.jar;C:\Users\catal\.m2\repository\org\eclipse\angus\jakarta.mail\2.0.3\jakarta.mail-2.0.3.jar;C:\Users\catal\.m2\repository\org\eclipse\angus\angus-activation\2.0.2\angus-activation-2.0.2.jar;C:\Users\catal\.m2\repository\com\cloudinary\cloudinary-http44\1.31.0\cloudinary-http44-1.31.0.jar;C:\Users\catal\.m2\repository\com\cloudinary\cloudinary-core\1.31.0\cloudinary-core-1.31.0.jar;C:\Users\catal\.m2\repository\org\apache\commons\commons-lang3\3.17.0\commons-lang3-3.17.0.jar;C:\Users\catal\.m2\repository\org\projectlombok\lombok\1.18.36\lombok-1.18.36.jar;C:\Users\catal\.m2\repository\com\google\firebase\firebase-admin\9.0.0\firebase-admin-9.0.0.jar;C:\Users\catal\.m2\repository\com\google\api-client\google-api-client\1.35.1\google-api-client-1.35.1.jar;C:\Users\catal\.m2\repository\com\google\oauth-client\google-oauth-client\1.34.1\google-oauth-client-1.34.1.jar;C:\Users\catal\.m2\repository\com\google\http-client\google-http-client-gson\1.42.0\google-http-client-gson-1.42.0.jar;C:\Users\catal\.m2\repository\com\google\http-client\google-http-client-apache-v2\1.42.0\google-http-client-apache-v2-1.42.0.jar;C:\Users\catal\.m2\repository\com\google\api-client\google-api-client-gson\1.35.1\google-api-client-gson-1.35.1.jar;C:\Users\catal\.m2\repository\com\google\http-client\google-http-client\1.41.8\google-http-client-1.41.8.jar;C:\Users\catal\.m2\repository\com\google\code\findbugs\jsr305\3.0.2\jsr305-3.0.2.jar;C:\Users\catal\.m2\repository\com\google\j2objc\j2objc-annotations\1.3\j2objc-annotations-1.3.jar;C:\Users\catal\.m2\repository\io\opencensus\opencensus-api\0.31.0\opencensus-api-0.31.0.jar;C:\Users\catal\.m2\repository\io\opencensus\opencensus-contrib-http-util\0.31.0\opencensus-contrib-http-util-0.31.0.jar;C:\Users\catal\.m2\repository\com\google\api\api-common\2.2.0\api-common-2.2.0.jar;C:\Users\catal\.m2\repository\javax\annotation\javax.annotation-api\1.3.2\javax.annotation-api-1.3.2.jar;C:\Users\catal\.m2\repository\com\google\auto\value\auto-value-annotations\1.9\auto-value-annotations-1.9.jar;C:\Users\catal\.m2\repository\com\google\auth\google-auth-library-oauth2-http\1.7.0\google-auth-library-oauth2-http-1.7.0.jar;C:\Users\catal\.m2\repository\com\google\auth\google-auth-library-credentials\1.7.0\google-auth-library-credentials-1.7.0.jar;C:\Users\catal\.m2\repository\com\google\cloud\google-cloud-storage\2.7.2\google-cloud-storage-2.7.2.jar;C:\Users\catal\.m2\repository\com\google\guava\failureaccess\1.0.1\failureaccess-1.0.1.jar;C:\Users\catal\.m2\repository\com\google\guava\listenablefuture\9999.0-empty-to-avoid-conflict-with-guava\listenablefuture-9999.0-empty-to-avoid-conflict-with-guava.jar;C:\Users\catal\.m2\repository\org\checkerframework\checker-qual\3.22.0\checker-qual-3.22.0.jar;C:\Users\catal\.m2\repository\com\google\http-client\google-http-client-jackson2\1.41.8\google-http-client-jackson2-1.41.8.jar;C:\Users\catal\.m2\repository\com\google\apis\google-api-services-storage\v1-rev20220509-1.32.1\google-api-services-storage-v1-rev20220509-1.32.1.jar;C:\Users\catal\.m2\repository\com\google\code\gson\gson\2.11.0\gson-2.11.0.jar;C:\Users\catal\.m2\repository\com\google\cloud\google-cloud-core\2.7.1\google-cloud-core-2.7.1.jar;C:\Users\catal\.m2\repository\com\google\api\grpc\proto-google-common-protos\2.8.3\proto-google-common-protos-2.8.3.jar;C:\Users\catal\.m2\repository\com\google\cloud\google-cloud-core-http\2.7.1\google-cloud-core-http-2.7.1.jar;C:\Users\catal\.m2\repository\com\google\http-client\google-http-client-appengine\1.41.8\google-http-client-appengine-1.41.8.jar;C:\Users\catal\.m2\repository\com\google\api\gax-httpjson\0.103.1\gax-httpjson-0.103.1.jar;C:\Users\catal\.m2\repository\com\google\api\gax\2.18.1\gax-2.18.1.jar;C:\Users\catal\.m2\repository\io\grpc\grpc-context\1.46.0\grpc-context-1.46.0.jar;C:\Users\catal\.m2\repository\com\google\api\grpc\proto-google-iam-v1\1.3.4\proto-google-iam-v1-1.3.4.jar;C:\Users\catal\.m2\repository\com\google\protobuf\protobuf-java\3.20.1\protobuf-java-3.20.1.jar;C:\Users\catal\.m2\repository\com\google\protobuf\protobuf-java-util\3.20.1\protobuf-java-util-3.20.1.jar;C:\Users\catal\.m2\repository\org\threeten\threetenbp\1.6.0\threetenbp-1.6.0.jar;C:\Users\catal\.m2\repository\com\google\cloud\google-cloud-firestore\3.2.0\google-cloud-firestore-3.2.0.jar;C:\Users\catal\.m2\repository\com\google\cloud\google-cloud-core-grpc\2.7.1\google-cloud-core-grpc-2.7.1.jar;C:\Users\catal\.m2\repository\io\grpc\grpc-core\1.46.0\grpc-core-1.46.0.jar;C:\Users\catal\.m2\repository\com\google\android\annotations\4.1.1.4\annotations-4.1.1.4.jar;C:\Users\catal\.m2\repository\org\codehaus\mojo\animal-sniffer-annotations\1.21\animal-sniffer-annotations-1.21.jar;C:\Users\catal\.m2\repository\io\perfmark\perfmark-api\0.25.0\perfmark-api-0.25.0.jar;C:\Users\catal\.m2\repository\com\google\api\grpc\proto-google-cloud-firestore-v1\3.2.0\proto-google-cloud-firestore-v1-3.2.0.jar;C:\Users\catal\.m2\repository\com\google\cloud\proto-google-cloud-firestore-bundle-v1\3.2.0\proto-google-cloud-firestore-bundle-v1-3.2.0.jar;C:\Users\catal\.m2\repository\io\opencensus\opencensus-contrib-grpc-util\0.31.1\opencensus-contrib-grpc-util-0.31.1.jar;C:\Users\catal\.m2\repository\io\grpc\grpc-protobuf\1.46.0\grpc-protobuf-1.46.0.jar;C:\Users\catal\.m2\repository\io\grpc\grpc-protobuf-lite\1.46.0\grpc-protobuf-lite-1.46.0.jar;C:\Users\catal\.m2\repository\io\grpc\grpc-api\1.46.0\grpc-api-1.46.0.jar;C:\Users\catal\.m2\repository\com\google\errorprone\error_prone_annotations\2.13.1\error_prone_annotations-2.13.1.jar;C:\Users\catal\.m2\repository\com\google\api\gax-grpc\2.18.1\gax-grpc-2.18.1.jar;C:\Users\catal\.m2\repository\io\grpc\grpc-alts\1.46.0\grpc-alts-1.46.0.jar;C:\Users\catal\.m2\repository\io\grpc\grpc-grpclb\1.46.0\grpc-grpclb-1.46.0.jar;C:\Users\catal\.m2\repository\org\conscrypt\conscrypt-openjdk-uber\2.5.1\conscrypt-openjdk-uber-2.5.1.jar;C:\Users\catal\.m2\repository\io\grpc\grpc-auth\1.46.0\grpc-auth-1.46.0.jar;C:\Users\catal\.m2\repository\io\grpc\grpc-netty-shaded\1.46.0\grpc-netty-shaded-1.46.0.jar;C:\Users\catal\.m2\repository\io\grpc\grpc-googleapis\1.46.0\grpc-googleapis-1.46.0.jar;C:\Users\catal\.m2\repository\io\grpc\grpc-xds\1.46.0\grpc-xds-1.46.0.jar;C:\Users\catal\.m2\repository\io\grpc\grpc-services\1.46.0\grpc-services-1.46.0.jar;C:\Users\catal\.m2\repository\com\google\re2j\re2j\1.5\re2j-1.5.jar;C:\Users\catal\.m2\repository\org\bouncycastle\bcpkix-jdk15on\1.67\bcpkix-jdk15on-1.67.jar;C:\Users\catal\.m2\repository\org\bouncycastle\bcprov-jdk15on\1.67\bcprov-jdk15on-1.67.jar;C:\Users\catal\.m2\repository\io\opencensus\opencensus-proto\0.2.0\opencensus-proto-0.2.0.jar;C:\Users\catal\.m2\repository\io\grpc\grpc-stub\1.46.0\grpc-stub-1.46.0.jar;C:\Users\catal\.m2\repository\com\google\guava\guava\33.3.1-jre\guava-33.3.1-jre.jar;C:\Users\catal\.m2\repository\org\slf4j\slf4j-api\2.0.16\slf4j-api-2.0.16.jar;C:\Users\catal\.m2\repository\io\netty\netty-codec-http\4.1.116.Final\netty-codec-http-4.1.116.Final.jar;C:\Users\catal\.m2\repository\io\netty\netty-common\4.1.116.Final\netty-common-4.1.116.Final.jar;C:\Users\catal\.m2\repository\io\netty\netty-buffer\4.1.116.Final\netty-buffer-4.1.116.Final.jar;C:\Users\catal\.m2\repository\io\netty\netty-codec\4.1.116.Final\netty-codec-4.1.116.Final.jar;C:\Users\catal\.m2\repository\io\netty\netty-handler\4.1.116.Final\netty-handler-4.1.116.Final.jar;C:\Users\catal\.m2\repository\io\netty\netty-resolver\4.1.116.Final\netty-resolver-4.1.116.Final.jar;C:\Users\catal\.m2\repository\io\netty\netty-transport-native-unix-common\4.1.116.Final\netty-transport-native-unix-common-4.1.116.Final.jar;C:\Users\catal\.m2\repository\io\netty\netty-transport\4.1.116.Final\netty-transport-4.1.116.Final.jar;"/>
    <property name="java.vm.vendor" value="Oracle Corporation"/>
    <property name="sun.arch.data.model" value="64"/>
    <property name="user.variant" value=""/>
    <property name="java.vendor.url" value="https://java.oracle.com/"/>
    <property name="user.timezone" value="Europe/Bucharest"/>
    <property name="org.jboss.logging.provider" value="slf4j"/>
    <property name="os.name" value="Windows 11"/>
    <property name="java.vm.specification.version" value="21"/>
    <property name="APPLICATION_NAME" value="shop"/>
    <property name="sun.java.launcher" value="SUN_STANDARD"/>
    <property name="user.country" value="US"/>
    <property name="sun.boot.library.path" value="C:\Program Files\Java\jdk-21\bin"/>
    <property name="sun.java.command" value="C:\Users\catal\AppData\Local\Temp\surefire1382370608885218585\surefirebooter-20250220110252671_3.jar C:\Users\catal\AppData\Local\Temp\surefire1382370608885218585 2025-02-20T11-02-52_477-jvmRun1 surefire-20250220110252671_1tmp surefire_0-20250220110252671_2tmp"/>
    <property name="jdk.debug" value="release"/>
    <property name="surefire.test.class.path" value="C:\Users\catal\Downloads\shop\shop\target\test-classes;C:\Users\catal\Downloads\shop\shop\target\classes;C:\Users\catal\.m2\repository\org\springframework\boot\spring-boot-starter\3.4.1\spring-boot-starter-3.4.1.jar;C:\Users\catal\.m2\repository\org\springframework\boot\spring-boot\3.4.1\spring-boot-3.4.1.jar;C:\Users\catal\.m2\repository\org\springframework\spring-context\6.2.1\spring-context-6.2.1.jar;C:\Users\catal\.m2\repository\org\springframework\boot\spring-boot-autoconfigure\3.4.1\spring-boot-autoconfigure-3.4.1.jar;C:\Users\catal\.m2\repository\org\springframework\boot\spring-boot-starter-logging\3.4.1\spring-boot-starter-logging-3.4.1.jar;C:\Users\catal\.m2\repository\ch\qos\logback\logback-classic\1.5.12\logback-classic-1.5.12.jar;C:\Users\catal\.m2\repository\ch\qos\logback\logback-core\1.5.12\logback-core-1.5.12.jar;C:\Users\catal\.m2\repository\org\apache\logging\log4j\log4j-to-slf4j\2.24.3\log4j-to-slf4j-2.24.3.jar;C:\Users\catal\.m2\repository\org\apache\logging\log4j\log4j-api\2.24.3\log4j-api-2.24.3.jar;C:\Users\catal\.m2\repository\org\slf4j\jul-to-slf4j\2.0.16\jul-to-slf4j-2.0.16.jar;C:\Users\catal\.m2\repository\jakarta\annotation\jakarta.annotation-api\2.1.1\jakarta.annotation-api-2.1.1.jar;C:\Users\catal\.m2\repository\org\springframework\spring-core\6.2.1\spring-core-6.2.1.jar;C:\Users\catal\.m2\repository\org\springframework\spring-jcl\6.2.1\spring-jcl-6.2.1.jar;C:\Users\catal\.m2\repository\org\yaml\snakeyaml\2.3\snakeyaml-2.3.jar;C:\Users\catal\.m2\repository\org\springframework\boot\spring-boot-starter-websocket\3.4.1\spring-boot-starter-websocket-3.4.1.jar;C:\Users\catal\.m2\repository\org\springframework\spring-messaging\6.2.1\spring-messaging-6.2.1.jar;C:\Users\catal\.m2\repository\org\springframework\spring-beans\6.2.1\spring-beans-6.2.1.jar;C:\Users\catal\.m2\repository\org\springframework\spring-websocket\6.2.1\spring-websocket-6.2.1.jar;C:\Users\catal\.m2\repository\org\springframework\boot\spring-boot-starter-test\3.4.1\spring-boot-starter-test-3.4.1.jar;C:\Users\catal\.m2\repository\org\springframework\boot\spring-boot-test\3.4.1\spring-boot-test-3.4.1.jar;C:\Users\catal\.m2\repository\org\springframework\boot\spring-boot-test-autoconfigure\3.4.1\spring-boot-test-autoconfigure-3.4.1.jar;C:\Users\catal\.m2\repository\com\jayway\jsonpath\json-path\2.9.0\json-path-2.9.0.jar;C:\Users\catal\.m2\repository\jakarta\xml\bind\jakarta.xml.bind-api\4.0.2\jakarta.xml.bind-api-4.0.2.jar;C:\Users\catal\.m2\repository\jakarta\activation\jakarta.activation-api\2.1.3\jakarta.activation-api-2.1.3.jar;C:\Users\catal\.m2\repository\net\minidev\json-smart\2.5.1\json-smart-2.5.1.jar;C:\Users\catal\.m2\repository\net\minidev\accessors-smart\2.5.1\accessors-smart-2.5.1.jar;C:\Users\catal\.m2\repository\org\ow2\asm\asm\9.6\asm-9.6.jar;C:\Users\catal\.m2\repository\org\assertj\assertj-core\3.26.3\assertj-core-3.26.3.jar;C:\Users\catal\.m2\repository\net\bytebuddy\byte-buddy\1.15.11\byte-buddy-1.15.11.jar;C:\Users\catal\.m2\repository\org\awaitility\awaitility\4.2.2\awaitility-4.2.2.jar;C:\Users\catal\.m2\repository\org\junit\jupiter\junit-jupiter\5.11.4\junit-jupiter-5.11.4.jar;C:\Users\catal\.m2\repository\org\junit\jupiter\junit-jupiter-api\5.11.4\junit-jupiter-api-5.11.4.jar;C:\Users\catal\.m2\repository\org\opentest4j\opentest4j\1.3.0\opentest4j-1.3.0.jar;C:\Users\catal\.m2\repository\org\junit\platform\junit-platform-commons\1.11.4\junit-platform-commons-1.11.4.jar;C:\Users\catal\.m2\repository\org\apiguardian\apiguardian-api\1.1.2\apiguardian-api-1.1.2.jar;C:\Users\catal\.m2\repository\org\junit\jupiter\junit-jupiter-params\5.11.4\junit-jupiter-params-5.11.4.jar;C:\Users\catal\.m2\repository\org\junit\jupiter\junit-jupiter-engine\5.11.4\junit-jupiter-engine-5.11.4.jar;C:\Users\catal\.m2\repository\org\junit\platform\junit-platform-engine\1.11.4\junit-platform-engine-1.11.4.jar;C:\Users\catal\.m2\repository\org\mockito\mockito-core\5.14.2\mockito-core-5.14.2.jar;C:\Users\catal\.m2\repository\net\bytebuddy\byte-buddy-agent\1.15.11\byte-buddy-agent-1.15.11.jar;C:\Users\catal\.m2\repository\org\objenesis\objenesis\3.3\objenesis-3.3.jar;C:\Users\catal\.m2\repository\org\mockito\mockito-junit-jupiter\5.14.2\mockito-junit-jupiter-5.14.2.jar;C:\Users\catal\.m2\repository\org\skyscreamer\jsonassert\1.5.3\jsonassert-1.5.3.jar;C:\Users\catal\.m2\repository\com\vaadin\external\google\android-json\0.0.20131108.vaadin1\android-json-0.0.20131108.vaadin1.jar;C:\Users\catal\.m2\repository\org\springframework\spring-test\6.2.1\spring-test-6.2.1.jar;C:\Users\catal\.m2\repository\org\xmlunit\xmlunit-core\2.10.0\xmlunit-core-2.10.0.jar;C:\Users\catal\.m2\repository\org\springframework\security\spring-security-test\6.4.2\spring-security-test-6.4.2.jar;C:\Users\catal\.m2\repository\org\springframework\security\spring-security-core\6.4.2\spring-security-core-6.4.2.jar;C:\Users\catal\.m2\repository\org\springframework\security\spring-security-crypto\6.4.2\spring-security-crypto-6.4.2.jar;C:\Users\catal\.m2\repository\org\springframework\spring-expression\6.2.1\spring-expression-6.2.1.jar;C:\Users\catal\.m2\repository\io\micrometer\micrometer-observation\1.14.2\micrometer-observation-1.14.2.jar;C:\Users\catal\.m2\repository\io\micrometer\micrometer-commons\1.14.2\micrometer-commons-1.14.2.jar;C:\Users\catal\.m2\repository\org\springframework\security\spring-security-web\6.4.2\spring-security-web-6.4.2.jar;C:\Users\catal\.m2\repository\org\springframework\boot\spring-boot-starter-security\3.4.1\spring-boot-starter-security-3.4.1.jar;C:\Users\catal\.m2\repository\org\springframework\spring-aop\6.2.1\spring-aop-6.2.1.jar;C:\Users\catal\.m2\repository\org\springframework\security\spring-security-config\6.4.2\spring-security-config-6.4.2.jar;C:\Users\catal\.m2\repository\org\springframework\boot\spring-boot-starter-data-jpa\3.4.1\spring-boot-starter-data-jpa-3.4.1.jar;C:\Users\catal\.m2\repository\org\springframework\boot\spring-boot-starter-jdbc\3.4.1\spring-boot-starter-jdbc-3.4.1.jar;C:\Users\catal\.m2\repository\com\zaxxer\HikariCP\5.1.0\HikariCP-5.1.0.jar;C:\Users\catal\.m2\repository\org\springframework\spring-jdbc\6.2.1\spring-jdbc-6.2.1.jar;C:\Users\catal\.m2\repository\org\hibernate\orm\hibernate-core\6.6.4.Final\hibernate-core-6.6.4.Final.jar;C:\Users\catal\.m2\repository\jakarta\persistence\jakarta.persistence-api\3.1.0\jakarta.persistence-api-3.1.0.jar;C:\Users\catal\.m2\repository\jakarta\transaction\jakarta.transaction-api\2.0.1\jakarta.transaction-api-2.0.1.jar;C:\Users\catal\.m2\repository\org\jboss\logging\jboss-logging\3.6.1.Final\jboss-logging-3.6.1.Final.jar;C:\Users\catal\.m2\repository\org\hibernate\common\hibernate-commons-annotations\7.0.3.Final\hibernate-commons-annotations-7.0.3.Final.jar;C:\Users\catal\.m2\repository\io\smallrye\jandex\3.2.0\jandex-3.2.0.jar;C:\Users\catal\.m2\repository\com\fasterxml\classmate\1.7.0\classmate-1.7.0.jar;C:\Users\catal\.m2\repository\org\glassfish\jaxb\jaxb-runtime\4.0.5\jaxb-runtime-4.0.5.jar;C:\Users\catal\.m2\repository\org\glassfish\jaxb\jaxb-core\4.0.5\jaxb-core-4.0.5.jar;C:\Users\catal\.m2\repository\org\glassfish\jaxb\txw2\4.0.5\txw2-4.0.5.jar;C:\Users\catal\.m2\repository\com\sun\istack\istack-commons-runtime\4.1.2\istack-commons-runtime-4.1.2.jar;C:\Users\catal\.m2\repository\jakarta\inject\jakarta.inject-api\2.0.1\jakarta.inject-api-2.0.1.jar;C:\Users\catal\.m2\repository\org\antlr\antlr4-runtime\4.13.0\antlr4-runtime-4.13.0.jar;C:\Users\catal\.m2\repository\org\springframework\data\spring-data-jpa\3.4.1\spring-data-jpa-3.4.1.jar;C:\Users\catal\.m2\repository\org\springframework\data\spring-data-commons\3.4.1\spring-data-commons-3.4.1.jar;C:\Users\catal\.m2\repository\org\springframework\spring-orm\6.2.1\spring-orm-6.2.1.jar;C:\Users\catal\.m2\repository\org\springframework\spring-tx\6.2.1\spring-tx-6.2.1.jar;C:\Users\catal\.m2\repository\org\springframework\spring-aspects\6.2.1\spring-aspects-6.2.1.jar;C:\Users\catal\.m2\repository\org\aspectj\aspectjweaver\1.9.22.1\aspectjweaver-1.9.22.1.jar;C:\Users\catal\.m2\repository\org\springframework\boot\spring-boot-starter-web\3.4.1\spring-boot-starter-web-3.4.1.jar;C:\Users\catal\.m2\repository\org\springframework\boot\spring-boot-starter-json\3.4.1\spring-boot-starter-json-3.4.1.jar;C:\Users\catal\.m2\repository\com\fasterxml\jackson\datatype\jackson-datatype-jdk8\2.18.2\jackson-datatype-jdk8-2.18.2.jar;C:\Users\catal\.m2\repository\com\fasterxml\jackson\datatype\jackson-datatype-jsr310\2.18.2\jackson-datatype-jsr310-2.18.2.jar;C:\Users\catal\.m2\repository\com\fasterxml\jackson\module\jackson-module-parameter-names\2.18.2\jackson-module-parameter-names-2.18.2.jar;C:\Users\catal\.m2\repository\org\springframework\boot\spring-boot-starter-tomcat\3.4.1\spring-boot-starter-tomcat-3.4.1.jar;C:\Users\catal\.m2\repository\org\apache\tomcat\embed\tomcat-embed-core\10.1.34\tomcat-embed-core-10.1.34.jar;C:\Users\catal\.m2\repository\org\apache\tomcat\embed\tomcat-embed-el\10.1.34\tomcat-embed-el-10.1.34.jar;C:\Users\catal\.m2\repository\org\apache\tomcat\embed\tomcat-embed-websocket\10.1.34\tomcat-embed-websocket-10.1.34.jar;C:\Users\catal\.m2\repository\org\springframework\spring-web\6.2.1\spring-web-6.2.1.jar;C:\Users\catal\.m2\repository\org\springframework\spring-webmvc\6.2.1\spring-webmvc-6.2.1.jar;C:\Users\catal\.m2\repository\org\springframework\boot\spring-boot-starter-thymeleaf\3.4.1\spring-boot-starter-thymeleaf-3.4.1.jar;C:\Users\catal\.m2\repository\org\thymeleaf\thymeleaf-spring6\3.1.3.RELEASE\thymeleaf-spring6-3.1.3.RELEASE.jar;C:\Users\catal\.m2\repository\org\thymeleaf\thymeleaf\3.1.3.RELEASE\thymeleaf-3.1.3.RELEASE.jar;C:\Users\catal\.m2\repository\org\attoparser\attoparser\2.0.7.RELEASE\attoparser-2.0.7.RELEASE.jar;C:\Users\catal\.m2\repository\org\unbescape\unbescape\1.1.6.RELEASE\unbescape-1.1.6.RELEASE.jar;C:\Users\catal\.m2\repository\com\mysql\mysql-connector-j\8.0.33\mysql-connector-j-8.0.33.jar;C:\Users\catal\.m2\repository\com\h2database\h2\2.3.232\h2-2.3.232.jar;C:\Users\catal\.m2\repository\io\rest-assured\rest-assured\5.5.0\rest-assured-5.5.0.jar;C:\Users\catal\.m2\repository\org\apache\groovy\groovy\4.0.24\groovy-4.0.24.jar;C:\Users\catal\.m2\repository\org\apache\groovy\groovy-xml\4.0.24\groovy-xml-4.0.24.jar;C:\Users\catal\.m2\repository\org\apache\httpcomponents\httpclient\4.5.13\httpclient-4.5.13.jar;C:\Users\catal\.m2\repository\org\apache\httpcomponents\httpcore\4.4.16\httpcore-4.4.16.jar;C:\Users\catal\.m2\repository\commons-logging\commons-logging\1.2\commons-logging-1.2.jar;C:\Users\catal\.m2\repository\commons-codec\commons-codec\1.17.1\commons-codec-1.17.1.jar;C:\Users\catal\.m2\repository\org\apache\httpcomponents\httpmime\4.5.13\httpmime-4.5.13.jar;C:\Users\catal\.m2\repository\org\ccil\cowan\tagsoup\tagsoup\1.2.1\tagsoup-1.2.1.jar;C:\Users\catal\.m2\repository\io\rest-assured\json-path\5.5.0\json-path-5.5.0.jar;C:\Users\catal\.m2\repository\org\apache\groovy\groovy-json\4.0.24\groovy-json-4.0.24.jar;C:\Users\catal\.m2\repository\io\rest-assured\rest-assured-common\5.5.0\rest-assured-common-5.5.0.jar;C:\Users\catal\.m2\repository\io\rest-assured\xml-path\5.5.0\xml-path-5.5.0.jar;C:\Users\catal\.m2\repository\org\hamcrest\hamcrest\2.2\hamcrest-2.2.jar;C:\Users\catal\.m2\repository\com\auth0\java-jwt\4.4.0\java-jwt-4.4.0.jar;C:\Users\catal\.m2\repository\com\fasterxml\jackson\core\jackson-databind\2.18.2\jackson-databind-2.18.2.jar;C:\Users\catal\.m2\repository\com\fasterxml\jackson\core\jackson-annotations\2.18.2\jackson-annotations-2.18.2.jar;C:\Users\catal\.m2\repository\com\fasterxml\jackson\core\jackson-core\2.18.2\jackson-core-2.18.2.jar;C:\Users\catal\.m2\repository\org\springframework\boot\spring-boot-starter-mail\3.4.1\spring-boot-starter-mail-3.4.1.jar;C:\Users\catal\.m2\repository\org\springframework\spring-context-support\6.2.1\spring-context-support-6.2.1.jar;C:\Users\catal\.m2\repository\org\eclipse\angus\jakarta.mail\2.0.3\jakarta.mail-2.0.3.jar;C:\Users\catal\.m2\repository\org\eclipse\angus\angus-activation\2.0.2\angus-activation-2.0.2.jar;C:\Users\catal\.m2\repository\com\cloudinary\cloudinary-http44\1.31.0\cloudinary-http44-1.31.0.jar;C:\Users\catal\.m2\repository\com\cloudinary\cloudinary-core\1.31.0\cloudinary-core-1.31.0.jar;C:\Users\catal\.m2\repository\org\apache\commons\commons-lang3\3.17.0\commons-lang3-3.17.0.jar;C:\Users\catal\.m2\repository\org\projectlombok\lombok\1.18.36\lombok-1.18.36.jar;C:\Users\catal\.m2\repository\com\google\firebase\firebase-admin\9.0.0\firebase-admin-9.0.0.jar;C:\Users\catal\.m2\repository\com\google\api-client\google-api-client\1.35.1\google-api-client-1.35.1.jar;C:\Users\catal\.m2\repository\com\google\oauth-client\google-oauth-client\1.34.1\google-oauth-client-1.34.1.jar;C:\Users\catal\.m2\repository\com\google\http-client\google-http-client-gson\1.42.0\google-http-client-gson-1.42.0.jar;C:\Users\catal\.m2\repository\com\google\http-client\google-http-client-apache-v2\1.42.0\google-http-client-apache-v2-1.42.0.jar;C:\Users\catal\.m2\repository\com\google\api-client\google-api-client-gson\1.35.1\google-api-client-gson-1.35.1.jar;C:\Users\catal\.m2\repository\com\google\http-client\google-http-client\1.41.8\google-http-client-1.41.8.jar;C:\Users\catal\.m2\repository\com\google\code\findbugs\jsr305\3.0.2\jsr305-3.0.2.jar;C:\Users\catal\.m2\repository\com\google\j2objc\j2objc-annotations\1.3\j2objc-annotations-1.3.jar;C:\Users\catal\.m2\repository\io\opencensus\opencensus-api\0.31.0\opencensus-api-0.31.0.jar;C:\Users\catal\.m2\repository\io\opencensus\opencensus-contrib-http-util\0.31.0\opencensus-contrib-http-util-0.31.0.jar;C:\Users\catal\.m2\repository\com\google\api\api-common\2.2.0\api-common-2.2.0.jar;C:\Users\catal\.m2\repository\javax\annotation\javax.annotation-api\1.3.2\javax.annotation-api-1.3.2.jar;C:\Users\catal\.m2\repository\com\google\auto\value\auto-value-annotations\1.9\auto-value-annotations-1.9.jar;C:\Users\catal\.m2\repository\com\google\auth\google-auth-library-oauth2-http\1.7.0\google-auth-library-oauth2-http-1.7.0.jar;C:\Users\catal\.m2\repository\com\google\auth\google-auth-library-credentials\1.7.0\google-auth-library-credentials-1.7.0.jar;C:\Users\catal\.m2\repository\com\google\cloud\google-cloud-storage\2.7.2\google-cloud-storage-2.7.2.jar;C:\Users\catal\.m2\repository\com\google\guava\failureaccess\1.0.1\failureaccess-1.0.1.jar;C:\Users\catal\.m2\repository\com\google\guava\listenablefuture\9999.0-empty-to-avoid-conflict-with-guava\listenablefuture-9999.0-empty-to-avoid-conflict-with-guava.jar;C:\Users\catal\.m2\repository\org\checkerframework\checker-qual\3.22.0\checker-qual-3.22.0.jar;C:\Users\catal\.m2\repository\com\google\http-client\google-http-client-jackson2\1.41.8\google-http-client-jackson2-1.41.8.jar;C:\Users\catal\.m2\repository\com\google\apis\google-api-services-storage\v1-rev20220509-1.32.1\google-api-services-storage-v1-rev20220509-1.32.1.jar;C:\Users\catal\.m2\repository\com\google\code\gson\gson\2.11.0\gson-2.11.0.jar;C:\Users\catal\.m2\repository\com\google\cloud\google-cloud-core\2.7.1\google-cloud-core-2.7.1.jar;C:\Users\catal\.m2\repository\com\google\api\grpc\proto-google-common-protos\2.8.3\proto-google-common-protos-2.8.3.jar;C:\Users\catal\.m2\repository\com\google\cloud\google-cloud-core-http\2.7.1\google-cloud-core-http-2.7.1.jar;C:\Users\catal\.m2\repository\com\google\http-client\google-http-client-appengine\1.41.8\google-http-client-appengine-1.41.8.jar;C:\Users\catal\.m2\repository\com\google\api\gax-httpjson\0.103.1\gax-httpjson-0.103.1.jar;C:\Users\catal\.m2\repository\com\google\api\gax\2.18.1\gax-2.18.1.jar;C:\Users\catal\.m2\repository\io\grpc\grpc-context\1.46.0\grpc-context-1.46.0.jar;C:\Users\catal\.m2\repository\com\google\api\grpc\proto-google-iam-v1\1.3.4\proto-google-iam-v1-1.3.4.jar;C:\Users\catal\.m2\repository\com\google\protobuf\protobuf-java\3.20.1\protobuf-java-3.20.1.jar;C:\Users\catal\.m2\repository\com\google\protobuf\protobuf-java-util\3.20.1\protobuf-java-util-3.20.1.jar;C:\Users\catal\.m2\repository\org\threeten\threetenbp\1.6.0\threetenbp-1.6.0.jar;C:\Users\catal\.m2\repository\com\google\cloud\google-cloud-firestore\3.2.0\google-cloud-firestore-3.2.0.jar;C:\Users\catal\.m2\repository\com\google\cloud\google-cloud-core-grpc\2.7.1\google-cloud-core-grpc-2.7.1.jar;C:\Users\catal\.m2\repository\io\grpc\grpc-core\1.46.0\grpc-core-1.46.0.jar;C:\Users\catal\.m2\repository\com\google\android\annotations\4.1.1.4\annotations-4.1.1.4.jar;C:\Users\catal\.m2\repository\org\codehaus\mojo\animal-sniffer-annotations\1.21\animal-sniffer-annotations-1.21.jar;C:\Users\catal\.m2\repository\io\perfmark\perfmark-api\0.25.0\perfmark-api-0.25.0.jar;C:\Users\catal\.m2\repository\com\google\api\grpc\proto-google-cloud-firestore-v1\3.2.0\proto-google-cloud-firestore-v1-3.2.0.jar;C:\Users\catal\.m2\repository\com\google\cloud\proto-google-cloud-firestore-bundle-v1\3.2.0\proto-google-cloud-firestore-bundle-v1-3.2.0.jar;C:\Users\catal\.m2\repository\io\opencensus\opencensus-contrib-grpc-util\0.31.1\opencensus-contrib-grpc-util-0.31.1.jar;C:\Users\catal\.m2\repository\io\grpc\grpc-protobuf\1.46.0\grpc-protobuf-1.46.0.jar;C:\Users\catal\.m2\repository\io\grpc\grpc-protobuf-lite\1.46.0\grpc-protobuf-lite-1.46.0.jar;C:\Users\catal\.m2\repository\io\grpc\grpc-api\1.46.0\grpc-api-1.46.0.jar;C:\Users\catal\.m2\repository\com\google\errorprone\error_prone_annotations\2.13.1\error_prone_annotations-2.13.1.jar;C:\Users\catal\.m2\repository\com\google\api\gax-grpc\2.18.1\gax-grpc-2.18.1.jar;C:\Users\catal\.m2\repository\io\grpc\grpc-alts\1.46.0\grpc-alts-1.46.0.jar;C:\Users\catal\.m2\repository\io\grpc\grpc-grpclb\1.46.0\grpc-grpclb-1.46.0.jar;C:\Users\catal\.m2\repository\org\conscrypt\conscrypt-openjdk-uber\2.5.1\conscrypt-openjdk-uber-2.5.1.jar;C:\Users\catal\.m2\repository\io\grpc\grpc-auth\1.46.0\grpc-auth-1.46.0.jar;C:\Users\catal\.m2\repository\io\grpc\grpc-netty-shaded\1.46.0\grpc-netty-shaded-1.46.0.jar;C:\Users\catal\.m2\repository\io\grpc\grpc-googleapis\1.46.0\grpc-googleapis-1.46.0.jar;C:\Users\catal\.m2\repository\io\grpc\grpc-xds\1.46.0\grpc-xds-1.46.0.jar;C:\Users\catal\.m2\repository\io\grpc\grpc-services\1.46.0\grpc-services-1.46.0.jar;C:\Users\catal\.m2\repository\com\google\re2j\re2j\1.5\re2j-1.5.jar;C:\Users\catal\.m2\repository\org\bouncycastle\bcpkix-jdk15on\1.67\bcpkix-jdk15on-1.67.jar;C:\Users\catal\.m2\repository\org\bouncycastle\bcprov-jdk15on\1.67\bcprov-jdk15on-1.67.jar;C:\Users\catal\.m2\repository\io\opencensus\opencensus-proto\0.2.0\opencensus-proto-0.2.0.jar;C:\Users\catal\.m2\repository\io\grpc\grpc-stub\1.46.0\grpc-stub-1.46.0.jar;C:\Users\catal\.m2\repository\com\google\guava\guava\33.3.1-jre\guava-33.3.1-jre.jar;C:\Users\catal\.m2\repository\org\slf4j\slf4j-api\2.0.16\slf4j-api-2.0.16.jar;C:\Users\catal\.m2\repository\io\netty\netty-codec-http\4.1.116.Final\netty-codec-http-4.1.116.Final.jar;C:\Users\catal\.m2\repository\io\netty\netty-common\4.1.116.Final\netty-common-4.1.116.Final.jar;C:\Users\catal\.m2\repository\io\netty\netty-buffer\4.1.116.Final\netty-buffer-4.1.116.Final.jar;C:\Users\catal\.m2\repository\io\netty\netty-codec\4.1.116.Final\netty-codec-4.1.116.Final.jar;C:\Users\catal\.m2\repository\io\netty\netty-handler\4.1.116.Final\netty-handler-4.1.116.Final.jar;C:\Users\catal\.m2\repository\io\netty\netty-resolver\4.1.116.Final\netty-resolver-4.1.116.Final.jar;C:\Users\catal\.m2\repository\io\netty\netty-transport-native-unix-common\4.1.116.Final\netty-transport-native-unix-common-4.1.116.Final.jar;C:\Users\catal\.m2\repository\io\netty\netty-transport\4.1.116.Final\netty-transport-4.1.116.Final.jar;"/>
    <property name="sun.cpu.endian" value="little"/>
    <property name="user.home" value="C:\Users\catal"/>
    <property name="user.language" value="en"/>
    <property name="java.specification.vendor" value="Oracle Corporation"/>
    <property name="java.version.date" value="2024-01-16"/>
    <property name="java.home" value="C:\Program Files\Java\jdk-21"/>
    <property name="file.separator" value="\"/>
    <property name="basedir" value="C:\Users\catal\Downloads\shop\shop"/>
    <property name="java.vm.compressedOopsMode" value="Zero based"/>
    <property name="line.separator" value="&#10;"/>
    <property name="java.vm.specification.vendor" value="Oracle Corporation"/>
    <property name="java.specification.name" value="Java Platform API Specification"/>
    <property name="FILE_LOG_CHARSET" value="UTF-8"/>
    <property name="java.awt.headless" value="true"/>
    <property name="surefire.real.class.path" value="C:\Users\catal\AppData\Local\Temp\surefire1382370608885218585\surefirebooter-20250220110252671_3.jar"/>
    <property name="user.script" value=""/>
    <property name="sun.management.compiler" value="HotSpot 64-Bit Tiered Compilers"/>
    <property name="java.runtime.version" value="21.0.2+13-LTS-58"/>
    <property name="user.name" value="catal"/>
    <property name="stdout.encoding" value="Cp1252"/>
    <property name="path.separator" value=";"/>
    <property name="os.version" value="10.0"/>
    <property name="java.runtime.name" value="Java(TM) SE Runtime Environment"/>
    <property name="file.encoding" value="UTF-8"/>
    <property name="java.vm.name" value="Java HotSpot(TM) 64-Bit Server VM"/>
    <property name="localRepository" value="C:\Users\catal\.m2\repository"/>
    <property name="java.vendor.url.bug" value="https://bugreport.java.com/bugreport/"/>
    <property name="java.io.tmpdir" value="C:\Users\catal\AppData\Local\Temp\"/>
    <property name="com.zaxxer.hikari.pool_number" value="3"/>
    <property name="java.version" value="21.0.2"/>
    <property name="user.dir" value="C:\Users\catal\Downloads\shop\shop"/>
    <property name="os.arch" value="amd64"/>
    <property name="java.vm.specification.name" value="Java Virtual Machine Specification"/>
    <property name="PID" value="8868"/>
    <property name="sun.os.patch.level" value=""/>
    <property name="CONSOLE_LOG_CHARSET" value="UTF-8"/>
    <property name="native.encoding" value="Cp1252"/>
    <property name="java.library.path" value="C:\Program Files\Java\jdk-21\bin;C:\Windows\Sun\Java\bin;C:\Windows\system32;C:\Windows;C:/Program Files/Java/jdk-21/bin/server;C:/Program Files/Java/jdk-21/bin;C:\Python313\Scripts\;C:\Python313\;C:\Program Files\Common Files\Oracle\Java\javapath;C:\Program Files (x86)\Common Files\Oracle\Java\javapath;C:\Windows\system32;C:\Windows;C:\Windows\System32\Wbem;C:\Windows\System32\WindowsPowerShell\v1.0\;C:\Windows\System32\OpenSSH\;C:\Program Files\Microsoft SQL Server\150\Tools\Binn\;C:\Program Files\Microsoft SQL Server\Client SDK\ODBC\170\Tools\Binn\;C:\Program Files\dotnet\;C:\Program Files (x86)\Windows Kits\10\Windows Performance Toolkit\;C:\Program Files\MATLAB\R2023b\runtime\win64;C:\Program Files\MATLAB\R2023b\bin;C:\Git\cmd;C:\Program Files\MySQL\MySQL Server 9.1\bin\;C:\Program Files\nodejs\;C:\ProgramData\chocolatey\bin;C:\Users\catal\AppData\Local\Programs\Python\Python311\Scripts\;C:\Users\catal\AppData\Local\Programs\Python\Python311\;C:\Users\catal\AppData\Local\Microsoft\WindowsApps;C:\Users\catal\.dotnet\tools;C:\Program Files\heroku\bin;C:\Users\catal\AppData\Roaming\npm;C:\Users\catal\AppData\Local\Programs\Microsoft VS Code\bin;C:\Users\catal\OneDrive\Desktop;;."/>
    <property name="java.vm.info" value="mixed mode, sharing"/>
    <property name="stderr.encoding" value="Cp1252"/>
    <property name="java.vendor" value="Oracle Corporation"/>
    <property name="java.vm.version" value="21.0.2+13-LTS-58"/>
    <property name="sun.io.unicode.encoding" value="UnicodeLittle"/>
    <property name="java.class.version" value="65.0"/>
    <property name="LOGGED_APPLICATION_NAME" value="[shop] "/>
  </properties>
  <testcase name="testAddingDeletingAndGettingProducts" classname="com.online.shop.WishListControllerIntegrationTest" time="0.115">
    <system-out><![CDATA[2025-02-20T11:03:25.756+02:00 DEBUG 8868 --- [shop] [           main] .b.t.c.SpringBootTestContextBootstrapper : Neither @ContextConfiguration nor @ContextHierarchy found for test class [WishListControllerIntegrationTest]: using SpringBootContextLoader
2025-02-20T11:03:25.756+02:00 DEBUG 8868 --- [shop] [           main] o.s.t.c.support.AbstractContextLoader    : Could not detect default resource locations for test class [com.online.shop.WishListControllerIntegrationTest]: no resource found for suffixes {-context.xml, Context.groovy}.
2025-02-20T11:03:25.756+02:00  INFO 8868 --- [shop] [           main] t.c.s.AnnotationConfigContextLoaderUtils : Could not detect default configuration classes for test class [com.online.shop.WishListControllerIntegrationTest]: WishListControllerIntegrationTest does not declare any static, non-private, non-final, nested classes annotated with @Configuration.
2025-02-20T11:03:25.756+02:00 DEBUG 8868 --- [shop] [           main] .b.t.c.SpringBootTestContextBootstrapper : Using ContextCustomizerFactory implementations for test class [WishListControllerIntegrationTest]: [ImportsContextCustomizerFactory, ExcludeFilterContextCustomizerFactory, HttpGraphQlTesterContextCustomizerFactory, DuplicateJsonObjectContextCustomizerFactory, MockitoContextCustomizerFactory, TestRestTemplateContextCustomizerFactory, WebTestClientContextCustomizerFactory, DisableReactorResourceFactoryGlobalResourcesContextCustomizerFactory, OnFailureConditionReportContextCustomizerFactory, OverrideAutoConfigurationContextCustomizerFactory, ObservabilityContextCustomizerFactory, TypeExcludeFiltersContextCustomizerFactory, PropertyMappingContextCustomizerFactory, WebDriverContextCustomizerFactory, BeanOverrideContextCustomizerFactory, MockServerContainerContextCustomizerFactory, DynamicPropertiesContextCustomizerFactory]
2025-02-20T11:03:25.758+02:00 DEBUG 8868 --- [shop] [           main] .b.t.c.SpringBootTestContextBootstrapper : Using ContextCustomizers for test class [WishListControllerIntegrationTest]: [ImportsContextCustomizer, ExcludeFilterContextCustomizer, DuplicateJsonObjectContextCustomizer, MockitoContextCustomizer, TestRestTemplateContextCustomizer, DisableReactorResourceFactoryGlobalResourcesContextCustomizerCustomizer, OnFailureConditionReportContextCustomizer, DisableObservabilityContextCustomizer, PropertyMappingContextCustomizer, WebDriverContextCustomizer, DynamicPropertiesContextCustomizer]
2025-02-20T11:03:25.759+02:00  INFO 8868 --- [shop] [           main] .b.t.c.SpringBootTestContextBootstrapper : Found @SpringBootConfiguration com.online.shop.ShopApplication for test class com.online.shop.WishListControllerIntegrationTest
2025-02-20T11:03:25.761+02:00 DEBUG 8868 --- [shop] [           main] .s.t.c.u.TestContextSpringFactoriesUtils : Skipping candidate TestExecutionListener [org.springframework.test.context.observation.MicrometerObservationRegistryTestExecutionListener] due to a missing dependency. Specify custom TestExecutionListener classes or make the default TestExecutionListener classes and their required dependencies available. Offending class: io.micrometer.context.ThreadLocalAccessor. MicrometerObservationRegistryTestExecutionListener requires io.micrometer:micrometer-observation:1.10.8 or higher and io.micrometer:context-propagation:1.0.3 or higher.
2025-02-20T11:03:25.761+02:00 DEBUG 8868 --- [shop] [           main] .b.t.c.SpringBootTestContextBootstrapper : Using TestExecutionListeners for test class [WishListControllerIntegrationTest]: [ServletTestExecutionListener, DirtiesContextBeforeModesTestExecutionListener, ApplicationEventsTestExecutionListener, MockitoTestExecutionListener, BeanOverrideTestExecutionListener, DependencyInjectionTestExecutionListener, DirtiesContextTestExecutionListener, CommonCachesTestExecutionListener, TransactionalTestExecutionListener, SqlScriptsTestExecutionListener, EventPublishingTestExecutionListener, WithSecurityContextTestExecutionListener, ReactorContextTestExecutionListener, ResetMocksTestExecutionListener, RestDocsTestExecutionListener, MockRestServiceServerResetTestExecutionListener, MockMvcPrintOnlyOnFailureTestExecutionListener, WebDriverTestExecutionListener, MockWebServiceServerTestExecutionListener, MockitoResetTestExecutionListener]
2025-02-20T11:03:25.761+02:00 DEBUG 8868 --- [shop] [           main] sContextBeforeModesTestExecutionListener : Before test class: class [WishListControllerIntegrationTest], class annotated with @DirtiesContext [false] with mode [null]
2025-02-20T11:03:25.762+02:00 DEBUG 8868 --- [shop] [           main] org.springframework.test.context.cache   : Spring test ApplicationContext cache statistics: [DefaultContextCache@64d19dad size = 3, maxSize = 32, parentContextCount = 0, hitCount = 274, missCount = 3, failureCount = 0]
2025-02-20T11:03:25.762+02:00 DEBUG 8868 --- [shop] [           main] org.springframework.test.context.cache   : Spring test ApplicationContext cache statistics: [DefaultContextCache@64d19dad size = 3, maxSize = 32, parentContextCount = 0, hitCount = 275, missCount = 3, failureCount = 0]
2025-02-20T11:03:25.762+02:00 DEBUG 8868 --- [shop] [           main] o.s.t.c.w.ServletTestExecutionListener   : Setting up MockHttpServletRequest, MockHttpServletResponse, ServletWebRequest, and RequestContextHolder for test class com.online.shop.WishListControllerIntegrationTest
2025-02-20T11:03:25.762+02:00 DEBUG 8868 --- [shop] [           main] DependencyInjectionTestExecutionListener : Performing dependency injection for test class com.online.shop.WishListControllerIntegrationTest
2025-02-20T11:03:25.762+02:00 DEBUG 8868 --- [shop] [           main] org.springframework.test.context.cache   : Spring test ApplicationContext cache statistics: [DefaultContextCache@64d19dad size = 3, maxSize = 32, parentContextCount = 0, hitCount = 276, missCount = 3, failureCount = 0]
2025-02-20T11:03:25.763+02:00 DEBUG 8868 --- [shop] [           main] org.springframework.test.context.cache   : Spring test ApplicationContext cache statistics: [DefaultContextCache@64d19dad size = 3, maxSize = 32, parentContextCount = 0, hitCount = 277, missCount = 3, failureCount = 0]
2025-02-20T11:03:25.765+02:00 DEBUG 8868 --- [shop] [           main] sContextBeforeModesTestExecutionListener : Before test method: class [WishListControllerIntegrationTest], method [testAddingDeletingAndGettingProducts], class annotated with @DirtiesContext [false] with mode [null], method annotated with @DirtiesContext [false] with mode [null]
2025-02-20T11:03:25.765+02:00 DEBUG 8868 --- [shop] [           main] org.springframework.test.context.cache   : Spring test ApplicationContext cache statistics: [DefaultContextCache@64d19dad size = 3, maxSize = 32, parentContextCount = 0, hitCount = 278, missCount = 3, failureCount = 0]
2025-02-20T11:03:25.765+02:00 DEBUG 8868 --- [shop] [           main] org.springframework.test.context.cache   : Spring test ApplicationContext cache statistics: [DefaultContextCache@64d19dad size = 3, maxSize = 32, parentContextCount = 0, hitCount = 279, missCount = 3, failureCount = 0]
2025-02-20T11:03:25.765+02:00 DEBUG 8868 --- [shop] [           main] org.springframework.test.context.cache   : Spring test ApplicationContext cache statistics: [DefaultContextCache@64d19dad size = 3, maxSize = 32, parentContextCount = 0, hitCount = 280, missCount = 3, failureCount = 0]
2025-02-20T11:03:25.766+02:00 DEBUG 8868 --- [shop] [           main] org.springframework.test.context.cache   : Spring test ApplicationContext cache statistics: [DefaultContextCache@64d19dad size = 3, maxSize = 32, parentContextCount = 0, hitCount = 281, missCount = 3, failureCount = 0]
2025-02-20T11:03:25.766+02:00 DEBUG 8868 --- [shop] [           main] org.springframework.test.context.cache   : Spring test ApplicationContext cache statistics: [DefaultContextCache@64d19dad size = 3, maxSize = 32, parentContextCount = 0, hitCount = 282, missCount = 3, failureCount = 0]
2025-02-20T11:03:25.775+02:00 DEBUG 8868 --- [shop] [           main] o.s.orm.jpa.JpaTransactionManager        : Creating new transaction with name [org.springframework.data.jpa.repository.support.SimpleJpaRepository.deleteAll]: PROPAGATION_REQUIRED,ISOLATION_DEFAULT
2025-02-20T11:03:25.775+02:00 DEBUG 8868 --- [shop] [           main] o.s.orm.jpa.JpaTransactionManager        : Opened new EntityManager [SessionImpl(1176045015<open>)] for JPA transaction
2025-02-20T11:03:25.775+02:00 DEBUG 8868 --- [shop] [           main] o.s.orm.jpa.JpaTransactionManager        : Exposing JPA transaction as JDBC [org.springframework.orm.jpa.vendor.HibernateJpaDialect$HibernateConnectionHandle@762deb10]
2025-02-20T11:03:25.777+02:00 DEBUG 8868 --- [shop] [           main] org.hibernate.SQL                        : select u1_0.id,u1_0.code_expiration,u1_0.email,u1_0.fcm_token,u1_0.password,u1_0.role,u1_0.username,u1_0.verification_code,u1_0.verified from users u1_0
Hibernate: select u1_0.id,u1_0.code_expiration,u1_0.email,u1_0.fcm_token,u1_0.password,u1_0.role,u1_0.username,u1_0.verification_code,u1_0.verified from users u1_0
2025-02-20T11:03:25.778+02:00 DEBUG 8868 --- [shop] [           main] org.hibernate.SQL                        : select sc1_0.id,u1_0.id,u1_0.code_expiration,u1_0.email,u1_0.fcm_token,n1_0.id,n1_0.new_arrivals,n1_0.offers,n1_0.order_status,n1_0.via_email,n1_0.via_push,u1_0.password,u1_0.role,s1_0.id,s1_0.address_line1,s1_0.address_line2,s1_0.country,s1_0.first_name,s1_0.last_name,s1_0.phone_number,s1_0.postal_code,s1_0.province,s1_0.town,t1_0.id,t1_0.amount,t1_0.currency,t1_0.payment_method,t1_0.status,t1_0.transaction_date,t1_0.transaction_id,u1_0.username,u1_0.verification_code,u1_0.verified,wl1_0.id,o1_0.user_id,o1_0.id,o1_0.created_at,o1_0.status,o1_0.total from shopping_cart sc1_0 left join users u1_0 on u1_0.id=sc1_0.user_id left join notifications n1_0 on u1_0.id=n1_0.user_id left join shipment s1_0 on u1_0.id=s1_0.user_id left join transaction t1_0 on u1_0.id=t1_0.user_id left join wish_list wl1_0 on u1_0.id=wl1_0.user_id left join orders o1_0 on u1_0.id=o1_0.user_id where sc1_0.user_id=?
Hibernate: select sc1_0.id,u1_0.id,u1_0.code_expiration,u1_0.email,u1_0.fcm_token,n1_0.id,n1_0.new_arrivals,n1_0.offers,n1_0.order_status,n1_0.via_email,n1_0.via_push,u1_0.password,u1_0.role,s1_0.id,s1_0.address_line1,s1_0.address_line2,s1_0.country,s1_0.first_name,s1_0.last_name,s1_0.phone_number,s1_0.postal_code,s1_0.province,s1_0.town,t1_0.id,t1_0.amount,t1_0.currency,t1_0.payment_method,t1_0.status,t1_0.transaction_date,t1_0.transaction_id,u1_0.username,u1_0.verification_code,u1_0.verified,wl1_0.id,o1_0.user_id,o1_0.id,o1_0.created_at,o1_0.status,o1_0.total from shopping_cart sc1_0 left join users u1_0 on u1_0.id=sc1_0.user_id left join notifications n1_0 on u1_0.id=n1_0.user_id left join shipment s1_0 on u1_0.id=s1_0.user_id left join transaction t1_0 on u1_0.id=t1_0.user_id left join wish_list wl1_0 on u1_0.id=wl1_0.user_id left join orders o1_0 on u1_0.id=o1_0.user_id where sc1_0.user_id=?
2025-02-20T11:03:25.780+02:00 DEBUG 8868 --- [shop] [           main] org.hibernate.SQL                        : select s1_0.id,s1_0.address_line1,s1_0.address_line2,s1_0.country,s1_0.first_name,s1_0.last_name,s1_0.phone_number,s1_0.postal_code,s1_0.province,s1_0.town,u1_0.id,c1_0.id,u1_0.code_expiration,u1_0.email,u1_0.fcm_token,n1_0.id,n1_0.new_arrivals,n1_0.offers,n1_0.order_status,n1_0.via_email,n1_0.via_push,u1_0.password,u1_0.role,t1_0.id,t1_0.amount,t1_0.currency,t1_0.payment_method,t1_0.status,t1_0.transaction_date,t1_0.transaction_id,u1_0.username,u1_0.verification_code,u1_0.verified,wl1_0.id,o1_0.user_id,o1_0.id,o1_0.created_at,o1_0.status,o1_0.total from shipment s1_0 left join users u1_0 on u1_0.id=s1_0.user_id left join shopping_cart c1_0 on u1_0.id=c1_0.user_id left join notifications n1_0 on u1_0.id=n1_0.user_id left join transaction t1_0 on u1_0.id=t1_0.user_id left join wish_list wl1_0 on u1_0.id=wl1_0.user_id left join orders o1_0 on u1_0.id=o1_0.user_id where s1_0.user_id=?
Hibernate: select s1_0.id,s1_0.address_line1,s1_0.address_line2,s1_0.country,s1_0.first_name,s1_0.last_name,s1_0.phone_number,s1_0.postal_code,s1_0.province,s1_0.town,u1_0.id,c1_0.id,u1_0.code_expiration,u1_0.email,u1_0.fcm_token,n1_0.id,n1_0.new_arrivals,n1_0.offers,n1_0.order_status,n1_0.via_email,n1_0.via_push,u1_0.password,u1_0.role,t1_0.id,t1_0.amount,t1_0.currency,t1_0.payment_method,t1_0.status,t1_0.transaction_date,t1_0.transaction_id,u1_0.username,u1_0.verification_code,u1_0.verified,wl1_0.id,o1_0.user_id,o1_0.id,o1_0.created_at,o1_0.status,o1_0.total from shipment s1_0 left join users u1_0 on u1_0.id=s1_0.user_id left join shopping_cart c1_0 on u1_0.id=c1_0.user_id left join notifications n1_0 on u1_0.id=n1_0.user_id left join transaction t1_0 on u1_0.id=t1_0.user_id left join wish_list wl1_0 on u1_0.id=wl1_0.user_id left join orders o1_0 on u1_0.id=o1_0.user_id where s1_0.user_id=?
2025-02-20T11:03:25.780+02:00 DEBUG 8868 --- [shop] [           main] org.hibernate.SQL                        : select t1_0.id,t1_0.amount,t1_0.currency,t1_0.payment_method,t1_0.status,t1_0.transaction_date,t1_0.transaction_id,u1_0.id,c1_0.id,u1_0.code_expiration,u1_0.email,u1_0.fcm_token,n1_0.id,n1_0.new_arrivals,n1_0.offers,n1_0.order_status,n1_0.via_email,n1_0.via_push,u1_0.password,u1_0.role,s1_0.id,s1_0.address_line1,s1_0.address_line2,s1_0.country,s1_0.first_name,s1_0.last_name,s1_0.phone_number,s1_0.postal_code,s1_0.province,s1_0.town,u1_0.username,u1_0.verification_code,u1_0.verified,wl1_0.id,o1_0.user_id,o1_0.id,o1_0.created_at,o1_0.status,o1_0.total from transaction t1_0 left join users u1_0 on u1_0.id=t1_0.user_id left join shopping_cart c1_0 on u1_0.id=c1_0.user_id left join notifications n1_0 on u1_0.id=n1_0.user_id left join shipment s1_0 on u1_0.id=s1_0.user_id left join wish_list wl1_0 on u1_0.id=wl1_0.user_id left join orders o1_0 on u1_0.id=o1_0.user_id where t1_0.user_id=?
Hibernate: select t1_0.id,t1_0.amount,t1_0.currency,t1_0.payment_method,t1_0.status,t1_0.transaction_date,t1_0.transaction_id,u1_0.id,c1_0.id,u1_0.code_expiration,u1_0.email,u1_0.fcm_token,n1_0.id,n1_0.new_arrivals,n1_0.offers,n1_0.order_status,n1_0.via_email,n1_0.via_push,u1_0.password,u1_0.role,s1_0.id,s1_0.address_line1,s1_0.address_line2,s1_0.country,s1_0.first_name,s1_0.last_name,s1_0.phone_number,s1_0.postal_code,s1_0.province,s1_0.town,u1_0.username,u1_0.verification_code,u1_0.verified,wl1_0.id,o1_0.user_id,o1_0.id,o1_0.created_at,o1_0.status,o1_0.total from transaction t1_0 left join users u1_0 on u1_0.id=t1_0.user_id left join shopping_cart c1_0 on u1_0.id=c1_0.user_id left join notifications n1_0 on u1_0.id=n1_0.user_id left join shipment s1_0 on u1_0.id=s1_0.user_id left join wish_list wl1_0 on u1_0.id=wl1_0.user_id left join orders o1_0 on u1_0.id=o1_0.user_id where t1_0.user_id=?
2025-02-20T11:03:25.781+02:00 DEBUG 8868 --- [shop] [           main] org.hibernate.SQL                        : select i1_0.cart_id,i1_0.id,p1_0.id,c2_0.id,c2_0.name,p1_0.created_at,p1_0.description,p1_0.discount,p1_0.name,p1_0.price,p1_0.rating,p1_0.sales,p1_0.stock,i1_0.quantity from cart_item i1_0 left join product p1_0 on p1_0.id=i1_0.product_id left join category c2_0 on c2_0.id=p1_0.category_id where i1_0.cart_id=?
Hibernate: select i1_0.cart_id,i1_0.id,p1_0.id,c2_0.id,c2_0.name,p1_0.created_at,p1_0.description,p1_0.discount,p1_0.name,p1_0.price,p1_0.rating,p1_0.sales,p1_0.stock,i1_0.quantity from cart_item i1_0 left join product p1_0 on p1_0.id=i1_0.product_id left join category c2_0 on c2_0.id=p1_0.category_id where i1_0.cart_id=?
2025-02-20T11:03:25.783+02:00 DEBUG 8868 --- [shop] [           main] org.hibernate.SQL                        : select r1_0.user_id,r1_0.id,r1_0.created_at,r1_0.posted_by,p1_0.id,c1_0.id,c1_0.name,p1_0.created_at,p1_0.description,p1_0.discount,p1_0.name,p1_0.price,p1_0.rating,p1_0.sales,p1_0.stock,r1_0.rating,r1_0.text from review r1_0 left join product p1_0 on p1_0.id=r1_0.product_id left join category c1_0 on c1_0.id=p1_0.category_id where r1_0.user_id=?
Hibernate: select r1_0.user_id,r1_0.id,r1_0.created_at,r1_0.posted_by,p1_0.id,c1_0.id,c1_0.name,p1_0.created_at,p1_0.description,p1_0.discount,p1_0.name,p1_0.price,p1_0.rating,p1_0.sales,p1_0.stock,r1_0.rating,r1_0.text from review r1_0 left join product p1_0 on p1_0.id=r1_0.product_id left join category c1_0 on c1_0.id=p1_0.category_id where r1_0.user_id=?
2025-02-20T11:03:25.785+02:00 DEBUG 8868 --- [shop] [           main] o.s.orm.jpa.JpaTransactionManager        : Initiating transaction commit
2025-02-20T11:03:25.785+02:00 DEBUG 8868 --- [shop] [           main] o.s.orm.jpa.JpaTransactionManager        : Committing JPA transaction on EntityManager [SessionImpl(1176045015<open>)]
2025-02-20T11:03:25.785+02:00 DEBUG 8868 --- [shop] [           main] org.hibernate.SQL                        : delete from wish_list_products where wish_list_id=?
Hibernate: delete from wish_list_products where wish_list_id=?
2025-02-20T11:03:25.785+02:00 DEBUG 8868 --- [shop] [           main] org.hibernate.SQL                        : delete from users_order_history where user_id=?
Hibernate: delete from users_order_history where user_id=?
2025-02-20T11:03:25.786+02:00 DEBUG 8868 --- [shop] [           main] org.hibernate.SQL                        : delete from shopping_cart where id=?
Hibernate: delete from shopping_cart where id=?
2025-02-20T11:03:25.786+02:00 DEBUG 8868 --- [shop] [           main] org.hibernate.SQL                        : delete from notifications where id=?
Hibernate: delete from notifications where id=?
2025-02-20T11:03:25.786+02:00 DEBUG 8868 --- [shop] [           main] org.hibernate.SQL                        : delete from wish_list where id=?
Hibernate: delete from wish_list where id=?
2025-02-20T11:03:25.787+02:00 DEBUG 8868 --- [shop] [           main] org.hibernate.SQL                        : delete from users where id=?
Hibernate: delete from users where id=?
2025-02-20T11:03:25.788+02:00 DEBUG 8868 --- [shop] [           main] o.s.orm.jpa.JpaTransactionManager        : Closing JPA EntityManager [SessionImpl(1176045015<open>)] after transaction
2025-02-20T11:03:25.788+02:00 DEBUG 8868 --- [shop] [           main] o.s.orm.jpa.JpaTransactionManager        : Creating new transaction with name [org.springframework.data.jpa.repository.support.SimpleJpaRepository.save]: PROPAGATION_REQUIRED,ISOLATION_DEFAULT
2025-02-20T11:03:25.788+02:00 DEBUG 8868 --- [shop] [           main] o.s.orm.jpa.JpaTransactionManager        : Opened new EntityManager [SessionImpl(1582561960<open>)] for JPA transaction
2025-02-20T11:03:25.788+02:00 DEBUG 8868 --- [shop] [           main] o.s.orm.jpa.JpaTransactionManager        : Exposing JPA transaction as JDBC [org.springframework.orm.jpa.vendor.HibernateJpaDialect$HibernateConnectionHandle@1ddf7d19]
2025-02-20T11:03:25.789+02:00 DEBUG 8868 --- [shop] [           main] org.hibernate.SQL                        : insert into users (code_expiration,email,fcm_token,password,role,username,verification_code,verified,id) values (?,?,?,?,?,?,?,?,?)
Hibernate: insert into users (code_expiration,email,fcm_token,password,role,username,verification_code,verified,id) values (?,?,?,?,?,?,?,?,?)
2025-02-20T11:03:25.790+02:00 DEBUG 8868 --- [shop] [           main] org.hibernate.SQL                        : insert into shopping_cart (user_id,id) values (?,?)
Hibernate: insert into shopping_cart (user_id,id) values (?,?)
2025-02-20T11:03:25.790+02:00 DEBUG 8868 --- [shop] [           main] org.hibernate.SQL                        : insert into notifications (new_arrivals,offers,order_status,user_id,via_email,via_push,id) values (?,?,?,?,?,?,default)
Hibernate: insert into notifications (new_arrivals,offers,order_status,user_id,via_email,via_push,id) values (?,?,?,?,?,?,default)
2025-02-20T11:03:25.791+02:00 DEBUG 8868 --- [shop] [           main] o.s.orm.jpa.JpaTransactionManager        : Initiating transaction commit
2025-02-20T11:03:25.791+02:00 DEBUG 8868 --- [shop] [           main] o.s.orm.jpa.JpaTransactionManager        : Committing JPA transaction on EntityManager [SessionImpl(1582561960<open>)]
2025-02-20T11:03:25.792+02:00 DEBUG 8868 --- [shop] [           main] org.hibernate.SQL                        : insert into wish_list (user_id,id) values (?,?)
Hibernate: insert into wish_list (user_id,id) values (?,?)
2025-02-20T11:03:25.792+02:00 DEBUG 8868 --- [shop] [           main] o.s.orm.jpa.JpaTransactionManager        : Closing JPA EntityManager [SessionImpl(1582561960<open>)] after transaction
2025-02-20T11:03:25.792+02:00 DEBUG 8868 --- [shop] [           main] o.s.orm.jpa.JpaTransactionManager        : Creating new transaction with name [org.springframework.data.jpa.repository.support.SimpleJpaRepository.deleteAll]: PROPAGATION_REQUIRED,ISOLATION_DEFAULT
2025-02-20T11:03:25.793+02:00 DEBUG 8868 --- [shop] [           main] o.s.orm.jpa.JpaTransactionManager        : Opened new EntityManager [SessionImpl(709704186<open>)] for JPA transaction
2025-02-20T11:03:25.793+02:00 DEBUG 8868 --- [shop] [           main] o.s.orm.jpa.JpaTransactionManager        : Exposing JPA transaction as JDBC [org.springframework.orm.jpa.vendor.HibernateJpaDialect$HibernateConnectionHandle@7e15cac4]
2025-02-20T11:03:25.794+02:00 DEBUG 8868 --- [shop] [           main] org.hibernate.SQL                        : select p1_0.id,p1_0.category_id,p1_0.created_at,p1_0.description,p1_0.discount,p1_0.name,p1_0.price,p1_0.rating,p1_0.sales,p1_0.stock from product p1_0
Hibernate: select p1_0.id,p1_0.category_id,p1_0.created_at,p1_0.description,p1_0.discount,p1_0.name,p1_0.price,p1_0.rating,p1_0.sales,p1_0.stock from product p1_0
2025-02-20T11:03:25.795+02:00 DEBUG 8868 --- [shop] [           main] o.s.orm.jpa.JpaTransactionManager        : Initiating transaction commit
2025-02-20T11:03:25.795+02:00 DEBUG 8868 --- [shop] [           main] o.s.orm.jpa.JpaTransactionManager        : Committing JPA transaction on EntityManager [SessionImpl(709704186<open>)]
2025-02-20T11:03:25.795+02:00 DEBUG 8868 --- [shop] [           main] o.s.orm.jpa.JpaTransactionManager        : Closing JPA EntityManager [SessionImpl(709704186<open>)] after transaction
2025-02-20T11:03:25.795+02:00 DEBUG 8868 --- [shop] [           main] o.s.orm.jpa.JpaTransactionManager        : Creating new transaction with name [org.springframework.data.jpa.repository.support.SimpleJpaRepository.save]: PROPAGATION_REQUIRED,ISOLATION_DEFAULT
2025-02-20T11:03:25.795+02:00 DEBUG 8868 --- [shop] [           main] o.s.orm.jpa.JpaTransactionManager        : Opened new EntityManager [SessionImpl(1761373728<open>)] for JPA transaction
2025-02-20T11:03:25.795+02:00 DEBUG 8868 --- [shop] [           main] o.s.orm.jpa.JpaTransactionManager        : Exposing JPA transaction as JDBC [org.springframework.orm.jpa.vendor.HibernateJpaDialect$HibernateConnectionHandle@6d63a79]
2025-02-20T11:03:25.796+02:00 DEBUG 8868 --- [shop] [           main] o.s.orm.jpa.JpaTransactionManager        : Initiating transaction commit
2025-02-20T11:03:25.796+02:00 DEBUG 8868 --- [shop] [           main] o.s.orm.jpa.JpaTransactionManager        : Committing JPA transaction on EntityManager [SessionImpl(1761373728<open>)]
2025-02-20T11:03:25.796+02:00 DEBUG 8868 --- [shop] [           main] org.hibernate.SQL                        : insert into product (category_id,created_at,description,discount,name,price,rating,sales,stock,id) values (?,?,?,?,?,?,?,?,?,?)
Hibernate: insert into product (category_id,created_at,description,discount,name,price,rating,sales,stock,id) values (?,?,?,?,?,?,?,?,?,?)
2025-02-20T11:03:25.797+02:00 DEBUG 8868 --- [shop] [           main] o.s.orm.jpa.JpaTransactionManager        : Closing JPA EntityManager [SessionImpl(1761373728<open>)] after transaction
2025-02-20T11:03:25.797+02:00 DEBUG 8868 --- [shop] [           main] org.springframework.test.context.cache   : Spring test ApplicationContext cache statistics: [DefaultContextCache@64d19dad size = 3, maxSize = 32, parentContextCount = 0, hitCount = 283, missCount = 3, failureCount = 0]
2025-02-20T11:03:25.798+02:00 DEBUG 8868 --- [shop] [           main] o.s.test.util.ReflectionTestUtils        : Invoking method 'getFilters' on target object [FilterChainProxy[Filter Chains: null]] or target class [null] with arguments {org.springframework.mock.web.MockHttpServletRequest@36bf4340}
2025-02-20T11:03:25.798+02:00 DEBUG 8868 --- [shop] [           main] o.s.test.util.ReflectionTestUtils        : Invoking method 'getFilters' on target object [FilterChainProxy[Filter Chains: null]] or target class [null] with arguments {org.springframework.mock.web.MockHttpServletRequest@36bf4340}
2025-02-20T11:03:25.798+02:00 DEBUG 8868 --- [shop] [           main] o.s.test.util.ReflectionTestUtils        : Getting field 'securityContextRepository' from target object [org.springframework.security.web.context.SecurityContextHolderFilter@5dd7f921] or target class [class org.springframework.security.web.context.SecurityContextHolderFilter]
2025-02-20T11:03:25.799+02:00 DEBUG 8868 --- [shop] [           main] w.c.HttpSessionSecurityContextRepository : Created HttpSession as SecurityContext is non-default
2025-02-20T11:03:25.799+02:00 DEBUG 8868 --- [shop] [           main] w.c.HttpSessionSecurityContextRepository : Stored SecurityContextImpl [Authentication=UsernamePasswordAuthenticationToken [Principal=org.springframework.security.core.userdetails.User [Username=user, Password=[PROTECTED], Enabled=true, AccountNonExpired=true, CredentialsNonExpired=true, AccountNonLocked=true, Granted Authorities=[ROLE_USER]], Credentials=[PROTECTED], Authenticated=true, Details=null, Granted Authorities=[ROLE_USER]]] to HttpSession [org.springframework.mock.web.MockHttpSession@4fe7962]
2025-02-20T11:03:25.799+02:00 DEBUG 8868 --- [shop] [           main] o.s.security.web.FilterChainProxy        : Securing POST /user/wishList/add/17
2025-02-20T11:03:25.800+02:00 DEBUG 8868 --- [shop] [           main] w.c.HttpSessionSecurityContextRepository : Retrieved SecurityContextImpl [Authentication=UsernamePasswordAuthenticationToken [Principal=org.springframework.security.core.userdetails.User [Username=user, Password=[PROTECTED], Enabled=true, AccountNonExpired=true, CredentialsNonExpired=true, AccountNonLocked=true, Granted Authorities=[ROLE_USER]], Credentials=[PROTECTED], Authenticated=true, Details=null, Granted Authorities=[ROLE_USER]]]
2025-02-20T11:03:25.800+02:00 DEBUG 8868 --- [shop] [           main] o.s.security.web.FilterChainProxy        : Secured POST /user/wishList/add/17
2025-02-20T11:03:25.800+02:00 DEBUG 8868 --- [shop] [           main] o.s.t.web.servlet.TestDispatcherServlet  : POST "/user/wishList/add/17", parameters={}
2025-02-20T11:03:25.800+02:00 DEBUG 8868 --- [shop] [           main] s.w.s.m.m.a.RequestMappingHandlerMapping : Mapped to com.online.shop.controllers.WishListController#addToWishList(Long, Principal)
2025-02-20T11:03:25.800+02:00 DEBUG 8868 --- [shop] [           main] o.j.s.OpenEntityManagerInViewInterceptor : Opening JPA EntityManager in OpenEntityManagerInViewInterceptor
2025-02-20T11:03:25.803+02:00 DEBUG 8868 --- [shop] [           main] org.hibernate.SQL                        : select u1_0.id,u1_0.code_expiration,u1_0.email,u1_0.fcm_token,u1_0.password,u1_0.role,u1_0.username,u1_0.verification_code,u1_0.verified from users u1_0 where u1_0.username=?
Hibernate: select u1_0.id,u1_0.code_expiration,u1_0.email,u1_0.fcm_token,u1_0.password,u1_0.role,u1_0.username,u1_0.verification_code,u1_0.verified from users u1_0 where u1_0.username=?
2025-02-20T11:03:25.804+02:00 DEBUG 8868 --- [shop] [           main] org.hibernate.SQL                        : select sc1_0.id,u1_0.id,u1_0.code_expiration,u1_0.email,u1_0.fcm_token,n1_0.id,n1_0.new_arrivals,n1_0.offers,n1_0.order_status,n1_0.via_email,n1_0.via_push,u1_0.password,u1_0.role,s1_0.id,s1_0.address_line1,s1_0.address_line2,s1_0.country,s1_0.first_name,s1_0.last_name,s1_0.phone_number,s1_0.postal_code,s1_0.province,s1_0.town,t1_0.id,t1_0.amount,t1_0.currency,t1_0.payment_method,t1_0.status,t1_0.transaction_date,t1_0.transaction_id,u1_0.username,u1_0.verification_code,u1_0.verified,wl1_0.id,o1_0.user_id,o1_0.id,o1_0.created_at,o1_0.status,o1_0.total from shopping_cart sc1_0 left join users u1_0 on u1_0.id=sc1_0.user_id left join notifications n1_0 on u1_0.id=n1_0.user_id left join shipment s1_0 on u1_0.id=s1_0.user_id left join transaction t1_0 on u1_0.id=t1_0.user_id left join wish_list wl1_0 on u1_0.id=wl1_0.user_id left join orders o1_0 on u1_0.id=o1_0.user_id where sc1_0.user_id=?
Hibernate: select sc1_0.id,u1_0.id,u1_0.code_expiration,u1_0.email,u1_0.fcm_token,n1_0.id,n1_0.new_arrivals,n1_0.offers,n1_0.order_status,n1_0.via_email,n1_0.via_push,u1_0.password,u1_0.role,s1_0.id,s1_0.address_line1,s1_0.address_line2,s1_0.country,s1_0.first_name,s1_0.last_name,s1_0.phone_number,s1_0.postal_code,s1_0.province,s1_0.town,t1_0.id,t1_0.amount,t1_0.currency,t1_0.payment_method,t1_0.status,t1_0.transaction_date,t1_0.transaction_id,u1_0.username,u1_0.verification_code,u1_0.verified,wl1_0.id,o1_0.user_id,o1_0.id,o1_0.created_at,o1_0.status,o1_0.total from shopping_cart sc1_0 left join users u1_0 on u1_0.id=sc1_0.user_id left join notifications n1_0 on u1_0.id=n1_0.user_id left join shipment s1_0 on u1_0.id=s1_0.user_id left join transaction t1_0 on u1_0.id=t1_0.user_id left join wish_list wl1_0 on u1_0.id=wl1_0.user_id left join orders o1_0 on u1_0.id=o1_0.user_id where sc1_0.user_id=?
2025-02-20T11:03:25.807+02:00 DEBUG 8868 --- [shop] [           main] org.hibernate.SQL                        : select n1_0.id,n1_0.new_arrivals,n1_0.offers,n1_0.order_status,u1_0.id,c1_0.id,u1_0.code_expiration,u1_0.email,u1_0.fcm_token,u1_0.password,u1_0.role,s1_0.id,s1_0.address_line1,s1_0.address_line2,s1_0.country,s1_0.first_name,s1_0.last_name,s1_0.phone_number,s1_0.postal_code,s1_0.province,s1_0.town,t1_0.id,t1_0.amount,t1_0.currency,t1_0.payment_method,t1_0.status,t1_0.transaction_date,t1_0.transaction_id,u1_0.username,u1_0.verification_code,u1_0.verified,wl1_0.id,o1_0.user_id,o1_0.id,o1_0.created_at,o1_0.status,o1_0.total,n1_0.via_email,n1_0.via_push from notifications n1_0 left join users u1_0 on u1_0.id=n1_0.user_id left join shopping_cart c1_0 on u1_0.id=c1_0.user_id left join shipment s1_0 on u1_0.id=s1_0.user_id left join transaction t1_0 on u1_0.id=t1_0.user_id left join wish_list wl1_0 on u1_0.id=wl1_0.user_id left join orders o1_0 on u1_0.id=o1_0.user_id where n1_0.user_id=?
Hibernate: select n1_0.id,n1_0.new_arrivals,n1_0.offers,n1_0.order_status,u1_0.id,c1_0.id,u1_0.code_expiration,u1_0.email,u1_0.fcm_token,u1_0.password,u1_0.role,s1_0.id,s1_0.address_line1,s1_0.address_line2,s1_0.country,s1_0.first_name,s1_0.last_name,s1_0.phone_number,s1_0.postal_code,s1_0.province,s1_0.town,t1_0.id,t1_0.amount,t1_0.currency,t1_0.payment_method,t1_0.status,t1_0.transaction_date,t1_0.transaction_id,u1_0.username,u1_0.verification_code,u1_0.verified,wl1_0.id,o1_0.user_id,o1_0.id,o1_0.created_at,o1_0.status,o1_0.total,n1_0.via_email,n1_0.via_push from notifications n1_0 left join users u1_0 on u1_0.id=n1_0.user_id left join shopping_cart c1_0 on u1_0.id=c1_0.user_id left join shipment s1_0 on u1_0.id=s1_0.user_id left join transaction t1_0 on u1_0.id=t1_0.user_id left join wish_list wl1_0 on u1_0.id=wl1_0.user_id left join orders o1_0 on u1_0.id=o1_0.user_id where n1_0.user_id=?
2025-02-20T11:03:25.807+02:00 DEBUG 8868 --- [shop] [           main] org.hibernate.SQL                        : select s1_0.id,s1_0.address_line1,s1_0.address_line2,s1_0.country,s1_0.first_name,s1_0.last_name,s1_0.phone_number,s1_0.postal_code,s1_0.province,s1_0.town,u1_0.id,c1_0.id,u1_0.code_expiration,u1_0.email,u1_0.fcm_token,n1_0.id,n1_0.new_arrivals,n1_0.offers,n1_0.order_status,n1_0.via_email,n1_0.via_push,u1_0.password,u1_0.role,t1_0.id,t1_0.amount,t1_0.currency,t1_0.payment_method,t1_0.status,t1_0.transaction_date,t1_0.transaction_id,u1_0.username,u1_0.verification_code,u1_0.verified,wl1_0.id,o1_0.user_id,o1_0.id,o1_0.created_at,o1_0.status,o1_0.total from shipment s1_0 left join users u1_0 on u1_0.id=s1_0.user_id left join shopping_cart c1_0 on u1_0.id=c1_0.user_id left join notifications n1_0 on u1_0.id=n1_0.user_id left join transaction t1_0 on u1_0.id=t1_0.user_id left join wish_list wl1_0 on u1_0.id=wl1_0.user_id left join orders o1_0 on u1_0.id=o1_0.user_id where s1_0.user_id=?
Hibernate: select s1_0.id,s1_0.address_line1,s1_0.address_line2,s1_0.country,s1_0.first_name,s1_0.last_name,s1_0.phone_number,s1_0.postal_code,s1_0.province,s1_0.town,u1_0.id,c1_0.id,u1_0.code_expiration,u1_0.email,u1_0.fcm_token,n1_0.id,n1_0.new_arrivals,n1_0.offers,n1_0.order_status,n1_0.via_email,n1_0.via_push,u1_0.password,u1_0.role,t1_0.id,t1_0.amount,t1_0.currency,t1_0.payment_method,t1_0.status,t1_0.transaction_date,t1_0.transaction_id,u1_0.username,u1_0.verification_code,u1_0.verified,wl1_0.id,o1_0.user_id,o1_0.id,o1_0.created_at,o1_0.status,o1_0.total from shipment s1_0 left join users u1_0 on u1_0.id=s1_0.user_id left join shopping_cart c1_0 on u1_0.id=c1_0.user_id left join notifications n1_0 on u1_0.id=n1_0.user_id left join transaction t1_0 on u1_0.id=t1_0.user_id left join wish_list wl1_0 on u1_0.id=wl1_0.user_id left join orders o1_0 on u1_0.id=o1_0.user_id where s1_0.user_id=?
2025-02-20T11:03:25.808+02:00 DEBUG 8868 --- [shop] [           main] org.hibernate.SQL                        : select t1_0.id,t1_0.amount,t1_0.currency,t1_0.payment_method,t1_0.status,t1_0.transaction_date,t1_0.transaction_id,u1_0.id,c1_0.id,u1_0.code_expiration,u1_0.email,u1_0.fcm_token,n1_0.id,n1_0.new_arrivals,n1_0.offers,n1_0.order_status,n1_0.via_email,n1_0.via_push,u1_0.password,u1_0.role,s1_0.id,s1_0.address_line1,s1_0.address_line2,s1_0.country,s1_0.first_name,s1_0.last_name,s1_0.phone_number,s1_0.postal_code,s1_0.province,s1_0.town,u1_0.username,u1_0.verification_code,u1_0.verified,wl1_0.id,o1_0.user_id,o1_0.id,o1_0.created_at,o1_0.status,o1_0.total from transaction t1_0 left join users u1_0 on u1_0.id=t1_0.user_id left join shopping_cart c1_0 on u1_0.id=c1_0.user_id left join notifications n1_0 on u1_0.id=n1_0.user_id left join shipment s1_0 on u1_0.id=s1_0.user_id left join wish_list wl1_0 on u1_0.id=wl1_0.user_id left join orders o1_0 on u1_0.id=o1_0.user_id where t1_0.user_id=?
Hibernate: select t1_0.id,t1_0.amount,t1_0.currency,t1_0.payment_method,t1_0.status,t1_0.transaction_date,t1_0.transaction_id,u1_0.id,c1_0.id,u1_0.code_expiration,u1_0.email,u1_0.fcm_token,n1_0.id,n1_0.new_arrivals,n1_0.offers,n1_0.order_status,n1_0.via_email,n1_0.via_push,u1_0.password,u1_0.role,s1_0.id,s1_0.address_line1,s1_0.address_line2,s1_0.country,s1_0.first_name,s1_0.last_name,s1_0.phone_number,s1_0.postal_code,s1_0.province,s1_0.town,u1_0.username,u1_0.verification_code,u1_0.verified,wl1_0.id,o1_0.user_id,o1_0.id,o1_0.created_at,o1_0.status,o1_0.total from transaction t1_0 left join users u1_0 on u1_0.id=t1_0.user_id left join shopping_cart c1_0 on u1_0.id=c1_0.user_id left join notifications n1_0 on u1_0.id=n1_0.user_id left join shipment s1_0 on u1_0.id=s1_0.user_id left join wish_list wl1_0 on u1_0.id=wl1_0.user_id left join orders o1_0 on u1_0.id=o1_0.user_id where t1_0.user_id=?
2025-02-20T11:03:25.809+02:00 DEBUG 8868 --- [shop] [           main] o.s.orm.jpa.JpaTransactionManager        : Found thread-bound EntityManager [SessionImpl(1422021284<open>)] for JPA transaction
2025-02-20T11:03:25.809+02:00 DEBUG 8868 --- [shop] [           main] o.s.orm.jpa.JpaTransactionManager        : Creating new transaction with name [org.springframework.data.jpa.repository.support.SimpleJpaRepository.findById]: PROPAGATION_REQUIRED,ISOLATION_DEFAULT,readOnly
2025-02-20T11:03:25.809+02:00 DEBUG 8868 --- [shop] [           main] o.s.jdbc.datasource.DataSourceUtils      : Setting JDBC Connection [HikariProxyConnection@642788225 wrapping conn11: url=jdbc:h2:mem:testdb user=SA] read-only
2025-02-20T11:03:25.809+02:00 DEBUG 8868 --- [shop] [           main] o.s.orm.jpa.JpaTransactionManager        : Exposing JPA transaction as JDBC [org.springframework.orm.jpa.vendor.HibernateJpaDialect$HibernateConnectionHandle@5ac906d1]
2025-02-20T11:03:25.809+02:00 DEBUG 8868 --- [shop] [           main] org.hibernate.SQL                        : select p1_0.id,c1_0.id,c1_0.name,p1_0.created_at,p1_0.description,p1_0.discount,p1_0.name,p1_0.price,p1_0.rating,p1_0.sales,p1_0.stock from product p1_0 left join category c1_0 on c1_0.id=p1_0.category_id where p1_0.id=?
Hibernate: select p1_0.id,c1_0.id,c1_0.name,p1_0.created_at,p1_0.description,p1_0.discount,p1_0.name,p1_0.price,p1_0.rating,p1_0.sales,p1_0.stock from product p1_0 left join category c1_0 on c1_0.id=p1_0.category_id where p1_0.id=?
2025-02-20T11:03:25.810+02:00 DEBUG 8868 --- [shop] [           main] o.s.orm.jpa.JpaTransactionManager        : Initiating transaction commit
2025-02-20T11:03:25.811+02:00 DEBUG 8868 --- [shop] [           main] o.s.orm.jpa.JpaTransactionManager        : Committing JPA transaction on EntityManager [SessionImpl(1422021284<open>)]
2025-02-20T11:03:25.811+02:00 DEBUG 8868 --- [shop] [           main] o.s.jdbc.datasource.DataSourceUtils      : Resetting read-only flag of JDBC Connection [HikariProxyConnection@642788225 wrapping conn11: url=jdbc:h2:mem:testdb user=SA]
2025-02-20T11:03:25.811+02:00 DEBUG 8868 --- [shop] [           main] o.s.orm.jpa.JpaTransactionManager        : Not closing pre-bound JPA EntityManager after transaction
2025-02-20T11:03:25.811+02:00 DEBUG 8868 --- [shop] [           main] org.hibernate.SQL                        : select p1_0.wish_list_id,p1_1.id,c1_0.id,c1_0.name,p1_1.created_at,p1_1.description,p1_1.discount,p1_1.name,p1_1.price,p1_1.rating,p1_1.sales,p1_1.stock from wish_list_products p1_0 join product p1_1 on p1_1.id=p1_0.products_id left join category c1_0 on c1_0.id=p1_1.category_id where p1_0.wish_list_id=?
Hibernate: select p1_0.wish_list_id,p1_1.id,c1_0.id,c1_0.name,p1_1.created_at,p1_1.description,p1_1.discount,p1_1.name,p1_1.price,p1_1.rating,p1_1.sales,p1_1.stock from wish_list_products p1_0 join product p1_1 on p1_1.id=p1_0.products_id left join category c1_0 on c1_0.id=p1_1.category_id where p1_0.wish_list_id=?
2025-02-20T11:03:25.815+02:00 DEBUG 8868 --- [shop] [           main] o.s.orm.jpa.JpaTransactionManager        : Found thread-bound EntityManager [SessionImpl(1422021284<open>)] for JPA transaction
2025-02-20T11:03:25.815+02:00 DEBUG 8868 --- [shop] [           main] o.s.orm.jpa.JpaTransactionManager        : Creating new transaction with name [org.springframework.data.jpa.repository.support.SimpleJpaRepository.save]: PROPAGATION_REQUIRED,ISOLATION_DEFAULT
2025-02-20T11:03:25.815+02:00 DEBUG 8868 --- [shop] [           main] o.s.orm.jpa.JpaTransactionManager        : Exposing JPA transaction as JDBC [org.springframework.orm.jpa.vendor.HibernateJpaDialect$HibernateConnectionHandle@6f18329]
2025-02-20T11:03:25.816+02:00 DEBUG 8868 --- [shop] [           main] o.s.orm.jpa.JpaTransactionManager        : Initiating transaction commit
2025-02-20T11:03:25.816+02:00 DEBUG 8868 --- [shop] [           main] o.s.orm.jpa.JpaTransactionManager        : Committing JPA transaction on EntityManager [SessionImpl(1422021284<open>)]
2025-02-20T11:03:25.821+02:00 DEBUG 8868 --- [shop] [           main] org.hibernate.SQL                        : insert into wish_list_products (wish_list_id,products_id) values (?,?)
Hibernate: insert into wish_list_products (wish_list_id,products_id) values (?,?)
2025-02-20T11:03:25.825+02:00 DEBUG 8868 --- [shop] [           main] o.s.orm.jpa.JpaTransactionManager        : Not closing pre-bound JPA EntityManager after transaction
2025-02-20T11:03:25.825+02:00 DEBUG 8868 --- [shop] [           main] o.s.w.s.m.m.a.HttpEntityMethodProcessor  : Using 'text/plain', given [*/*] and supported [text/plain, */*, application/json, application/*+json]
2025-02-20T11:03:25.825+02:00 DEBUG 8868 --- [shop] [           main] o.s.w.s.m.m.a.HttpEntityMethodProcessor  : Writing ["Product successfully added!"]
2025-02-20T11:03:25.826+02:00 DEBUG 8868 --- [shop] [           main] o.j.s.OpenEntityManagerInViewInterceptor : Closing JPA EntityManager in OpenEntityManagerInViewInterceptor
2025-02-20T11:03:25.826+02:00 DEBUG 8868 --- [shop] [           main] o.s.t.web.servlet.TestDispatcherServlet  : Completed 200 OK
2025-02-20T11:03:25.826+02:00 DEBUG 8868 --- [shop] [           main] o.s.test.util.ReflectionTestUtils        : Invoking method 'getFilters' on target object [FilterChainProxy[Filter Chains: null]] or target class [null] with arguments {org.springframework.mock.web.MockHttpServletRequest@5facf061}
2025-02-20T11:03:25.826+02:00 DEBUG 8868 --- [shop] [           main] o.s.test.util.ReflectionTestUtils        : Invoking method 'getFilters' on target object [FilterChainProxy[Filter Chains: null]] or target class [null] with arguments {org.springframework.mock.web.MockHttpServletRequest@5facf061}
2025-02-20T11:03:25.827+02:00 DEBUG 8868 --- [shop] [           main] o.s.test.util.ReflectionTestUtils        : Getting field 'securityContextRepository' from target object [org.springframework.security.web.context.SecurityContextHolderFilter@5dd7f921] or target class [class org.springframework.security.web.context.SecurityContextHolderFilter]
2025-02-20T11:03:25.827+02:00 DEBUG 8868 --- [shop] [           main] w.c.HttpSessionSecurityContextRepository : Created HttpSession as SecurityContext is non-default
2025-02-20T11:03:25.827+02:00 DEBUG 8868 --- [shop] [           main] w.c.HttpSessionSecurityContextRepository : Stored SecurityContextImpl [Authentication=UsernamePasswordAuthenticationToken [Principal=org.springframework.security.core.userdetails.User [Username=user, Password=[PROTECTED], Enabled=true, AccountNonExpired=true, CredentialsNonExpired=true, AccountNonLocked=true, Granted Authorities=[ROLE_USER]], Credentials=[PROTECTED], Authenticated=true, Details=null, Granted Authorities=[ROLE_USER]]] to HttpSession [org.springframework.mock.web.MockHttpSession@68c3670]
2025-02-20T11:03:25.827+02:00 DEBUG 8868 --- [shop] [           main] o.s.security.web.FilterChainProxy        : Securing GET /user/wishList/existsById/17
2025-02-20T11:03:25.827+02:00 DEBUG 8868 --- [shop] [           main] w.c.HttpSessionSecurityContextRepository : Retrieved SecurityContextImpl [Authentication=UsernamePasswordAuthenticationToken [Principal=org.springframework.security.core.userdetails.User [Username=user, Password=[PROTECTED], Enabled=true, AccountNonExpired=true, CredentialsNonExpired=true, AccountNonLocked=true, Granted Authorities=[ROLE_USER]], Credentials=[PROTECTED], Authenticated=true, Details=null, Granted Authorities=[ROLE_USER]]]
2025-02-20T11:03:25.827+02:00 DEBUG 8868 --- [shop] [           main] o.s.security.web.FilterChainProxy        : Secured GET /user/wishList/existsById/17
2025-02-20T11:03:25.827+02:00 DEBUG 8868 --- [shop] [           main] o.s.t.web.servlet.TestDispatcherServlet  : GET "/user/wishList/existsById/17", parameters={}
2025-02-20T11:03:25.828+02:00 DEBUG 8868 --- [shop] [           main] s.w.s.m.m.a.RequestMappingHandlerMapping : Mapped to com.online.shop.controllers.WishListController#existsById(Principal, Long)
2025-02-20T11:03:25.828+02:00 DEBUG 8868 --- [shop] [           main] o.j.s.OpenEntityManagerInViewInterceptor : Opening JPA EntityManager in OpenEntityManagerInViewInterceptor
2025-02-20T11:03:25.828+02:00 DEBUG 8868 --- [shop] [           main] o.s.orm.jpa.JpaTransactionManager        : Found thread-bound EntityManager [SessionImpl(1380331824<open>)] for JPA transaction
2025-02-20T11:03:25.828+02:00 DEBUG 8868 --- [shop] [           main] o.s.orm.jpa.JpaTransactionManager        : Creating new transaction with name [org.springframework.data.jpa.repository.support.SimpleJpaRepository.findById]: PROPAGATION_REQUIRED,ISOLATION_DEFAULT,readOnly
2025-02-20T11:03:25.828+02:00 DEBUG 8868 --- [shop] [           main] o.s.jdbc.datasource.DataSourceUtils      : Setting JDBC Connection [HikariProxyConnection@334958037 wrapping conn11: url=jdbc:h2:mem:testdb user=SA] read-only
2025-02-20T11:03:25.828+02:00 DEBUG 8868 --- [shop] [           main] o.s.orm.jpa.JpaTransactionManager        : Exposing JPA transaction as JDBC [org.springframework.orm.jpa.vendor.HibernateJpaDialect$HibernateConnectionHandle@2b60c832]
2025-02-20T11:03:25.829+02:00 DEBUG 8868 --- [shop] [           main] org.hibernate.SQL                        : select p1_0.id,c1_0.id,c1_0.name,p1_0.created_at,p1_0.description,p1_0.discount,p1_0.name,p1_0.price,p1_0.rating,p1_0.sales,p1_0.stock from product p1_0 left join category c1_0 on c1_0.id=p1_0.category_id where p1_0.id=?
Hibernate: select p1_0.id,c1_0.id,c1_0.name,p1_0.created_at,p1_0.description,p1_0.discount,p1_0.name,p1_0.price,p1_0.rating,p1_0.sales,p1_0.stock from product p1_0 left join category c1_0 on c1_0.id=p1_0.category_id where p1_0.id=?
2025-02-20T11:03:25.829+02:00 DEBUG 8868 --- [shop] [           main] o.s.orm.jpa.JpaTransactionManager        : Initiating transaction commit
2025-02-20T11:03:25.829+02:00 DEBUG 8868 --- [shop] [           main] o.s.orm.jpa.JpaTransactionManager        : Committing JPA transaction on EntityManager [SessionImpl(1380331824<open>)]
2025-02-20T11:03:25.830+02:00 DEBUG 8868 --- [shop] [           main] o.s.jdbc.datasource.DataSourceUtils      : Resetting read-only flag of JDBC Connection [HikariProxyConnection@334958037 wrapping conn11: url=jdbc:h2:mem:testdb user=SA]
2025-02-20T11:03:25.830+02:00 DEBUG 8868 --- [shop] [           main] o.s.orm.jpa.JpaTransactionManager        : Not closing pre-bound JPA EntityManager after transaction
2025-02-20T11:03:25.831+02:00 DEBUG 8868 --- [shop] [           main] org.hibernate.SQL                        : select u1_0.id,u1_0.code_expiration,u1_0.email,u1_0.fcm_token,u1_0.password,u1_0.role,u1_0.username,u1_0.verification_code,u1_0.verified from users u1_0 where u1_0.username=?
Hibernate: select u1_0.id,u1_0.code_expiration,u1_0.email,u1_0.fcm_token,u1_0.password,u1_0.role,u1_0.username,u1_0.verification_code,u1_0.verified from users u1_0 where u1_0.username=?
2025-02-20T11:03:25.831+02:00 DEBUG 8868 --- [shop] [           main] org.hibernate.SQL                        : select sc1_0.id,u1_0.id,u1_0.code_expiration,u1_0.email,u1_0.fcm_token,n1_0.id,n1_0.new_arrivals,n1_0.offers,n1_0.order_status,n1_0.via_email,n1_0.via_push,u1_0.password,u1_0.role,s1_0.id,s1_0.address_line1,s1_0.address_line2,s1_0.country,s1_0.first_name,s1_0.last_name,s1_0.phone_number,s1_0.postal_code,s1_0.province,s1_0.town,t1_0.id,t1_0.amount,t1_0.currency,t1_0.payment_method,t1_0.status,t1_0.transaction_date,t1_0.transaction_id,u1_0.username,u1_0.verification_code,u1_0.verified,wl1_0.id,o1_0.user_id,o1_0.id,o1_0.created_at,o1_0.status,o1_0.total from shopping_cart sc1_0 left join users u1_0 on u1_0.id=sc1_0.user_id left join notifications n1_0 on u1_0.id=n1_0.user_id left join shipment s1_0 on u1_0.id=s1_0.user_id left join transaction t1_0 on u1_0.id=t1_0.user_id left join wish_list wl1_0 on u1_0.id=wl1_0.user_id left join orders o1_0 on u1_0.id=o1_0.user_id where sc1_0.user_id=?
Hibernate: select sc1_0.id,u1_0.id,u1_0.code_expiration,u1_0.email,u1_0.fcm_token,n1_0.id,n1_0.new_arrivals,n1_0.offers,n1_0.order_status,n1_0.via_email,n1_0.via_push,u1_0.password,u1_0.role,s1_0.id,s1_0.address_line1,s1_0.address_line2,s1_0.country,s1_0.first_name,s1_0.last_name,s1_0.phone_number,s1_0.postal_code,s1_0.province,s1_0.town,t1_0.id,t1_0.amount,t1_0.currency,t1_0.payment_method,t1_0.status,t1_0.transaction_date,t1_0.transaction_id,u1_0.username,u1_0.verification_code,u1_0.verified,wl1_0.id,o1_0.user_id,o1_0.id,o1_0.created_at,o1_0.status,o1_0.total from shopping_cart sc1_0 left join users u1_0 on u1_0.id=sc1_0.user_id left join notifications n1_0 on u1_0.id=n1_0.user_id left join shipment s1_0 on u1_0.id=s1_0.user_id left join transaction t1_0 on u1_0.id=t1_0.user_id left join wish_list wl1_0 on u1_0.id=wl1_0.user_id left join orders o1_0 on u1_0.id=o1_0.user_id where sc1_0.user_id=?
2025-02-20T11:03:25.832+02:00 DEBUG 8868 --- [shop] [           main] org.hibernate.SQL                        : select n1_0.id,n1_0.new_arrivals,n1_0.offers,n1_0.order_status,u1_0.id,c1_0.id,u1_0.code_expiration,u1_0.email,u1_0.fcm_token,u1_0.password,u1_0.role,s1_0.id,s1_0.address_line1,s1_0.address_line2,s1_0.country,s1_0.first_name,s1_0.last_name,s1_0.phone_number,s1_0.postal_code,s1_0.province,s1_0.town,t1_0.id,t1_0.amount,t1_0.currency,t1_0.payment_method,t1_0.status,t1_0.transaction_date,t1_0.transaction_id,u1_0.username,u1_0.verification_code,u1_0.verified,wl1_0.id,o1_0.user_id,o1_0.id,o1_0.created_at,o1_0.status,o1_0.total,n1_0.via_email,n1_0.via_push from notifications n1_0 left join users u1_0 on u1_0.id=n1_0.user_id left join shopping_cart c1_0 on u1_0.id=c1_0.user_id left join shipment s1_0 on u1_0.id=s1_0.user_id left join transaction t1_0 on u1_0.id=t1_0.user_id left join wish_list wl1_0 on u1_0.id=wl1_0.user_id left join orders o1_0 on u1_0.id=o1_0.user_id where n1_0.user_id=?
Hibernate: select n1_0.id,n1_0.new_arrivals,n1_0.offers,n1_0.order_status,u1_0.id,c1_0.id,u1_0.code_expiration,u1_0.email,u1_0.fcm_token,u1_0.password,u1_0.role,s1_0.id,s1_0.address_line1,s1_0.address_line2,s1_0.country,s1_0.first_name,s1_0.last_name,s1_0.phone_number,s1_0.postal_code,s1_0.province,s1_0.town,t1_0.id,t1_0.amount,t1_0.currency,t1_0.payment_method,t1_0.status,t1_0.transaction_date,t1_0.transaction_id,u1_0.username,u1_0.verification_code,u1_0.verified,wl1_0.id,o1_0.user_id,o1_0.id,o1_0.created_at,o1_0.status,o1_0.total,n1_0.via_email,n1_0.via_push from notifications n1_0 left join users u1_0 on u1_0.id=n1_0.user_id left join shopping_cart c1_0 on u1_0.id=c1_0.user_id left join shipment s1_0 on u1_0.id=s1_0.user_id left join transaction t1_0 on u1_0.id=t1_0.user_id left join wish_list wl1_0 on u1_0.id=wl1_0.user_id left join orders o1_0 on u1_0.id=o1_0.user_id where n1_0.user_id=?
2025-02-20T11:03:25.832+02:00 DEBUG 8868 --- [shop] [           main] org.hibernate.SQL                        : select s1_0.id,s1_0.address_line1,s1_0.address_line2,s1_0.country,s1_0.first_name,s1_0.last_name,s1_0.phone_number,s1_0.postal_code,s1_0.province,s1_0.town,u1_0.id,c1_0.id,u1_0.code_expiration,u1_0.email,u1_0.fcm_token,n1_0.id,n1_0.new_arrivals,n1_0.offers,n1_0.order_status,n1_0.via_email,n1_0.via_push,u1_0.password,u1_0.role,t1_0.id,t1_0.amount,t1_0.currency,t1_0.payment_method,t1_0.status,t1_0.transaction_date,t1_0.transaction_id,u1_0.username,u1_0.verification_code,u1_0.verified,wl1_0.id,o1_0.user_id,o1_0.id,o1_0.created_at,o1_0.status,o1_0.total from shipment s1_0 left join users u1_0 on u1_0.id=s1_0.user_id left join shopping_cart c1_0 on u1_0.id=c1_0.user_id left join notifications n1_0 on u1_0.id=n1_0.user_id left join transaction t1_0 on u1_0.id=t1_0.user_id left join wish_list wl1_0 on u1_0.id=wl1_0.user_id left join orders o1_0 on u1_0.id=o1_0.user_id where s1_0.user_id=?
Hibernate: select s1_0.id,s1_0.address_line1,s1_0.address_line2,s1_0.country,s1_0.first_name,s1_0.last_name,s1_0.phone_number,s1_0.postal_code,s1_0.province,s1_0.town,u1_0.id,c1_0.id,u1_0.code_expiration,u1_0.email,u1_0.fcm_token,n1_0.id,n1_0.new_arrivals,n1_0.offers,n1_0.order_status,n1_0.via_email,n1_0.via_push,u1_0.password,u1_0.role,t1_0.id,t1_0.amount,t1_0.currency,t1_0.payment_method,t1_0.status,t1_0.transaction_date,t1_0.transaction_id,u1_0.username,u1_0.verification_code,u1_0.verified,wl1_0.id,o1_0.user_id,o1_0.id,o1_0.created_at,o1_0.status,o1_0.total from shipment s1_0 left join users u1_0 on u1_0.id=s1_0.user_id left join shopping_cart c1_0 on u1_0.id=c1_0.user_id left join notifications n1_0 on u1_0.id=n1_0.user_id left join transaction t1_0 on u1_0.id=t1_0.user_id left join wish_list wl1_0 on u1_0.id=wl1_0.user_id left join orders o1_0 on u1_0.id=o1_0.user_id where s1_0.user_id=?
2025-02-20T11:03:25.832+02:00 DEBUG 8868 --- [shop] [           main] org.hibernate.SQL                        : select t1_0.id,t1_0.amount,t1_0.currency,t1_0.payment_method,t1_0.status,t1_0.transaction_date,t1_0.transaction_id,u1_0.id,c1_0.id,u1_0.code_expiration,u1_0.email,u1_0.fcm_token,n1_0.id,n1_0.new_arrivals,n1_0.offers,n1_0.order_status,n1_0.via_email,n1_0.via_push,u1_0.password,u1_0.role,s1_0.id,s1_0.address_line1,s1_0.address_line2,s1_0.country,s1_0.first_name,s1_0.last_name,s1_0.phone_number,s1_0.postal_code,s1_0.province,s1_0.town,u1_0.username,u1_0.verification_code,u1_0.verified,wl1_0.id,o1_0.user_id,o1_0.id,o1_0.created_at,o1_0.status,o1_0.total from transaction t1_0 left join users u1_0 on u1_0.id=t1_0.user_id left join shopping_cart c1_0 on u1_0.id=c1_0.user_id left join notifications n1_0 on u1_0.id=n1_0.user_id left join shipment s1_0 on u1_0.id=s1_0.user_id left join wish_list wl1_0 on u1_0.id=wl1_0.user_id left join orders o1_0 on u1_0.id=o1_0.user_id where t1_0.user_id=?
Hibernate: select t1_0.id,t1_0.amount,t1_0.currency,t1_0.payment_method,t1_0.status,t1_0.transaction_date,t1_0.transaction_id,u1_0.id,c1_0.id,u1_0.code_expiration,u1_0.email,u1_0.fcm_token,n1_0.id,n1_0.new_arrivals,n1_0.offers,n1_0.order_status,n1_0.via_email,n1_0.via_push,u1_0.password,u1_0.role,s1_0.id,s1_0.address_line1,s1_0.address_line2,s1_0.country,s1_0.first_name,s1_0.last_name,s1_0.phone_number,s1_0.postal_code,s1_0.province,s1_0.town,u1_0.username,u1_0.verification_code,u1_0.verified,wl1_0.id,o1_0.user_id,o1_0.id,o1_0.created_at,o1_0.status,o1_0.total from transaction t1_0 left join users u1_0 on u1_0.id=t1_0.user_id left join shopping_cart c1_0 on u1_0.id=c1_0.user_id left join notifications n1_0 on u1_0.id=n1_0.user_id left join shipment s1_0 on u1_0.id=s1_0.user_id left join wish_list wl1_0 on u1_0.id=wl1_0.user_id left join orders o1_0 on u1_0.id=o1_0.user_id where t1_0.user_id=?
2025-02-20T11:03:25.833+02:00 DEBUG 8868 --- [shop] [           main] org.hibernate.SQL                        : select p1_0.wish_list_id,p1_1.id,c1_0.id,c1_0.name,p1_1.created_at,p1_1.description,p1_1.discount,p1_1.name,p1_1.price,p1_1.rating,p1_1.sales,p1_1.stock from wish_list_products p1_0 join product p1_1 on p1_1.id=p1_0.products_id left join category c1_0 on c1_0.id=p1_1.category_id where p1_0.wish_list_id=?
Hibernate: select p1_0.wish_list_id,p1_1.id,c1_0.id,c1_0.name,p1_1.created_at,p1_1.description,p1_1.discount,p1_1.name,p1_1.price,p1_1.rating,p1_1.sales,p1_1.stock from wish_list_products p1_0 join product p1_1 on p1_1.id=p1_0.products_id left join category c1_0 on c1_0.id=p1_1.category_id where p1_0.wish_list_id=?
2025-02-20T11:03:25.834+02:00 DEBUG 8868 --- [shop] [           main] o.s.w.s.m.m.a.HttpEntityMethodProcessor  : Using 'text/plain', given [*/*] and supported [text/plain, */*, application/json, application/*+json]
2025-02-20T11:03:25.834+02:00 DEBUG 8868 --- [shop] [           main] o.s.w.s.m.m.a.HttpEntityMethodProcessor  : Writing ["Found"]
2025-02-20T11:03:25.834+02:00 DEBUG 8868 --- [shop] [           main] o.j.s.OpenEntityManagerInViewInterceptor : Closing JPA EntityManager in OpenEntityManagerInViewInterceptor
2025-02-20T11:03:25.835+02:00 DEBUG 8868 --- [shop] [           main] o.s.t.web.servlet.TestDispatcherServlet  : Completed 200 OK
2025-02-20T11:03:25.836+02:00 DEBUG 8868 --- [shop] [           main] o.s.test.util.ReflectionTestUtils        : Invoking method 'getFilters' on target object [FilterChainProxy[Filter Chains: null]] or target class [null] with arguments {org.springframework.mock.web.MockHttpServletRequest@40151124}
2025-02-20T11:03:25.836+02:00 DEBUG 8868 --- [shop] [           main] o.s.test.util.ReflectionTestUtils        : Invoking method 'getFilters' on target object [FilterChainProxy[Filter Chains: null]] or target class [null] with arguments {org.springframework.mock.web.MockHttpServletRequest@40151124}
2025-02-20T11:03:25.836+02:00 DEBUG 8868 --- [shop] [           main] o.s.test.util.ReflectionTestUtils        : Getting field 'securityContextRepository' from target object [org.springframework.security.web.context.SecurityContextHolderFilter@5dd7f921] or target class [class org.springframework.security.web.context.SecurityContextHolderFilter]
2025-02-20T11:03:25.836+02:00 DEBUG 8868 --- [shop] [           main] w.c.HttpSessionSecurityContextRepository : Created HttpSession as SecurityContext is non-default
2025-02-20T11:03:25.836+02:00 DEBUG 8868 --- [shop] [           main] w.c.HttpSessionSecurityContextRepository : Stored SecurityContextImpl [Authentication=UsernamePasswordAuthenticationToken [Principal=org.springframework.security.core.userdetails.User [Username=user, Password=[PROTECTED], Enabled=true, AccountNonExpired=true, CredentialsNonExpired=true, AccountNonLocked=true, Granted Authorities=[ROLE_USER]], Credentials=[PROTECTED], Authenticated=true, Details=null, Granted Authorities=[ROLE_USER]]] to HttpSession [org.springframework.mock.web.MockHttpSession@648db06c]
2025-02-20T11:03:25.836+02:00 DEBUG 8868 --- [shop] [           main] o.s.security.web.FilterChainProxy        : Securing DELETE /user/wishList/delete/17
2025-02-20T11:03:25.837+02:00 DEBUG 8868 --- [shop] [           main] w.c.HttpSessionSecurityContextRepository : Retrieved SecurityContextImpl [Authentication=UsernamePasswordAuthenticationToken [Principal=org.springframework.security.core.userdetails.User [Username=user, Password=[PROTECTED], Enabled=true, AccountNonExpired=true, CredentialsNonExpired=true, AccountNonLocked=true, Granted Authorities=[ROLE_USER]], Credentials=[PROTECTED], Authenticated=true, Details=null, Granted Authorities=[ROLE_USER]]]
2025-02-20T11:03:25.837+02:00 DEBUG 8868 --- [shop] [           main] o.s.security.web.FilterChainProxy        : Secured DELETE /user/wishList/delete/17
2025-02-20T11:03:25.837+02:00 DEBUG 8868 --- [shop] [           main] o.s.t.web.servlet.TestDispatcherServlet  : DELETE "/user/wishList/delete/17", parameters={}
2025-02-20T11:03:25.838+02:00 DEBUG 8868 --- [shop] [           main] s.w.s.m.m.a.RequestMappingHandlerMapping : Mapped to com.online.shop.controllers.WishListController#deleteFromWishList(Long, Principal)
2025-02-20T11:03:25.838+02:00 DEBUG 8868 --- [shop] [           main] o.j.s.OpenEntityManagerInViewInterceptor : Opening JPA EntityManager in OpenEntityManagerInViewInterceptor
2025-02-20T11:03:25.849+02:00 DEBUG 8868 --- [shop] [           main] org.hibernate.SQL                        : select u1_0.id,u1_0.code_expiration,u1_0.email,u1_0.fcm_token,u1_0.password,u1_0.role,u1_0.username,u1_0.verification_code,u1_0.verified from users u1_0 where u1_0.username=?
Hibernate: select u1_0.id,u1_0.code_expiration,u1_0.email,u1_0.fcm_token,u1_0.password,u1_0.role,u1_0.username,u1_0.verification_code,u1_0.verified from users u1_0 where u1_0.username=?
2025-02-20T11:03:25.850+02:00 DEBUG 8868 --- [shop] [           main] org.hibernate.SQL                        : select sc1_0.id,u1_0.id,u1_0.code_expiration,u1_0.email,u1_0.fcm_token,n1_0.id,n1_0.new_arrivals,n1_0.offers,n1_0.order_status,n1_0.via_email,n1_0.via_push,u1_0.password,u1_0.role,s1_0.id,s1_0.address_line1,s1_0.address_line2,s1_0.country,s1_0.first_name,s1_0.last_name,s1_0.phone_number,s1_0.postal_code,s1_0.province,s1_0.town,t1_0.id,t1_0.amount,t1_0.currency,t1_0.payment_method,t1_0.status,t1_0.transaction_date,t1_0.transaction_id,u1_0.username,u1_0.verification_code,u1_0.verified,wl1_0.id,o1_0.user_id,o1_0.id,o1_0.created_at,o1_0.status,o1_0.total from shopping_cart sc1_0 left join users u1_0 on u1_0.id=sc1_0.user_id left join notifications n1_0 on u1_0.id=n1_0.user_id left join shipment s1_0 on u1_0.id=s1_0.user_id left join transaction t1_0 on u1_0.id=t1_0.user_id left join wish_list wl1_0 on u1_0.id=wl1_0.user_id left join orders o1_0 on u1_0.id=o1_0.user_id where sc1_0.user_id=?
Hibernate: select sc1_0.id,u1_0.id,u1_0.code_expiration,u1_0.email,u1_0.fcm_token,n1_0.id,n1_0.new_arrivals,n1_0.offers,n1_0.order_status,n1_0.via_email,n1_0.via_push,u1_0.password,u1_0.role,s1_0.id,s1_0.address_line1,s1_0.address_line2,s1_0.country,s1_0.first_name,s1_0.last_name,s1_0.phone_number,s1_0.postal_code,s1_0.province,s1_0.town,t1_0.id,t1_0.amount,t1_0.currency,t1_0.payment_method,t1_0.status,t1_0.transaction_date,t1_0.transaction_id,u1_0.username,u1_0.verification_code,u1_0.verified,wl1_0.id,o1_0.user_id,o1_0.id,o1_0.created_at,o1_0.status,o1_0.total from shopping_cart sc1_0 left join users u1_0 on u1_0.id=sc1_0.user_id left join notifications n1_0 on u1_0.id=n1_0.user_id left join shipment s1_0 on u1_0.id=s1_0.user_id left join transaction t1_0 on u1_0.id=t1_0.user_id left join wish_list wl1_0 on u1_0.id=wl1_0.user_id left join orders o1_0 on u1_0.id=o1_0.user_id where sc1_0.user_id=?
2025-02-20T11:03:25.850+02:00 DEBUG 8868 --- [shop] [           main] org.hibernate.SQL                        : select n1_0.id,n1_0.new_arrivals,n1_0.offers,n1_0.order_status,u1_0.id,c1_0.id,u1_0.code_expiration,u1_0.email,u1_0.fcm_token,u1_0.password,u1_0.role,s1_0.id,s1_0.address_line1,s1_0.address_line2,s1_0.country,s1_0.first_name,s1_0.last_name,s1_0.phone_number,s1_0.postal_code,s1_0.province,s1_0.town,t1_0.id,t1_0.amount,t1_0.currency,t1_0.payment_method,t1_0.status,t1_0.transaction_date,t1_0.transaction_id,u1_0.username,u1_0.verification_code,u1_0.verified,wl1_0.id,o1_0.user_id,o1_0.id,o1_0.created_at,o1_0.status,o1_0.total,n1_0.via_email,n1_0.via_push from notifications n1_0 left join users u1_0 on u1_0.id=n1_0.user_id left join shopping_cart c1_0 on u1_0.id=c1_0.user_id left join shipment s1_0 on u1_0.id=s1_0.user_id left join transaction t1_0 on u1_0.id=t1_0.user_id left join wish_list wl1_0 on u1_0.id=wl1_0.user_id left join orders o1_0 on u1_0.id=o1_0.user_id where n1_0.user_id=?
Hibernate: select n1_0.id,n1_0.new_arrivals,n1_0.offers,n1_0.order_status,u1_0.id,c1_0.id,u1_0.code_expiration,u1_0.email,u1_0.fcm_token,u1_0.password,u1_0.role,s1_0.id,s1_0.address_line1,s1_0.address_line2,s1_0.country,s1_0.first_name,s1_0.last_name,s1_0.phone_number,s1_0.postal_code,s1_0.province,s1_0.town,t1_0.id,t1_0.amount,t1_0.currency,t1_0.payment_method,t1_0.status,t1_0.transaction_date,t1_0.transaction_id,u1_0.username,u1_0.verification_code,u1_0.verified,wl1_0.id,o1_0.user_id,o1_0.id,o1_0.created_at,o1_0.status,o1_0.total,n1_0.via_email,n1_0.via_push from notifications n1_0 left join users u1_0 on u1_0.id=n1_0.user_id left join shopping_cart c1_0 on u1_0.id=c1_0.user_id left join shipment s1_0 on u1_0.id=s1_0.user_id left join transaction t1_0 on u1_0.id=t1_0.user_id left join wish_list wl1_0 on u1_0.id=wl1_0.user_id left join orders o1_0 on u1_0.id=o1_0.user_id where n1_0.user_id=?
2025-02-20T11:03:25.851+02:00 DEBUG 8868 --- [shop] [           main] org.hibernate.SQL                        : select s1_0.id,s1_0.address_line1,s1_0.address_line2,s1_0.country,s1_0.first_name,s1_0.last_name,s1_0.phone_number,s1_0.postal_code,s1_0.province,s1_0.town,u1_0.id,c1_0.id,u1_0.code_expiration,u1_0.email,u1_0.fcm_token,n1_0.id,n1_0.new_arrivals,n1_0.offers,n1_0.order_status,n1_0.via_email,n1_0.via_push,u1_0.password,u1_0.role,t1_0.id,t1_0.amount,t1_0.currency,t1_0.payment_method,t1_0.status,t1_0.transaction_date,t1_0.transaction_id,u1_0.username,u1_0.verification_code,u1_0.verified,wl1_0.id,o1_0.user_id,o1_0.id,o1_0.created_at,o1_0.status,o1_0.total from shipment s1_0 left join users u1_0 on u1_0.id=s1_0.user_id left join shopping_cart c1_0 on u1_0.id=c1_0.user_id left join notifications n1_0 on u1_0.id=n1_0.user_id left join transaction t1_0 on u1_0.id=t1_0.user_id left join wish_list wl1_0 on u1_0.id=wl1_0.user_id left join orders o1_0 on u1_0.id=o1_0.user_id where s1_0.user_id=?
Hibernate: select s1_0.id,s1_0.address_line1,s1_0.address_line2,s1_0.country,s1_0.first_name,s1_0.last_name,s1_0.phone_number,s1_0.postal_code,s1_0.province,s1_0.town,u1_0.id,c1_0.id,u1_0.code_expiration,u1_0.email,u1_0.fcm_token,n1_0.id,n1_0.new_arrivals,n1_0.offers,n1_0.order_status,n1_0.via_email,n1_0.via_push,u1_0.password,u1_0.role,t1_0.id,t1_0.amount,t1_0.currency,t1_0.payment_method,t1_0.status,t1_0.transaction_date,t1_0.transaction_id,u1_0.username,u1_0.verification_code,u1_0.verified,wl1_0.id,o1_0.user_id,o1_0.id,o1_0.created_at,o1_0.status,o1_0.total from shipment s1_0 left join users u1_0 on u1_0.id=s1_0.user_id left join shopping_cart c1_0 on u1_0.id=c1_0.user_id left join notifications n1_0 on u1_0.id=n1_0.user_id left join transaction t1_0 on u1_0.id=t1_0.user_id left join wish_list wl1_0 on u1_0.id=wl1_0.user_id left join orders o1_0 on u1_0.id=o1_0.user_id where s1_0.user_id=?
2025-02-20T11:03:25.851+02:00 DEBUG 8868 --- [shop] [           main] org.hibernate.SQL                        : select t1_0.id,t1_0.amount,t1_0.currency,t1_0.payment_method,t1_0.status,t1_0.transaction_date,t1_0.transaction_id,u1_0.id,c1_0.id,u1_0.code_expiration,u1_0.email,u1_0.fcm_token,n1_0.id,n1_0.new_arrivals,n1_0.offers,n1_0.order_status,n1_0.via_email,n1_0.via_push,u1_0.password,u1_0.role,s1_0.id,s1_0.address_line1,s1_0.address_line2,s1_0.country,s1_0.first_name,s1_0.last_name,s1_0.phone_number,s1_0.postal_code,s1_0.province,s1_0.town,u1_0.username,u1_0.verification_code,u1_0.verified,wl1_0.id,o1_0.user_id,o1_0.id,o1_0.created_at,o1_0.status,o1_0.total from transaction t1_0 left join users u1_0 on u1_0.id=t1_0.user_id left join shopping_cart c1_0 on u1_0.id=c1_0.user_id left join notifications n1_0 on u1_0.id=n1_0.user_id left join shipment s1_0 on u1_0.id=s1_0.user_id left join wish_list wl1_0 on u1_0.id=wl1_0.user_id left join orders o1_0 on u1_0.id=o1_0.user_id where t1_0.user_id=?
Hibernate: select t1_0.id,t1_0.amount,t1_0.currency,t1_0.payment_method,t1_0.status,t1_0.transaction_date,t1_0.transaction_id,u1_0.id,c1_0.id,u1_0.code_expiration,u1_0.email,u1_0.fcm_token,n1_0.id,n1_0.new_arrivals,n1_0.offers,n1_0.order_status,n1_0.via_email,n1_0.via_push,u1_0.password,u1_0.role,s1_0.id,s1_0.address_line1,s1_0.address_line2,s1_0.country,s1_0.first_name,s1_0.last_name,s1_0.phone_number,s1_0.postal_code,s1_0.province,s1_0.town,u1_0.username,u1_0.verification_code,u1_0.verified,wl1_0.id,o1_0.user_id,o1_0.id,o1_0.created_at,o1_0.status,o1_0.total from transaction t1_0 left join users u1_0 on u1_0.id=t1_0.user_id left join shopping_cart c1_0 on u1_0.id=c1_0.user_id left join notifications n1_0 on u1_0.id=n1_0.user_id left join shipment s1_0 on u1_0.id=s1_0.user_id left join wish_list wl1_0 on u1_0.id=wl1_0.user_id left join orders o1_0 on u1_0.id=o1_0.user_id where t1_0.user_id=?
2025-02-20T11:03:25.852+02:00 DEBUG 8868 --- [shop] [           main] o.s.orm.jpa.JpaTransactionManager        : Found thread-bound EntityManager [SessionImpl(1897464388<open>)] for JPA transaction
2025-02-20T11:03:25.852+02:00 DEBUG 8868 --- [shop] [           main] o.s.orm.jpa.JpaTransactionManager        : Creating new transaction with name [org.springframework.data.jpa.repository.support.SimpleJpaRepository.findById]: PROPAGATION_REQUIRED,ISOLATION_DEFAULT,readOnly
2025-02-20T11:03:25.852+02:00 DEBUG 8868 --- [shop] [           main] o.s.jdbc.datasource.DataSourceUtils      : Setting JDBC Connection [HikariProxyConnection@439304422 wrapping conn11: url=jdbc:h2:mem:testdb user=SA] read-only
2025-02-20T11:03:25.852+02:00 DEBUG 8868 --- [shop] [           main] o.s.orm.jpa.JpaTransactionManager        : Exposing JPA transaction as JDBC [org.springframework.orm.jpa.vendor.HibernateJpaDialect$HibernateConnectionHandle@57f7590f]
2025-02-20T11:03:25.852+02:00 DEBUG 8868 --- [shop] [           main] org.hibernate.SQL                        : select p1_0.id,c1_0.id,c1_0.name,p1_0.created_at,p1_0.description,p1_0.discount,p1_0.name,p1_0.price,p1_0.rating,p1_0.sales,p1_0.stock from product p1_0 left join category c1_0 on c1_0.id=p1_0.category_id where p1_0.id=?
Hibernate: select p1_0.id,c1_0.id,c1_0.name,p1_0.created_at,p1_0.description,p1_0.discount,p1_0.name,p1_0.price,p1_0.rating,p1_0.sales,p1_0.stock from product p1_0 left join category c1_0 on c1_0.id=p1_0.category_id where p1_0.id=?
2025-02-20T11:03:25.853+02:00 DEBUG 8868 --- [shop] [           main] o.s.orm.jpa.JpaTransactionManager        : Initiating transaction commit
2025-02-20T11:03:25.853+02:00 DEBUG 8868 --- [shop] [           main] o.s.orm.jpa.JpaTransactionManager        : Committing JPA transaction on EntityManager [SessionImpl(1897464388<open>)]
2025-02-20T11:03:25.853+02:00 DEBUG 8868 --- [shop] [           main] o.s.jdbc.datasource.DataSourceUtils      : Resetting read-only flag of JDBC Connection [HikariProxyConnection@439304422 wrapping conn11: url=jdbc:h2:mem:testdb user=SA]
2025-02-20T11:03:25.853+02:00 DEBUG 8868 --- [shop] [           main] o.s.orm.jpa.JpaTransactionManager        : Not closing pre-bound JPA EntityManager after transaction
2025-02-20T11:03:25.853+02:00 DEBUG 8868 --- [shop] [           main] org.hibernate.SQL                        : select p1_0.wish_list_id,p1_1.id,c1_0.id,c1_0.name,p1_1.created_at,p1_1.description,p1_1.discount,p1_1.name,p1_1.price,p1_1.rating,p1_1.sales,p1_1.stock from wish_list_products p1_0 join product p1_1 on p1_1.id=p1_0.products_id left join category c1_0 on c1_0.id=p1_1.category_id where p1_0.wish_list_id=?
Hibernate: select p1_0.wish_list_id,p1_1.id,c1_0.id,c1_0.name,p1_1.created_at,p1_1.description,p1_1.discount,p1_1.name,p1_1.price,p1_1.rating,p1_1.sales,p1_1.stock from wish_list_products p1_0 join product p1_1 on p1_1.id=p1_0.products_id left join category c1_0 on c1_0.id=p1_1.category_id where p1_0.wish_list_id=?
2025-02-20T11:03:25.855+02:00 DEBUG 8868 --- [shop] [           main] org.hibernate.SQL                        : select u1_0.id,u1_0.code_expiration,u1_0.email,u1_0.fcm_token,u1_0.password,u1_0.role,u1_0.username,u1_0.verification_code,u1_0.verified from users u1_0 where u1_0.username=?
Hibernate: select u1_0.id,u1_0.code_expiration,u1_0.email,u1_0.fcm_token,u1_0.password,u1_0.role,u1_0.username,u1_0.verification_code,u1_0.verified from users u1_0 where u1_0.username=?
2025-02-20T11:03:25.856+02:00 DEBUG 8868 --- [shop] [           main] o.s.orm.jpa.JpaTransactionManager        : Found thread-bound EntityManager [SessionImpl(1897464388<open>)] for JPA transaction
2025-02-20T11:03:25.856+02:00 DEBUG 8868 --- [shop] [           main] o.s.orm.jpa.JpaTransactionManager        : Creating new transaction with name [org.springframework.data.jpa.repository.support.SimpleJpaRepository.save]: PROPAGATION_REQUIRED,ISOLATION_DEFAULT
2025-02-20T11:03:25.856+02:00 DEBUG 8868 --- [shop] [           main] o.s.orm.jpa.JpaTransactionManager        : Exposing JPA transaction as JDBC [org.springframework.orm.jpa.vendor.HibernateJpaDialect$HibernateConnectionHandle@a841a6]
2025-02-20T11:03:25.856+02:00 DEBUG 8868 --- [shop] [           main] o.s.orm.jpa.JpaTransactionManager        : Initiating transaction commit
2025-02-20T11:03:25.856+02:00 DEBUG 8868 --- [shop] [           main] o.s.orm.jpa.JpaTransactionManager        : Committing JPA transaction on EntityManager [SessionImpl(1897464388<open>)]
2025-02-20T11:03:25.857+02:00 DEBUG 8868 --- [shop] [           main] org.hibernate.SQL                        : delete from wish_list_products where wish_list_id=?
Hibernate: delete from wish_list_products where wish_list_id=?
2025-02-20T11:03:25.857+02:00 DEBUG 8868 --- [shop] [           main] o.s.orm.jpa.JpaTransactionManager        : Not closing pre-bound JPA EntityManager after transaction
2025-02-20T11:03:25.857+02:00 DEBUG 8868 --- [shop] [           main] o.s.w.s.m.m.a.HttpEntityMethodProcessor  : Using 'text/plain', given [*/*] and supported [text/plain, */*, application/json, application/*+json]
2025-02-20T11:03:25.858+02:00 DEBUG 8868 --- [shop] [           main] o.s.w.s.m.m.a.HttpEntityMethodProcessor  : Writing ["Product successfully removed!"]
2025-02-20T11:03:25.858+02:00 DEBUG 8868 --- [shop] [           main] o.j.s.OpenEntityManagerInViewInterceptor : Closing JPA EntityManager in OpenEntityManagerInViewInterceptor
2025-02-20T11:03:25.858+02:00 DEBUG 8868 --- [shop] [           main] o.s.t.web.servlet.TestDispatcherServlet  : Completed 200 OK
2025-02-20T11:03:25.858+02:00 DEBUG 8868 --- [shop] [           main] o.s.test.util.ReflectionTestUtils        : Invoking method 'getFilters' on target object [FilterChainProxy[Filter Chains: null]] or target class [null] with arguments {org.springframework.mock.web.MockHttpServletRequest@58d9d844}
2025-02-20T11:03:25.858+02:00 DEBUG 8868 --- [shop] [           main] o.s.test.util.ReflectionTestUtils        : Invoking method 'getFilters' on target object [FilterChainProxy[Filter Chains: null]] or target class [null] with arguments {org.springframework.mock.web.MockHttpServletRequest@58d9d844}
2025-02-20T11:03:25.858+02:00 DEBUG 8868 --- [shop] [           main] o.s.test.util.ReflectionTestUtils        : Getting field 'securityContextRepository' from target object [org.springframework.security.web.context.SecurityContextHolderFilter@5dd7f921] or target class [class org.springframework.security.web.context.SecurityContextHolderFilter]
2025-02-20T11:03:25.858+02:00 DEBUG 8868 --- [shop] [           main] w.c.HttpSessionSecurityContextRepository : Created HttpSession as SecurityContext is non-default
2025-02-20T11:03:25.858+02:00 DEBUG 8868 --- [shop] [           main] w.c.HttpSessionSecurityContextRepository : Stored SecurityContextImpl [Authentication=UsernamePasswordAuthenticationToken [Principal=org.springframework.security.core.userdetails.User [Username=user, Password=[PROTECTED], Enabled=true, AccountNonExpired=true, CredentialsNonExpired=true, AccountNonLocked=true, Granted Authorities=[ROLE_USER]], Credentials=[PROTECTED], Authenticated=true, Details=null, Granted Authorities=[ROLE_USER]]] to HttpSession [org.springframework.mock.web.MockHttpSession@2c6e8eed]
2025-02-20T11:03:25.860+02:00 DEBUG 8868 --- [shop] [           main] o.s.security.web.FilterChainProxy        : Securing GET /user/wishList/getProducts
2025-02-20T11:03:25.860+02:00 DEBUG 8868 --- [shop] [           main] w.c.HttpSessionSecurityContextRepository : Retrieved SecurityContextImpl [Authentication=UsernamePasswordAuthenticationToken [Principal=org.springframework.security.core.userdetails.User [Username=user, Password=[PROTECTED], Enabled=true, AccountNonExpired=true, CredentialsNonExpired=true, AccountNonLocked=true, Granted Authorities=[ROLE_USER]], Credentials=[PROTECTED], Authenticated=true, Details=null, Granted Authorities=[ROLE_USER]]]
2025-02-20T11:03:25.860+02:00 DEBUG 8868 --- [shop] [           main] o.s.security.web.FilterChainProxy        : Secured GET /user/wishList/getProducts
2025-02-20T11:03:25.860+02:00 DEBUG 8868 --- [shop] [           main] o.s.t.web.servlet.TestDispatcherServlet  : GET "/user/wishList/getProducts", parameters={}
2025-02-20T11:03:25.861+02:00 DEBUG 8868 --- [shop] [           main] s.w.s.m.m.a.RequestMappingHandlerMapping : Mapped to com.online.shop.controllers.WishListController#getWishListProducts(Principal)
2025-02-20T11:03:25.861+02:00 DEBUG 8868 --- [shop] [           main] o.j.s.OpenEntityManagerInViewInterceptor : Opening JPA EntityManager in OpenEntityManagerInViewInterceptor
2025-02-20T11:03:25.863+02:00 DEBUG 8868 --- [shop] [           main] org.hibernate.SQL                        : select u1_0.id,u1_0.code_expiration,u1_0.email,u1_0.fcm_token,u1_0.password,u1_0.role,u1_0.username,u1_0.verification_code,u1_0.verified from users u1_0 where u1_0.username=?
Hibernate: select u1_0.id,u1_0.code_expiration,u1_0.email,u1_0.fcm_token,u1_0.password,u1_0.role,u1_0.username,u1_0.verification_code,u1_0.verified from users u1_0 where u1_0.username=?
2025-02-20T11:03:25.863+02:00 DEBUG 8868 --- [shop] [           main] org.hibernate.SQL                        : select sc1_0.id,u1_0.id,u1_0.code_expiration,u1_0.email,u1_0.fcm_token,n1_0.id,n1_0.new_arrivals,n1_0.offers,n1_0.order_status,n1_0.via_email,n1_0.via_push,u1_0.password,u1_0.role,s1_0.id,s1_0.address_line1,s1_0.address_line2,s1_0.country,s1_0.first_name,s1_0.last_name,s1_0.phone_number,s1_0.postal_code,s1_0.province,s1_0.town,t1_0.id,t1_0.amount,t1_0.currency,t1_0.payment_method,t1_0.status,t1_0.transaction_date,t1_0.transaction_id,u1_0.username,u1_0.verification_code,u1_0.verified,wl1_0.id,o1_0.user_id,o1_0.id,o1_0.created_at,o1_0.status,o1_0.total from shopping_cart sc1_0 left join users u1_0 on u1_0.id=sc1_0.user_id left join notifications n1_0 on u1_0.id=n1_0.user_id left join shipment s1_0 on u1_0.id=s1_0.user_id left join transaction t1_0 on u1_0.id=t1_0.user_id left join wish_list wl1_0 on u1_0.id=wl1_0.user_id left join orders o1_0 on u1_0.id=o1_0.user_id where sc1_0.user_id=?
Hibernate: select sc1_0.id,u1_0.id,u1_0.code_expiration,u1_0.email,u1_0.fcm_token,n1_0.id,n1_0.new_arrivals,n1_0.offers,n1_0.order_status,n1_0.via_email,n1_0.via_push,u1_0.password,u1_0.role,s1_0.id,s1_0.address_line1,s1_0.address_line2,s1_0.country,s1_0.first_name,s1_0.last_name,s1_0.phone_number,s1_0.postal_code,s1_0.province,s1_0.town,t1_0.id,t1_0.amount,t1_0.currency,t1_0.payment_method,t1_0.status,t1_0.transaction_date,t1_0.transaction_id,u1_0.username,u1_0.verification_code,u1_0.verified,wl1_0.id,o1_0.user_id,o1_0.id,o1_0.created_at,o1_0.status,o1_0.total from shopping_cart sc1_0 left join users u1_0 on u1_0.id=sc1_0.user_id left join notifications n1_0 on u1_0.id=n1_0.user_id left join shipment s1_0 on u1_0.id=s1_0.user_id left join transaction t1_0 on u1_0.id=t1_0.user_id left join wish_list wl1_0 on u1_0.id=wl1_0.user_id left join orders o1_0 on u1_0.id=o1_0.user_id where sc1_0.user_id=?
2025-02-20T11:03:25.864+02:00 DEBUG 8868 --- [shop] [           main] org.hibernate.SQL                        : select n1_0.id,n1_0.new_arrivals,n1_0.offers,n1_0.order_status,u1_0.id,c1_0.id,u1_0.code_expiration,u1_0.email,u1_0.fcm_token,u1_0.password,u1_0.role,s1_0.id,s1_0.address_line1,s1_0.address_line2,s1_0.country,s1_0.first_name,s1_0.last_name,s1_0.phone_number,s1_0.postal_code,s1_0.province,s1_0.town,t1_0.id,t1_0.amount,t1_0.currency,t1_0.payment_method,t1_0.status,t1_0.transaction_date,t1_0.transaction_id,u1_0.username,u1_0.verification_code,u1_0.verified,wl1_0.id,o1_0.user_id,o1_0.id,o1_0.created_at,o1_0.status,o1_0.total,n1_0.via_email,n1_0.via_push from notifications n1_0 left join users u1_0 on u1_0.id=n1_0.user_id left join shopping_cart c1_0 on u1_0.id=c1_0.user_id left join shipment s1_0 on u1_0.id=s1_0.user_id left join transaction t1_0 on u1_0.id=t1_0.user_id left join wish_list wl1_0 on u1_0.id=wl1_0.user_id left join orders o1_0 on u1_0.id=o1_0.user_id where n1_0.user_id=?
Hibernate: select n1_0.id,n1_0.new_arrivals,n1_0.offers,n1_0.order_status,u1_0.id,c1_0.id,u1_0.code_expiration,u1_0.email,u1_0.fcm_token,u1_0.password,u1_0.role,s1_0.id,s1_0.address_line1,s1_0.address_line2,s1_0.country,s1_0.first_name,s1_0.last_name,s1_0.phone_number,s1_0.postal_code,s1_0.province,s1_0.town,t1_0.id,t1_0.amount,t1_0.currency,t1_0.payment_method,t1_0.status,t1_0.transaction_date,t1_0.transaction_id,u1_0.username,u1_0.verification_code,u1_0.verified,wl1_0.id,o1_0.user_id,o1_0.id,o1_0.created_at,o1_0.status,o1_0.total,n1_0.via_email,n1_0.via_push from notifications n1_0 left join users u1_0 on u1_0.id=n1_0.user_id left join shopping_cart c1_0 on u1_0.id=c1_0.user_id left join shipment s1_0 on u1_0.id=s1_0.user_id left join transaction t1_0 on u1_0.id=t1_0.user_id left join wish_list wl1_0 on u1_0.id=wl1_0.user_id left join orders o1_0 on u1_0.id=o1_0.user_id where n1_0.user_id=?
2025-02-20T11:03:25.864+02:00 DEBUG 8868 --- [shop] [           main] org.hibernate.SQL                        : select s1_0.id,s1_0.address_line1,s1_0.address_line2,s1_0.country,s1_0.first_name,s1_0.last_name,s1_0.phone_number,s1_0.postal_code,s1_0.province,s1_0.town,u1_0.id,c1_0.id,u1_0.code_expiration,u1_0.email,u1_0.fcm_token,n1_0.id,n1_0.new_arrivals,n1_0.offers,n1_0.order_status,n1_0.via_email,n1_0.via_push,u1_0.password,u1_0.role,t1_0.id,t1_0.amount,t1_0.currency,t1_0.payment_method,t1_0.status,t1_0.transaction_date,t1_0.transaction_id,u1_0.username,u1_0.verification_code,u1_0.verified,wl1_0.id,o1_0.user_id,o1_0.id,o1_0.created_at,o1_0.status,o1_0.total from shipment s1_0 left join users u1_0 on u1_0.id=s1_0.user_id left join shopping_cart c1_0 on u1_0.id=c1_0.user_id left join notifications n1_0 on u1_0.id=n1_0.user_id left join transaction t1_0 on u1_0.id=t1_0.user_id left join wish_list wl1_0 on u1_0.id=wl1_0.user_id left join orders o1_0 on u1_0.id=o1_0.user_id where s1_0.user_id=?
Hibernate: select s1_0.id,s1_0.address_line1,s1_0.address_line2,s1_0.country,s1_0.first_name,s1_0.last_name,s1_0.phone_number,s1_0.postal_code,s1_0.province,s1_0.town,u1_0.id,c1_0.id,u1_0.code_expiration,u1_0.email,u1_0.fcm_token,n1_0.id,n1_0.new_arrivals,n1_0.offers,n1_0.order_status,n1_0.via_email,n1_0.via_push,u1_0.password,u1_0.role,t1_0.id,t1_0.amount,t1_0.currency,t1_0.payment_method,t1_0.status,t1_0.transaction_date,t1_0.transaction_id,u1_0.username,u1_0.verification_code,u1_0.verified,wl1_0.id,o1_0.user_id,o1_0.id,o1_0.created_at,o1_0.status,o1_0.total from shipment s1_0 left join users u1_0 on u1_0.id=s1_0.user_id left join shopping_cart c1_0 on u1_0.id=c1_0.user_id left join notifications n1_0 on u1_0.id=n1_0.user_id left join transaction t1_0 on u1_0.id=t1_0.user_id left join wish_list wl1_0 on u1_0.id=wl1_0.user_id left join orders o1_0 on u1_0.id=o1_0.user_id where s1_0.user_id=?
2025-02-20T11:03:25.865+02:00 DEBUG 8868 --- [shop] [           main] org.hibernate.SQL                        : select t1_0.id,t1_0.amount,t1_0.currency,t1_0.payment_method,t1_0.status,t1_0.transaction_date,t1_0.transaction_id,u1_0.id,c1_0.id,u1_0.code_expiration,u1_0.email,u1_0.fcm_token,n1_0.id,n1_0.new_arrivals,n1_0.offers,n1_0.order_status,n1_0.via_email,n1_0.via_push,u1_0.password,u1_0.role,s1_0.id,s1_0.address_line1,s1_0.address_line2,s1_0.country,s1_0.first_name,s1_0.last_name,s1_0.phone_number,s1_0.postal_code,s1_0.province,s1_0.town,u1_0.username,u1_0.verification_code,u1_0.verified,wl1_0.id,o1_0.user_id,o1_0.id,o1_0.created_at,o1_0.status,o1_0.total from transaction t1_0 left join users u1_0 on u1_0.id=t1_0.user_id left join shopping_cart c1_0 on u1_0.id=c1_0.user_id left join notifications n1_0 on u1_0.id=n1_0.user_id left join shipment s1_0 on u1_0.id=s1_0.user_id left join wish_list wl1_0 on u1_0.id=wl1_0.user_id left join orders o1_0 on u1_0.id=o1_0.user_id where t1_0.user_id=?
Hibernate: select t1_0.id,t1_0.amount,t1_0.currency,t1_0.payment_method,t1_0.status,t1_0.transaction_date,t1_0.transaction_id,u1_0.id,c1_0.id,u1_0.code_expiration,u1_0.email,u1_0.fcm_token,n1_0.id,n1_0.new_arrivals,n1_0.offers,n1_0.order_status,n1_0.via_email,n1_0.via_push,u1_0.password,u1_0.role,s1_0.id,s1_0.address_line1,s1_0.address_line2,s1_0.country,s1_0.first_name,s1_0.last_name,s1_0.phone_number,s1_0.postal_code,s1_0.province,s1_0.town,u1_0.username,u1_0.verification_code,u1_0.verified,wl1_0.id,o1_0.user_id,o1_0.id,o1_0.created_at,o1_0.status,o1_0.total from transaction t1_0 left join users u1_0 on u1_0.id=t1_0.user_id left join shopping_cart c1_0 on u1_0.id=c1_0.user_id left join notifications n1_0 on u1_0.id=n1_0.user_id left join shipment s1_0 on u1_0.id=s1_0.user_id left join wish_list wl1_0 on u1_0.id=wl1_0.user_id left join orders o1_0 on u1_0.id=o1_0.user_id where t1_0.user_id=?
2025-02-20T11:03:25.865+02:00 DEBUG 8868 --- [shop] [           main] org.hibernate.SQL                        : select p1_0.wish_list_id,p1_1.id,c1_0.id,c1_0.name,p1_1.created_at,p1_1.description,p1_1.discount,p1_1.name,p1_1.price,p1_1.rating,p1_1.sales,p1_1.stock from wish_list_products p1_0 join product p1_1 on p1_1.id=p1_0.products_id left join category c1_0 on c1_0.id=p1_1.category_id where p1_0.wish_list_id=?
Hibernate: select p1_0.wish_list_id,p1_1.id,c1_0.id,c1_0.name,p1_1.created_at,p1_1.description,p1_1.discount,p1_1.name,p1_1.price,p1_1.rating,p1_1.sales,p1_1.stock from wish_list_products p1_0 join product p1_1 on p1_1.id=p1_0.products_id left join category c1_0 on c1_0.id=p1_1.category_id where p1_0.wish_list_id=?
produse:[]
2025-02-20T11:03:25.867+02:00 DEBUG 8868 --- [shop] [           main] org.hibernate.SQL                        : select u1_0.id,u1_0.code_expiration,u1_0.email,u1_0.fcm_token,u1_0.password,u1_0.role,u1_0.username,u1_0.verification_code,u1_0.verified from users u1_0 where u1_0.username=?
Hibernate: select u1_0.id,u1_0.code_expiration,u1_0.email,u1_0.fcm_token,u1_0.password,u1_0.role,u1_0.username,u1_0.verification_code,u1_0.verified from users u1_0 where u1_0.username=?
2025-02-20T11:03:25.873+02:00 DEBUG 8868 --- [shop] [           main] o.s.w.s.m.m.a.HttpEntityMethodProcessor  : Using 'application/json', given [*/*] and supported [application/json, application/*+json]
2025-02-20T11:03:25.873+02:00 DEBUG 8868 --- [shop] [           main] o.s.w.s.m.m.a.HttpEntityMethodProcessor  : Writing [[]]
2025-02-20T11:03:25.874+02:00 DEBUG 8868 --- [shop] [           main] o.j.s.OpenEntityManagerInViewInterceptor : Closing JPA EntityManager in OpenEntityManagerInViewInterceptor
2025-02-20T11:03:25.874+02:00 DEBUG 8868 --- [shop] [           main] o.s.t.web.servlet.TestDispatcherServlet  : Completed 200 OK
2025-02-20T11:03:25.876+02:00 DEBUG 8868 --- [shop] [           main] org.springframework.test.context.cache   : Spring test ApplicationContext cache statistics: [DefaultContextCache@64d19dad size = 3, maxSize = 32, parentContextCount = 0, hitCount = 284, missCount = 3, failureCount = 0]
2025-02-20T11:03:25.876+02:00 DEBUG 8868 --- [shop] [           main] org.springframework.test.context.cache   : Spring test ApplicationContext cache statistics: [DefaultContextCache@64d19dad size = 3, maxSize = 32, parentContextCount = 0, hitCount = 285, missCount = 3, failureCount = 0]
2025-02-20T11:03:25.877+02:00 DEBUG 8868 --- [shop] [           main] org.springframework.test.context.cache   : Spring test ApplicationContext cache statistics: [DefaultContextCache@64d19dad size = 3, maxSize = 32, parentContextCount = 0, hitCount = 286, missCount = 3, failureCount = 0]
2025-02-20T11:03:25.877+02:00 DEBUG 8868 --- [shop] [           main] org.springframework.test.context.cache   : Spring test ApplicationContext cache statistics: [DefaultContextCache@64d19dad size = 3, maxSize = 32, parentContextCount = 0, hitCount = 287, missCount = 3, failureCount = 0]
2025-02-20T11:03:25.877+02:00 DEBUG 8868 --- [shop] [           main] org.springframework.test.context.cache   : Spring test ApplicationContext cache statistics: [DefaultContextCache@64d19dad size = 3, maxSize = 32, parentContextCount = 0, hitCount = 288, missCount = 3, failureCount = 0]
2025-02-20T11:03:25.877+02:00 DEBUG 8868 --- [shop] [           main] org.springframework.test.context.cache   : Spring test ApplicationContext cache statistics: [DefaultContextCache@64d19dad size = 3, maxSize = 32, parentContextCount = 0, hitCount = 289, missCount = 3, failureCount = 0]
2025-02-20T11:03:25.878+02:00 DEBUG 8868 --- [shop] [           main] org.springframework.test.context.cache   : Spring test ApplicationContext cache statistics: [DefaultContextCache@64d19dad size = 3, maxSize = 32, parentContextCount = 0, hitCount = 290, missCount = 3, failureCount = 0]
2025-02-20T11:03:25.878+02:00 DEBUG 8868 --- [shop] [           main] org.springframework.test.context.cache   : Spring test ApplicationContext cache statistics: [DefaultContextCache@64d19dad size = 3, maxSize = 32, parentContextCount = 0, hitCount = 291, missCount = 3, failureCount = 0]
2025-02-20T11:03:25.878+02:00 DEBUG 8868 --- [shop] [           main] .c.s.DirtiesContextTestExecutionListener : After test method: class [WishListControllerIntegrationTest], method [testAddingDeletingAndGettingProducts], class annotated with @DirtiesContext [false] with mode [null], method annotated with @DirtiesContext [false] with mode [null]
2025-02-20T11:03:25.878+02:00 DEBUG 8868 --- [shop] [           main] o.s.t.c.w.ServletTestExecutionListener   : Resetting RequestContextHolder for test class com.online.shop.WishListControllerIntegrationTest
]]></system-out>
  </testcase>
</testsuite>