<?xml version="1.0" encoding="UTF-8"?>
<testsuite xmlns:xsi="http://www.w3.org/2001/XMLSchema-instance" xsi:noNamespaceSchemaLocation="https://maven.apache.org/surefire/maven-surefire-plugin/xsd/surefire-test-report.xsd" version="3.0.2" name="com.online.shop.CartControllerIntegrationTest" time="8.016" tests="4" errors="0" skipped="0" failures="0">
  <properties>
    <property name="java.specification.version" value="21"/>
    <property name="sun.cpu.isalist" value="amd64"/>
    <property name="sun.jnu.encoding" value="Cp1252"/>
    <property name="java.class.path" value="C:\Users\catal\Downloads\shop\shop\target\test-classes;C:\Users\catal\Downloads\shop\shop\target\classes;C:\Users\catal\.m2\repository\org\springframework\boot\spring-boot-starter\3.4.1\spring-boot-starter-3.4.1.jar;C:\Users\catal\.m2\repository\org\springframework\boot\spring-boot\3.4.1\spring-boot-3.4.1.jar;C:\Users\catal\.m2\repository\org\springframework\spring-context\6.2.1\spring-context-6.2.1.jar;C:\Users\catal\.m2\repository\org\springframework\boot\spring-boot-autoconfigure\3.4.1\spring-boot-autoconfigure-3.4.1.jar;C:\Users\catal\.m2\repository\org\springframework\boot\spring-boot-starter-logging\3.4.1\spring-boot-starter-logging-3.4.1.jar;C:\Users\catal\.m2\repository\ch\qos\logback\logback-classic\1.5.12\logback-classic-1.5.12.jar;C:\Users\catal\.m2\repository\ch\qos\logback\logback-core\1.5.12\logback-core-1.5.12.jar;C:\Users\catal\.m2\repository\org\apache\logging\log4j\log4j-to-slf4j\2.24.3\log4j-to-slf4j-2.24.3.jar;C:\Users\catal\.m2\repository\org\apache\logging\log4j\log4j-api\2.24.3\log4j-api-2.24.3.jar;C:\Users\catal\.m2\repository\org\slf4j\jul-to-slf4j\2.0.16\jul-to-slf4j-2.0.16.jar;C:\Users\catal\.m2\repository\jakarta\annotation\jakarta.annotation-api\2.1.1\jakarta.annotation-api-2.1.1.jar;C:\Users\catal\.m2\repository\org\springframework\spring-core\6.2.1\spring-core-6.2.1.jar;C:\Users\catal\.m2\repository\org\springframework\spring-jcl\6.2.1\spring-jcl-6.2.1.jar;C:\Users\catal\.m2\repository\org\yaml\snakeyaml\2.3\snakeyaml-2.3.jar;C:\Users\catal\.m2\repository\org\springframework\boot\spring-boot-starter-websocket\3.4.1\spring-boot-starter-websocket-3.4.1.jar;C:\Users\catal\.m2\repository\org\springframework\spring-messaging\6.2.1\spring-messaging-6.2.1.jar;C:\Users\catal\.m2\repository\org\springframework\spring-beans\6.2.1\spring-beans-6.2.1.jar;C:\Users\catal\.m2\repository\org\springframework\spring-websocket\6.2.1\spring-websocket-6.2.1.jar;C:\Users\catal\.m2\repository\org\springframework\boot\spring-boot-starter-test\3.4.1\spring-boot-starter-test-3.4.1.jar;C:\Users\catal\.m2\repository\org\springframework\boot\spring-boot-test\3.4.1\spring-boot-test-3.4.1.jar;C:\Users\catal\.m2\repository\org\springframework\boot\spring-boot-test-autoconfigure\3.4.1\spring-boot-test-autoconfigure-3.4.1.jar;C:\Users\catal\.m2\repository\com\jayway\jsonpath\json-path\2.9.0\json-path-2.9.0.jar;C:\Users\catal\.m2\repository\jakarta\xml\bind\jakarta.xml.bind-api\4.0.2\jakarta.xml.bind-api-4.0.2.jar;C:\Users\catal\.m2\repository\jakarta\activation\jakarta.activation-api\2.1.3\jakarta.activation-api-2.1.3.jar;C:\Users\catal\.m2\repository\net\minidev\json-smart\2.5.1\json-smart-2.5.1.jar;C:\Users\catal\.m2\repository\net\minidev\accessors-smart\2.5.1\accessors-smart-2.5.1.jar;C:\Users\catal\.m2\repository\org\ow2\asm\asm\9.6\asm-9.6.jar;C:\Users\catal\.m2\repository\org\assertj\assertj-core\3.26.3\assertj-core-3.26.3.jar;C:\Users\catal\.m2\repository\net\bytebuddy\byte-buddy\1.15.11\byte-buddy-1.15.11.jar;C:\Users\catal\.m2\repository\org\awaitility\awaitility\4.2.2\awaitility-4.2.2.jar;C:\Users\catal\.m2\repository\org\junit\jupiter\junit-jupiter\5.11.4\junit-jupiter-5.11.4.jar;C:\Users\catal\.m2\repository\org\junit\jupiter\junit-jupiter-api\5.11.4\junit-jupiter-api-5.11.4.jar;C:\Users\catal\.m2\repository\org\opentest4j\opentest4j\1.3.0\opentest4j-1.3.0.jar;C:\Users\catal\.m2\repository\org\junit\platform\junit-platform-commons\1.11.4\junit-platform-commons-1.11.4.jar;C:\Users\catal\.m2\repository\org\apiguardian\apiguardian-api\1.1.2\apiguardian-api-1.1.2.jar;C:\Users\catal\.m2\repository\org\junit\jupiter\junit-jupiter-params\5.11.4\junit-jupiter-params-5.11.4.jar;C:\Users\catal\.m2\repository\org\junit\jupiter\junit-jupiter-engine\5.11.4\junit-jupiter-engine-5.11.4.jar;C:\Users\catal\.m2\repository\org\junit\platform\junit-platform-engine\1.11.4\junit-platform-engine-1.11.4.jar;C:\Users\catal\.m2\repository\org\mockito\mockito-core\5.14.2\mockito-core-5.14.2.jar;C:\Users\catal\.m2\repository\net\bytebuddy\byte-buddy-agent\1.15.11\byte-buddy-agent-1.15.11.jar;C:\Users\catal\.m2\repository\org\objenesis\objenesis\3.3\objenesis-3.3.jar;C:\Users\catal\.m2\repository\org\mockito\mockito-junit-jupiter\5.14.2\mockito-junit-jupiter-5.14.2.jar;C:\Users\catal\.m2\repository\org\skyscreamer\jsonassert\1.5.3\jsonassert-1.5.3.jar;C:\Users\catal\.m2\repository\com\vaadin\external\google\android-json\0.0.20131108.vaadin1\android-json-0.0.20131108.vaadin1.jar;C:\Users\catal\.m2\repository\org\springframework\spring-test\6.2.1\spring-test-6.2.1.jar;C:\Users\catal\.m2\repository\org\xmlunit\xmlunit-core\2.10.0\xmlunit-core-2.10.0.jar;C:\Users\catal\.m2\repository\org\springframework\security\spring-security-test\6.4.2\spring-security-test-6.4.2.jar;C:\Users\catal\.m2\repository\org\springframework\security\spring-security-core\6.4.2\spring-security-core-6.4.2.jar;C:\Users\catal\.m2\repository\org\springframework\security\spring-security-crypto\6.4.2\spring-security-crypto-6.4.2.jar;C:\Users\catal\.m2\repository\org\springframework\spring-expression\6.2.1\spring-expression-6.2.1.jar;C:\Users\catal\.m2\repository\io\micrometer\micrometer-observation\1.14.2\micrometer-observation-1.14.2.jar;C:\Users\catal\.m2\repository\io\micrometer\micrometer-commons\1.14.2\micrometer-commons-1.14.2.jar;C:\Users\catal\.m2\repository\org\springframework\security\spring-security-web\6.4.2\spring-security-web-6.4.2.jar;C:\Users\catal\.m2\repository\org\springframework\boot\spring-boot-starter-security\3.4.1\spring-boot-starter-security-3.4.1.jar;C:\Users\catal\.m2\repository\org\springframework\spring-aop\6.2.1\spring-aop-6.2.1.jar;C:\Users\catal\.m2\repository\org\springframework\security\spring-security-config\6.4.2\spring-security-config-6.4.2.jar;C:\Users\catal\.m2\repository\org\springframework\boot\spring-boot-starter-data-jpa\3.4.1\spring-boot-starter-data-jpa-3.4.1.jar;C:\Users\catal\.m2\repository\org\springframework\boot\spring-boot-starter-jdbc\3.4.1\spring-boot-starter-jdbc-3.4.1.jar;C:\Users\catal\.m2\repository\com\zaxxer\HikariCP\5.1.0\HikariCP-5.1.0.jar;C:\Users\catal\.m2\repository\org\springframework\spring-jdbc\6.2.1\spring-jdbc-6.2.1.jar;C:\Users\catal\.m2\repository\org\hibernate\orm\hibernate-core\6.6.4.Final\hibernate-core-6.6.4.Final.jar;C:\Users\catal\.m2\repository\jakarta\persistence\jakarta.persistence-api\3.1.0\jakarta.persistence-api-3.1.0.jar;C:\Users\catal\.m2\repository\jakarta\transaction\jakarta.transaction-api\2.0.1\jakarta.transaction-api-2.0.1.jar;C:\Users\catal\.m2\repository\org\jboss\logging\jboss-logging\3.6.1.Final\jboss-logging-3.6.1.Final.jar;C:\Users\catal\.m2\repository\org\hibernate\common\hibernate-commons-annotations\7.0.3.Final\hibernate-commons-annotations-7.0.3.Final.jar;C:\Users\catal\.m2\repository\io\smallrye\jandex\3.2.0\jandex-3.2.0.jar;C:\Users\catal\.m2\repository\com\fasterxml\classmate\1.7.0\classmate-1.7.0.jar;C:\Users\catal\.m2\repository\org\glassfish\jaxb\jaxb-runtime\4.0.5\jaxb-runtime-4.0.5.jar;C:\Users\catal\.m2\repository\org\glassfish\jaxb\jaxb-core\4.0.5\jaxb-core-4.0.5.jar;C:\Users\catal\.m2\repository\org\glassfish\jaxb\txw2\4.0.5\txw2-4.0.5.jar;C:\Users\catal\.m2\repository\com\sun\istack\istack-commons-runtime\4.1.2\istack-commons-runtime-4.1.2.jar;C:\Users\catal\.m2\repository\jakarta\inject\jakarta.inject-api\2.0.1\jakarta.inject-api-2.0.1.jar;C:\Users\catal\.m2\repository\org\antlr\antlr4-runtime\4.13.0\antlr4-runtime-4.13.0.jar;C:\Users\catal\.m2\repository\org\springframework\data\spring-data-jpa\3.4.1\spring-data-jpa-3.4.1.jar;C:\Users\catal\.m2\repository\org\springframework\data\spring-data-commons\3.4.1\spring-data-commons-3.4.1.jar;C:\Users\catal\.m2\repository\org\springframework\spring-orm\6.2.1\spring-orm-6.2.1.jar;C:\Users\catal\.m2\repository\org\springframework\spring-tx\6.2.1\spring-tx-6.2.1.jar;C:\Users\catal\.m2\repository\org\springframework\spring-aspects\6.2.1\spring-aspects-6.2.1.jar;C:\Users\catal\.m2\repository\org\aspectj\aspectjweaver\1.9.22.1\aspectjweaver-1.9.22.1.jar;C:\Users\catal\.m2\repository\org\springframework\boot\spring-boot-starter-web\3.4.1\spring-boot-starter-web-3.4.1.jar;C:\Users\catal\.m2\repository\org\springframework\boot\spring-boot-starter-json\3.4.1\spring-boot-starter-json-3.4.1.jar;C:\Users\catal\.m2\repository\com\fasterxml\jackson\datatype\jackson-datatype-jdk8\2.18.2\jackson-datatype-jdk8-2.18.2.jar;C:\Users\catal\.m2\repository\com\fasterxml\jackson\datatype\jackson-datatype-jsr310\2.18.2\jackson-datatype-jsr310-2.18.2.jar;C:\Users\catal\.m2\repository\com\fasterxml\jackson\module\jackson-module-parameter-names\2.18.2\jackson-module-parameter-names-2.18.2.jar;C:\Users\catal\.m2\repository\org\springframework\boot\spring-boot-starter-tomcat\3.4.1\spring-boot-starter-tomcat-3.4.1.jar;C:\Users\catal\.m2\repository\org\apache\tomcat\embed\tomcat-embed-core\10.1.34\tomcat-embed-core-10.1.34.jar;C:\Users\catal\.m2\repository\org\apache\tomcat\embed\tomcat-embed-el\10.1.34\tomcat-embed-el-10.1.34.jar;C:\Users\catal\.m2\repository\org\apache\tomcat\embed\tomcat-embed-websocket\10.1.34\tomcat-embed-websocket-10.1.34.jar;C:\Users\catal\.m2\repository\org\springframework\spring-web\6.2.1\spring-web-6.2.1.jar;C:\Users\catal\.m2\repository\org\springframework\spring-webmvc\6.2.1\spring-webmvc-6.2.1.jar;C:\Users\catal\.m2\repository\org\springframework\boot\spring-boot-starter-thymeleaf\3.4.1\spring-boot-starter-thymeleaf-3.4.1.jar;C:\Users\catal\.m2\repository\org\thymeleaf\thymeleaf-spring6\3.1.3.RELEASE\thymeleaf-spring6-3.1.3.RELEASE.jar;C:\Users\catal\.m2\repository\org\thymeleaf\thymeleaf\3.1.3.RELEASE\thymeleaf-3.1.3.RELEASE.jar;C:\Users\catal\.m2\repository\org\attoparser\attoparser\2.0.7.RELEASE\attoparser-2.0.7.RELEASE.jar;C:\Users\catal\.m2\repository\org\unbescape\unbescape\1.1.6.RELEASE\unbescape-1.1.6.RELEASE.jar;C:\Users\catal\.m2\repository\com\mysql\mysql-connector-j\8.0.33\mysql-connector-j-8.0.33.jar;C:\Users\catal\.m2\repository\com\h2database\h2\2.3.232\h2-2.3.232.jar;C:\Users\catal\.m2\repository\io\rest-assured\rest-assured\5.5.0\rest-assured-5.5.0.jar;C:\Users\catal\.m2\repository\org\apache\groovy\groovy\4.0.24\groovy-4.0.24.jar;C:\Users\catal\.m2\repository\org\apache\groovy\groovy-xml\4.0.24\groovy-xml-4.0.24.jar;C:\Users\catal\.m2\repository\org\apache\httpcomponents\httpclient\4.5.13\httpclient-4.5.13.jar;C:\Users\catal\.m2\repository\org\apache\httpcomponents\httpcore\4.4.16\httpcore-4.4.16.jar;C:\Users\catal\.m2\repository\commons-logging\commons-logging\1.2\commons-logging-1.2.jar;C:\Users\catal\.m2\repository\commons-codec\commons-codec\1.17.1\commons-codec-1.17.1.jar;C:\Users\catal\.m2\repository\org\apache\httpcomponents\httpmime\4.5.13\httpmime-4.5.13.jar;C:\Users\catal\.m2\repository\org\ccil\cowan\tagsoup\tagsoup\1.2.1\tagsoup-1.2.1.jar;C:\Users\catal\.m2\repository\io\rest-assured\json-path\5.5.0\json-path-5.5.0.jar;C:\Users\catal\.m2\repository\org\apache\groovy\groovy-json\4.0.24\groovy-json-4.0.24.jar;C:\Users\catal\.m2\repository\io\rest-assured\rest-assured-common\5.5.0\rest-assured-common-5.5.0.jar;C:\Users\catal\.m2\repository\io\rest-assured\xml-path\5.5.0\xml-path-5.5.0.jar;C:\Users\catal\.m2\repository\org\hamcrest\hamcrest\2.2\hamcrest-2.2.jar;C:\Users\catal\.m2\repository\com\auth0\java-jwt\4.4.0\java-jwt-4.4.0.jar;C:\Users\catal\.m2\repository\com\fasterxml\jackson\core\jackson-databind\2.18.2\jackson-databind-2.18.2.jar;C:\Users\catal\.m2\repository\com\fasterxml\jackson\core\jackson-annotations\2.18.2\jackson-annotations-2.18.2.jar;C:\Users\catal\.m2\repository\com\fasterxml\jackson\core\jackson-core\2.18.2\jackson-core-2.18.2.jar;C:\Users\catal\.m2\repository\org\springframework\boot\spring-boot-starter-mail\3.4.1\spring-boot-starter-mail-3.4.1.jar;C:\Users\catal\.m2\repository\org\springframework\spring-context-support\6.2.1\spring-context-support-6.2.1.jar;C:\Users\catal\.m2\repository\org\eclipse\angus\jakarta.mail\2.0.3\jakarta.mail-2.0.3.jar;C:\Users\catal\.m2\repository\org\eclipse\angus\angus-activation\2.0.2\angus-activation-2.0.2.jar;C:\Users\catal\.m2\repository\com\cloudinary\cloudinary-http44\1.31.0\cloudinary-http44-1.31.0.jar;C:\Users\catal\.m2\repository\com\cloudinary\cloudinary-core\1.31.0\cloudinary-core-1.31.0.jar;C:\Users\catal\.m2\repository\org\apache\commons\commons-lang3\3.17.0\commons-lang3-3.17.0.jar;C:\Users\catal\.m2\repository\org\projectlombok\lombok\1.18.36\lombok-1.18.36.jar;C:\Users\catal\.m2\repository\com\google\firebase\firebase-admin\9.0.0\firebase-admin-9.0.0.jar;C:\Users\catal\.m2\repository\com\google\api-client\google-api-client\1.35.1\google-api-client-1.35.1.jar;C:\Users\catal\.m2\repository\com\google\oauth-client\google-oauth-client\1.34.1\google-oauth-client-1.34.1.jar;C:\Users\catal\.m2\repository\com\google\http-client\google-http-client-gson\1.42.0\google-http-client-gson-1.42.0.jar;C:\Users\catal\.m2\repository\com\google\http-client\google-http-client-apache-v2\1.42.0\google-http-client-apache-v2-1.42.0.jar;C:\Users\catal\.m2\repository\com\google\api-client\google-api-client-gson\1.35.1\google-api-client-gson-1.35.1.jar;C:\Users\catal\.m2\repository\com\google\http-client\google-http-client\1.41.8\google-http-client-1.41.8.jar;C:\Users\catal\.m2\repository\com\google\code\findbugs\jsr305\3.0.2\jsr305-3.0.2.jar;C:\Users\catal\.m2\repository\com\google\j2objc\j2objc-annotations\1.3\j2objc-annotations-1.3.jar;C:\Users\catal\.m2\repository\io\opencensus\opencensus-api\0.31.0\opencensus-api-0.31.0.jar;C:\Users\catal\.m2\repository\io\opencensus\opencensus-contrib-http-util\0.31.0\opencensus-contrib-http-util-0.31.0.jar;C:\Users\catal\.m2\repository\com\google\api\api-common\2.2.0\api-common-2.2.0.jar;C:\Users\catal\.m2\repository\javax\annotation\javax.annotation-api\1.3.2\javax.annotation-api-1.3.2.jar;C:\Users\catal\.m2\repository\com\google\auto\value\auto-value-annotations\1.9\auto-value-annotations-1.9.jar;C:\Users\catal\.m2\repository\com\google\auth\google-auth-library-oauth2-http\1.7.0\google-auth-library-oauth2-http-1.7.0.jar;C:\Users\catal\.m2\repository\com\google\auth\google-auth-library-credentials\1.7.0\google-auth-library-credentials-1.7.0.jar;C:\Users\catal\.m2\repository\com\google\cloud\google-cloud-storage\2.7.2\google-cloud-storage-2.7.2.jar;C:\Users\catal\.m2\repository\com\google\guava\failureaccess\1.0.1\failureaccess-1.0.1.jar;C:\Users\catal\.m2\repository\com\google\guava\listenablefuture\9999.0-empty-to-avoid-conflict-with-guava\listenablefuture-9999.0-empty-to-avoid-conflict-with-guava.jar;C:\Users\catal\.m2\repository\org\checkerframework\checker-qual\3.22.0\checker-qual-3.22.0.jar;C:\Users\catal\.m2\repository\com\google\http-client\google-http-client-jackson2\1.41.8\google-http-client-jackson2-1.41.8.jar;C:\Users\catal\.m2\repository\com\google\apis\google-api-services-storage\v1-rev20220509-1.32.1\google-api-services-storage-v1-rev20220509-1.32.1.jar;C:\Users\catal\.m2\repository\com\google\code\gson\gson\2.11.0\gson-2.11.0.jar;C:\Users\catal\.m2\repository\com\google\cloud\google-cloud-core\2.7.1\google-cloud-core-2.7.1.jar;C:\Users\catal\.m2\repository\com\google\api\grpc\proto-google-common-protos\2.8.3\proto-google-common-protos-2.8.3.jar;C:\Users\catal\.m2\repository\com\google\cloud\google-cloud-core-http\2.7.1\google-cloud-core-http-2.7.1.jar;C:\Users\catal\.m2\repository\com\google\http-client\google-http-client-appengine\1.41.8\google-http-client-appengine-1.41.8.jar;C:\Users\catal\.m2\repository\com\google\api\gax-httpjson\0.103.1\gax-httpjson-0.103.1.jar;C:\Users\catal\.m2\repository\com\google\api\gax\2.18.1\gax-2.18.1.jar;C:\Users\catal\.m2\repository\io\grpc\grpc-context\1.46.0\grpc-context-1.46.0.jar;C:\Users\catal\.m2\repository\com\google\api\grpc\proto-google-iam-v1\1.3.4\proto-google-iam-v1-1.3.4.jar;C:\Users\catal\.m2\repository\com\google\protobuf\protobuf-java\3.20.1\protobuf-java-3.20.1.jar;C:\Users\catal\.m2\repository\com\google\protobuf\protobuf-java-util\3.20.1\protobuf-java-util-3.20.1.jar;C:\Users\catal\.m2\repository\org\threeten\threetenbp\1.6.0\threetenbp-1.6.0.jar;C:\Users\catal\.m2\repository\com\google\cloud\google-cloud-firestore\3.2.0\google-cloud-firestore-3.2.0.jar;C:\Users\catal\.m2\repository\com\google\cloud\google-cloud-core-grpc\2.7.1\google-cloud-core-grpc-2.7.1.jar;C:\Users\catal\.m2\repository\io\grpc\grpc-core\1.46.0\grpc-core-1.46.0.jar;C:\Users\catal\.m2\repository\com\google\android\annotations\4.1.1.4\annotations-4.1.1.4.jar;C:\Users\catal\.m2\repository\org\codehaus\mojo\animal-sniffer-annotations\1.21\animal-sniffer-annotations-1.21.jar;C:\Users\catal\.m2\repository\io\perfmark\perfmark-api\0.25.0\perfmark-api-0.25.0.jar;C:\Users\catal\.m2\repository\com\google\api\grpc\proto-google-cloud-firestore-v1\3.2.0\proto-google-cloud-firestore-v1-3.2.0.jar;C:\Users\catal\.m2\repository\com\google\cloud\proto-google-cloud-firestore-bundle-v1\3.2.0\proto-google-cloud-firestore-bundle-v1-3.2.0.jar;C:\Users\catal\.m2\repository\io\opencensus\opencensus-contrib-grpc-util\0.31.1\opencensus-contrib-grpc-util-0.31.1.jar;C:\Users\catal\.m2\repository\io\grpc\grpc-protobuf\1.46.0\grpc-protobuf-1.46.0.jar;C:\Users\catal\.m2\repository\io\grpc\grpc-protobuf-lite\1.46.0\grpc-protobuf-lite-1.46.0.jar;C:\Users\catal\.m2\repository\io\grpc\grpc-api\1.46.0\grpc-api-1.46.0.jar;C:\Users\catal\.m2\repository\com\google\errorprone\error_prone_annotations\2.13.1\error_prone_annotations-2.13.1.jar;C:\Users\catal\.m2\repository\com\google\api\gax-grpc\2.18.1\gax-grpc-2.18.1.jar;C:\Users\catal\.m2\repository\io\grpc\grpc-alts\1.46.0\grpc-alts-1.46.0.jar;C:\Users\catal\.m2\repository\io\grpc\grpc-grpclb\1.46.0\grpc-grpclb-1.46.0.jar;C:\Users\catal\.m2\repository\org\conscrypt\conscrypt-openjdk-uber\2.5.1\conscrypt-openjdk-uber-2.5.1.jar;C:\Users\catal\.m2\repository\io\grpc\grpc-auth\1.46.0\grpc-auth-1.46.0.jar;C:\Users\catal\.m2\repository\io\grpc\grpc-netty-shaded\1.46.0\grpc-netty-shaded-1.46.0.jar;C:\Users\catal\.m2\repository\io\grpc\grpc-googleapis\1.46.0\grpc-googleapis-1.46.0.jar;C:\Users\catal\.m2\repository\io\grpc\grpc-xds\1.46.0\grpc-xds-1.46.0.jar;C:\Users\catal\.m2\repository\io\grpc\grpc-services\1.46.0\grpc-services-1.46.0.jar;C:\Users\catal\.m2\repository\com\google\re2j\re2j\1.5\re2j-1.5.jar;C:\Users\catal\.m2\repository\org\bouncycastle\bcpkix-jdk15on\1.67\bcpkix-jdk15on-1.67.jar;C:\Users\catal\.m2\repository\org\bouncycastle\bcprov-jdk15on\1.67\bcprov-jdk15on-1.67.jar;C:\Users\catal\.m2\repository\io\opencensus\opencensus-proto\0.2.0\opencensus-proto-0.2.0.jar;C:\Users\catal\.m2\repository\io\grpc\grpc-stub\1.46.0\grpc-stub-1.46.0.jar;C:\Users\catal\.m2\repository\com\google\guava\guava\33.3.1-jre\guava-33.3.1-jre.jar;C:\Users\catal\.m2\repository\org\slf4j\slf4j-api\2.0.16\slf4j-api-2.0.16.jar;C:\Users\catal\.m2\repository\io\netty\netty-codec-http\4.1.116.Final\netty-codec-http-4.1.116.Final.jar;C:\Users\catal\.m2\repository\io\netty\netty-common\4.1.116.Final\netty-common-4.1.116.Final.jar;C:\Users\catal\.m2\repository\io\netty\netty-buffer\4.1.116.Final\netty-buffer-4.1.116.Final.jar;C:\Users\catal\.m2\repository\io\netty\netty-codec\4.1.116.Final\netty-codec-4.1.116.Final.jar;C:\Users\catal\.m2\repository\io\netty\netty-handler\4.1.116.Final\netty-handler-4.1.116.Final.jar;C:\Users\catal\.m2\repository\io\netty\netty-resolver\4.1.116.Final\netty-resolver-4.1.116.Final.jar;C:\Users\catal\.m2\repository\io\netty\netty-transport-native-unix-common\4.1.116.Final\netty-transport-native-unix-common-4.1.116.Final.jar;C:\Users\catal\.m2\repository\io\netty\netty-transport\4.1.116.Final\netty-transport-4.1.116.Final.jar;"/>
    <property name="java.vm.vendor" value="Oracle Corporation"/>
    <property name="sun.arch.data.model" value="64"/>
    <property name="user.variant" value=""/>
    <property name="java.vendor.url" value="https://java.oracle.com/"/>
    <property name="user.timezone" value="Europe/Bucharest"/>
    <property name="org.jboss.logging.provider" value="slf4j"/>
    <property name="os.name" value="Windows 11"/>
    <property name="java.vm.specification.version" value="21"/>
    <property name="APPLICATION_NAME" value="shop"/>
    <property name="sun.java.launcher" value="SUN_STANDARD"/>
    <property name="user.country" value="US"/>
    <property name="sun.boot.library.path" value="C:\Program Files\Java\jdk-21\bin"/>
    <property name="sun.java.command" value="C:\Users\catal\AppData\Local\Temp\surefire1382370608885218585\surefirebooter-20250220110252671_3.jar C:\Users\catal\AppData\Local\Temp\surefire1382370608885218585 2025-02-20T11-02-52_477-jvmRun1 surefire-20250220110252671_1tmp surefire_0-20250220110252671_2tmp"/>
    <property name="jdk.debug" value="release"/>
    <property name="surefire.test.class.path" value="C:\Users\catal\Downloads\shop\shop\target\test-classes;C:\Users\catal\Downloads\shop\shop\target\classes;C:\Users\catal\.m2\repository\org\springframework\boot\spring-boot-starter\3.4.1\spring-boot-starter-3.4.1.jar;C:\Users\catal\.m2\repository\org\springframework\boot\spring-boot\3.4.1\spring-boot-3.4.1.jar;C:\Users\catal\.m2\repository\org\springframework\spring-context\6.2.1\spring-context-6.2.1.jar;C:\Users\catal\.m2\repository\org\springframework\boot\spring-boot-autoconfigure\3.4.1\spring-boot-autoconfigure-3.4.1.jar;C:\Users\catal\.m2\repository\org\springframework\boot\spring-boot-starter-logging\3.4.1\spring-boot-starter-logging-3.4.1.jar;C:\Users\catal\.m2\repository\ch\qos\logback\logback-classic\1.5.12\logback-classic-1.5.12.jar;C:\Users\catal\.m2\repository\ch\qos\logback\logback-core\1.5.12\logback-core-1.5.12.jar;C:\Users\catal\.m2\repository\org\apache\logging\log4j\log4j-to-slf4j\2.24.3\log4j-to-slf4j-2.24.3.jar;C:\Users\catal\.m2\repository\org\apache\logging\log4j\log4j-api\2.24.3\log4j-api-2.24.3.jar;C:\Users\catal\.m2\repository\org\slf4j\jul-to-slf4j\2.0.16\jul-to-slf4j-2.0.16.jar;C:\Users\catal\.m2\repository\jakarta\annotation\jakarta.annotation-api\2.1.1\jakarta.annotation-api-2.1.1.jar;C:\Users\catal\.m2\repository\org\springframework\spring-core\6.2.1\spring-core-6.2.1.jar;C:\Users\catal\.m2\repository\org\springframework\spring-jcl\6.2.1\spring-jcl-6.2.1.jar;C:\Users\catal\.m2\repository\org\yaml\snakeyaml\2.3\snakeyaml-2.3.jar;C:\Users\catal\.m2\repository\org\springframework\boot\spring-boot-starter-websocket\3.4.1\spring-boot-starter-websocket-3.4.1.jar;C:\Users\catal\.m2\repository\org\springframework\spring-messaging\6.2.1\spring-messaging-6.2.1.jar;C:\Users\catal\.m2\repository\org\springframework\spring-beans\6.2.1\spring-beans-6.2.1.jar;C:\Users\catal\.m2\repository\org\springframework\spring-websocket\6.2.1\spring-websocket-6.2.1.jar;C:\Users\catal\.m2\repository\org\springframework\boot\spring-boot-starter-test\3.4.1\spring-boot-starter-test-3.4.1.jar;C:\Users\catal\.m2\repository\org\springframework\boot\spring-boot-test\3.4.1\spring-boot-test-3.4.1.jar;C:\Users\catal\.m2\repository\org\springframework\boot\spring-boot-test-autoconfigure\3.4.1\spring-boot-test-autoconfigure-3.4.1.jar;C:\Users\catal\.m2\repository\com\jayway\jsonpath\json-path\2.9.0\json-path-2.9.0.jar;C:\Users\catal\.m2\repository\jakarta\xml\bind\jakarta.xml.bind-api\4.0.2\jakarta.xml.bind-api-4.0.2.jar;C:\Users\catal\.m2\repository\jakarta\activation\jakarta.activation-api\2.1.3\jakarta.activation-api-2.1.3.jar;C:\Users\catal\.m2\repository\net\minidev\json-smart\2.5.1\json-smart-2.5.1.jar;C:\Users\catal\.m2\repository\net\minidev\accessors-smart\2.5.1\accessors-smart-2.5.1.jar;C:\Users\catal\.m2\repository\org\ow2\asm\asm\9.6\asm-9.6.jar;C:\Users\catal\.m2\repository\org\assertj\assertj-core\3.26.3\assertj-core-3.26.3.jar;C:\Users\catal\.m2\repository\net\bytebuddy\byte-buddy\1.15.11\byte-buddy-1.15.11.jar;C:\Users\catal\.m2\repository\org\awaitility\awaitility\4.2.2\awaitility-4.2.2.jar;C:\Users\catal\.m2\repository\org\junit\jupiter\junit-jupiter\5.11.4\junit-jupiter-5.11.4.jar;C:\Users\catal\.m2\repository\org\junit\jupiter\junit-jupiter-api\5.11.4\junit-jupiter-api-5.11.4.jar;C:\Users\catal\.m2\repository\org\opentest4j\opentest4j\1.3.0\opentest4j-1.3.0.jar;C:\Users\catal\.m2\repository\org\junit\platform\junit-platform-commons\1.11.4\junit-platform-commons-1.11.4.jar;C:\Users\catal\.m2\repository\org\apiguardian\apiguardian-api\1.1.2\apiguardian-api-1.1.2.jar;C:\Users\catal\.m2\repository\org\junit\jupiter\junit-jupiter-params\5.11.4\junit-jupiter-params-5.11.4.jar;C:\Users\catal\.m2\repository\org\junit\jupiter\junit-jupiter-engine\5.11.4\junit-jupiter-engine-5.11.4.jar;C:\Users\catal\.m2\repository\org\junit\platform\junit-platform-engine\1.11.4\junit-platform-engine-1.11.4.jar;C:\Users\catal\.m2\repository\org\mockito\mockito-core\5.14.2\mockito-core-5.14.2.jar;C:\Users\catal\.m2\repository\net\bytebuddy\byte-buddy-agent\1.15.11\byte-buddy-agent-1.15.11.jar;C:\Users\catal\.m2\repository\org\objenesis\objenesis\3.3\objenesis-3.3.jar;C:\Users\catal\.m2\repository\org\mockito\mockito-junit-jupiter\5.14.2\mockito-junit-jupiter-5.14.2.jar;C:\Users\catal\.m2\repository\org\skyscreamer\jsonassert\1.5.3\jsonassert-1.5.3.jar;C:\Users\catal\.m2\repository\com\vaadin\external\google\android-json\0.0.20131108.vaadin1\android-json-0.0.20131108.vaadin1.jar;C:\Users\catal\.m2\repository\org\springframework\spring-test\6.2.1\spring-test-6.2.1.jar;C:\Users\catal\.m2\repository\org\xmlunit\xmlunit-core\2.10.0\xmlunit-core-2.10.0.jar;C:\Users\catal\.m2\repository\org\springframework\security\spring-security-test\6.4.2\spring-security-test-6.4.2.jar;C:\Users\catal\.m2\repository\org\springframework\security\spring-security-core\6.4.2\spring-security-core-6.4.2.jar;C:\Users\catal\.m2\repository\org\springframework\security\spring-security-crypto\6.4.2\spring-security-crypto-6.4.2.jar;C:\Users\catal\.m2\repository\org\springframework\spring-expression\6.2.1\spring-expression-6.2.1.jar;C:\Users\catal\.m2\repository\io\micrometer\micrometer-observation\1.14.2\micrometer-observation-1.14.2.jar;C:\Users\catal\.m2\repository\io\micrometer\micrometer-commons\1.14.2\micrometer-commons-1.14.2.jar;C:\Users\catal\.m2\repository\org\springframework\security\spring-security-web\6.4.2\spring-security-web-6.4.2.jar;C:\Users\catal\.m2\repository\org\springframework\boot\spring-boot-starter-security\3.4.1\spring-boot-starter-security-3.4.1.jar;C:\Users\catal\.m2\repository\org\springframework\spring-aop\6.2.1\spring-aop-6.2.1.jar;C:\Users\catal\.m2\repository\org\springframework\security\spring-security-config\6.4.2\spring-security-config-6.4.2.jar;C:\Users\catal\.m2\repository\org\springframework\boot\spring-boot-starter-data-jpa\3.4.1\spring-boot-starter-data-jpa-3.4.1.jar;C:\Users\catal\.m2\repository\org\springframework\boot\spring-boot-starter-jdbc\3.4.1\spring-boot-starter-jdbc-3.4.1.jar;C:\Users\catal\.m2\repository\com\zaxxer\HikariCP\5.1.0\HikariCP-5.1.0.jar;C:\Users\catal\.m2\repository\org\springframework\spring-jdbc\6.2.1\spring-jdbc-6.2.1.jar;C:\Users\catal\.m2\repository\org\hibernate\orm\hibernate-core\6.6.4.Final\hibernate-core-6.6.4.Final.jar;C:\Users\catal\.m2\repository\jakarta\persistence\jakarta.persistence-api\3.1.0\jakarta.persistence-api-3.1.0.jar;C:\Users\catal\.m2\repository\jakarta\transaction\jakarta.transaction-api\2.0.1\jakarta.transaction-api-2.0.1.jar;C:\Users\catal\.m2\repository\org\jboss\logging\jboss-logging\3.6.1.Final\jboss-logging-3.6.1.Final.jar;C:\Users\catal\.m2\repository\org\hibernate\common\hibernate-commons-annotations\7.0.3.Final\hibernate-commons-annotations-7.0.3.Final.jar;C:\Users\catal\.m2\repository\io\smallrye\jandex\3.2.0\jandex-3.2.0.jar;C:\Users\catal\.m2\repository\com\fasterxml\classmate\1.7.0\classmate-1.7.0.jar;C:\Users\catal\.m2\repository\org\glassfish\jaxb\jaxb-runtime\4.0.5\jaxb-runtime-4.0.5.jar;C:\Users\catal\.m2\repository\org\glassfish\jaxb\jaxb-core\4.0.5\jaxb-core-4.0.5.jar;C:\Users\catal\.m2\repository\org\glassfish\jaxb\txw2\4.0.5\txw2-4.0.5.jar;C:\Users\catal\.m2\repository\com\sun\istack\istack-commons-runtime\4.1.2\istack-commons-runtime-4.1.2.jar;C:\Users\catal\.m2\repository\jakarta\inject\jakarta.inject-api\2.0.1\jakarta.inject-api-2.0.1.jar;C:\Users\catal\.m2\repository\org\antlr\antlr4-runtime\4.13.0\antlr4-runtime-4.13.0.jar;C:\Users\catal\.m2\repository\org\springframework\data\spring-data-jpa\3.4.1\spring-data-jpa-3.4.1.jar;C:\Users\catal\.m2\repository\org\springframework\data\spring-data-commons\3.4.1\spring-data-commons-3.4.1.jar;C:\Users\catal\.m2\repository\org\springframework\spring-orm\6.2.1\spring-orm-6.2.1.jar;C:\Users\catal\.m2\repository\org\springframework\spring-tx\6.2.1\spring-tx-6.2.1.jar;C:\Users\catal\.m2\repository\org\springframework\spring-aspects\6.2.1\spring-aspects-6.2.1.jar;C:\Users\catal\.m2\repository\org\aspectj\aspectjweaver\1.9.22.1\aspectjweaver-1.9.22.1.jar;C:\Users\catal\.m2\repository\org\springframework\boot\spring-boot-starter-web\3.4.1\spring-boot-starter-web-3.4.1.jar;C:\Users\catal\.m2\repository\org\springframework\boot\spring-boot-starter-json\3.4.1\spring-boot-starter-json-3.4.1.jar;C:\Users\catal\.m2\repository\com\fasterxml\jackson\datatype\jackson-datatype-jdk8\2.18.2\jackson-datatype-jdk8-2.18.2.jar;C:\Users\catal\.m2\repository\com\fasterxml\jackson\datatype\jackson-datatype-jsr310\2.18.2\jackson-datatype-jsr310-2.18.2.jar;C:\Users\catal\.m2\repository\com\fasterxml\jackson\module\jackson-module-parameter-names\2.18.2\jackson-module-parameter-names-2.18.2.jar;C:\Users\catal\.m2\repository\org\springframework\boot\spring-boot-starter-tomcat\3.4.1\spring-boot-starter-tomcat-3.4.1.jar;C:\Users\catal\.m2\repository\org\apache\tomcat\embed\tomcat-embed-core\10.1.34\tomcat-embed-core-10.1.34.jar;C:\Users\catal\.m2\repository\org\apache\tomcat\embed\tomcat-embed-el\10.1.34\tomcat-embed-el-10.1.34.jar;C:\Users\catal\.m2\repository\org\apache\tomcat\embed\tomcat-embed-websocket\10.1.34\tomcat-embed-websocket-10.1.34.jar;C:\Users\catal\.m2\repository\org\springframework\spring-web\6.2.1\spring-web-6.2.1.jar;C:\Users\catal\.m2\repository\org\springframework\spring-webmvc\6.2.1\spring-webmvc-6.2.1.jar;C:\Users\catal\.m2\repository\org\springframework\boot\spring-boot-starter-thymeleaf\3.4.1\spring-boot-starter-thymeleaf-3.4.1.jar;C:\Users\catal\.m2\repository\org\thymeleaf\thymeleaf-spring6\3.1.3.RELEASE\thymeleaf-spring6-3.1.3.RELEASE.jar;C:\Users\catal\.m2\repository\org\thymeleaf\thymeleaf\3.1.3.RELEASE\thymeleaf-3.1.3.RELEASE.jar;C:\Users\catal\.m2\repository\org\attoparser\attoparser\2.0.7.RELEASE\attoparser-2.0.7.RELEASE.jar;C:\Users\catal\.m2\repository\org\unbescape\unbescape\1.1.6.RELEASE\unbescape-1.1.6.RELEASE.jar;C:\Users\catal\.m2\repository\com\mysql\mysql-connector-j\8.0.33\mysql-connector-j-8.0.33.jar;C:\Users\catal\.m2\repository\com\h2database\h2\2.3.232\h2-2.3.232.jar;C:\Users\catal\.m2\repository\io\rest-assured\rest-assured\5.5.0\rest-assured-5.5.0.jar;C:\Users\catal\.m2\repository\org\apache\groovy\groovy\4.0.24\groovy-4.0.24.jar;C:\Users\catal\.m2\repository\org\apache\groovy\groovy-xml\4.0.24\groovy-xml-4.0.24.jar;C:\Users\catal\.m2\repository\org\apache\httpcomponents\httpclient\4.5.13\httpclient-4.5.13.jar;C:\Users\catal\.m2\repository\org\apache\httpcomponents\httpcore\4.4.16\httpcore-4.4.16.jar;C:\Users\catal\.m2\repository\commons-logging\commons-logging\1.2\commons-logging-1.2.jar;C:\Users\catal\.m2\repository\commons-codec\commons-codec\1.17.1\commons-codec-1.17.1.jar;C:\Users\catal\.m2\repository\org\apache\httpcomponents\httpmime\4.5.13\httpmime-4.5.13.jar;C:\Users\catal\.m2\repository\org\ccil\cowan\tagsoup\tagsoup\1.2.1\tagsoup-1.2.1.jar;C:\Users\catal\.m2\repository\io\rest-assured\json-path\5.5.0\json-path-5.5.0.jar;C:\Users\catal\.m2\repository\org\apache\groovy\groovy-json\4.0.24\groovy-json-4.0.24.jar;C:\Users\catal\.m2\repository\io\rest-assured\rest-assured-common\5.5.0\rest-assured-common-5.5.0.jar;C:\Users\catal\.m2\repository\io\rest-assured\xml-path\5.5.0\xml-path-5.5.0.jar;C:\Users\catal\.m2\repository\org\hamcrest\hamcrest\2.2\hamcrest-2.2.jar;C:\Users\catal\.m2\repository\com\auth0\java-jwt\4.4.0\java-jwt-4.4.0.jar;C:\Users\catal\.m2\repository\com\fasterxml\jackson\core\jackson-databind\2.18.2\jackson-databind-2.18.2.jar;C:\Users\catal\.m2\repository\com\fasterxml\jackson\core\jackson-annotations\2.18.2\jackson-annotations-2.18.2.jar;C:\Users\catal\.m2\repository\com\fasterxml\jackson\core\jackson-core\2.18.2\jackson-core-2.18.2.jar;C:\Users\catal\.m2\repository\org\springframework\boot\spring-boot-starter-mail\3.4.1\spring-boot-starter-mail-3.4.1.jar;C:\Users\catal\.m2\repository\org\springframework\spring-context-support\6.2.1\spring-context-support-6.2.1.jar;C:\Users\catal\.m2\repository\org\eclipse\angus\jakarta.mail\2.0.3\jakarta.mail-2.0.3.jar;C:\Users\catal\.m2\repository\org\eclipse\angus\angus-activation\2.0.2\angus-activation-2.0.2.jar;C:\Users\catal\.m2\repository\com\cloudinary\cloudinary-http44\1.31.0\cloudinary-http44-1.31.0.jar;C:\Users\catal\.m2\repository\com\cloudinary\cloudinary-core\1.31.0\cloudinary-core-1.31.0.jar;C:\Users\catal\.m2\repository\org\apache\commons\commons-lang3\3.17.0\commons-lang3-3.17.0.jar;C:\Users\catal\.m2\repository\org\projectlombok\lombok\1.18.36\lombok-1.18.36.jar;C:\Users\catal\.m2\repository\com\google\firebase\firebase-admin\9.0.0\firebase-admin-9.0.0.jar;C:\Users\catal\.m2\repository\com\google\api-client\google-api-client\1.35.1\google-api-client-1.35.1.jar;C:\Users\catal\.m2\repository\com\google\oauth-client\google-oauth-client\1.34.1\google-oauth-client-1.34.1.jar;C:\Users\catal\.m2\repository\com\google\http-client\google-http-client-gson\1.42.0\google-http-client-gson-1.42.0.jar;C:\Users\catal\.m2\repository\com\google\http-client\google-http-client-apache-v2\1.42.0\google-http-client-apache-v2-1.42.0.jar;C:\Users\catal\.m2\repository\com\google\api-client\google-api-client-gson\1.35.1\google-api-client-gson-1.35.1.jar;C:\Users\catal\.m2\repository\com\google\http-client\google-http-client\1.41.8\google-http-client-1.41.8.jar;C:\Users\catal\.m2\repository\com\google\code\findbugs\jsr305\3.0.2\jsr305-3.0.2.jar;C:\Users\catal\.m2\repository\com\google\j2objc\j2objc-annotations\1.3\j2objc-annotations-1.3.jar;C:\Users\catal\.m2\repository\io\opencensus\opencensus-api\0.31.0\opencensus-api-0.31.0.jar;C:\Users\catal\.m2\repository\io\opencensus\opencensus-contrib-http-util\0.31.0\opencensus-contrib-http-util-0.31.0.jar;C:\Users\catal\.m2\repository\com\google\api\api-common\2.2.0\api-common-2.2.0.jar;C:\Users\catal\.m2\repository\javax\annotation\javax.annotation-api\1.3.2\javax.annotation-api-1.3.2.jar;C:\Users\catal\.m2\repository\com\google\auto\value\auto-value-annotations\1.9\auto-value-annotations-1.9.jar;C:\Users\catal\.m2\repository\com\google\auth\google-auth-library-oauth2-http\1.7.0\google-auth-library-oauth2-http-1.7.0.jar;C:\Users\catal\.m2\repository\com\google\auth\google-auth-library-credentials\1.7.0\google-auth-library-credentials-1.7.0.jar;C:\Users\catal\.m2\repository\com\google\cloud\google-cloud-storage\2.7.2\google-cloud-storage-2.7.2.jar;C:\Users\catal\.m2\repository\com\google\guava\failureaccess\1.0.1\failureaccess-1.0.1.jar;C:\Users\catal\.m2\repository\com\google\guava\listenablefuture\9999.0-empty-to-avoid-conflict-with-guava\listenablefuture-9999.0-empty-to-avoid-conflict-with-guava.jar;C:\Users\catal\.m2\repository\org\checkerframework\checker-qual\3.22.0\checker-qual-3.22.0.jar;C:\Users\catal\.m2\repository\com\google\http-client\google-http-client-jackson2\1.41.8\google-http-client-jackson2-1.41.8.jar;C:\Users\catal\.m2\repository\com\google\apis\google-api-services-storage\v1-rev20220509-1.32.1\google-api-services-storage-v1-rev20220509-1.32.1.jar;C:\Users\catal\.m2\repository\com\google\code\gson\gson\2.11.0\gson-2.11.0.jar;C:\Users\catal\.m2\repository\com\google\cloud\google-cloud-core\2.7.1\google-cloud-core-2.7.1.jar;C:\Users\catal\.m2\repository\com\google\api\grpc\proto-google-common-protos\2.8.3\proto-google-common-protos-2.8.3.jar;C:\Users\catal\.m2\repository\com\google\cloud\google-cloud-core-http\2.7.1\google-cloud-core-http-2.7.1.jar;C:\Users\catal\.m2\repository\com\google\http-client\google-http-client-appengine\1.41.8\google-http-client-appengine-1.41.8.jar;C:\Users\catal\.m2\repository\com\google\api\gax-httpjson\0.103.1\gax-httpjson-0.103.1.jar;C:\Users\catal\.m2\repository\com\google\api\gax\2.18.1\gax-2.18.1.jar;C:\Users\catal\.m2\repository\io\grpc\grpc-context\1.46.0\grpc-context-1.46.0.jar;C:\Users\catal\.m2\repository\com\google\api\grpc\proto-google-iam-v1\1.3.4\proto-google-iam-v1-1.3.4.jar;C:\Users\catal\.m2\repository\com\google\protobuf\protobuf-java\3.20.1\protobuf-java-3.20.1.jar;C:\Users\catal\.m2\repository\com\google\protobuf\protobuf-java-util\3.20.1\protobuf-java-util-3.20.1.jar;C:\Users\catal\.m2\repository\org\threeten\threetenbp\1.6.0\threetenbp-1.6.0.jar;C:\Users\catal\.m2\repository\com\google\cloud\google-cloud-firestore\3.2.0\google-cloud-firestore-3.2.0.jar;C:\Users\catal\.m2\repository\com\google\cloud\google-cloud-core-grpc\2.7.1\google-cloud-core-grpc-2.7.1.jar;C:\Users\catal\.m2\repository\io\grpc\grpc-core\1.46.0\grpc-core-1.46.0.jar;C:\Users\catal\.m2\repository\com\google\android\annotations\4.1.1.4\annotations-4.1.1.4.jar;C:\Users\catal\.m2\repository\org\codehaus\mojo\animal-sniffer-annotations\1.21\animal-sniffer-annotations-1.21.jar;C:\Users\catal\.m2\repository\io\perfmark\perfmark-api\0.25.0\perfmark-api-0.25.0.jar;C:\Users\catal\.m2\repository\com\google\api\grpc\proto-google-cloud-firestore-v1\3.2.0\proto-google-cloud-firestore-v1-3.2.0.jar;C:\Users\catal\.m2\repository\com\google\cloud\proto-google-cloud-firestore-bundle-v1\3.2.0\proto-google-cloud-firestore-bundle-v1-3.2.0.jar;C:\Users\catal\.m2\repository\io\opencensus\opencensus-contrib-grpc-util\0.31.1\opencensus-contrib-grpc-util-0.31.1.jar;C:\Users\catal\.m2\repository\io\grpc\grpc-protobuf\1.46.0\grpc-protobuf-1.46.0.jar;C:\Users\catal\.m2\repository\io\grpc\grpc-protobuf-lite\1.46.0\grpc-protobuf-lite-1.46.0.jar;C:\Users\catal\.m2\repository\io\grpc\grpc-api\1.46.0\grpc-api-1.46.0.jar;C:\Users\catal\.m2\repository\com\google\errorprone\error_prone_annotations\2.13.1\error_prone_annotations-2.13.1.jar;C:\Users\catal\.m2\repository\com\google\api\gax-grpc\2.18.1\gax-grpc-2.18.1.jar;C:\Users\catal\.m2\repository\io\grpc\grpc-alts\1.46.0\grpc-alts-1.46.0.jar;C:\Users\catal\.m2\repository\io\grpc\grpc-grpclb\1.46.0\grpc-grpclb-1.46.0.jar;C:\Users\catal\.m2\repository\org\conscrypt\conscrypt-openjdk-uber\2.5.1\conscrypt-openjdk-uber-2.5.1.jar;C:\Users\catal\.m2\repository\io\grpc\grpc-auth\1.46.0\grpc-auth-1.46.0.jar;C:\Users\catal\.m2\repository\io\grpc\grpc-netty-shaded\1.46.0\grpc-netty-shaded-1.46.0.jar;C:\Users\catal\.m2\repository\io\grpc\grpc-googleapis\1.46.0\grpc-googleapis-1.46.0.jar;C:\Users\catal\.m2\repository\io\grpc\grpc-xds\1.46.0\grpc-xds-1.46.0.jar;C:\Users\catal\.m2\repository\io\grpc\grpc-services\1.46.0\grpc-services-1.46.0.jar;C:\Users\catal\.m2\repository\com\google\re2j\re2j\1.5\re2j-1.5.jar;C:\Users\catal\.m2\repository\org\bouncycastle\bcpkix-jdk15on\1.67\bcpkix-jdk15on-1.67.jar;C:\Users\catal\.m2\repository\org\bouncycastle\bcprov-jdk15on\1.67\bcprov-jdk15on-1.67.jar;C:\Users\catal\.m2\repository\io\opencensus\opencensus-proto\0.2.0\opencensus-proto-0.2.0.jar;C:\Users\catal\.m2\repository\io\grpc\grpc-stub\1.46.0\grpc-stub-1.46.0.jar;C:\Users\catal\.m2\repository\com\google\guava\guava\33.3.1-jre\guava-33.3.1-jre.jar;C:\Users\catal\.m2\repository\org\slf4j\slf4j-api\2.0.16\slf4j-api-2.0.16.jar;C:\Users\catal\.m2\repository\io\netty\netty-codec-http\4.1.116.Final\netty-codec-http-4.1.116.Final.jar;C:\Users\catal\.m2\repository\io\netty\netty-common\4.1.116.Final\netty-common-4.1.116.Final.jar;C:\Users\catal\.m2\repository\io\netty\netty-buffer\4.1.116.Final\netty-buffer-4.1.116.Final.jar;C:\Users\catal\.m2\repository\io\netty\netty-codec\4.1.116.Final\netty-codec-4.1.116.Final.jar;C:\Users\catal\.m2\repository\io\netty\netty-handler\4.1.116.Final\netty-handler-4.1.116.Final.jar;C:\Users\catal\.m2\repository\io\netty\netty-resolver\4.1.116.Final\netty-resolver-4.1.116.Final.jar;C:\Users\catal\.m2\repository\io\netty\netty-transport-native-unix-common\4.1.116.Final\netty-transport-native-unix-common-4.1.116.Final.jar;C:\Users\catal\.m2\repository\io\netty\netty-transport\4.1.116.Final\netty-transport-4.1.116.Final.jar;"/>
    <property name="sun.cpu.endian" value="little"/>
    <property name="user.home" value="C:\Users\catal"/>
    <property name="user.language" value="en"/>
    <property name="java.specification.vendor" value="Oracle Corporation"/>
    <property name="java.version.date" value="2024-01-16"/>
    <property name="java.home" value="C:\Program Files\Java\jdk-21"/>
    <property name="file.separator" value="\"/>
    <property name="basedir" value="C:\Users\catal\Downloads\shop\shop"/>
    <property name="java.vm.compressedOopsMode" value="Zero based"/>
    <property name="line.separator" value="&#10;"/>
    <property name="java.vm.specification.vendor" value="Oracle Corporation"/>
    <property name="java.specification.name" value="Java Platform API Specification"/>
    <property name="FILE_LOG_CHARSET" value="UTF-8"/>
    <property name="java.awt.headless" value="true"/>
    <property name="surefire.real.class.path" value="C:\Users\catal\AppData\Local\Temp\surefire1382370608885218585\surefirebooter-20250220110252671_3.jar"/>
    <property name="user.script" value=""/>
    <property name="sun.management.compiler" value="HotSpot 64-Bit Tiered Compilers"/>
    <property name="java.runtime.version" value="21.0.2+13-LTS-58"/>
    <property name="user.name" value="catal"/>
    <property name="stdout.encoding" value="Cp1252"/>
    <property name="path.separator" value=";"/>
    <property name="os.version" value="10.0"/>
    <property name="java.runtime.name" value="Java(TM) SE Runtime Environment"/>
    <property name="file.encoding" value="UTF-8"/>
    <property name="java.vm.name" value="Java HotSpot(TM) 64-Bit Server VM"/>
    <property name="localRepository" value="C:\Users\catal\.m2\repository"/>
    <property name="java.vendor.url.bug" value="https://bugreport.java.com/bugreport/"/>
    <property name="java.io.tmpdir" value="C:\Users\catal\AppData\Local\Temp\"/>
    <property name="com.zaxxer.hikari.pool_number" value="2"/>
    <property name="java.version" value="21.0.2"/>
    <property name="user.dir" value="C:\Users\catal\Downloads\shop\shop"/>
    <property name="os.arch" value="amd64"/>
    <property name="java.vm.specification.name" value="Java Virtual Machine Specification"/>
    <property name="PID" value="8868"/>
    <property name="sun.os.patch.level" value=""/>
    <property name="CONSOLE_LOG_CHARSET" value="UTF-8"/>
    <property name="native.encoding" value="Cp1252"/>
    <property name="java.library.path" value="C:\Program Files\Java\jdk-21\bin;C:\Windows\Sun\Java\bin;C:\Windows\system32;C:\Windows;C:/Program Files/Java/jdk-21/bin/server;C:/Program Files/Java/jdk-21/bin;C:\Python313\Scripts\;C:\Python313\;C:\Program Files\Common Files\Oracle\Java\javapath;C:\Program Files (x86)\Common Files\Oracle\Java\javapath;C:\Windows\system32;C:\Windows;C:\Windows\System32\Wbem;C:\Windows\System32\WindowsPowerShell\v1.0\;C:\Windows\System32\OpenSSH\;C:\Program Files\Microsoft SQL Server\150\Tools\Binn\;C:\Program Files\Microsoft SQL Server\Client SDK\ODBC\170\Tools\Binn\;C:\Program Files\dotnet\;C:\Program Files (x86)\Windows Kits\10\Windows Performance Toolkit\;C:\Program Files\MATLAB\R2023b\runtime\win64;C:\Program Files\MATLAB\R2023b\bin;C:\Git\cmd;C:\Program Files\MySQL\MySQL Server 9.1\bin\;C:\Program Files\nodejs\;C:\ProgramData\chocolatey\bin;C:\Users\catal\AppData\Local\Programs\Python\Python311\Scripts\;C:\Users\catal\AppData\Local\Programs\Python\Python311\;C:\Users\catal\AppData\Local\Microsoft\WindowsApps;C:\Users\catal\.dotnet\tools;C:\Program Files\heroku\bin;C:\Users\catal\AppData\Roaming\npm;C:\Users\catal\AppData\Local\Programs\Microsoft VS Code\bin;C:\Users\catal\OneDrive\Desktop;;."/>
    <property name="java.vm.info" value="mixed mode, sharing"/>
    <property name="stderr.encoding" value="Cp1252"/>
    <property name="java.vendor" value="Oracle Corporation"/>
    <property name="java.vm.version" value="21.0.2+13-LTS-58"/>
    <property name="sun.io.unicode.encoding" value="UnicodeLittle"/>
    <property name="java.class.version" value="65.0"/>
    <property name="LOGGED_APPLICATION_NAME" value="[shop] "/>
  </properties>
  <testcase name="checkCartContent" classname="com.online.shop.CartControllerIntegrationTest" time="0.418">
    <system-out><![CDATA[2025-02-20T11:03:13.004+02:00 DEBUG 8868 --- [shop] [           main] .b.t.c.SpringBootTestContextBootstrapper : Neither @ContextConfiguration nor @ContextHierarchy found for test class [CartControllerIntegrationTest]: using SpringBootContextLoader
2025-02-20T11:03:13.005+02:00 DEBUG 8868 --- [shop] [           main] o.s.t.c.support.AbstractContextLoader    : Could not detect default resource locations for test class [com.online.shop.CartControllerIntegrationTest]: no resource found for suffixes {-context.xml, Context.groovy}.
2025-02-20T11:03:13.005+02:00  INFO 8868 --- [shop] [           main] t.c.s.AnnotationConfigContextLoaderUtils : Could not detect default configuration classes for test class [com.online.shop.CartControllerIntegrationTest]: CartControllerIntegrationTest does not declare any static, non-private, non-final, nested classes annotated with @Configuration.
2025-02-20T11:03:13.010+02:00 DEBUG 8868 --- [shop] [           main] .b.t.c.SpringBootTestContextBootstrapper : Using ContextCustomizerFactory implementations for test class [CartControllerIntegrationTest]: [ImportsContextCustomizerFactory, ExcludeFilterContextCustomizerFactory, HttpGraphQlTesterContextCustomizerFactory, DuplicateJsonObjectContextCustomizerFactory, MockitoContextCustomizerFactory, TestRestTemplateContextCustomizerFactory, WebTestClientContextCustomizerFactory, DisableReactorResourceFactoryGlobalResourcesContextCustomizerFactory, OnFailureConditionReportContextCustomizerFactory, OverrideAutoConfigurationContextCustomizerFactory, ObservabilityContextCustomizerFactory, TypeExcludeFiltersContextCustomizerFactory, PropertyMappingContextCustomizerFactory, WebDriverContextCustomizerFactory, BeanOverrideContextCustomizerFactory, MockServerContainerContextCustomizerFactory, DynamicPropertiesContextCustomizerFactory]
2025-02-20T11:03:13.015+02:00 DEBUG 8868 --- [shop] [           main] .b.t.c.SpringBootTestContextBootstrapper : Using ContextCustomizers for test class [CartControllerIntegrationTest]: [ImportsContextCustomizer, ExcludeFilterContextCustomizer, DuplicateJsonObjectContextCustomizer, MockitoContextCustomizer, TestRestTemplateContextCustomizer, DisableReactorResourceFactoryGlobalResourcesContextCustomizerCustomizer, OnFailureConditionReportContextCustomizer, DisableObservabilityContextCustomizer, PropertyMappingContextCustomizer, WebDriverContextCustomizer, DynamicPropertiesContextCustomizer]
2025-02-20T11:03:13.020+02:00  INFO 8868 --- [shop] [           main] .b.t.c.SpringBootTestContextBootstrapper : Found @SpringBootConfiguration com.online.shop.ShopApplication for test class com.online.shop.CartControllerIntegrationTest
2025-02-20T11:03:13.025+02:00 DEBUG 8868 --- [shop] [           main] .s.t.c.u.TestContextSpringFactoriesUtils : Skipping candidate TestExecutionListener [org.springframework.test.context.observation.MicrometerObservationRegistryTestExecutionListener] due to a missing dependency. Specify custom TestExecutionListener classes or make the default TestExecutionListener classes and their required dependencies available. Offending class: io.micrometer.context.ThreadLocalAccessor. MicrometerObservationRegistryTestExecutionListener requires io.micrometer:micrometer-observation:1.10.8 or higher and io.micrometer:context-propagation:1.0.3 or higher.
2025-02-20T11:03:13.025+02:00 DEBUG 8868 --- [shop] [           main] .b.t.c.SpringBootTestContextBootstrapper : Using TestExecutionListeners for test class [CartControllerIntegrationTest]: [ServletTestExecutionListener, DirtiesContextBeforeModesTestExecutionListener, ApplicationEventsTestExecutionListener, MockitoTestExecutionListener, BeanOverrideTestExecutionListener, DependencyInjectionTestExecutionListener, DirtiesContextTestExecutionListener, CommonCachesTestExecutionListener, TransactionalTestExecutionListener, SqlScriptsTestExecutionListener, EventPublishingTestExecutionListener, WithSecurityContextTestExecutionListener, ReactorContextTestExecutionListener, ResetMocksTestExecutionListener, RestDocsTestExecutionListener, MockRestServiceServerResetTestExecutionListener, MockMvcPrintOnlyOnFailureTestExecutionListener, WebDriverTestExecutionListener, MockWebServiceServerTestExecutionListener, MockitoResetTestExecutionListener]
2025-02-20T11:03:13.025+02:00 DEBUG 8868 --- [shop] [           main] sContextBeforeModesTestExecutionListener : Before test class: class [CartControllerIntegrationTest], class annotated with @DirtiesContext [false] with mode [null]
2025-02-20T11:03:13.120+02:00 DEBUG 8868 --- [shop] [           main] .s.b.w.s.c.ApplicationServletEnvironment : Activating profiles [test]
2025-02-20T11:03:13.126+02:00 DEBUG 8868 --- [shop] [           main] o.s.c.e.PropertySourcesPropertyResolver  : Found key 'spring.application.name' in PropertySource 'configurationProperties' with value of type String

  .   ____          _            __ _ _
 /\\ / ___'_ __ _ _(_)_ __  __ _ \ \ \ \
( ( )\___ | '_ | '_| | '_ \/ _` | \ \ \ \
 \\/  ___)| |_)| | | | | || (_| |  ) ) ) )
  '  |____| .__|_| |_|_| |_\__, | / / / /
 =========|_|==============|___/=/_/_/_/

 :: Spring Boot ::                (v3.4.1)

2025-02-20T11:03:13.173+02:00  INFO 8868 --- [shop] [           main] c.o.shop.CartControllerIntegrationTest   : Starting CartControllerIntegrationTest using Java 21.0.2 with PID 8868 (started by catal in C:\Users\catal\Downloads\shop\shop)
2025-02-20T11:03:13.173+02:00 DEBUG 8868 --- [shop] [           main] c.o.shop.CartControllerIntegrationTest   : Running with Spring Boot v3.4.1, Spring v6.2.1
2025-02-20T11:03:13.173+02:00  INFO 8868 --- [shop] [           main] c.o.shop.CartControllerIntegrationTest   : The following 1 profile is active: "test"
2025-02-20T11:03:13.173+02:00 DEBUG 8868 --- [shop] [           main] o.s.boot.SpringApplication               : Loading source class com.online.shop.ShopApplication
2025-02-20T11:03:13.180+02:00 DEBUG 8868 --- [shop] [           main] o.s.w.c.s.GenericWebApplicationContext   : Refreshing org.springframework.web.context.support.GenericWebApplicationContext@3f77cd24
2025-02-20T11:03:13.185+02:00 DEBUG 8868 --- [shop] [           main] o.s.b.f.s.DefaultListableBeanFactory     : Creating shared instance of singleton bean 'org.springframework.context.annotation.internalConfigurationAnnotationProcessor'
2025-02-20T11:03:13.185+02:00 DEBUG 8868 --- [shop] [           main] o.s.b.f.s.DefaultListableBeanFactory     : Creating shared instance of singleton bean 'org.springframework.boot.autoconfigure.internalCachingMetadataReaderFactory'
2025-02-20T11:03:13.325+02:00 DEBUG 8868 --- [shop] [           main] o.s.c.a.ClassPathBeanDefinitionScanner   : Identified candidate component class: file [C:\Users\catal\Downloads\shop\shop\target\classes\com\online\shop\components\AdminUserInitializer.class]
2025-02-20T11:03:13.325+02:00 DEBUG 8868 --- [shop] [           main] o.s.c.a.ClassPathBeanDefinitionScanner   : Identified candidate component class: file [C:\Users\catal\Downloads\shop\shop\target\classes\com\online\shop\components\CustomAuthenticationFailureHandler.class]
2025-02-20T11:03:13.336+02:00 DEBUG 8868 --- [shop] [           main] o.s.c.a.ClassPathBeanDefinitionScanner   : Identified candidate component class: file [C:\Users\catal\Downloads\shop\shop\target\classes\com\online\shop\components\PayPalHttpClient.class]
2025-02-20T11:03:13.340+02:00 DEBUG 8868 --- [shop] [           main] o.s.c.a.ClassPathBeanDefinitionScanner   : Identified candidate component class: file [C:\Users\catal\Downloads\shop\shop\target\classes\com\online\shop\configurations\CloudinaryConfiguration.class]
2025-02-20T11:03:13.346+02:00 DEBUG 8868 --- [shop] [           main] o.s.c.a.ClassPathBeanDefinitionScanner   : Identified candidate component class: file [C:\Users\catal\Downloads\shop\shop\target\classes\com\online\shop\configurations\CustomUserDetailsService.class]
2025-02-20T11:03:13.346+02:00 DEBUG 8868 --- [shop] [           main] o.s.c.a.ClassPathBeanDefinitionScanner   : Identified candidate component class: file [C:\Users\catal\Downloads\shop\shop\target\classes\com\online\shop\configurations\GlobalExceptionHandler.class]
2025-02-20T11:03:13.346+02:00 DEBUG 8868 --- [shop] [           main] o.s.c.a.ClassPathBeanDefinitionScanner   : Identified candidate component class: file [C:\Users\catal\Downloads\shop\shop\target\classes\com\online\shop\configurations\MailConfig.class]
2025-02-20T11:03:13.352+02:00 DEBUG 8868 --- [shop] [           main] o.s.c.a.ClassPathBeanDefinitionScanner   : Identified candidate component class: file [C:\Users\catal\Downloads\shop\shop\target\classes\com\online\shop\configurations\SecurityConfig.class]
2025-02-20T11:03:13.352+02:00 DEBUG 8868 --- [shop] [           main] o.s.c.a.ClassPathBeanDefinitionScanner   : Identified candidate component class: file [C:\Users\catal\Downloads\shop\shop\target\classes\com\online\shop\configurations\WebSocketConfig.class]
2025-02-20T11:03:13.352+02:00 DEBUG 8868 --- [shop] [           main] o.s.c.a.ClassPathBeanDefinitionScanner   : Identified candidate component class: file [C:\Users\catal\Downloads\shop\shop\target\classes\com\online\shop\controllers\AdminController.class]
2025-02-20T11:03:13.352+02:00 DEBUG 8868 --- [shop] [           main] o.s.c.a.ClassPathBeanDefinitionScanner   : Identified candidate component class: file [C:\Users\catal\Downloads\shop\shop\target\classes\com\online\shop\controllers\AuthController.class]
2025-02-20T11:03:13.352+02:00 DEBUG 8868 --- [shop] [           main] o.s.c.a.ClassPathBeanDefinitionScanner   : Identified candidate component class: file [C:\Users\catal\Downloads\shop\shop\target\classes\com\online\shop\controllers\CartController.class]
2025-02-20T11:03:13.360+02:00 DEBUG 8868 --- [shop] [           main] o.s.c.a.ClassPathBeanDefinitionScanner   : Identified candidate component class: file [C:\Users\catal\Downloads\shop\shop\target\classes\com\online\shop\controllers\ProductController.class]
2025-02-20T11:03:13.362+02:00 DEBUG 8868 --- [shop] [           main] o.s.c.a.ClassPathBeanDefinitionScanner   : Identified candidate component class: file [C:\Users\catal\Downloads\shop\shop\target\classes\com\online\shop\controllers\SettingsController.class]
2025-02-20T11:03:13.362+02:00 DEBUG 8868 --- [shop] [           main] o.s.c.a.ClassPathBeanDefinitionScanner   : Identified candidate component class: file [C:\Users\catal\Downloads\shop\shop\target\classes\com\online\shop\controllers\ViewController.class]
2025-02-20T11:03:13.362+02:00 DEBUG 8868 --- [shop] [           main] o.s.c.a.ClassPathBeanDefinitionScanner   : Identified candidate component class: file [C:\Users\catal\Downloads\shop\shop\target\classes\com\online\shop\controllers\WishListController.class]
2025-02-20T11:03:13.380+02:00 DEBUG 8868 --- [shop] [           main] o.s.c.a.ClassPathBeanDefinitionScanner   : Ignored because not a concrete top-level class: file [C:\Users\catal\Downloads\shop\shop\target\classes\com\online\shop\repositories\CartItemRepo.class]
2025-02-20T11:03:13.380+02:00 DEBUG 8868 --- [shop] [           main] o.s.c.a.ClassPathBeanDefinitionScanner   : Ignored because not a concrete top-level class: file [C:\Users\catal\Downloads\shop\shop\target\classes\com\online\shop\repositories\CartRepository.class]
2025-02-20T11:03:13.380+02:00 DEBUG 8868 --- [shop] [           main] o.s.c.a.ClassPathBeanDefinitionScanner   : Ignored because not a concrete top-level class: file [C:\Users\catal\Downloads\shop\shop\target\classes\com\online\shop\repositories\CategoryRepository.class]
2025-02-20T11:03:13.380+02:00 DEBUG 8868 --- [shop] [           main] o.s.c.a.ClassPathBeanDefinitionScanner   : Ignored because not a concrete top-level class: file [C:\Users\catal\Downloads\shop\shop\target\classes\com\online\shop\repositories\ImageRepo.class]
2025-02-20T11:03:13.380+02:00 DEBUG 8868 --- [shop] [           main] o.s.c.a.ClassPathBeanDefinitionScanner   : Ignored because not a concrete top-level class: file [C:\Users\catal\Downloads\shop\shop\target\classes\com\online\shop\repositories\OrderProductRepository.class]
2025-02-20T11:03:13.380+02:00 DEBUG 8868 --- [shop] [           main] o.s.c.a.ClassPathBeanDefinitionScanner   : Ignored because not a concrete top-level class: file [C:\Users\catal\Downloads\shop\shop\target\classes\com\online\shop\repositories\ProductRepository.class]
2025-02-20T11:03:13.380+02:00 DEBUG 8868 --- [shop] [           main] o.s.c.a.ClassPathBeanDefinitionScanner   : Ignored because not a concrete top-level class: file [C:\Users\catal\Downloads\shop\shop\target\classes\com\online\shop\repositories\ReviewRepository.class]
2025-02-20T11:03:13.390+02:00 DEBUG 8868 --- [shop] [           main] o.s.c.a.ClassPathBeanDefinitionScanner   : Ignored because not a concrete top-level class: file [C:\Users\catal\Downloads\shop\shop\target\classes\com\online\shop\repositories\ShipmentRepo.class]
2025-02-20T11:03:13.390+02:00 DEBUG 8868 --- [shop] [           main] o.s.c.a.ClassPathBeanDefinitionScanner   : Ignored because not a concrete top-level class: file [C:\Users\catal\Downloads\shop\shop\target\classes\com\online\shop\repositories\UserRepository.class]
2025-02-20T11:03:13.390+02:00 DEBUG 8868 --- [shop] [           main] o.s.c.a.ClassPathBeanDefinitionScanner   : Ignored because not a concrete top-level class: file [C:\Users\catal\Downloads\shop\shop\target\classes\com\online\shop\repositories\WishListRepository.class]
2025-02-20T11:03:13.393+02:00 DEBUG 8868 --- [shop] [           main] o.s.c.a.ClassPathBeanDefinitionScanner   : Identified candidate component class: file [C:\Users\catal\Downloads\shop\shop\target\classes\com\online\shop\services\AdminService.class]
2025-02-20T11:03:13.393+02:00 DEBUG 8868 --- [shop] [           main] o.s.c.a.ClassPathBeanDefinitionScanner   : Identified candidate component class: file [C:\Users\catal\Downloads\shop\shop\target\classes\com\online\shop\services\AuthService.class]
2025-02-20T11:03:13.393+02:00 DEBUG 8868 --- [shop] [           main] o.s.c.a.ClassPathBeanDefinitionScanner   : Identified candidate component class: file [C:\Users\catal\Downloads\shop\shop\target\classes\com\online\shop\services\CartService.class]
2025-02-20T11:03:13.393+02:00 DEBUG 8868 --- [shop] [           main] o.s.c.a.ClassPathBeanDefinitionScanner   : Identified candidate component class: file [C:\Users\catal\Downloads\shop\shop\target\classes\com\online\shop\services\CloudinaryService.class]
2025-02-20T11:03:13.400+02:00 DEBUG 8868 --- [shop] [           main] o.s.c.a.ClassPathBeanDefinitionScanner   : Identified candidate component class: file [C:\Users\catal\Downloads\shop\shop\target\classes\com\online\shop\services\MailService.class]
2025-02-20T11:03:13.400+02:00 DEBUG 8868 --- [shop] [           main] o.s.c.a.ClassPathBeanDefinitionScanner   : Identified candidate component class: file [C:\Users\catal\Downloads\shop\shop\target\classes\com\online\shop\services\NotificationsService.class]
2025-02-20T11:03:13.400+02:00 DEBUG 8868 --- [shop] [           main] o.s.c.a.ClassPathBeanDefinitionScanner   : Identified candidate component class: file [C:\Users\catal\Downloads\shop\shop\target\classes\com\online\shop\services\ProductService.class]
2025-02-20T11:03:13.400+02:00 DEBUG 8868 --- [shop] [           main] o.s.c.a.ClassPathBeanDefinitionScanner   : Identified candidate component class: file [C:\Users\catal\Downloads\shop\shop\target\classes\com\online\shop\services\SettingsService.class]
2025-02-20T11:03:13.400+02:00 DEBUG 8868 --- [shop] [           main] o.s.c.a.ClassPathBeanDefinitionScanner   : Identified candidate component class: file [C:\Users\catal\Downloads\shop\shop\target\classes\com\online\shop\services\WishListService.class]
2025-02-20T11:03:14.030+02:00  INFO 8868 --- [shop] [           main] .s.d.r.c.RepositoryConfigurationDelegate : Bootstrapping Spring Data JPA repositories in DEFAULT mode.
2025-02-20T11:03:14.037+02:00 DEBUG 8868 --- [shop] [           main] o.s.b.f.s.DefaultListableBeanFactory     : Creating shared instance of singleton bean 'org.springframework.boot.autoconfigure.AutoConfigurationPackages'
2025-02-20T11:03:14.037+02:00 DEBUG 8868 --- [shop] [           main] o.s.b.a.AutoConfigurationPackages        : @EnableAutoConfiguration was declared on a class in the package 'com.online.shop'. Automatic @Repository and @Entity scanning is enabled.
2025-02-20T11:03:14.040+02:00 DEBUG 8868 --- [shop] [           main] .s.d.r.c.RepositoryConfigurationDelegate : Scanning for JPA repositories in packages com.online.shop.
2025-02-20T11:03:14.052+02:00 DEBUG 8868 --- [shop] [           main] o.s.d.r.c.RepositoryComponentProvider    : Identified candidate component class: file [C:\Users\catal\Downloads\shop\shop\target\classes\com\online\shop\repositories\CartItemRepo.class]
2025-02-20T11:03:14.052+02:00 DEBUG 8868 --- [shop] [           main] o.s.d.r.c.RepositoryComponentProvider    : Identified candidate component class: file [C:\Users\catal\Downloads\shop\shop\target\classes\com\online\shop\repositories\CartRepository.class]
2025-02-20T11:03:14.052+02:00 DEBUG 8868 --- [shop] [           main] o.s.d.r.c.RepositoryComponentProvider    : Identified candidate component class: file [C:\Users\catal\Downloads\shop\shop\target\classes\com\online\shop\repositories\CategoryRepository.class]
2025-02-20T11:03:14.052+02:00 DEBUG 8868 --- [shop] [           main] o.s.d.r.c.RepositoryComponentProvider    : Identified candidate component class: file [C:\Users\catal\Downloads\shop\shop\target\classes\com\online\shop\repositories\ImageRepo.class]
2025-02-20T11:03:14.052+02:00 DEBUG 8868 --- [shop] [           main] o.s.d.r.c.RepositoryComponentProvider    : Identified candidate component class: file [C:\Users\catal\Downloads\shop\shop\target\classes\com\online\shop\repositories\OrderProductRepository.class]
2025-02-20T11:03:14.052+02:00 DEBUG 8868 --- [shop] [           main] o.s.d.r.c.RepositoryComponentProvider    : Identified candidate component class: file [C:\Users\catal\Downloads\shop\shop\target\classes\com\online\shop\repositories\OrderRepository.class]
2025-02-20T11:03:14.059+02:00 DEBUG 8868 --- [shop] [           main] o.s.d.r.c.RepositoryComponentProvider    : Identified candidate component class: file [C:\Users\catal\Downloads\shop\shop\target\classes\com\online\shop\repositories\ProductRepository.class]
2025-02-20T11:03:14.059+02:00 DEBUG 8868 --- [shop] [           main] o.s.d.r.c.RepositoryComponentProvider    : Identified candidate component class: file [C:\Users\catal\Downloads\shop\shop\target\classes\com\online\shop\repositories\ReviewRepository.class]
2025-02-20T11:03:14.059+02:00 DEBUG 8868 --- [shop] [           main] o.s.d.r.c.RepositoryComponentProvider    : Identified candidate component class: file [C:\Users\catal\Downloads\shop\shop\target\classes\com\online\shop\repositories\ShipmentRepo.class]
2025-02-20T11:03:14.059+02:00 DEBUG 8868 --- [shop] [           main] o.s.d.r.c.RepositoryComponentProvider    : Identified candidate component class: file [C:\Users\catal\Downloads\shop\shop\target\classes\com\online\shop\repositories\UserRepository.class]
2025-02-20T11:03:14.059+02:00 DEBUG 8868 --- [shop] [           main] o.s.d.r.c.RepositoryComponentProvider    : Identified candidate component class: file [C:\Users\catal\Downloads\shop\shop\target\classes\com\online\shop\repositories\WishListRepository.class]
2025-02-20T11:03:14.110+02:00  INFO 8868 --- [shop] [           main] .s.d.r.c.RepositoryConfigurationDelegate : Finished Spring Data repository scanning in 77 ms. Found 11 JPA repository interfaces.
2025-02-20T11:03:14.270+02:00 DEBUG 8868 --- [shop] [           main] o.s.b.f.s.DefaultListableBeanFactory     : Creating shared instance of singleton bean 'org.springframework.boot.test.context.ImportsContextCustomizer$ImportsCleanupPostProcessor'
2025-02-20T11:03:14.270+02:00 DEBUG 8868 --- [shop] [           main] o.s.b.f.s.DefaultListableBeanFactory     : Creating shared instance of singleton bean 'springSecurityHandlerMappingIntrospectorBeanDefinitionRegistryPostProcessor'
2025-02-20T11:03:14.281+02:00 DEBUG 8868 --- [shop] [           main] o.s.b.f.s.DefaultListableBeanFactory     : Creating shared instance of singleton bean 'propertySourcesPlaceholderConfigurer'
2025-02-20T11:03:14.290+02:00 DEBUG 8868 --- [shop] [           main] o.s.b.f.s.DefaultListableBeanFactory     : Creating shared instance of singleton bean 'org.springframework.boot.test.mock.mockito.MockitoPostProcessor'
2025-02-20T11:03:14.290+02:00 DEBUG 8868 --- [shop] [           main] o.s.b.f.s.DefaultListableBeanFactory     : Creating shared instance of singleton bean 'webSocketScopeConfigurer'
2025-02-20T11:03:14.290+02:00 DEBUG 8868 --- [shop] [           main] o.s.b.f.s.DefaultListableBeanFactory     : Creating shared instance of singleton bean 'emBeanDefinitionRegistrarPostProcessor'
2025-02-20T11:03:14.290+02:00 DEBUG 8868 --- [shop] [           main] o.s.b.f.s.DefaultListableBeanFactory     : Creating shared instance of singleton bean 'org.springframework.boot.sql.init.dependency.DatabaseInitializationDependencyConfigurer$DependsOnDatabaseInitializationPostProcessor'
2025-02-20T11:03:14.320+02:00 DEBUG 8868 --- [shop] [           main] o.s.b.f.s.DefaultListableBeanFactory     : Creating shared instance of singleton bean 'org.springframework.context.event.internalEventListenerProcessor'
2025-02-20T11:03:14.320+02:00 DEBUG 8868 --- [shop] [           main] o.s.b.f.s.DefaultListableBeanFactory     : Creating shared instance of singleton bean 'conversionServicePostProcessor'
2025-02-20T11:03:14.320+02:00 DEBUG 8868 --- [shop] [           main] o.s.b.f.s.DefaultListableBeanFactory     : Creating shared instance of singleton bean 'preserveErrorControllerTargetClassPostProcessor'
2025-02-20T11:03:14.320+02:00 DEBUG 8868 --- [shop] [           main] o.s.b.f.s.DefaultListableBeanFactory     : Creating shared instance of singleton bean 'org.springframework.context.event.internalEventListenerFactory'
2025-02-20T11:03:14.320+02:00 DEBUG 8868 --- [shop] [           main] o.s.b.f.s.DefaultListableBeanFactory     : Creating shared instance of singleton bean 'org.springframework.transaction.config.internalTransactionalEventListenerFactory'
2025-02-20T11:03:14.329+02:00 DEBUG 8868 --- [shop] [           main] o.s.b.f.s.DefaultListableBeanFactory     : Creating shared instance of singleton bean 'org.springframework.context.annotation.internalAutowiredAnnotationProcessor'
2025-02-20T11:03:14.330+02:00 DEBUG 8868 --- [shop] [           main] o.s.b.f.s.DefaultListableBeanFactory     : Creating shared instance of singleton bean 'org.springframework.context.annotation.internalCommonAnnotationProcessor'
2025-02-20T11:03:14.330+02:00 DEBUG 8868 --- [shop] [           main] o.s.b.f.s.DefaultListableBeanFactory     : Creating shared instance of singleton bean 'org.springframework.context.annotation.internalPersistenceAnnotationProcessor'
2025-02-20T11:03:14.330+02:00 DEBUG 8868 --- [shop] [           main] o.s.b.f.s.DefaultListableBeanFactory     : Creating shared instance of singleton bean 'org.springframework.boot.test.mock.mockito.MockitoPostProcessor$SpyPostProcessor'
2025-02-20T11:03:14.330+02:00 DEBUG 8868 --- [shop] [           main] o.s.b.f.s.DefaultListableBeanFactory     : Creating shared instance of singleton bean 'org.springframework.boot.context.properties.ConfigurationPropertiesBindingPostProcessor'
2025-02-20T11:03:14.330+02:00 DEBUG 8868 --- [shop] [           main] o.s.b.f.s.DefaultListableBeanFactory     : Creating shared instance of singleton bean 'org.springframework.boot.context.internalConfigurationPropertiesBinder'
2025-02-20T11:03:14.330+02:00 DEBUG 8868 --- [shop] [           main] o.s.b.f.s.DefaultListableBeanFactory     : Creating shared instance of singleton bean 'jdbcConnectionDetailsHikariBeanPostProcessor'
2025-02-20T11:03:14.335+02:00 DEBUG 8868 --- [shop] [           main] o.s.b.f.s.DefaultListableBeanFactory     : Creating shared instance of singleton bean 'org.springframework.context.annotation.internalScheduledAnnotationProcessor'
2025-02-20T11:03:14.335+02:00 DEBUG 8868 --- [shop] [           main] o.s.b.f.s.DefaultListableBeanFactory     : Creating shared instance of singleton bean 'org.springframework.scheduling.annotation.SchedulingConfiguration'
2025-02-20T11:03:14.337+02:00 DEBUG 8868 --- [shop] [           main] o.s.b.f.s.DefaultListableBeanFactory     : Creating shared instance of singleton bean 'org.springframework.aop.config.internalAutoProxyCreator'
2025-02-20T11:03:14.340+02:00 DEBUG 8868 --- [shop] [           main] o.s.b.f.s.DefaultListableBeanFactory     : Creating shared instance of singleton bean 'persistenceExceptionTranslationPostProcessor'
2025-02-20T11:03:14.340+02:00 DEBUG 8868 --- [shop] [           main] o.s.b.f.s.DefaultListableBeanFactory     : Autowiring by type from bean name 'persistenceExceptionTranslationPostProcessor' via factory method to bean named 'environment'
2025-02-20T11:03:14.340+02:00 DEBUG 8868 --- [shop] [           main] o.s.b.f.s.DefaultListableBeanFactory     : Creating shared instance of singleton bean 'webServerFactoryCustomizerBeanPostProcessor'
2025-02-20T11:03:14.340+02:00 DEBUG 8868 --- [shop] [           main] o.s.b.f.s.DefaultListableBeanFactory     : Creating shared instance of singleton bean 'errorPageRegistrarBeanPostProcessor'
2025-02-20T11:03:14.340+02:00 DEBUG 8868 --- [shop] [           main] o.s.b.f.s.DefaultListableBeanFactory     : Creating shared instance of singleton bean 'projectingArgumentResolverBeanPostProcessor'
2025-02-20T11:03:14.345+02:00 DEBUG 8868 --- [shop] [           main] o.s.b.f.s.DefaultListableBeanFactory     : Creating shared instance of singleton bean 'org.springframework.transaction.config.internalTransactionAdvisor'
2025-02-20T11:03:14.345+02:00 DEBUG 8868 --- [shop] [           main] o.s.b.f.s.DefaultListableBeanFactory     : Creating shared instance of singleton bean 'org.springframework.transaction.annotation.ProxyTransactionManagementConfiguration'
2025-02-20T11:03:14.365+02:00 DEBUG 8868 --- [shop] [           main] o.s.b.f.s.DefaultListableBeanFactory     : Creating shared instance of singleton bean 'transactionAttributeSource'
2025-02-20T11:03:14.370+02:00 DEBUG 8868 --- [shop] [           main] o.s.b.f.s.DefaultListableBeanFactory     : Creating shared instance of singleton bean 'transactionInterceptor'
2025-02-20T11:03:14.370+02:00 DEBUG 8868 --- [shop] [           main] o.s.b.f.s.DefaultListableBeanFactory     : Autowiring by type from bean name 'transactionInterceptor' via factory method to bean named 'transactionAttributeSource'
2025-02-20T11:03:14.370+02:00 DEBUG 8868 --- [shop] [           main] o.s.b.f.s.DefaultListableBeanFactory     : Autowiring by type from bean name 'org.springframework.transaction.config.internalTransactionAdvisor' via factory method to bean named 'transactionAttributeSource'
2025-02-20T11:03:14.370+02:00 DEBUG 8868 --- [shop] [           main] o.s.b.f.s.DefaultListableBeanFactory     : Autowiring by type from bean name 'org.springframework.transaction.config.internalTransactionAdvisor' via factory method to bean named 'transactionInterceptor'
2025-02-20T11:03:14.370+02:00 DEBUG 8868 --- [shop] [           main] o.s.u.c.s.UiApplicationContextUtils      : Unable to locate ThemeSource with name 'themeSource': using default [org.springframework.ui.context.support.ResourceBundleThemeSource@6ab35ce3]
2025-02-20T11:03:14.377+02:00 DEBUG 8868 --- [shop] [           main] o.s.b.f.s.DefaultListableBeanFactory     : Creating shared instance of singleton bean 'org.springframework.test.context.support.internalDynamicPropertyRegistrarBeanInitializer'
2025-02-20T11:03:14.380+02:00 DEBUG 8868 --- [shop] [           main] o.s.b.f.s.DefaultListableBeanFactory     : Creating shared instance of singleton bean 'dataSourceScriptDatabaseInitializer'
2025-02-20T11:03:14.380+02:00 DEBUG 8868 --- [shop] [           main] o.s.b.f.s.DefaultListableBeanFactory     : Creating shared instance of singleton bean 'org.springframework.boot.autoconfigure.sql.init.DataSourceInitializationConfiguration'
2025-02-20T11:03:14.380+02:00 DEBUG 8868 --- [shop] [           main] o.s.b.f.s.DefaultListableBeanFactory     : Creating shared instance of singleton bean 'dataSource'
2025-02-20T11:03:14.380+02:00 DEBUG 8868 --- [shop] [           main] o.s.b.f.s.DefaultListableBeanFactory     : Creating shared instance of singleton bean 'org.springframework.boot.autoconfigure.jdbc.DataSourceConfiguration$Hikari'
2025-02-20T11:03:14.385+02:00 DEBUG 8868 --- [shop] [           main] o.s.b.f.s.DefaultListableBeanFactory     : Creating shared instance of singleton bean 'spring.datasource-org.springframework.boot.autoconfigure.jdbc.DataSourceProperties'
2025-02-20T11:03:14.385+02:00 DEBUG 8868 --- [shop] [           main] o.s.b.f.s.DefaultListableBeanFactory     : Creating shared instance of singleton bean 'org.springframework.boot.context.properties.BoundConfigurationProperties'
2025-02-20T11:03:14.400+02:00 DEBUG 8868 --- [shop] [           main] o.s.b.f.s.DefaultListableBeanFactory     : Creating shared instance of singleton bean 'jdbcConnectionDetails'
2025-02-20T11:03:14.400+02:00 DEBUG 8868 --- [shop] [           main] o.s.b.f.s.DefaultListableBeanFactory     : Creating shared instance of singleton bean 'org.springframework.boot.autoconfigure.jdbc.DataSourceAutoConfiguration$PooledDataSourceConfiguration'
2025-02-20T11:03:14.400+02:00 DEBUG 8868 --- [shop] [           main] o.s.b.f.s.DefaultListableBeanFactory     : Autowiring by type from bean name 'jdbcConnectionDetails' via factory method to bean named 'spring.datasource-org.springframework.boot.autoconfigure.jdbc.DataSourceProperties'
2025-02-20T11:03:14.400+02:00 DEBUG 8868 --- [shop] [           main] o.s.b.f.s.DefaultListableBeanFactory     : Autowiring by type from bean name 'dataSource' via factory method to bean named 'spring.datasource-org.springframework.boot.autoconfigure.jdbc.DataSourceProperties'
2025-02-20T11:03:14.400+02:00 DEBUG 8868 --- [shop] [           main] o.s.b.f.s.DefaultListableBeanFactory     : Autowiring by type from bean name 'dataSource' via factory method to bean named 'jdbcConnectionDetails'
2025-02-20T11:03:14.425+02:00 DEBUG 8868 --- [shop] [           main] o.s.b.f.s.DefaultListableBeanFactory     : Creating shared instance of singleton bean 'spring.sql.init-org.springframework.boot.autoconfigure.sql.init.SqlInitializationProperties'
2025-02-20T11:03:14.430+02:00 DEBUG 8868 --- [shop] [           main] o.s.b.f.s.DefaultListableBeanFactory     : Autowiring by type from bean name 'dataSourceScriptDatabaseInitializer' via factory method to bean named 'dataSource'
2025-02-20T11:03:14.430+02:00 DEBUG 8868 --- [shop] [           main] o.s.b.f.s.DefaultListableBeanFactory     : Autowiring by type from bean name 'dataSourceScriptDatabaseInitializer' via factory method to bean named 'spring.sql.init-org.springframework.boot.autoconfigure.sql.init.SqlInitializationProperties'
2025-02-20T11:03:14.437+02:00 DEBUG 8868 --- [shop] [           main] o.s.b.f.s.DefaultListableBeanFactory     : Creating shared instance of singleton bean 'entityManagerFactory'
2025-02-20T11:03:14.437+02:00 DEBUG 8868 --- [shop] [           main] o.s.b.f.s.DefaultListableBeanFactory     : Creating shared instance of singleton bean 'org.springframework.boot.autoconfigure.orm.jpa.HibernateJpaConfiguration'
2025-02-20T11:03:14.440+02:00 DEBUG 8868 --- [shop] [           main] o.s.b.f.s.DefaultListableBeanFactory     : Creating shared instance of singleton bean 'spring.jpa-org.springframework.boot.autoconfigure.orm.jpa.JpaProperties'
2025-02-20T11:03:14.450+02:00 DEBUG 8868 --- [shop] [           main] o.s.b.f.s.DefaultListableBeanFactory     : Creating shared instance of singleton bean 'spring.jpa.hibernate-org.springframework.boot.autoconfigure.orm.jpa.HibernateProperties'
2025-02-20T11:03:14.577+02:00 DEBUG 8868 --- [shop] [           main] o.s.b.f.s.DefaultListableBeanFactory     : Autowiring by type from bean name 'org.springframework.boot.autoconfigure.orm.jpa.HibernateJpaConfiguration' via constructor to bean named 'dataSource'
2025-02-20T11:03:14.577+02:00 DEBUG 8868 --- [shop] [           main] o.s.b.f.s.DefaultListableBeanFactory     : Autowiring by type from bean name 'org.springframework.boot.autoconfigure.orm.jpa.HibernateJpaConfiguration' via constructor to bean named 'spring.jpa-org.springframework.boot.autoconfigure.orm.jpa.JpaProperties'
2025-02-20T11:03:14.577+02:00 DEBUG 8868 --- [shop] [           main] o.s.b.f.s.DefaultListableBeanFactory     : Autowiring by type from bean name 'org.springframework.boot.autoconfigure.orm.jpa.HibernateJpaConfiguration' via constructor to bean named 'org.springframework.beans.factory.support.DefaultListableBeanFactory@39dbea69'
2025-02-20T11:03:14.578+02:00 DEBUG 8868 --- [shop] [           main] o.s.b.f.s.DefaultListableBeanFactory     : Autowiring by type from bean name 'org.springframework.boot.autoconfigure.orm.jpa.HibernateJpaConfiguration' via constructor to bean named 'spring.jpa.hibernate-org.springframework.boot.autoconfigure.orm.jpa.HibernateProperties'
2025-02-20T11:03:14.580+02:00 DEBUG 8868 --- [shop] [           main] o.s.b.f.s.DefaultListableBeanFactory     : Creating shared instance of singleton bean 'hikariPoolDataSourceMetadataProvider'
2025-02-20T11:03:14.581+02:00 DEBUG 8868 --- [shop] [           main] o.s.b.f.s.DefaultListableBeanFactory     : Creating shared instance of singleton bean 'org.springframework.boot.autoconfigure.jdbc.metadata.DataSourcePoolMetadataProvidersConfiguration$HikariPoolDataSourceMetadataProviderConfiguration'
2025-02-20T11:03:14.581+02:00 DEBUG 8868 --- [shop] [           main] o.s.b.f.s.DefaultListableBeanFactory     : Creating shared instance of singleton bean 'entityManagerFactoryBuilder'
2025-02-20T11:03:14.581+02:00 DEBUG 8868 --- [shop] [           main] o.s.b.f.s.DefaultListableBeanFactory     : Creating shared instance of singleton bean 'jpaVendorAdapter'
2025-02-20T11:03:14.590+02:00 DEBUG 8868 --- [shop] [           main] o.s.b.f.s.DefaultListableBeanFactory     : Autowiring by type from bean name 'entityManagerFactoryBuilder' via factory method to bean named 'jpaVendorAdapter'
2025-02-20T11:03:14.595+02:00 DEBUG 8868 --- [shop] [           main] o.s.b.f.s.DefaultListableBeanFactory     : Creating shared instance of singleton bean 'persistenceManagedTypes'
2025-02-20T11:03:14.597+02:00 DEBUG 8868 --- [shop] [           main] o.s.b.f.s.DefaultListableBeanFactory     : Autowiring by type from bean name 'persistenceManagedTypes' via factory method to bean named 'org.springframework.beans.factory.support.DefaultListableBeanFactory@39dbea69'
2025-02-20T11:03:14.597+02:00 DEBUG 8868 --- [shop] [           main] o.s.b.f.s.DefaultListableBeanFactory     : Autowiring by type from bean name 'persistenceManagedTypes' via factory method to bean named 'org.springframework.web.context.support.GenericWebApplicationContext@3f77cd24'
2025-02-20T11:03:14.613+02:00 DEBUG 8868 --- [shop] [           main] o.s.b.f.s.DefaultListableBeanFactory     : Autowiring by type from bean name 'entityManagerFactory' via factory method to bean named 'entityManagerFactoryBuilder'
2025-02-20T11:03:14.613+02:00 DEBUG 8868 --- [shop] [           main] o.s.b.f.s.DefaultListableBeanFactory     : Autowiring by type from bean name 'entityManagerFactory' via factory method to bean named 'persistenceManagedTypes'
2025-02-20T11:03:14.613+02:00 DEBUG 8868 --- [shop] [           main] j.LocalContainerEntityManagerFactoryBean : Building JPA container EntityManagerFactory for persistence unit 'default'
2025-02-20T11:03:14.613+02:00  INFO 8868 --- [shop] [           main] o.hibernate.jpa.internal.util.LogHelper  : HHH000204: Processing PersistenceUnitInfo [name: default]
2025-02-20T11:03:14.629+02:00  INFO 8868 --- [shop] [           main] o.h.c.internal.RegionFactoryInitiator    : HHH000026: Second-level cache disabled
2025-02-20T11:03:14.656+02:00  INFO 8868 --- [shop] [           main] o.s.o.j.p.SpringPersistenceUnitInfo      : No LoadTimeWeaver setup: ignoring JPA class transformer
2025-02-20T11:03:14.656+02:00  INFO 8868 --- [shop] [           main] com.zaxxer.hikari.HikariDataSource       : HikariPool-2 - Starting...
2025-02-20T11:03:14.660+02:00  INFO 8868 --- [shop] [           main] com.zaxxer.hikari.pool.HikariPool        : HikariPool-2 - Added connection conn10: url=jdbc:h2:mem:testdb user=SA
2025-02-20T11:03:14.660+02:00  INFO 8868 --- [shop] [           main] com.zaxxer.hikari.HikariDataSource       : HikariPool-2 - Start completed.
2025-02-20T11:03:14.660+02:00  WARN 8868 --- [shop] [           main] org.hibernate.orm.deprecation            : HHH90000025: H2Dialect does not need to be specified explicitly using 'hibernate.dialect' (remove the property setting and it will be selected by default)
2025-02-20T11:03:14.660+02:00  INFO 8868 --- [shop] [           main] org.hibernate.orm.connections.pooling    : HHH10001005: Database info:
	Database JDBC URL [Connecting through datasource 'HikariDataSource (HikariPool-2)']
	Database driver: undefined/unknown
	Database version: 2.3.232
	Autocommit mode: undefined/unknown
	Isolation level: undefined/unknown
	Minimum pool size: undefined/unknown
	Maximum pool size: undefined/unknown
2025-02-20T11:03:15.190+02:00 DEBUG 8868 --- [shop] [           main] org.hibernate.SQL                        : create global temporary table HTE_review(rating integer, rn_ integer not null, created_at timestamp(6), id bigint, product_id bigint, user_id bigint, posted_by varchar(255), text varchar(255), primary key (rn_)) TRANSACTIONAL
Hibernate: create global temporary table HTE_review(rating integer, rn_ integer not null, created_at timestamp(6), id bigint, product_id bigint, user_id bigint, posted_by varchar(255), text varchar(255), primary key (rn_)) TRANSACTIONAL
2025-02-20T11:03:15.210+02:00 DEBUG 8868 --- [shop] [           main] org.hibernate.SQL                        : create global temporary table HTE_shipment(rn_ integer not null, id bigint, user_id bigint, address_line1 varchar(255), address_line2 varchar(255), country varchar(255), first_name varchar(255), last_name varchar(255), phone_number varchar(255), postal_code varchar(255), province varchar(255), town varchar(255), primary key (rn_)) TRANSACTIONAL
Hibernate: create global temporary table HTE_shipment(rn_ integer not null, id bigint, user_id bigint, address_line1 varchar(255), address_line2 varchar(255), country varchar(255), first_name varchar(255), last_name varchar(255), phone_number varchar(255), postal_code varchar(255), province varchar(255), town varchar(255), primary key (rn_)) TRANSACTIONAL
2025-02-20T11:03:15.210+02:00 DEBUG 8868 --- [shop] [           main] org.hibernate.SQL                        : create global temporary table HTE_category(rn_ integer not null, id bigint, name varchar(255), primary key (rn_)) TRANSACTIONAL
Hibernate: create global temporary table HTE_category(rn_ integer not null, id bigint, name varchar(255), primary key (rn_)) TRANSACTIONAL
2025-02-20T11:03:15.210+02:00 DEBUG 8868 --- [shop] [           main] org.hibernate.SQL                        : create global temporary table HTE_product_image(rn_ integer not null, saving_option integer, id bigint, product_id bigint, name varchar(255), public_id varchar(255), url varchar(255), data blob, primary key (rn_)) TRANSACTIONAL
Hibernate: create global temporary table HTE_product_image(rn_ integer not null, saving_option integer, id bigint, product_id bigint, name varchar(255), public_id varchar(255), url varchar(255), data blob, primary key (rn_)) TRANSACTIONAL
2025-02-20T11:03:15.215+02:00 DEBUG 8868 --- [shop] [           main] org.hibernate.SQL                        : create global temporary table HTE_transaction(rn_ integer not null, amount float(53), id bigint, transaction_date timestamp(6), user_id bigint, currency varchar(255), payment_method varchar(255), status varchar(255), transaction_id varchar(255), primary key (rn_)) TRANSACTIONAL
Hibernate: create global temporary table HTE_transaction(rn_ integer not null, amount float(53), id bigint, transaction_date timestamp(6), user_id bigint, currency varchar(255), payment_method varchar(255), status varchar(255), transaction_id varchar(255), primary key (rn_)) TRANSACTIONAL
2025-02-20T11:03:15.215+02:00 DEBUG 8868 --- [shop] [           main] org.hibernate.SQL                        : create global temporary table HTE_wish_list(rn_ integer not null, id bigint, user_id bigint, primary key (rn_)) TRANSACTIONAL
Hibernate: create global temporary table HTE_wish_list(rn_ integer not null, id bigint, user_id bigint, primary key (rn_)) TRANSACTIONAL
2025-02-20T11:03:15.220+02:00 DEBUG 8868 --- [shop] [           main] org.hibernate.SQL                        : create global temporary table HTE_cart_item(quantity integer, rn_ integer not null, cart_id bigint, id bigint, product_id bigint, primary key (rn_)) TRANSACTIONAL
Hibernate: create global temporary table HTE_cart_item(quantity integer, rn_ integer not null, cart_id bigint, id bigint, product_id bigint, primary key (rn_)) TRANSACTIONAL
2025-02-20T11:03:15.220+02:00 DEBUG 8868 --- [shop] [           main] org.hibernate.SQL                        : create global temporary table HTE_shopping_cart(rn_ integer not null, id bigint, user_id bigint, primary key (rn_)) TRANSACTIONAL
Hibernate: create global temporary table HTE_shopping_cart(rn_ integer not null, id bigint, user_id bigint, primary key (rn_)) TRANSACTIONAL
2025-02-20T11:03:15.220+02:00 DEBUG 8868 --- [shop] [           main] org.hibernate.SQL                        : create global temporary table HTE_users(rn_ integer not null, verified boolean, code_expiration timestamp(6), id bigint, email varchar(255), fcm_token varchar(255), password varchar(255), role varchar(255), username varchar(255), verification_code varchar(255), primary key (rn_)) TRANSACTIONAL
Hibernate: create global temporary table HTE_users(rn_ integer not null, verified boolean, code_expiration timestamp(6), id bigint, email varchar(255), fcm_token varchar(255), password varchar(255), role varchar(255), username varchar(255), verification_code varchar(255), primary key (rn_)) TRANSACTIONAL
2025-02-20T11:03:15.220+02:00 DEBUG 8868 --- [shop] [           main] org.hibernate.SQL                        : create global temporary table HTE_order_product(quantity integer, rn_ integer not null, saving_option integer, id bigint, order_id bigint, price float(53), product_id bigint, name varchar(255), product_name varchar(255), public_id varchar(255), url varchar(255), data blob, primary key (rn_)) TRANSACTIONAL
Hibernate: create global temporary table HTE_order_product(quantity integer, rn_ integer not null, saving_option integer, id bigint, order_id bigint, price float(53), product_id bigint, name varchar(255), product_name varchar(255), public_id varchar(255), url varchar(255), data blob, primary key (rn_)) TRANSACTIONAL
2025-02-20T11:03:15.225+02:00 DEBUG 8868 --- [shop] [           main] org.hibernate.SQL                        : create global temporary table HTE_orders(rn_ integer not null, created_at timestamp(6), id bigint, total float(53), user_id bigint, status varchar(255), primary key (rn_)) TRANSACTIONAL
Hibernate: create global temporary table HTE_orders(rn_ integer not null, created_at timestamp(6), id bigint, total float(53), user_id bigint, status varchar(255), primary key (rn_)) TRANSACTIONAL
2025-02-20T11:03:15.225+02:00 DEBUG 8868 --- [shop] [           main] org.hibernate.SQL                        : create global temporary table HTE_product(discount integer, rn_ integer not null, stock integer, category_id bigint, created_at timestamp(6), id bigint, price float(53), rating float(53), sales bigint, description varchar(255), name varchar(255), primary key (rn_)) TRANSACTIONAL
Hibernate: create global temporary table HTE_product(discount integer, rn_ integer not null, stock integer, category_id bigint, created_at timestamp(6), id bigint, price float(53), rating float(53), sales bigint, description varchar(255), name varchar(255), primary key (rn_)) TRANSACTIONAL
2025-02-20T11:03:15.337+02:00  INFO 8868 --- [shop] [           main] o.h.e.t.j.p.i.JtaPlatformInitiator       : HHH000489: No JTA platform available (set 'hibernate.transaction.jta.platform' to enable JTA platform integration)
2025-02-20T11:03:15.337+02:00 DEBUG 8868 --- [shop] [           main] org.hibernate.SQL                        : drop table if exists cart_item cascade 
Hibernate: drop table if exists cart_item cascade 
2025-02-20T11:03:15.342+02:00 DEBUG 8868 --- [shop] [           main] org.hibernate.SQL                        : drop table if exists category cascade 
Hibernate: drop table if exists category cascade 
2025-02-20T11:03:15.342+02:00 DEBUG 8868 --- [shop] [           main] org.hibernate.SQL                        : drop table if exists notifications cascade 
Hibernate: drop table if exists notifications cascade 
2025-02-20T11:03:15.342+02:00 DEBUG 8868 --- [shop] [           main] org.hibernate.SQL                        : drop table if exists order_product cascade 
Hibernate: drop table if exists order_product cascade 
2025-02-20T11:03:15.350+02:00 DEBUG 8868 --- [shop] [           main] org.hibernate.SQL                        : drop table if exists orders cascade 
Hibernate: drop table if exists orders cascade 
2025-02-20T11:03:15.350+02:00 DEBUG 8868 --- [shop] [           main] org.hibernate.SQL                        : drop table if exists product cascade 
Hibernate: drop table if exists product cascade 
2025-02-20T11:03:15.350+02:00 DEBUG 8868 --- [shop] [           main] org.hibernate.SQL                        : drop table if exists product_image cascade 
Hibernate: drop table if exists product_image cascade 
2025-02-20T11:03:15.355+02:00 DEBUG 8868 --- [shop] [           main] org.hibernate.SQL                        : drop table if exists review cascade 
Hibernate: drop table if exists review cascade 
2025-02-20T11:03:15.355+02:00 DEBUG 8868 --- [shop] [           main] org.hibernate.SQL                        : drop table if exists shipment cascade 
Hibernate: drop table if exists shipment cascade 
2025-02-20T11:03:15.358+02:00 DEBUG 8868 --- [shop] [           main] org.hibernate.SQL                        : drop table if exists shopping_cart cascade 
Hibernate: drop table if exists shopping_cart cascade 
2025-02-20T11:03:15.358+02:00 DEBUG 8868 --- [shop] [           main] org.hibernate.SQL                        : drop table if exists transaction cascade 
Hibernate: drop table if exists transaction cascade 
2025-02-20T11:03:15.360+02:00 DEBUG 8868 --- [shop] [           main] org.hibernate.SQL                        : drop table if exists users cascade 
Hibernate: drop table if exists users cascade 
2025-02-20T11:03:15.360+02:00 DEBUG 8868 --- [shop] [           main] org.hibernate.SQL                        : drop table if exists users_order_history cascade 
Hibernate: drop table if exists users_order_history cascade 
2025-02-20T11:03:15.360+02:00 DEBUG 8868 --- [shop] [           main] org.hibernate.SQL                        : drop table if exists wish_list cascade 
Hibernate: drop table if exists wish_list cascade 
2025-02-20T11:03:15.360+02:00 DEBUG 8868 --- [shop] [           main] org.hibernate.SQL                        : drop table if exists wish_list_products cascade 
Hibernate: drop table if exists wish_list_products cascade 
2025-02-20T11:03:15.360+02:00 DEBUG 8868 --- [shop] [           main] org.hibernate.SQL                        : drop sequence if exists cart_item_seq
Hibernate: drop sequence if exists cart_item_seq
2025-02-20T11:03:15.360+02:00 DEBUG 8868 --- [shop] [           main] org.hibernate.SQL                        : drop sequence if exists category_seq
Hibernate: drop sequence if exists category_seq
2025-02-20T11:03:15.360+02:00 DEBUG 8868 --- [shop] [           main] org.hibernate.SQL                        : drop sequence if exists order_product_seq
Hibernate: drop sequence if exists order_product_seq
2025-02-20T11:03:15.360+02:00 DEBUG 8868 --- [shop] [           main] org.hibernate.SQL                        : drop sequence if exists orders_seq
Hibernate: drop sequence if exists orders_seq
2025-02-20T11:03:15.360+02:00 DEBUG 8868 --- [shop] [           main] org.hibernate.SQL                        : drop sequence if exists product_image_seq
Hibernate: drop sequence if exists product_image_seq
2025-02-20T11:03:15.360+02:00 DEBUG 8868 --- [shop] [           main] org.hibernate.SQL                        : drop sequence if exists product_seq
Hibernate: drop sequence if exists product_seq
2025-02-20T11:03:15.370+02:00 DEBUG 8868 --- [shop] [           main] org.hibernate.SQL                        : drop sequence if exists review_seq
Hibernate: drop sequence if exists review_seq
2025-02-20T11:03:15.370+02:00 DEBUG 8868 --- [shop] [           main] org.hibernate.SQL                        : drop sequence if exists shipment_seq
Hibernate: drop sequence if exists shipment_seq
2025-02-20T11:03:15.370+02:00 DEBUG 8868 --- [shop] [           main] org.hibernate.SQL                        : drop sequence if exists shopping_cart_seq
Hibernate: drop sequence if exists shopping_cart_seq
2025-02-20T11:03:15.370+02:00 DEBUG 8868 --- [shop] [           main] org.hibernate.SQL                        : drop sequence if exists transaction_seq
Hibernate: drop sequence if exists transaction_seq
2025-02-20T11:03:15.370+02:00 DEBUG 8868 --- [shop] [           main] org.hibernate.SQL                        : drop sequence if exists users_seq
Hibernate: drop sequence if exists users_seq
2025-02-20T11:03:15.374+02:00 DEBUG 8868 --- [shop] [           main] org.hibernate.SQL                        : drop sequence if exists wish_list_seq
Hibernate: drop sequence if exists wish_list_seq
2025-02-20T11:03:15.374+02:00 DEBUG 8868 --- [shop] [           main] org.hibernate.SQL                        : create sequence cart_item_seq start with 1 increment by 50
Hibernate: create sequence cart_item_seq start with 1 increment by 50
2025-02-20T11:03:15.374+02:00 DEBUG 8868 --- [shop] [           main] org.hibernate.SQL                        : create sequence category_seq start with 1 increment by 50
Hibernate: create sequence category_seq start with 1 increment by 50
2025-02-20T11:03:15.374+02:00 DEBUG 8868 --- [shop] [           main] org.hibernate.SQL                        : create sequence order_product_seq start with 1 increment by 50
Hibernate: create sequence order_product_seq start with 1 increment by 50
2025-02-20T11:03:15.374+02:00 DEBUG 8868 --- [shop] [           main] org.hibernate.SQL                        : create sequence orders_seq start with 1 increment by 50
Hibernate: create sequence orders_seq start with 1 increment by 50
2025-02-20T11:03:15.374+02:00 DEBUG 8868 --- [shop] [           main] org.hibernate.SQL                        : create sequence product_image_seq start with 1 increment by 50
Hibernate: create sequence product_image_seq start with 1 increment by 50
2025-02-20T11:03:15.374+02:00 DEBUG 8868 --- [shop] [           main] org.hibernate.SQL                        : create sequence product_seq start with 1 increment by 50
Hibernate: create sequence product_seq start with 1 increment by 50
2025-02-20T11:03:15.380+02:00 DEBUG 8868 --- [shop] [           main] org.hibernate.SQL                        : create sequence review_seq start with 1 increment by 50
Hibernate: create sequence review_seq start with 1 increment by 50
2025-02-20T11:03:15.380+02:00 DEBUG 8868 --- [shop] [           main] org.hibernate.SQL                        : create sequence shipment_seq start with 1 increment by 50
Hibernate: create sequence shipment_seq start with 1 increment by 50
2025-02-20T11:03:15.380+02:00 DEBUG 8868 --- [shop] [           main] org.hibernate.SQL                        : create sequence shopping_cart_seq start with 1 increment by 50
Hibernate: create sequence shopping_cart_seq start with 1 increment by 50
2025-02-20T11:03:15.380+02:00 DEBUG 8868 --- [shop] [           main] org.hibernate.SQL                        : create sequence transaction_seq start with 1 increment by 50
Hibernate: create sequence transaction_seq start with 1 increment by 50
2025-02-20T11:03:15.380+02:00 DEBUG 8868 --- [shop] [           main] org.hibernate.SQL                        : create sequence users_seq start with 1 increment by 50
Hibernate: create sequence users_seq start with 1 increment by 50
2025-02-20T11:03:15.380+02:00 DEBUG 8868 --- [shop] [           main] org.hibernate.SQL                        : create sequence wish_list_seq start with 1 increment by 50
Hibernate: create sequence wish_list_seq start with 1 increment by 50
2025-02-20T11:03:15.380+02:00 DEBUG 8868 --- [shop] [           main] org.hibernate.SQL                        : create table cart_item (quantity integer not null, cart_id bigint, id bigint not null, product_id bigint, primary key (id))
Hibernate: create table cart_item (quantity integer not null, cart_id bigint, id bigint not null, product_id bigint, primary key (id))
2025-02-20T11:03:15.380+02:00 DEBUG 8868 --- [shop] [           main] org.hibernate.SQL                        : create table category (id bigint not null, name varchar(255), primary key (id))
Hibernate: create table category (id bigint not null, name varchar(255), primary key (id))
2025-02-20T11:03:15.380+02:00 DEBUG 8868 --- [shop] [           main] org.hibernate.SQL                        : create table notifications (new_arrivals boolean not null, offers boolean not null, order_status boolean not null, via_email boolean not null, via_push boolean not null, id bigint generated by default as identity, user_id bigint unique, primary key (id))
Hibernate: create table notifications (new_arrivals boolean not null, offers boolean not null, order_status boolean not null, via_email boolean not null, via_push boolean not null, id bigint generated by default as identity, user_id bigint unique, primary key (id))
2025-02-20T11:03:15.390+02:00 DEBUG 8868 --- [shop] [           main] org.hibernate.SQL                        : create table order_product (price float(53), quantity integer, saving_option integer not null, id bigint not null, order_id bigint, product_id bigint, name varchar(255), product_name varchar(255), public_id varchar(255), url varchar(255), data blob, primary key (id))
Hibernate: create table order_product (price float(53), quantity integer, saving_option integer not null, id bigint not null, order_id bigint, product_id bigint, name varchar(255), product_name varchar(255), public_id varchar(255), url varchar(255), data blob, primary key (id))
2025-02-20T11:03:15.390+02:00 DEBUG 8868 --- [shop] [           main] org.hibernate.SQL                        : create table orders (total float(53), created_at timestamp(6), id bigint not null, user_id bigint, status varchar(255), primary key (id))
Hibernate: create table orders (total float(53), created_at timestamp(6), id bigint not null, user_id bigint, status varchar(255), primary key (id))
2025-02-20T11:03:15.395+02:00 DEBUG 8868 --- [shop] [           main] org.hibernate.SQL                        : create table product (discount integer not null, price float(53) not null, rating float(53) not null, stock integer not null, category_id bigint, created_at timestamp(6), id bigint not null, sales bigint, description varchar(255), name varchar(255), primary key (id))
Hibernate: create table product (discount integer not null, price float(53) not null, rating float(53) not null, stock integer not null, category_id bigint, created_at timestamp(6), id bigint not null, sales bigint, description varchar(255), name varchar(255), primary key (id))
2025-02-20T11:03:15.395+02:00 DEBUG 8868 --- [shop] [           main] org.hibernate.SQL                        : create table product_image (saving_option integer not null, id bigint not null, product_id bigint, name varchar(255), public_id varchar(255), url varchar(255), data blob, primary key (id))
Hibernate: create table product_image (saving_option integer not null, id bigint not null, product_id bigint, name varchar(255), public_id varchar(255), url varchar(255), data blob, primary key (id))
2025-02-20T11:03:15.400+02:00 DEBUG 8868 --- [shop] [           main] org.hibernate.SQL                        : create table review (rating integer not null, created_at timestamp(6), id bigint not null, product_id bigint, user_id bigint, posted_by varchar(255), text varchar(255), primary key (id))
Hibernate: create table review (rating integer not null, created_at timestamp(6), id bigint not null, product_id bigint, user_id bigint, posted_by varchar(255), text varchar(255), primary key (id))
2025-02-20T11:03:15.400+02:00 DEBUG 8868 --- [shop] [           main] org.hibernate.SQL                        : create table shipment (id bigint not null, user_id bigint unique, address_line1 varchar(255), address_line2 varchar(255), country varchar(255), first_name varchar(255), last_name varchar(255), phone_number varchar(255), postal_code varchar(255), province varchar(255), town varchar(255), primary key (id))
Hibernate: create table shipment (id bigint not null, user_id bigint unique, address_line1 varchar(255), address_line2 varchar(255), country varchar(255), first_name varchar(255), last_name varchar(255), phone_number varchar(255), postal_code varchar(255), province varchar(255), town varchar(255), primary key (id))
2025-02-20T11:03:15.402+02:00 DEBUG 8868 --- [shop] [           main] org.hibernate.SQL                        : create table shopping_cart (id bigint not null, user_id bigint unique, primary key (id))
Hibernate: create table shopping_cart (id bigint not null, user_id bigint unique, primary key (id))
2025-02-20T11:03:15.406+02:00 DEBUG 8868 --- [shop] [           main] org.hibernate.SQL                        : create table transaction (amount float(53), id bigint not null, transaction_date timestamp(6), user_id bigint unique, currency varchar(255), payment_method varchar(255), status varchar(255), transaction_id varchar(255), primary key (id))
Hibernate: create table transaction (amount float(53), id bigint not null, transaction_date timestamp(6), user_id bigint unique, currency varchar(255), payment_method varchar(255), status varchar(255), transaction_id varchar(255), primary key (id))
2025-02-20T11:03:15.410+02:00 DEBUG 8868 --- [shop] [           main] org.hibernate.SQL                        : create table users (verified boolean not null, code_expiration timestamp(6), id bigint not null, email varchar(255), fcm_token varchar(255), password varchar(255), role varchar(255), username varchar(255), verification_code varchar(255), primary key (id))
Hibernate: create table users (verified boolean not null, code_expiration timestamp(6), id bigint not null, email varchar(255), fcm_token varchar(255), password varchar(255), role varchar(255), username varchar(255), verification_code varchar(255), primary key (id))
2025-02-20T11:03:15.410+02:00 DEBUG 8868 --- [shop] [           main] org.hibernate.SQL                        : create table users_order_history (order_history_id bigint not null, user_id bigint not null)
Hibernate: create table users_order_history (order_history_id bigint not null, user_id bigint not null)
2025-02-20T11:03:15.410+02:00 DEBUG 8868 --- [shop] [           main] org.hibernate.SQL                        : create table wish_list (id bigint not null, user_id bigint unique, primary key (id))
Hibernate: create table wish_list (id bigint not null, user_id bigint unique, primary key (id))
2025-02-20T11:03:15.410+02:00 DEBUG 8868 --- [shop] [           main] org.hibernate.SQL                        : create table wish_list_products (products_id bigint not null, wish_list_id bigint not null, primary key (products_id, wish_list_id))
Hibernate: create table wish_list_products (products_id bigint not null, wish_list_id bigint not null, primary key (products_id, wish_list_id))
2025-02-20T11:03:15.410+02:00 DEBUG 8868 --- [shop] [           main] org.hibernate.SQL                        : alter table if exists cart_item add constraint FKf9e1brwb4ea9cxtvxbs0wugdt foreign key (cart_id) references shopping_cart
Hibernate: alter table if exists cart_item add constraint FKf9e1brwb4ea9cxtvxbs0wugdt foreign key (cart_id) references shopping_cart
2025-02-20T11:03:15.421+02:00 DEBUG 8868 --- [shop] [           main] org.hibernate.SQL                        : alter table if exists cart_item add constraint FKjcyd5wv4igqnw413rgxbfu4nv foreign key (product_id) references product
Hibernate: alter table if exists cart_item add constraint FKjcyd5wv4igqnw413rgxbfu4nv foreign key (product_id) references product
2025-02-20T11:03:15.421+02:00 DEBUG 8868 --- [shop] [           main] org.hibernate.SQL                        : alter table if exists notifications add constraint FK9y21adhxn0ayjhfocscqox7bh foreign key (user_id) references users
Hibernate: alter table if exists notifications add constraint FK9y21adhxn0ayjhfocscqox7bh foreign key (user_id) references users
2025-02-20T11:03:15.421+02:00 DEBUG 8868 --- [shop] [           main] org.hibernate.SQL                        : alter table if exists order_product add constraint FKl5mnj9n0di7k1v90yxnthkc73 foreign key (order_id) references orders
Hibernate: alter table if exists order_product add constraint FKl5mnj9n0di7k1v90yxnthkc73 foreign key (order_id) references orders
2025-02-20T11:03:15.430+02:00 DEBUG 8868 --- [shop] [           main] org.hibernate.SQL                        : alter table if exists orders add constraint FK32ql8ubntj5uh44ph9659tiih foreign key (user_id) references users
Hibernate: alter table if exists orders add constraint FK32ql8ubntj5uh44ph9659tiih foreign key (user_id) references users
2025-02-20T11:03:15.435+02:00 DEBUG 8868 --- [shop] [           main] org.hibernate.SQL                        : alter table if exists product add constraint FK1mtsbur82frn64de7balymq9s foreign key (category_id) references category
Hibernate: alter table if exists product add constraint FK1mtsbur82frn64de7balymq9s foreign key (category_id) references category
2025-02-20T11:03:15.440+02:00 DEBUG 8868 --- [shop] [           main] org.hibernate.SQL                        : alter table if exists product_image add constraint FK6oo0cvcdtb6qmwsga468uuukk foreign key (product_id) references product
Hibernate: alter table if exists product_image add constraint FK6oo0cvcdtb6qmwsga468uuukk foreign key (product_id) references product
2025-02-20T11:03:15.440+02:00 DEBUG 8868 --- [shop] [           main] org.hibernate.SQL                        : alter table if exists review add constraint FKiyof1sindb9qiqr9o8npj8klt foreign key (product_id) references product
Hibernate: alter table if exists review add constraint FKiyof1sindb9qiqr9o8npj8klt foreign key (product_id) references product
2025-02-20T11:03:15.440+02:00 DEBUG 8868 --- [shop] [           main] org.hibernate.SQL                        : alter table if exists review add constraint FK6cpw2nlklblpvc7hyt7ko6v3e foreign key (user_id) references users
Hibernate: alter table if exists review add constraint FK6cpw2nlklblpvc7hyt7ko6v3e foreign key (user_id) references users
2025-02-20T11:03:15.440+02:00 DEBUG 8868 --- [shop] [           main] org.hibernate.SQL                        : alter table if exists shipment add constraint FK8egn888yvlf89axjogl61u8nt foreign key (user_id) references users
Hibernate: alter table if exists shipment add constraint FK8egn888yvlf89axjogl61u8nt foreign key (user_id) references users
2025-02-20T11:03:15.450+02:00 DEBUG 8868 --- [shop] [           main] org.hibernate.SQL                        : alter table if exists shopping_cart add constraint FKr1irjigmqcpfrvggavnr7vjyv foreign key (user_id) references users
Hibernate: alter table if exists shopping_cart add constraint FKr1irjigmqcpfrvggavnr7vjyv foreign key (user_id) references users
2025-02-20T11:03:15.453+02:00 DEBUG 8868 --- [shop] [           main] org.hibernate.SQL                        : alter table if exists transaction add constraint FKanjpo5tiapru7an6cw4cu37y4 foreign key (user_id) references users
Hibernate: alter table if exists transaction add constraint FKanjpo5tiapru7an6cw4cu37y4 foreign key (user_id) references users
2025-02-20T11:03:15.453+02:00 DEBUG 8868 --- [shop] [           main] org.hibernate.SQL                        : alter table if exists users_order_history add constraint FKbtbnbq1by0ws834n8ngiaet2s foreign key (order_history_id) references orders
Hibernate: alter table if exists users_order_history add constraint FKbtbnbq1by0ws834n8ngiaet2s foreign key (order_history_id) references orders
2025-02-20T11:03:15.460+02:00 DEBUG 8868 --- [shop] [           main] org.hibernate.SQL                        : alter table if exists users_order_history add constraint FK32kyvke6jeu8rpg14brna9060 foreign key (user_id) references users
Hibernate: alter table if exists users_order_history add constraint FK32kyvke6jeu8rpg14brna9060 foreign key (user_id) references users
2025-02-20T11:03:15.460+02:00 DEBUG 8868 --- [shop] [           main] org.hibernate.SQL                        : alter table if exists wish_list add constraint FKit8ap20bpapw291y78egje6f3 foreign key (user_id) references users
Hibernate: alter table if exists wish_list add constraint FKit8ap20bpapw291y78egje6f3 foreign key (user_id) references users
2025-02-20T11:03:15.465+02:00 DEBUG 8868 --- [shop] [           main] org.hibernate.SQL                        : alter table if exists wish_list_products add constraint FKru03wa8q3620c8f8brxki4478 foreign key (products_id) references product
Hibernate: alter table if exists wish_list_products add constraint FKru03wa8q3620c8f8brxki4478 foreign key (products_id) references product
2025-02-20T11:03:15.470+02:00 DEBUG 8868 --- [shop] [           main] org.hibernate.SQL                        : alter table if exists wish_list_products add constraint FKemcyikw15sfq3dcg689e29it1 foreign key (wish_list_id) references wish_list
Hibernate: alter table if exists wish_list_products add constraint FKemcyikw15sfq3dcg689e29it1 foreign key (wish_list_id) references wish_list
2025-02-20T11:03:15.475+02:00  INFO 8868 --- [shop] [           main] j.LocalContainerEntityManagerFactoryBean : Initialized JPA EntityManagerFactory for persistence unit 'default'
2025-02-20T11:03:15.475+02:00 DEBUG 8868 --- [shop] [           main] o.s.b.f.s.DefaultListableBeanFactory     : Creating shared instance of singleton bean 'shopApplication'
2025-02-20T11:03:15.475+02:00 DEBUG 8868 --- [shop] [           main] o.s.b.f.s.DefaultListableBeanFactory     : Creating shared instance of singleton bean 'adminUserInitializer'
2025-02-20T11:03:15.480+02:00 DEBUG 8868 --- [shop] [           main] o.s.b.f.s.DefaultListableBeanFactory     : Creating shared instance of singleton bean 'userRepository'
2025-02-20T11:03:15.490+02:00 DEBUG 8868 --- [shop] [           main] o.s.b.f.s.DefaultListableBeanFactory     : Creating shared instance of singleton bean 'jpa.named-queries#3'
2025-02-20T11:03:15.490+02:00 DEBUG 8868 --- [shop] [           main] o.s.b.f.s.DefaultListableBeanFactory     : Creating shared instance of singleton bean 'jpa.UserRepository.fragments#0'
2025-02-20T11:03:15.490+02:00 DEBUG 8868 --- [shop] [           main] o.s.b.f.s.DefaultListableBeanFactory     : Creating shared instance of singleton bean 'jpaSharedEM_entityManagerFactory'
2025-02-20T11:03:15.517+02:00 DEBUG 8868 --- [shop] [           main] o.s.b.f.s.DefaultListableBeanFactory     : Creating shared instance of singleton bean 'jpaMappingContext'
2025-02-20T11:03:15.518+02:00 DEBUG 8868 --- [shop] [           main] .c.JpaMetamodelMappingContextFactoryBean : Initializing JpaMetamodelMappingContext…
2025-02-20T11:03:15.518+02:00 DEBUG 8868 --- [shop] [           main] .c.JpaMetamodelMappingContextFactoryBean : Finished initializing JpaMetamodelMappingContext
2025-02-20T11:03:15.520+02:00 DEBUG 8868 --- [shop] [           main] tor$SharedEntityManagerInvocationHandler : Creating new EntityManager for shared EntityManager invocation
2025-02-20T11:03:15.600+02:00 DEBUG 8868 --- [shop] [           main] o.s.d.r.c.s.RepositoryFactorySupport     : Initializing repository instance for com.online.shop.repositories.UserRepository…
2025-02-20T11:03:15.600+02:00 DEBUG 8868 --- [shop] [           main] tor$SharedEntityManagerInvocationHandler : Creating new EntityManager for shared EntityManager invocation
2025-02-20T11:03:15.613+02:00 DEBUG 8868 --- [shop] [           main] o.s.d.jpa.repository.query.NamedQuery    : Looking up named query 'User.existsByUsername'
2025-02-20T11:03:15.613+02:00 DEBUG 8868 --- [shop] [           main] o.s.d.jpa.repository.query.NamedQuery    : Did not find named query User.existsByUsername
2025-02-20T11:03:15.613+02:00 DEBUG 8868 --- [shop] [           main] tor$SharedEntityManagerInvocationHandler : Creating new EntityManager for shared EntityManager invocation
2025-02-20T11:03:15.618+02:00 DEBUG 8868 --- [shop] [           main] o.s.d.jpa.repository.query.NamedQuery    : Looking up named query 'User.findByUsername'
2025-02-20T11:03:15.618+02:00 DEBUG 8868 --- [shop] [           main] o.s.d.jpa.repository.query.NamedQuery    : Did not find named query User.findByUsername
2025-02-20T11:03:15.618+02:00 DEBUG 8868 --- [shop] [           main] tor$SharedEntityManagerInvocationHandler : Creating new EntityManager for shared EntityManager invocation
2025-02-20T11:03:15.620+02:00 DEBUG 8868 --- [shop] [           main] o.s.d.jpa.repository.query.NamedQuery    : Looking up named query 'User.existsByEmail'
2025-02-20T11:03:15.620+02:00 DEBUG 8868 --- [shop] [           main] o.s.d.jpa.repository.query.NamedQuery    : Did not find named query User.existsByEmail
2025-02-20T11:03:15.620+02:00 DEBUG 8868 --- [shop] [           main] tor$SharedEntityManagerInvocationHandler : Creating new EntityManager for shared EntityManager invocation
2025-02-20T11:03:15.620+02:00 DEBUG 8868 --- [shop] [           main] o.s.d.jpa.repository.query.NamedQuery    : Looking up named query 'User.findByEmail'
2025-02-20T11:03:15.620+02:00 DEBUG 8868 --- [shop] [           main] o.s.d.jpa.repository.query.NamedQuery    : Did not find named query User.findByEmail
2025-02-20T11:03:15.620+02:00 DEBUG 8868 --- [shop] [           main] tor$SharedEntityManagerInvocationHandler : Creating new EntityManager for shared EntityManager invocation
2025-02-20T11:03:15.620+02:00 DEBUG 8868 --- [shop] [           main] o.s.d.jpa.repository.query.NamedQuery    : Looking up named query 'User.findByVerificationCode'
2025-02-20T11:03:15.627+02:00 DEBUG 8868 --- [shop] [           main] o.s.d.jpa.repository.query.NamedQuery    : Did not find named query User.findByVerificationCode
2025-02-20T11:03:15.627+02:00 DEBUG 8868 --- [shop] [           main] tor$SharedEntityManagerInvocationHandler : Creating new EntityManager for shared EntityManager invocation
2025-02-20T11:03:15.627+02:00 DEBUG 8868 --- [shop] [           main] o.s.d.r.c.s.RepositoryFactorySupport     : Finished creation of repository instance for com.online.shop.repositories.UserRepository.
2025-02-20T11:03:15.641+02:00 DEBUG 8868 --- [shop] [           main] o.s.b.f.s.DefaultListableBeanFactory     : Creating shared instance of singleton bean 'passwordEncoder'
2025-02-20T11:03:15.641+02:00 DEBUG 8868 --- [shop] [           main] o.s.b.f.s.DefaultListableBeanFactory     : Creating shared instance of singleton bean 'securityConfig'
2025-02-20T11:03:15.645+02:00 DEBUG 8868 --- [shop] [           main] o.s.b.f.s.DefaultListableBeanFactory     : Creating shared instance of singleton bean 'customUserDetailsService'
2025-02-20T11:03:15.645+02:00 DEBUG 8868 --- [shop] [           main] o.s.b.f.s.DefaultListableBeanFactory     : Autowiring by type from bean name 'customUserDetailsService' via constructor to bean named 'userRepository'
2025-02-20T11:03:15.645+02:00 DEBUG 8868 --- [shop] [           main] o.s.b.f.s.DefaultListableBeanFactory     : Autowiring by type from bean name 'securityConfig' via constructor to bean named 'customUserDetailsService'
2025-02-20T11:03:15.656+02:00 DEBUG 8868 --- [shop] [           main] o.s.b.f.s.DefaultListableBeanFactory     : Autowiring by type from bean name 'adminUserInitializer' via constructor to bean named 'userRepository'
2025-02-20T11:03:15.656+02:00 DEBUG 8868 --- [shop] [           main] o.s.b.f.s.DefaultListableBeanFactory     : Autowiring by type from bean name 'adminUserInitializer' via constructor to bean named 'passwordEncoder'
2025-02-20T11:03:15.656+02:00 DEBUG 8868 --- [shop] [           main] o.s.b.f.s.DefaultListableBeanFactory     : Creating shared instance of singleton bean 'customAuthenticationFailureHandler'
2025-02-20T11:03:15.656+02:00 DEBUG 8868 --- [shop] [           main] o.s.b.f.s.DefaultListableBeanFactory     : Creating shared instance of singleton bean 'payPalHttpClient'
2025-02-20T11:03:15.656+02:00 DEBUG 8868 --- [shop] [           main] o.s.b.f.s.DefaultListableBeanFactory     : Creating shared instance of singleton bean 'jacksonObjectMapper'
2025-02-20T11:03:15.656+02:00 DEBUG 8868 --- [shop] [           main] o.s.b.f.s.DefaultListableBeanFactory     : Creating shared instance of singleton bean 'org.springframework.boot.autoconfigure.jackson.JacksonAutoConfiguration$JacksonObjectMapperConfiguration'
2025-02-20T11:03:15.660+02:00 DEBUG 8868 --- [shop] [           main] o.s.b.f.s.DefaultListableBeanFactory     : Creating shared instance of singleton bean 'org.springframework.boot.autoconfigure.jackson.JacksonAutoConfiguration$JacksonObjectMapperBuilderConfiguration'
2025-02-20T11:03:15.661+02:00 DEBUG 8868 --- [shop] [           main] o.s.b.f.s.DefaultListableBeanFactory     : Creating shared instance of singleton bean 'standardJacksonObjectMapperBuilderCustomizer'
2025-02-20T11:03:15.661+02:00 DEBUG 8868 --- [shop] [           main] o.s.b.f.s.DefaultListableBeanFactory     : Creating shared instance of singleton bean 'org.springframework.boot.autoconfigure.jackson.JacksonAutoConfiguration$Jackson2ObjectMapperBuilderCustomizerConfiguration'
2025-02-20T11:03:15.661+02:00 DEBUG 8868 --- [shop] [           main] o.s.b.f.s.DefaultListableBeanFactory     : Creating shared instance of singleton bean 'spring.jackson-org.springframework.boot.autoconfigure.jackson.JacksonProperties'
2025-02-20T11:03:15.673+02:00 DEBUG 8868 --- [shop] [           main] o.s.b.f.s.DefaultListableBeanFactory     : Autowiring by type from bean name 'standardJacksonObjectMapperBuilderCustomizer' via factory method to bean named 'spring.jackson-org.springframework.boot.autoconfigure.jackson.JacksonProperties'
2025-02-20T11:03:15.674+02:00 DEBUG 8868 --- [shop] [           main] o.s.b.f.s.DefaultListableBeanFactory     : Creating shared instance of singleton bean 'parameterNamesModule'
2025-02-20T11:03:15.674+02:00 DEBUG 8868 --- [shop] [           main] o.s.b.f.s.DefaultListableBeanFactory     : Creating shared instance of singleton bean 'org.springframework.boot.autoconfigure.jackson.JacksonAutoConfiguration$ParameterNamesModuleConfiguration'
2025-02-20T11:03:15.677+02:00 DEBUG 8868 --- [shop] [           main] o.s.b.f.s.DefaultListableBeanFactory     : Creating shared instance of singleton bean 'jsonMixinModule'
2025-02-20T11:03:15.677+02:00 DEBUG 8868 --- [shop] [           main] o.s.b.f.s.DefaultListableBeanFactory     : Creating shared instance of singleton bean 'org.springframework.boot.autoconfigure.jackson.JacksonAutoConfiguration$JacksonMixinConfiguration'
2025-02-20T11:03:15.680+02:00 DEBUG 8868 --- [shop] [           main] o.s.b.f.s.DefaultListableBeanFactory     : Creating shared instance of singleton bean 'jsonMixinModuleEntries'
2025-02-20T11:03:15.680+02:00 DEBUG 8868 --- [shop] [           main] o.s.b.f.s.DefaultListableBeanFactory     : Autowiring by type from bean name 'jsonMixinModuleEntries' via factory method to bean named 'org.springframework.web.context.support.GenericWebApplicationContext@3f77cd24'
2025-02-20T11:03:15.693+02:00 DEBUG 8868 --- [shop] [           main] o.s.b.f.s.DefaultListableBeanFactory     : Autowiring by type from bean name 'jsonMixinModule' via factory method to bean named 'org.springframework.web.context.support.GenericWebApplicationContext@3f77cd24'
2025-02-20T11:03:15.693+02:00 DEBUG 8868 --- [shop] [           main] o.s.b.f.s.DefaultListableBeanFactory     : Autowiring by type from bean name 'jsonMixinModule' via factory method to bean named 'jsonMixinModuleEntries'
2025-02-20T11:03:15.693+02:00 DEBUG 8868 --- [shop] [           main] o.s.b.f.s.DefaultListableBeanFactory     : Creating shared instance of singleton bean 'jsonComponentModule'
2025-02-20T11:03:15.693+02:00 DEBUG 8868 --- [shop] [           main] o.s.b.f.s.DefaultListableBeanFactory     : Creating shared instance of singleton bean 'org.springframework.boot.autoconfigure.jackson.JacksonAutoConfiguration'
2025-02-20T11:03:15.706+02:00 DEBUG 8868 --- [shop] [           main] o.s.b.f.s.DefaultListableBeanFactory     : Creating shared instance of singleton bean 'jacksonGeoModule'
2025-02-20T11:03:15.706+02:00 DEBUG 8868 --- [shop] [           main] o.s.b.f.s.DefaultListableBeanFactory     : Creating shared instance of singleton bean 'org.springframework.data.web.config.SpringDataJacksonConfiguration'
2025-02-20T11:03:15.710+02:00 DEBUG 8868 --- [shop] [           main] o.s.b.f.s.DefaultListableBeanFactory     : Creating shared instance of singleton bean 'springDataWebSettings'
2025-02-20T11:03:15.710+02:00 DEBUG 8868 --- [shop] [           main] o.s.b.f.s.DefaultListableBeanFactory     : Creating shared instance of singleton bean 'org.springframework.boot.autoconfigure.data.web.SpringDataWebAutoConfiguration'
2025-02-20T11:03:15.710+02:00 DEBUG 8868 --- [shop] [           main] o.s.b.f.s.DefaultListableBeanFactory     : Creating shared instance of singleton bean 'spring.data.web-org.springframework.boot.autoconfigure.data.web.SpringDataWebProperties'
2025-02-20T11:03:15.710+02:00 DEBUG 8868 --- [shop] [           main] o.s.b.f.s.DefaultListableBeanFactory     : Autowiring by type from bean name 'org.springframework.boot.autoconfigure.data.web.SpringDataWebAutoConfiguration' via constructor to bean named 'spring.data.web-org.springframework.boot.autoconfigure.data.web.SpringDataWebProperties'
2025-02-20T11:03:15.715+02:00 DEBUG 8868 --- [shop] [           main] o.s.b.f.s.DefaultListableBeanFactory     : Creating shared instance of singleton bean 'pageModule'
2025-02-20T11:03:15.725+02:00 DEBUG 8868 --- [shop] [           main] o.s.b.f.s.DefaultListableBeanFactory     : Autowiring by type from bean name 'jacksonObjectMapperBuilder' via factory method to bean named 'org.springframework.web.context.support.GenericWebApplicationContext@3f77cd24'
2025-02-20T11:03:15.725+02:00 DEBUG 8868 --- [shop] [           main] o.s.b.f.s.DefaultListableBeanFactory     : Autowiring by type from bean name 'jacksonObjectMapperBuilder' via factory method to bean named 'standardJacksonObjectMapperBuilderCustomizer'
2025-02-20T11:03:15.725+02:00 DEBUG 8868 --- [shop] [           main] o.s.b.f.s.DefaultListableBeanFactory     : Autowiring by type from bean name 'jacksonObjectMapper' via factory method to bean named 'jacksonObjectMapperBuilder'
2025-02-20T11:03:15.735+02:00 DEBUG 8868 --- [shop] [           main] o.s.b.f.s.DefaultListableBeanFactory     : Autowiring by type from bean name 'payPalHttpClient' via constructor to bean named 'jacksonObjectMapper'
2025-02-20T11:03:15.741+02:00 DEBUG 8868 --- [shop] [           main] ySourcesPropertyResolver$DefaultResolver : Found key 'paypal.baseUrl' in PropertySource 'Config resource 'class path resource [application-test.properties]' via location 'optional:classpath:/'' with value of type String
2025-02-20T11:03:15.741+02:00 DEBUG 8868 --- [shop] [           main] o.s.c.e.PropertySourcesPropertyResolver  : Found key 'paypal.baseUrl' in PropertySource 'environmentProperties' with value of type String
2025-02-20T11:03:15.741+02:00 DEBUG 8868 --- [shop] [           main] ySourcesPropertyResolver$DefaultResolver : Found key 'paypal.clientId' in PropertySource 'Config resource 'class path resource [application-test.properties]' via location 'optional:classpath:/'' with value of type String
2025-02-20T11:03:15.741+02:00 DEBUG 8868 --- [shop] [           main] o.s.c.e.PropertySourcesPropertyResolver  : Found key 'paypal.clientId' in PropertySource 'environmentProperties' with value of type String
2025-02-20T11:03:15.741+02:00 DEBUG 8868 --- [shop] [           main] o.s.c.e.PropertySourcesPropertyResolver  : Found key 'paypal.secret' in PropertySource 'environmentProperties' with value of type String
2025-02-20T11:03:15.741+02:00 DEBUG 8868 --- [shop] [           main] o.s.b.f.s.DefaultListableBeanFactory     : Creating shared instance of singleton bean 'cloudinaryConfiguration'
2025-02-20T11:03:15.750+02:00 DEBUG 8868 --- [shop] [           main] ySourcesPropertyResolver$DefaultResolver : Found key 'cloudinary.cloud_name' in PropertySource 'Config resource 'class path resource [application-test.properties]' via location 'optional:classpath:/'' with value of type String
2025-02-20T11:03:15.750+02:00 DEBUG 8868 --- [shop] [           main] o.s.c.e.PropertySourcesPropertyResolver  : Found key 'cloudinary.cloud_name' in PropertySource 'environmentProperties' with value of type String
2025-02-20T11:03:15.750+02:00 DEBUG 8868 --- [shop] [           main] ySourcesPropertyResolver$DefaultResolver : Found key 'cloudinary.api_key' in PropertySource 'Config resource 'class path resource [application-test.properties]' via location 'optional:classpath:/'' with value of type String
2025-02-20T11:03:15.750+02:00 DEBUG 8868 --- [shop] [           main] o.s.c.e.PropertySourcesPropertyResolver  : Found key 'cloudinary.api_key' in PropertySource 'environmentProperties' with value of type String
2025-02-20T11:03:15.750+02:00 DEBUG 8868 --- [shop] [           main] ySourcesPropertyResolver$DefaultResolver : Found key 'cloudinary.api_secret' in PropertySource 'Config resource 'class path resource [application-test.properties]' via location 'optional:classpath:/'' with value of type String
2025-02-20T11:03:15.750+02:00 DEBUG 8868 --- [shop] [           main] o.s.c.e.PropertySourcesPropertyResolver  : Found key 'cloudinary.api_secret' in PropertySource 'environmentProperties' with value of type String
2025-02-20T11:03:15.755+02:00 DEBUG 8868 --- [shop] [           main] o.s.b.f.s.DefaultListableBeanFactory     : Creating shared instance of singleton bean 'globalExceptionHandler'
2025-02-20T11:03:15.757+02:00 DEBUG 8868 --- [shop] [           main] o.s.b.f.s.DefaultListableBeanFactory     : Creating shared instance of singleton bean 'mailConfig'
2025-02-20T11:03:15.760+02:00 DEBUG 8868 --- [shop] [           main] o.s.c.e.PropertySourcesPropertyResolver  : Found key 'spring.mail.host' in PropertySource 'environmentProperties' with value of type String
2025-02-20T11:03:15.760+02:00 DEBUG 8868 --- [shop] [           main] o.s.c.e.PropertySourcesPropertyResolver  : Found key 'spring.mail.port' in PropertySource 'environmentProperties' with value of type String
2025-02-20T11:03:15.760+02:00 DEBUG 8868 --- [shop] [           main] o.s.c.e.PropertySourcesPropertyResolver  : Found key 'spring.mail.username' in PropertySource 'environmentProperties' with value of type String
2025-02-20T11:03:15.760+02:00 DEBUG 8868 --- [shop] [           main] o.s.c.e.PropertySourcesPropertyResolver  : Found key 'spring.mail.password' in PropertySource 'environmentProperties' with value of type String
2025-02-20T11:03:15.760+02:00 DEBUG 8868 --- [shop] [           main] o.s.b.f.s.DefaultListableBeanFactory     : Creating shared instance of singleton bean 'webSocketConfig'
2025-02-20T11:03:15.760+02:00 DEBUG 8868 --- [shop] [           main] o.s.b.f.s.DefaultListableBeanFactory     : Creating shared instance of singleton bean 'adminController'
2025-02-20T11:03:15.760+02:00 DEBUG 8868 --- [shop] [           main] o.s.b.f.s.DefaultListableBeanFactory     : Creating shared instance of singleton bean 'adminService'
2025-02-20T11:03:15.760+02:00 DEBUG 8868 --- [shop] [           main] o.s.b.f.s.DefaultListableBeanFactory     : Creating shared instance of singleton bean 'productRepository'
2025-02-20T11:03:15.773+02:00 DEBUG 8868 --- [shop] [           main] o.s.b.f.s.DefaultListableBeanFactory     : Creating shared instance of singleton bean 'jpa.named-queries#8'
2025-02-20T11:03:15.773+02:00 DEBUG 8868 --- [shop] [           main] o.s.b.f.s.DefaultListableBeanFactory     : Creating shared instance of singleton bean 'jpa.ProductRepository.fragments#0'
2025-02-20T11:03:15.773+02:00 DEBUG 8868 --- [shop] [           main] tor$SharedEntityManagerInvocationHandler : Creating new EntityManager for shared EntityManager invocation
2025-02-20T11:03:15.773+02:00 DEBUG 8868 --- [shop] [           main] o.s.d.r.c.s.RepositoryFactorySupport     : Initializing repository instance for com.online.shop.repositories.ProductRepository…
2025-02-20T11:03:15.773+02:00 DEBUG 8868 --- [shop] [           main] tor$SharedEntityManagerInvocationHandler : Creating new EntityManager for shared EntityManager invocation
2025-02-20T11:03:15.780+02:00 DEBUG 8868 --- [shop] [           main] o.s.d.jpa.repository.query.NamedQuery    : Looking up named query 'Product.findByCategory'
2025-02-20T11:03:15.780+02:00 DEBUG 8868 --- [shop] [           main] o.s.d.jpa.repository.query.NamedQuery    : Did not find named query Product.findByCategory
2025-02-20T11:03:15.780+02:00 DEBUG 8868 --- [shop] [           main] tor$SharedEntityManagerInvocationHandler : Creating new EntityManager for shared EntityManager invocation
2025-02-20T11:03:15.780+02:00 DEBUG 8868 --- [shop] [           main] o.s.d.r.c.s.RepositoryFactorySupport     : Finished creation of repository instance for com.online.shop.repositories.ProductRepository.
2025-02-20T11:03:15.789+02:00 DEBUG 8868 --- [shop] [           main] o.s.b.f.s.DefaultListableBeanFactory     : Creating shared instance of singleton bean 'reviewRepository'
2025-02-20T11:03:15.790+02:00 DEBUG 8868 --- [shop] [           main] o.s.b.f.s.DefaultListableBeanFactory     : Creating shared instance of singleton bean 'jpa.named-queries#9'
2025-02-20T11:03:15.790+02:00 DEBUG 8868 --- [shop] [           main] o.s.b.f.s.DefaultListableBeanFactory     : Creating shared instance of singleton bean 'jpa.ReviewRepository.fragments#0'
2025-02-20T11:03:15.795+02:00 DEBUG 8868 --- [shop] [           main] tor$SharedEntityManagerInvocationHandler : Creating new EntityManager for shared EntityManager invocation
2025-02-20T11:03:15.795+02:00 DEBUG 8868 --- [shop] [           main] o.s.d.r.c.s.RepositoryFactorySupport     : Initializing repository instance for com.online.shop.repositories.ReviewRepository…
2025-02-20T11:03:15.795+02:00 DEBUG 8868 --- [shop] [           main] tor$SharedEntityManagerInvocationHandler : Creating new EntityManager for shared EntityManager invocation
2025-02-20T11:03:15.795+02:00 DEBUG 8868 --- [shop] [           main] o.s.d.r.c.s.RepositoryFactorySupport     : Finished creation of repository instance for com.online.shop.repositories.ReviewRepository.
2025-02-20T11:03:15.800+02:00 DEBUG 8868 --- [shop] [           main] o.s.b.f.s.DefaultListableBeanFactory     : Creating shared instance of singleton bean 'wishListRepository'
2025-02-20T11:03:15.800+02:00 DEBUG 8868 --- [shop] [           main] o.s.b.f.s.DefaultListableBeanFactory     : Creating shared instance of singleton bean 'jpa.named-queries#10'
2025-02-20T11:03:15.805+02:00 DEBUG 8868 --- [shop] [           main] o.s.b.f.s.DefaultListableBeanFactory     : Creating shared instance of singleton bean 'jpa.WishListRepository.fragments#0'
2025-02-20T11:03:15.805+02:00 DEBUG 8868 --- [shop] [           main] tor$SharedEntityManagerInvocationHandler : Creating new EntityManager for shared EntityManager invocation
2025-02-20T11:03:15.810+02:00 DEBUG 8868 --- [shop] [           main] o.s.d.r.c.s.RepositoryFactorySupport     : Initializing repository instance for com.online.shop.repositories.WishListRepository…
2025-02-20T11:03:15.810+02:00 DEBUG 8868 --- [shop] [           main] tor$SharedEntityManagerInvocationHandler : Creating new EntityManager for shared EntityManager invocation
2025-02-20T11:03:15.810+02:00 DEBUG 8868 --- [shop] [           main] o.s.d.jpa.repository.query.NamedQuery    : Looking up named query 'WishList.findByUser'
2025-02-20T11:03:15.810+02:00 DEBUG 8868 --- [shop] [           main] o.s.d.jpa.repository.query.NamedQuery    : Did not find named query WishList.findByUser
2025-02-20T11:03:15.810+02:00 DEBUG 8868 --- [shop] [           main] tor$SharedEntityManagerInvocationHandler : Creating new EntityManager for shared EntityManager invocation
2025-02-20T11:03:15.821+02:00 DEBUG 8868 --- [shop] [           main] o.s.d.r.c.s.RepositoryFactorySupport     : Finished creation of repository instance for com.online.shop.repositories.WishListRepository.
2025-02-20T11:03:15.821+02:00 DEBUG 8868 --- [shop] [           main] o.s.b.f.s.DefaultListableBeanFactory     : Creating shared instance of singleton bean 'cloudinaryService'
2025-02-20T11:03:15.821+02:00 DEBUG 8868 --- [shop] [           main] o.s.b.f.s.DefaultListableBeanFactory     : Creating shared instance of singleton bean 'cloudinary'
2025-02-20T11:03:15.826+02:00 DEBUG 8868 --- [shop] [           main] o.s.b.f.s.DefaultListableBeanFactory     : Autowiring by type from bean name 'cloudinaryService' via constructor to bean named 'cloudinary'
2025-02-20T11:03:15.826+02:00 DEBUG 8868 --- [shop] [           main] o.s.b.f.s.DefaultListableBeanFactory     : Creating shared instance of singleton bean 'orderProductRepository'
2025-02-20T11:03:15.830+02:00 DEBUG 8868 --- [shop] [           main] o.s.b.f.s.DefaultListableBeanFactory     : Creating shared instance of singleton bean 'jpa.named-queries#5'
2025-02-20T11:03:15.830+02:00 DEBUG 8868 --- [shop] [           main] o.s.b.f.s.DefaultListableBeanFactory     : Creating shared instance of singleton bean 'jpa.OrderProductRepository.fragments#0'
2025-02-20T11:03:15.836+02:00 DEBUG 8868 --- [shop] [           main] tor$SharedEntityManagerInvocationHandler : Creating new EntityManager for shared EntityManager invocation
2025-02-20T11:03:15.837+02:00 DEBUG 8868 --- [shop] [           main] o.s.d.r.c.s.RepositoryFactorySupport     : Initializing repository instance for com.online.shop.repositories.OrderProductRepository…
2025-02-20T11:03:15.837+02:00 DEBUG 8868 --- [shop] [           main] tor$SharedEntityManagerInvocationHandler : Creating new EntityManager for shared EntityManager invocation
2025-02-20T11:03:15.845+02:00 DEBUG 8868 --- [shop] [           main] o.s.d.jpa.repository.query.NamedQuery    : Looking up named query 'OrderProduct.findByProductId'
2025-02-20T11:03:15.846+02:00 DEBUG 8868 --- [shop] [           main] o.s.d.jpa.repository.query.NamedQuery    : Did not find named query OrderProduct.findByProductId
2025-02-20T11:03:15.846+02:00 DEBUG 8868 --- [shop] [           main] tor$SharedEntityManagerInvocationHandler : Creating new EntityManager for shared EntityManager invocation
2025-02-20T11:03:15.849+02:00 DEBUG 8868 --- [shop] [           main] o.s.d.r.c.s.RepositoryFactorySupport     : Finished creation of repository instance for com.online.shop.repositories.OrderProductRepository.
2025-02-20T11:03:15.852+02:00 DEBUG 8868 --- [shop] [           main] o.s.b.f.s.DefaultListableBeanFactory     : Creating shared instance of singleton bean 'orderRepository'
2025-02-20T11:03:15.857+02:00 DEBUG 8868 --- [shop] [           main] o.s.b.f.s.DefaultListableBeanFactory     : Creating shared instance of singleton bean 'jpa.named-queries#4'
2025-02-20T11:03:15.860+02:00 DEBUG 8868 --- [shop] [           main] o.s.b.f.s.DefaultListableBeanFactory     : Creating shared instance of singleton bean 'jpa.OrderRepository.fragments#0'
2025-02-20T11:03:15.860+02:00 DEBUG 8868 --- [shop] [           main] tor$SharedEntityManagerInvocationHandler : Creating new EntityManager for shared EntityManager invocation
2025-02-20T11:03:15.860+02:00 DEBUG 8868 --- [shop] [           main] o.s.d.r.c.s.RepositoryFactorySupport     : Initializing repository instance for com.online.shop.repositories.OrderRepository…
2025-02-20T11:03:15.860+02:00 DEBUG 8868 --- [shop] [           main] tor$SharedEntityManagerInvocationHandler : Creating new EntityManager for shared EntityManager invocation
2025-02-20T11:03:15.865+02:00 DEBUG 8868 --- [shop] [           main] o.s.d.jpa.repository.query.NamedQuery    : Looking up named query 'Order.findByStatus'
2025-02-20T11:03:15.868+02:00 DEBUG 8868 --- [shop] [           main] o.s.d.jpa.repository.query.NamedQuery    : Did not find named query Order.findByStatus
2025-02-20T11:03:15.868+02:00 DEBUG 8868 --- [shop] [           main] tor$SharedEntityManagerInvocationHandler : Creating new EntityManager for shared EntityManager invocation
2025-02-20T11:03:15.870+02:00 DEBUG 8868 --- [shop] [           main] o.s.d.r.c.s.RepositoryFactorySupport     : Finished creation of repository instance for com.online.shop.repositories.OrderRepository.
2025-02-20T11:03:15.872+02:00 DEBUG 8868 --- [shop] [           main] o.s.b.f.s.DefaultListableBeanFactory     : Creating shared instance of singleton bean 'categoryRepository'
2025-02-20T11:03:15.872+02:00 DEBUG 8868 --- [shop] [           main] o.s.b.f.s.DefaultListableBeanFactory     : Creating shared instance of singleton bean 'jpa.named-queries#0'
2025-02-20T11:03:15.872+02:00 DEBUG 8868 --- [shop] [           main] o.s.b.f.s.DefaultListableBeanFactory     : Creating shared instance of singleton bean 'jpa.CategoryRepository.fragments#0'
2025-02-20T11:03:15.872+02:00 DEBUG 8868 --- [shop] [           main] tor$SharedEntityManagerInvocationHandler : Creating new EntityManager for shared EntityManager invocation
2025-02-20T11:03:15.872+02:00 DEBUG 8868 --- [shop] [           main] o.s.d.r.c.s.RepositoryFactorySupport     : Initializing repository instance for com.online.shop.repositories.CategoryRepository…
2025-02-20T11:03:15.880+02:00 DEBUG 8868 --- [shop] [           main] tor$SharedEntityManagerInvocationHandler : Creating new EntityManager for shared EntityManager invocation
2025-02-20T11:03:15.880+02:00 DEBUG 8868 --- [shop] [           main] o.s.d.jpa.repository.query.NamedQuery    : Looking up named query 'Category.findByName'
2025-02-20T11:03:15.880+02:00 DEBUG 8868 --- [shop] [           main] o.s.d.jpa.repository.query.NamedQuery    : Did not find named query Category.findByName
2025-02-20T11:03:15.880+02:00 DEBUG 8868 --- [shop] [           main] tor$SharedEntityManagerInvocationHandler : Creating new EntityManager for shared EntityManager invocation
2025-02-20T11:03:15.884+02:00 DEBUG 8868 --- [shop] [           main] o.s.d.r.c.s.RepositoryFactorySupport     : Finished creation of repository instance for com.online.shop.repositories.CategoryRepository.
2025-02-20T11:03:15.890+02:00 DEBUG 8868 --- [shop] [           main] o.s.b.f.s.DefaultListableBeanFactory     : Creating shared instance of singleton bean 'notificationsService'
2025-02-20T11:03:15.890+02:00 DEBUG 8868 --- [shop] [           main] o.s.b.f.s.DefaultListableBeanFactory     : Creating shared instance of singleton bean 'mailService'
2025-02-20T11:03:15.890+02:00 DEBUG 8868 --- [shop] [           main] o.s.b.f.s.DefaultListableBeanFactory     : Creating shared instance of singleton bean 'javaMailSender'
2025-02-20T11:03:15.910+02:00 DEBUG 8868 --- [shop] [           main] o.s.b.f.s.DefaultListableBeanFactory     : Autowiring by type from bean name 'mailService' via constructor to bean named 'javaMailSender'
2025-02-20T11:03:15.910+02:00 DEBUG 8868 --- [shop] [           main] o.s.b.f.s.DefaultListableBeanFactory     : Autowiring by type from bean name 'mailService' via constructor to bean named 'userRepository'
2025-02-20T11:03:15.915+02:00 DEBUG 8868 --- [shop] [           main] o.s.b.f.s.DefaultListableBeanFactory     : Creating shared instance of singleton bean 'brokerMessagingTemplate'
2025-02-20T11:03:15.915+02:00 DEBUG 8868 --- [shop] [           main] o.s.b.f.s.DefaultListableBeanFactory     : Creating shared instance of singleton bean 'org.springframework.web.socket.config.annotation.DelegatingWebSocketMessageBrokerConfiguration'
2025-02-20T11:03:15.920+02:00 DEBUG 8868 --- [shop] [           main] o.s.b.f.s.DefaultListableBeanFactory     : Creating shared instance of singleton bean 'org.springframework.boot.autoconfigure.websocket.servlet.WebSocketMessagingAutoConfiguration$WebSocketMessageConverterConfiguration'
2025-02-20T11:03:15.923+02:00 DEBUG 8868 --- [shop] [           main] o.s.b.f.s.DefaultListableBeanFactory     : Autowiring by type from bean name 'org.springframework.boot.autoconfigure.websocket.servlet.WebSocketMessagingAutoConfiguration$WebSocketMessageConverterConfiguration' via constructor to bean named 'jacksonObjectMapper'
2025-02-20T11:03:15.931+02:00 DEBUG 8868 --- [shop] [           main] o.s.b.f.s.DefaultListableBeanFactory     : Creating shared instance of singleton bean 'brokerChannel'
2025-02-20T11:03:15.931+02:00 DEBUG 8868 --- [shop] [           main] o.s.b.f.s.DefaultListableBeanFactory     : Creating shared instance of singleton bean 'clientInboundChannel'
2025-02-20T11:03:15.931+02:00 DEBUG 8868 --- [shop] [           main] o.s.b.f.s.DefaultListableBeanFactory     : Creating shared instance of singleton bean 'clientInboundChannelExecutor'
2025-02-20T11:03:15.933+02:00 DEBUG 8868 --- [shop] [           main] o.s.s.concurrent.ThreadPoolTaskExecutor  : Initializing ExecutorService 'clientInboundChannelExecutor'
2025-02-20T11:03:15.933+02:00 DEBUG 8868 --- [shop] [           main] o.s.b.f.s.DefaultListableBeanFactory     : Autowiring by type from bean name 'clientInboundChannel' via factory method to bean named 'clientInboundChannelExecutor'
2025-02-20T11:03:15.937+02:00 DEBUG 8868 --- [shop] [           main] o.s.b.f.s.DefaultListableBeanFactory     : Creating shared instance of singleton bean 'clientOutboundChannel'
2025-02-20T11:03:15.937+02:00 DEBUG 8868 --- [shop] [           main] o.s.b.f.s.DefaultListableBeanFactory     : Creating shared instance of singleton bean 'clientOutboundChannelExecutor'
2025-02-20T11:03:15.937+02:00 DEBUG 8868 --- [shop] [           main] o.s.s.concurrent.ThreadPoolTaskExecutor  : Initializing ExecutorService 'clientOutboundChannelExecutor'
2025-02-20T11:03:15.940+02:00 DEBUG 8868 --- [shop] [           main] o.s.b.f.s.DefaultListableBeanFactory     : Autowiring by type from bean name 'clientOutboundChannel' via factory method to bean named 'clientOutboundChannelExecutor'
2025-02-20T11:03:15.940+02:00 DEBUG 8868 --- [shop] [           main] o.s.b.f.s.DefaultListableBeanFactory     : Creating shared instance of singleton bean 'brokerChannelExecutor'
2025-02-20T11:03:15.940+02:00 DEBUG 8868 --- [shop] [           main] o.s.b.f.s.DefaultListableBeanFactory     : Autowiring by type from bean name 'brokerChannelExecutor' via factory method to bean named 'clientInboundChannel'
2025-02-20T11:03:15.940+02:00 DEBUG 8868 --- [shop] [           main] o.s.b.f.s.DefaultListableBeanFactory     : Autowiring by type from bean name 'brokerChannelExecutor' via factory method to bean named 'clientOutboundChannel'
2025-02-20T11:03:15.945+02:00 DEBUG 8868 --- [shop] [           main] o.s.s.concurrent.ThreadPoolTaskExecutor  : Initializing ExecutorService 'brokerChannelExecutor'
2025-02-20T11:03:15.947+02:00 DEBUG 8868 --- [shop] [           main] o.s.b.f.s.DefaultListableBeanFactory     : Autowiring by type from bean name 'brokerChannel' via factory method to bean named 'clientInboundChannel'
2025-02-20T11:03:15.947+02:00 DEBUG 8868 --- [shop] [           main] o.s.b.f.s.DefaultListableBeanFactory     : Autowiring by type from bean name 'brokerChannel' via factory method to bean named 'clientOutboundChannel'
2025-02-20T11:03:15.947+02:00 DEBUG 8868 --- [shop] [           main] o.s.b.f.s.DefaultListableBeanFactory     : Autowiring by type from bean name 'brokerChannel' via factory method to bean named 'brokerChannelExecutor'
2025-02-20T11:03:15.950+02:00 DEBUG 8868 --- [shop] [           main] o.s.b.f.s.DefaultListableBeanFactory     : Creating shared instance of singleton bean 'brokerMessageConverter'
2025-02-20T11:03:15.950+02:00 DEBUG 8868 --- [shop] [           main] o.s.b.f.s.DefaultListableBeanFactory     : Autowiring by type from bean name 'brokerMessagingTemplate' via factory method to bean named 'brokerChannel'
2025-02-20T11:03:15.950+02:00 DEBUG 8868 --- [shop] [           main] o.s.b.f.s.DefaultListableBeanFactory     : Autowiring by type from bean name 'brokerMessagingTemplate' via factory method to bean named 'clientInboundChannel'
2025-02-20T11:03:15.950+02:00 DEBUG 8868 --- [shop] [           main] o.s.b.f.s.DefaultListableBeanFactory     : Autowiring by type from bean name 'brokerMessagingTemplate' via factory method to bean named 'clientOutboundChannel'
2025-02-20T11:03:15.950+02:00 DEBUG 8868 --- [shop] [           main] o.s.b.f.s.DefaultListableBeanFactory     : Autowiring by type from bean name 'brokerMessagingTemplate' via factory method to bean named 'brokerMessageConverter'
2025-02-20T11:03:15.955+02:00 DEBUG 8868 --- [shop] [           main] o.s.b.f.s.DefaultListableBeanFactory     : Autowiring by type from bean name 'notificationsService' via constructor to bean named 'userRepository'
2025-02-20T11:03:15.955+02:00 DEBUG 8868 --- [shop] [           main] o.s.b.f.s.DefaultListableBeanFactory     : Autowiring by type from bean name 'notificationsService' via constructor to bean named 'mailService'
2025-02-20T11:03:15.955+02:00 DEBUG 8868 --- [shop] [           main] o.s.b.f.s.DefaultListableBeanFactory     : Autowiring by type from bean name 'notificationsService' via constructor to bean named 'brokerMessagingTemplate'
2025-02-20T11:03:15.955+02:00 DEBUG 8868 --- [shop] [           main] o.s.b.f.s.DefaultListableBeanFactory     : Autowiring by type from bean name 'adminService' via constructor to bean named 'productRepository'
2025-02-20T11:03:15.955+02:00 DEBUG 8868 --- [shop] [           main] o.s.b.f.s.DefaultListableBeanFactory     : Autowiring by type from bean name 'adminService' via constructor to bean named 'reviewRepository'
2025-02-20T11:03:15.955+02:00 DEBUG 8868 --- [shop] [           main] o.s.b.f.s.DefaultListableBeanFactory     : Autowiring by type from bean name 'adminService' via constructor to bean named 'userRepository'
2025-02-20T11:03:15.955+02:00 DEBUG 8868 --- [shop] [           main] o.s.b.f.s.DefaultListableBeanFactory     : Autowiring by type from bean name 'adminService' via constructor to bean named 'wishListRepository'
2025-02-20T11:03:15.955+02:00 DEBUG 8868 --- [shop] [           main] o.s.b.f.s.DefaultListableBeanFactory     : Autowiring by type from bean name 'adminService' via constructor to bean named 'cloudinaryService'
2025-02-20T11:03:15.955+02:00 DEBUG 8868 --- [shop] [           main] o.s.b.f.s.DefaultListableBeanFactory     : Autowiring by type from bean name 'adminService' via constructor to bean named 'orderProductRepository'
2025-02-20T11:03:15.955+02:00 DEBUG 8868 --- [shop] [           main] o.s.b.f.s.DefaultListableBeanFactory     : Autowiring by type from bean name 'adminService' via constructor to bean named 'orderRepository'
2025-02-20T11:03:15.955+02:00 DEBUG 8868 --- [shop] [           main] o.s.b.f.s.DefaultListableBeanFactory     : Autowiring by type from bean name 'adminService' via constructor to bean named 'categoryRepository'
2025-02-20T11:03:15.955+02:00 DEBUG 8868 --- [shop] [           main] o.s.b.f.s.DefaultListableBeanFactory     : Autowiring by type from bean name 'adminService' via constructor to bean named 'notificationsService'
2025-02-20T11:03:15.955+02:00 DEBUG 8868 --- [shop] [           main] o.s.b.f.s.DefaultListableBeanFactory     : Autowiring by type from bean name 'adminController' via constructor to bean named 'adminService'
2025-02-20T11:03:15.960+02:00 DEBUG 8868 --- [shop] [           main] o.s.b.f.s.DefaultListableBeanFactory     : Creating shared instance of singleton bean 'authController'
2025-02-20T11:03:15.960+02:00 DEBUG 8868 --- [shop] [           main] o.s.b.f.s.DefaultListableBeanFactory     : Creating shared instance of singleton bean 'authService'
2025-02-20T11:03:15.960+02:00 DEBUG 8868 --- [shop] [           main] o.s.b.f.s.DefaultListableBeanFactory     : Autowiring by type from bean name 'authService' via constructor to bean named 'userRepository'
2025-02-20T11:03:15.960+02:00 DEBUG 8868 --- [shop] [           main] o.s.b.f.s.DefaultListableBeanFactory     : Autowiring by type from bean name 'authService' via constructor to bean named 'passwordEncoder'
2025-02-20T11:03:15.964+02:00 DEBUG 8868 --- [shop] [           main] o.s.b.f.s.DefaultListableBeanFactory     : Creating shared instance of singleton bean 'authenticationManager'
2025-02-20T11:03:15.964+02:00 DEBUG 8868 --- [shop] [           main] o.s.b.f.s.DefaultListableBeanFactory     : Creating shared instance of singleton bean 'org.springframework.security.config.annotation.web.configuration.HttpSecurityConfiguration'
2025-02-20T11:03:15.968+02:00 DEBUG 8868 --- [shop] [           main] o.s.b.f.s.DefaultListableBeanFactory     : Creating shared instance of singleton bean 'objectPostProcessor'
2025-02-20T11:03:15.968+02:00 DEBUG 8868 --- [shop] [           main] o.s.b.f.s.DefaultListableBeanFactory     : Creating shared instance of singleton bean 'org.springframework.security.config.annotation.configuration.ObjectPostProcessorConfiguration'
2025-02-20T11:03:15.970+02:00 DEBUG 8868 --- [shop] [           main] o.s.b.f.s.DefaultListableBeanFactory     : Autowiring by type from bean name 'objectPostProcessor' via factory method to bean named 'org.springframework.beans.factory.support.DefaultListableBeanFactory@39dbea69'
2025-02-20T11:03:15.970+02:00 DEBUG 8868 --- [shop] [           main] o.s.b.f.s.DefaultListableBeanFactory     : Creating shared instance of singleton bean 'org.springframework.security.config.annotation.authentication.configuration.AuthenticationConfiguration'
2025-02-20T11:03:15.975+02:00 DEBUG 8868 --- [shop] [           main] o.s.b.f.s.DefaultListableBeanFactory     : Creating shared instance of singleton bean 'enableGlobalAuthenticationAutowiredConfigurer'
2025-02-20T11:03:15.975+02:00 DEBUG 8868 --- [shop] [           main] o.s.b.f.s.DefaultListableBeanFactory     : Autowiring by type from bean name 'enableGlobalAuthenticationAutowiredConfigurer' via factory method to bean named 'org.springframework.web.context.support.GenericWebApplicationContext@3f77cd24'
2025-02-20T11:03:15.980+02:00 DEBUG 8868 --- [shop] [           main] o.s.b.f.s.DefaultListableBeanFactory     : Creating shared instance of singleton bean 'initializeUserDetailsBeanManagerConfigurer'
2025-02-20T11:03:15.980+02:00 DEBUG 8868 --- [shop] [           main] o.s.b.f.s.DefaultListableBeanFactory     : Autowiring by type from bean name 'initializeUserDetailsBeanManagerConfigurer' via factory method to bean named 'org.springframework.web.context.support.GenericWebApplicationContext@3f77cd24'
2025-02-20T11:03:15.980+02:00 DEBUG 8868 --- [shop] [           main] o.s.b.f.s.DefaultListableBeanFactory     : Creating shared instance of singleton bean 'initializeAuthenticationProviderBeanManagerConfigurer'
2025-02-20T11:03:15.980+02:00 DEBUG 8868 --- [shop] [           main] o.s.b.f.s.DefaultListableBeanFactory     : Autowiring by type from bean name 'initializeAuthenticationProviderBeanManagerConfigurer' via factory method to bean named 'org.springframework.web.context.support.GenericWebApplicationContext@3f77cd24'
2025-02-20T11:03:15.980+02:00 DEBUG 8868 --- [shop] [           main] o.s.b.f.s.DefaultListableBeanFactory     : Creating shared instance of singleton bean 'mvcContentNegotiationManager'
2025-02-20T11:03:15.980+02:00 DEBUG 8868 --- [shop] [           main] o.s.b.f.s.DefaultListableBeanFactory     : Creating shared instance of singleton bean 'org.springframework.boot.autoconfigure.web.servlet.WebMvcAutoConfiguration$EnableWebMvcConfiguration'
2025-02-20T11:03:15.980+02:00 DEBUG 8868 --- [shop] [           main] o.s.b.f.s.DefaultListableBeanFactory     : Creating shared instance of singleton bean 'spring.mvc-org.springframework.boot.autoconfigure.web.servlet.WebMvcProperties'
2025-02-20T11:03:15.990+02:00 DEBUG 8868 --- [shop] [           main] o.s.b.f.s.DefaultListableBeanFactory     : Creating shared instance of singleton bean 'spring.web-org.springframework.boot.autoconfigure.web.WebProperties'
2025-02-20T11:03:15.990+02:00 DEBUG 8868 --- [shop] [           main] o.s.b.f.s.DefaultListableBeanFactory     : Autowiring by type from bean name 'org.springframework.boot.autoconfigure.web.servlet.WebMvcAutoConfiguration$EnableWebMvcConfiguration' via constructor to bean named 'spring.mvc-org.springframework.boot.autoconfigure.web.servlet.WebMvcProperties'
2025-02-20T11:03:15.990+02:00 DEBUG 8868 --- [shop] [           main] o.s.b.f.s.DefaultListableBeanFactory     : Autowiring by type from bean name 'org.springframework.boot.autoconfigure.web.servlet.WebMvcAutoConfiguration$EnableWebMvcConfiguration' via constructor to bean named 'spring.web-org.springframework.boot.autoconfigure.web.WebProperties'
2025-02-20T11:03:15.990+02:00 DEBUG 8868 --- [shop] [           main] o.s.b.f.s.DefaultListableBeanFactory     : Autowiring by type from bean name 'org.springframework.boot.autoconfigure.web.servlet.WebMvcAutoConfiguration$EnableWebMvcConfiguration' via constructor to bean named 'org.springframework.beans.factory.support.DefaultListableBeanFactory@39dbea69'
2025-02-20T11:03:15.995+02:00 DEBUG 8868 --- [shop] [           main] o.s.b.f.s.DefaultListableBeanFactory     : Creating shared instance of singleton bean 'org.springframework.security.config.annotation.web.configuration.WebMvcSecurityConfiguration'
2025-02-20T11:03:15.995+02:00 DEBUG 8868 --- [shop] [           main] o.s.b.f.s.DefaultListableBeanFactory     : Creating shared instance of singleton bean 'org.springframework.boot.autoconfigure.web.servlet.WebMvcAutoConfiguration$WebMvcAutoConfigurationAdapter'
2025-02-20T11:03:15.995+02:00 DEBUG 8868 --- [shop] [           main] o.s.b.f.s.DefaultListableBeanFactory     : Autowiring by type from bean name 'org.springframework.boot.autoconfigure.web.servlet.WebMvcAutoConfiguration$WebMvcAutoConfigurationAdapter' via constructor to bean named 'spring.web-org.springframework.boot.autoconfigure.web.WebProperties'
2025-02-20T11:03:15.995+02:00 DEBUG 8868 --- [shop] [           main] o.s.b.f.s.DefaultListableBeanFactory     : Autowiring by type from bean name 'org.springframework.boot.autoconfigure.web.servlet.WebMvcAutoConfiguration$WebMvcAutoConfigurationAdapter' via constructor to bean named 'spring.mvc-org.springframework.boot.autoconfigure.web.servlet.WebMvcProperties'
2025-02-20T11:03:15.995+02:00 DEBUG 8868 --- [shop] [           main] o.s.b.f.s.DefaultListableBeanFactory     : Autowiring by type from bean name 'org.springframework.boot.autoconfigure.web.servlet.WebMvcAutoConfiguration$WebMvcAutoConfigurationAdapter' via constructor to bean named 'org.springframework.beans.factory.support.DefaultListableBeanFactory@39dbea69'
2025-02-20T11:03:16.000+02:00 DEBUG 8868 --- [shop] [           main] o.s.b.f.s.DefaultListableBeanFactory     : Creating shared instance of singleton bean 'openEntityManagerInViewInterceptorConfigurer'
2025-02-20T11:03:16.000+02:00 DEBUG 8868 --- [shop] [           main] o.s.b.f.s.DefaultListableBeanFactory     : Creating shared instance of singleton bean 'org.springframework.boot.autoconfigure.orm.jpa.JpaBaseConfiguration$JpaWebConfiguration'
2025-02-20T11:03:16.000+02:00 DEBUG 8868 --- [shop] [           main] o.s.b.f.s.DefaultListableBeanFactory     : Autowiring by type from bean name 'org.springframework.boot.autoconfigure.orm.jpa.JpaBaseConfiguration$JpaWebConfiguration' via constructor to bean named 'spring.jpa-org.springframework.boot.autoconfigure.orm.jpa.JpaProperties'
2025-02-20T11:03:16.000+02:00 DEBUG 8868 --- [shop] [           main] o.s.b.f.s.DefaultListableBeanFactory     : Creating shared instance of singleton bean 'openEntityManagerInViewInterceptor'
2025-02-20T11:03:16.000+02:00  WARN 8868 --- [shop] [           main] JpaBaseConfiguration$JpaWebConfiguration : spring.jpa.open-in-view is enabled by default. Therefore, database queries may be performed during view rendering. Explicitly configure spring.jpa.open-in-view to disable this warning
2025-02-20T11:03:16.000+02:00 DEBUG 8868 --- [shop] [           main] o.s.b.f.s.DefaultListableBeanFactory     : Autowiring by type from bean name 'openEntityManagerInViewInterceptorConfigurer' via factory method to bean named 'openEntityManagerInViewInterceptor'
2025-02-20T11:03:16.000+02:00 DEBUG 8868 --- [shop] [           main] o.s.b.f.s.DefaultListableBeanFactory     : Creating shared instance of singleton bean 'org.springframework.data.web.config.SpringDataWebConfiguration'
2025-02-20T11:03:16.000+02:00 DEBUG 8868 --- [shop] [           main] o.s.b.f.s.DefaultListableBeanFactory     : Autowiring by type from bean name 'org.springframework.data.web.config.SpringDataWebConfiguration' via constructor to bean named 'org.springframework.web.context.support.GenericWebApplicationContext@3f77cd24'
2025-02-20T11:03:16.010+02:00 DEBUG 8868 --- [shop] [           main] o.s.b.f.s.DefaultListableBeanFactory     : Creating shared instance of singleton bean 'authenticationManagerBuilder'
2025-02-20T11:03:16.010+02:00 DEBUG 8868 --- [shop] [           main] o.s.b.f.s.DefaultListableBeanFactory     : Autowiring by type from bean name 'authenticationManagerBuilder' via factory method to bean named 'objectPostProcessor'
2025-02-20T11:03:16.010+02:00 DEBUG 8868 --- [shop] [           main] o.s.b.f.s.DefaultListableBeanFactory     : Autowiring by type from bean name 'authenticationManagerBuilder' via factory method to bean named 'org.springframework.web.context.support.GenericWebApplicationContext@3f77cd24'
2025-02-20T11:03:16.010+02:00 DEBUG 8868 --- [shop] [           main] o.s.b.f.s.DefaultListableBeanFactory     : Creating shared instance of singleton bean 'authenticationEventPublisher'
2025-02-20T11:03:16.010+02:00 DEBUG 8868 --- [shop] [           main] o.s.b.f.s.DefaultListableBeanFactory     : Creating shared instance of singleton bean 'org.springframework.boot.autoconfigure.security.servlet.SecurityAutoConfiguration'
2025-02-20T11:03:16.010+02:00 DEBUG 8868 --- [shop] [           main] o.s.b.f.s.DefaultListableBeanFactory     : Autowiring by type from bean name 'authenticationEventPublisher' via factory method to bean named 'org.springframework.web.context.support.GenericWebApplicationContext@3f77cd24'
2025-02-20T11:03:16.020+02:00  INFO 8868 --- [shop] [           main] r$InitializeUserDetailsManagerConfigurer : Global AuthenticationManager configured with UserDetailsService bean with name customUserDetailsService
2025-02-20T11:03:16.027+02:00 DEBUG 8868 --- [shop] [           main] o.s.b.f.s.DefaultListableBeanFactory     : Autowiring by type from bean name 'authenticationManager' via factory method to bean named 'org.springframework.security.config.annotation.web.configuration.HttpSecurityConfiguration.httpSecurity'
2025-02-20T11:03:16.030+02:00 DEBUG 8868 --- [shop] [           main] o.s.b.f.s.DefaultListableBeanFactory     : Autowiring by type from bean name 'authController' via constructor to bean named 'authService'
2025-02-20T11:03:16.030+02:00 DEBUG 8868 --- [shop] [           main] o.s.b.f.s.DefaultListableBeanFactory     : Autowiring by type from bean name 'authController' via constructor to bean named 'authenticationManager'
2025-02-20T11:03:16.030+02:00 DEBUG 8868 --- [shop] [           main] o.s.b.f.s.DefaultListableBeanFactory     : Autowiring by type from bean name 'authController' via constructor to bean named 'mailService'
2025-02-20T11:03:16.030+02:00 DEBUG 8868 --- [shop] [           main] o.s.b.f.s.DefaultListableBeanFactory     : Creating shared instance of singleton bean 'cartController'
2025-02-20T11:03:16.030+02:00 DEBUG 8868 --- [shop] [           main] o.s.b.f.s.DefaultListableBeanFactory     : Creating shared instance of singleton bean 'cartService'
2025-02-20T11:03:16.035+02:00 DEBUG 8868 --- [shop] [           main] o.s.b.f.s.DefaultListableBeanFactory     : Creating shared instance of singleton bean 'cartRepository'
2025-02-20T11:03:16.037+02:00 DEBUG 8868 --- [shop] [           main] o.s.b.f.s.DefaultListableBeanFactory     : Creating shared instance of singleton bean 'jpa.named-queries#6'
2025-02-20T11:03:16.042+02:00 DEBUG 8868 --- [shop] [           main] o.s.b.f.s.DefaultListableBeanFactory     : Creating shared instance of singleton bean 'jpa.CartRepository.fragments#0'
2025-02-20T11:03:16.042+02:00 DEBUG 8868 --- [shop] [           main] tor$SharedEntityManagerInvocationHandler : Creating new EntityManager for shared EntityManager invocation
2025-02-20T11:03:16.042+02:00 DEBUG 8868 --- [shop] [           main] o.s.d.r.c.s.RepositoryFactorySupport     : Initializing repository instance for com.online.shop.repositories.CartRepository…
2025-02-20T11:03:16.042+02:00 DEBUG 8868 --- [shop] [           main] tor$SharedEntityManagerInvocationHandler : Creating new EntityManager for shared EntityManager invocation
2025-02-20T11:03:16.050+02:00 DEBUG 8868 --- [shop] [           main] o.s.d.jpa.repository.query.NamedQuery    : Looking up named query 'ShoppingCart.findByUser'
2025-02-20T11:03:16.052+02:00 DEBUG 8868 --- [shop] [           main] o.s.d.jpa.repository.query.NamedQuery    : Did not find named query ShoppingCart.findByUser
2025-02-20T11:03:16.052+02:00 DEBUG 8868 --- [shop] [           main] tor$SharedEntityManagerInvocationHandler : Creating new EntityManager for shared EntityManager invocation
2025-02-20T11:03:16.055+02:00 DEBUG 8868 --- [shop] [           main] o.s.d.r.c.s.RepositoryFactorySupport     : Finished creation of repository instance for com.online.shop.repositories.CartRepository.
2025-02-20T11:03:16.057+02:00 DEBUG 8868 --- [shop] [           main] o.s.b.f.s.DefaultListableBeanFactory     : Creating shared instance of singleton bean 'cartItemRepo'
2025-02-20T11:03:16.060+02:00 DEBUG 8868 --- [shop] [           main] o.s.b.f.s.DefaultListableBeanFactory     : Creating shared instance of singleton bean 'jpa.named-queries#7'
2025-02-20T11:03:16.060+02:00 DEBUG 8868 --- [shop] [           main] o.s.b.f.s.DefaultListableBeanFactory     : Creating shared instance of singleton bean 'jpa.CartItemRepo.fragments#0'
2025-02-20T11:03:16.060+02:00 DEBUG 8868 --- [shop] [           main] tor$SharedEntityManagerInvocationHandler : Creating new EntityManager for shared EntityManager invocation
2025-02-20T11:03:16.060+02:00 DEBUG 8868 --- [shop] [           main] o.s.d.r.c.s.RepositoryFactorySupport     : Initializing repository instance for com.online.shop.repositories.CartItemRepo…
2025-02-20T11:03:16.060+02:00 DEBUG 8868 --- [shop] [           main] tor$SharedEntityManagerInvocationHandler : Creating new EntityManager for shared EntityManager invocation
2025-02-20T11:03:16.060+02:00 DEBUG 8868 --- [shop] [           main] o.s.d.r.c.s.RepositoryFactorySupport     : Finished creation of repository instance for com.online.shop.repositories.CartItemRepo.
2025-02-20T11:03:16.060+02:00 DEBUG 8868 --- [shop] [           main] o.s.b.f.s.DefaultListableBeanFactory     : Autowiring by type from bean name 'cartService' via constructor to bean named 'productRepository'
2025-02-20T11:03:16.060+02:00 DEBUG 8868 --- [shop] [           main] o.s.b.f.s.DefaultListableBeanFactory     : Autowiring by type from bean name 'cartService' via constructor to bean named 'cartRepository'
2025-02-20T11:03:16.060+02:00 DEBUG 8868 --- [shop] [           main] o.s.b.f.s.DefaultListableBeanFactory     : Autowiring by type from bean name 'cartService' via constructor to bean named 'userRepository'
2025-02-20T11:03:16.060+02:00 DEBUG 8868 --- [shop] [           main] o.s.b.f.s.DefaultListableBeanFactory     : Autowiring by type from bean name 'cartService' via constructor to bean named 'cartItemRepo'
2025-02-20T11:03:16.060+02:00 DEBUG 8868 --- [shop] [           main] o.s.b.f.s.DefaultListableBeanFactory     : Autowiring by type from bean name 'cartService' via constructor to bean named 'payPalHttpClient'
2025-02-20T11:03:16.060+02:00 DEBUG 8868 --- [shop] [           main] o.s.b.f.s.DefaultListableBeanFactory     : Autowiring by type from bean name 'cartService' via constructor to bean named 'orderRepository'
2025-02-20T11:03:16.060+02:00 DEBUG 8868 --- [shop] [           main] o.s.b.f.s.DefaultListableBeanFactory     : Autowiring by type from bean name 'cartService' via constructor to bean named 'notificationsService'
2025-02-20T11:03:16.070+02:00 DEBUG 8868 --- [shop] [           main] o.s.b.f.s.DefaultListableBeanFactory     : Autowiring by type from bean name 'cartController' via constructor to bean named 'cartService'
2025-02-20T11:03:16.070+02:00 DEBUG 8868 --- [shop] [           main] o.s.b.f.s.DefaultListableBeanFactory     : Creating shared instance of singleton bean 'productController'
2025-02-20T11:03:16.070+02:00 DEBUG 8868 --- [shop] [           main] o.s.b.f.s.DefaultListableBeanFactory     : Creating shared instance of singleton bean 'productService'
2025-02-20T11:03:16.070+02:00 DEBUG 8868 --- [shop] [           main] o.s.b.f.s.DefaultListableBeanFactory     : Creating shared instance of singleton bean 'imageRepo'
2025-02-20T11:03:16.073+02:00 DEBUG 8868 --- [shop] [           main] o.s.b.f.s.DefaultListableBeanFactory     : Creating shared instance of singleton bean 'jpa.named-queries#1'
2025-02-20T11:03:16.073+02:00 DEBUG 8868 --- [shop] [           main] o.s.b.f.s.DefaultListableBeanFactory     : Creating shared instance of singleton bean 'jpa.ImageRepo.fragments#0'
2025-02-20T11:03:16.073+02:00 DEBUG 8868 --- [shop] [           main] tor$SharedEntityManagerInvocationHandler : Creating new EntityManager for shared EntityManager invocation
2025-02-20T11:03:16.080+02:00 DEBUG 8868 --- [shop] [           main] o.s.d.r.c.s.RepositoryFactorySupport     : Initializing repository instance for com.online.shop.repositories.ImageRepo…
2025-02-20T11:03:16.080+02:00 DEBUG 8868 --- [shop] [           main] tor$SharedEntityManagerInvocationHandler : Creating new EntityManager for shared EntityManager invocation
2025-02-20T11:03:16.080+02:00 DEBUG 8868 --- [shop] [           main] o.s.d.r.c.s.RepositoryFactorySupport     : Finished creation of repository instance for com.online.shop.repositories.ImageRepo.
2025-02-20T11:03:16.080+02:00 DEBUG 8868 --- [shop] [           main] o.s.b.f.s.DefaultListableBeanFactory     : Autowiring by type from bean name 'productService' via constructor to bean named 'productRepository'
2025-02-20T11:03:16.080+02:00 DEBUG 8868 --- [shop] [           main] o.s.b.f.s.DefaultListableBeanFactory     : Autowiring by type from bean name 'productService' via constructor to bean named 'categoryRepository'
2025-02-20T11:03:16.080+02:00 DEBUG 8868 --- [shop] [           main] o.s.b.f.s.DefaultListableBeanFactory     : Autowiring by type from bean name 'productService' via constructor to bean named 'userRepository'
2025-02-20T11:03:16.080+02:00 DEBUG 8868 --- [shop] [           main] o.s.b.f.s.DefaultListableBeanFactory     : Autowiring by type from bean name 'productService' via constructor to bean named 'imageRepo'
2025-02-20T11:03:16.080+02:00 DEBUG 8868 --- [shop] [           main] o.s.b.f.s.DefaultListableBeanFactory     : Autowiring by type from bean name 'productController' via constructor to bean named 'productService'
2025-02-20T11:03:16.080+02:00 DEBUG 8868 --- [shop] [           main] o.s.b.f.s.DefaultListableBeanFactory     : Creating shared instance of singleton bean 'settingsController'
2025-02-20T11:03:16.080+02:00 DEBUG 8868 --- [shop] [           main] o.s.b.f.s.DefaultListableBeanFactory     : Creating shared instance of singleton bean 'settingsService'
2025-02-20T11:03:16.080+02:00 DEBUG 8868 --- [shop] [           main] o.s.b.f.s.DefaultListableBeanFactory     : Creating shared instance of singleton bean 'shipmentRepo'
2025-02-20T11:03:16.090+02:00 DEBUG 8868 --- [shop] [           main] o.s.b.f.s.DefaultListableBeanFactory     : Creating shared instance of singleton bean 'jpa.named-queries#2'
2025-02-20T11:03:16.090+02:00 DEBUG 8868 --- [shop] [           main] o.s.b.f.s.DefaultListableBeanFactory     : Creating shared instance of singleton bean 'jpa.ShipmentRepo.fragments#0'
2025-02-20T11:03:16.092+02:00 DEBUG 8868 --- [shop] [           main] tor$SharedEntityManagerInvocationHandler : Creating new EntityManager for shared EntityManager invocation
2025-02-20T11:03:16.092+02:00 DEBUG 8868 --- [shop] [           main] o.s.d.r.c.s.RepositoryFactorySupport     : Initializing repository instance for com.online.shop.repositories.ShipmentRepo…
2025-02-20T11:03:16.092+02:00 DEBUG 8868 --- [shop] [           main] tor$SharedEntityManagerInvocationHandler : Creating new EntityManager for shared EntityManager invocation
2025-02-20T11:03:16.092+02:00 DEBUG 8868 --- [shop] [           main] o.s.d.r.c.s.RepositoryFactorySupport     : Finished creation of repository instance for com.online.shop.repositories.ShipmentRepo.
2025-02-20T11:03:16.092+02:00 DEBUG 8868 --- [shop] [           main] o.s.b.f.s.DefaultListableBeanFactory     : Autowiring by type from bean name 'settingsService' via constructor to bean named 'userRepository'
2025-02-20T11:03:16.092+02:00 DEBUG 8868 --- [shop] [           main] o.s.b.f.s.DefaultListableBeanFactory     : Autowiring by type from bean name 'settingsService' via constructor to bean named 'shipmentRepo'
2025-02-20T11:03:16.092+02:00 DEBUG 8868 --- [shop] [           main] o.s.b.f.s.DefaultListableBeanFactory     : Autowiring by type from bean name 'settingsService' via constructor to bean named 'passwordEncoder'
2025-02-20T11:03:16.092+02:00 DEBUG 8868 --- [shop] [           main] o.s.b.f.s.DefaultListableBeanFactory     : Autowiring by type from bean name 'settingsService' via constructor to bean named 'mailService'
2025-02-20T11:03:16.092+02:00 DEBUG 8868 --- [shop] [           main] o.s.b.f.s.DefaultListableBeanFactory     : Autowiring by type from bean name 'settingsController' via constructor to bean named 'settingsService'
2025-02-20T11:03:16.092+02:00 DEBUG 8868 --- [shop] [           main] o.s.b.f.s.DefaultListableBeanFactory     : Creating shared instance of singleton bean 'viewController'
2025-02-20T11:03:16.100+02:00 DEBUG 8868 --- [shop] [           main] o.s.b.f.s.DefaultListableBeanFactory     : Creating shared instance of singleton bean 'wishListController'
2025-02-20T11:03:16.100+02:00 DEBUG 8868 --- [shop] [           main] o.s.b.f.s.DefaultListableBeanFactory     : Creating shared instance of singleton bean 'wishListService'
2025-02-20T11:03:16.100+02:00 DEBUG 8868 --- [shop] [           main] o.s.b.f.s.DefaultListableBeanFactory     : Autowiring by type from bean name 'wishListService' via constructor to bean named 'productRepository'
2025-02-20T11:03:16.100+02:00 DEBUG 8868 --- [shop] [           main] o.s.b.f.s.DefaultListableBeanFactory     : Autowiring by type from bean name 'wishListService' via constructor to bean named 'categoryRepository'
2025-02-20T11:03:16.100+02:00 DEBUG 8868 --- [shop] [           main] o.s.b.f.s.DefaultListableBeanFactory     : Autowiring by type from bean name 'wishListService' via constructor to bean named 'userRepository'
2025-02-20T11:03:16.100+02:00 DEBUG 8868 --- [shop] [           main] o.s.b.f.s.DefaultListableBeanFactory     : Autowiring by type from bean name 'wishListController' via constructor to bean named 'wishListRepository'
2025-02-20T11:03:16.100+02:00 DEBUG 8868 --- [shop] [           main] o.s.b.f.s.DefaultListableBeanFactory     : Autowiring by type from bean name 'wishListController' via constructor to bean named 'productRepository'
2025-02-20T11:03:16.100+02:00 DEBUG 8868 --- [shop] [           main] o.s.b.f.s.DefaultListableBeanFactory     : Autowiring by type from bean name 'wishListController' via constructor to bean named 'wishListService'
2025-02-20T11:03:16.100+02:00 DEBUG 8868 --- [shop] [           main] o.s.b.f.s.DefaultListableBeanFactory     : Creating shared instance of singleton bean 'org.springframework.security.config.annotation.web.configuration.WebSecurityConfiguration'
2025-02-20T11:03:16.110+02:00 DEBUG 8868 --- [shop] [           main] o.s.b.f.s.DefaultListableBeanFactory     : Creating shared instance of singleton bean 'filterChainDecoratorPostProcessor'
2025-02-20T11:03:16.110+02:00 DEBUG 8868 --- [shop] [           main] o.s.b.f.s.DefaultListableBeanFactory     : Creating shared instance of singleton bean 'mvcHandlerMappingIntrospectorRequestTransformer'
2025-02-20T11:03:16.110+02:00 DEBUG 8868 --- [shop] [           main] o.s.b.f.s.DefaultListableBeanFactory     : Creating shared instance of singleton bean 'mvcHandlerMappingIntrospector'
2025-02-20T11:03:16.110+02:00 DEBUG 8868 --- [shop] [           main] o.s.b.f.s.DefaultListableBeanFactory     : Creating shared instance of singleton bean 'stompWebSocketHandlerMapping'
2025-02-20T11:03:16.110+02:00 DEBUG 8868 --- [shop] [           main] o.s.b.f.s.DefaultListableBeanFactory     : Creating shared instance of singleton bean 'subProtocolWebSocketHandler'
2025-02-20T11:03:16.110+02:00 DEBUG 8868 --- [shop] [           main] o.s.b.f.s.DefaultListableBeanFactory     : Autowiring by type from bean name 'subProtocolWebSocketHandler' via factory method to bean named 'clientInboundChannel'
2025-02-20T11:03:16.110+02:00 DEBUG 8868 --- [shop] [           main] o.s.b.f.s.DefaultListableBeanFactory     : Autowiring by type from bean name 'subProtocolWebSocketHandler' via factory method to bean named 'clientOutboundChannel'
2025-02-20T11:03:16.110+02:00 DEBUG 8868 --- [shop] [           main] o.s.b.f.s.DefaultListableBeanFactory     : Creating shared instance of singleton bean 'messageBrokerTaskScheduler'
2025-02-20T11:03:16.110+02:00 DEBUG 8868 --- [shop] [           main] o.s.s.c.ThreadPoolTaskScheduler          : Initializing ExecutorService 'messageBrokerTaskScheduler'
2025-02-20T11:03:16.121+02:00 DEBUG 8868 --- [shop] [           main] o.s.b.f.s.DefaultListableBeanFactory     : Autowiring by type from bean name 'stompWebSocketHandlerMapping' via factory method to bean named 'subProtocolWebSocketHandler'
2025-02-20T11:03:16.121+02:00 DEBUG 8868 --- [shop] [           main] o.s.b.f.s.DefaultListableBeanFactory     : Autowiring by type from bean name 'stompWebSocketHandlerMapping' via factory method to bean named 'messageBrokerTaskScheduler'
2025-02-20T11:03:16.121+02:00 DEBUG 8868 --- [shop] [           main] o.s.b.f.s.DefaultListableBeanFactory     : Autowiring by type from bean name 'stompWebSocketHandlerMapping' via factory method to bean named 'clientInboundChannel'
2025-02-20T11:03:16.121+02:00 DEBUG 8868 --- [shop] [           main] o.s.w.s.s.s.WebSocketHandlerMapping      : Patterns [/chat/**] in 'stompWebSocketHandlerMapping'
2025-02-20T11:03:16.125+02:00 DEBUG 8868 --- [shop] [           main] o.s.b.f.s.DefaultListableBeanFactory     : Creating shared instance of singleton bean 'welcomePageHandlerMapping'
2025-02-20T11:03:16.125+02:00 DEBUG 8868 --- [shop] [           main] o.s.b.f.s.DefaultListableBeanFactory     : Creating shared instance of singleton bean 'mvcConversionService'
2025-02-20T11:03:16.130+02:00 DEBUG 8868 --- [shop] [           main] o.s.b.f.s.DefaultListableBeanFactory     : Creating shared instance of singleton bean 'mvcResourceUrlProvider'
2025-02-20T11:03:16.130+02:00 DEBUG 8868 --- [shop] [           main] o.s.b.f.s.DefaultListableBeanFactory     : Autowiring by type from bean name 'welcomePageHandlerMapping' via factory method to bean named 'org.springframework.web.context.support.GenericWebApplicationContext@3f77cd24'
2025-02-20T11:03:16.130+02:00 DEBUG 8868 --- [shop] [           main] o.s.b.f.s.DefaultListableBeanFactory     : Autowiring by type from bean name 'welcomePageHandlerMapping' via factory method to bean named 'mvcConversionService'
2025-02-20T11:03:16.130+02:00 DEBUG 8868 --- [shop] [           main] o.s.b.f.s.DefaultListableBeanFactory     : Autowiring by type from bean name 'welcomePageHandlerMapping' via factory method to bean named 'mvcResourceUrlProvider'
2025-02-20T11:03:16.140+02:00 DEBUG 8868 --- [shop] [           main] o.s.b.f.s.DefaultListableBeanFactory     : Creating shared instance of singleton bean 'welcomePageNotAcceptableHandlerMapping'
2025-02-20T11:03:16.145+02:00 DEBUG 8868 --- [shop] [           main] o.s.b.f.s.DefaultListableBeanFactory     : Autowiring by type from bean name 'welcomePageNotAcceptableHandlerMapping' via factory method to bean named 'org.springframework.web.context.support.GenericWebApplicationContext@3f77cd24'
2025-02-20T11:03:16.145+02:00 DEBUG 8868 --- [shop] [           main] o.s.b.f.s.DefaultListableBeanFactory     : Autowiring by type from bean name 'welcomePageNotAcceptableHandlerMapping' via factory method to bean named 'mvcConversionService'
2025-02-20T11:03:16.145+02:00 DEBUG 8868 --- [shop] [           main] o.s.b.f.s.DefaultListableBeanFactory     : Autowiring by type from bean name 'welcomePageNotAcceptableHandlerMapping' via factory method to bean named 'mvcResourceUrlProvider'
2025-02-20T11:03:16.155+02:00 DEBUG 8868 --- [shop] [           main] o.s.b.f.s.DefaultListableBeanFactory     : Creating shared instance of singleton bean 'requestMappingHandlerMapping'
2025-02-20T11:03:16.155+02:00 DEBUG 8868 --- [shop] [           main] o.s.b.f.s.DefaultListableBeanFactory     : Autowiring by type from bean name 'requestMappingHandlerMapping' via factory method to bean named 'mvcContentNegotiationManager'
2025-02-20T11:03:16.155+02:00 DEBUG 8868 --- [shop] [           main] o.s.b.f.s.DefaultListableBeanFactory     : Autowiring by type from bean name 'requestMappingHandlerMapping' via factory method to bean named 'mvcConversionService'
2025-02-20T11:03:16.155+02:00 DEBUG 8868 --- [shop] [           main] o.s.b.f.s.DefaultListableBeanFactory     : Autowiring by type from bean name 'requestMappingHandlerMapping' via factory method to bean named 'mvcResourceUrlProvider'
2025-02-20T11:03:16.210+02:00 DEBUG 8868 --- [shop] [           main] s.w.s.m.m.a.RequestMappingHandlerMapping : 86 mappings in 'requestMappingHandlerMapping'
2025-02-20T11:03:16.216+02:00 DEBUG 8868 --- [shop] [           main] o.s.b.f.s.DefaultListableBeanFactory     : Creating shared instance of singleton bean 'viewControllerHandlerMapping'
2025-02-20T11:03:16.220+02:00 DEBUG 8868 --- [shop] [           main] o.s.b.f.s.DefaultListableBeanFactory     : Autowiring by type from bean name 'viewControllerHandlerMapping' via factory method to bean named 'mvcConversionService'
2025-02-20T11:03:16.220+02:00 DEBUG 8868 --- [shop] [           main] o.s.b.f.s.DefaultListableBeanFactory     : Autowiring by type from bean name 'viewControllerHandlerMapping' via factory method to bean named 'mvcResourceUrlProvider'
2025-02-20T11:03:16.220+02:00 DEBUG 8868 --- [shop] [           main] o.s.b.f.s.DefaultListableBeanFactory     : Creating shared instance of singleton bean 'beanNameHandlerMapping'
2025-02-20T11:03:16.220+02:00 DEBUG 8868 --- [shop] [           main] o.s.b.f.s.DefaultListableBeanFactory     : Autowiring by type from bean name 'beanNameHandlerMapping' via factory method to bean named 'mvcConversionService'
2025-02-20T11:03:16.220+02:00 DEBUG 8868 --- [shop] [           main] o.s.b.f.s.DefaultListableBeanFactory     : Autowiring by type from bean name 'beanNameHandlerMapping' via factory method to bean named 'mvcResourceUrlProvider'
2025-02-20T11:03:16.224+02:00 DEBUG 8868 --- [shop] [           main] o.s.b.f.s.DefaultListableBeanFactory     : Creating shared instance of singleton bean 'routerFunctionMapping'
2025-02-20T11:03:16.225+02:00 DEBUG 8868 --- [shop] [           main] o.s.b.f.s.DefaultListableBeanFactory     : Autowiring by type from bean name 'routerFunctionMapping' via factory method to bean named 'mvcConversionService'
2025-02-20T11:03:16.225+02:00 DEBUG 8868 --- [shop] [           main] o.s.b.f.s.DefaultListableBeanFactory     : Autowiring by type from bean name 'routerFunctionMapping' via factory method to bean named 'mvcResourceUrlProvider'
2025-02-20T11:03:16.225+02:00 DEBUG 8868 --- [shop] [           main] o.s.b.f.s.DefaultListableBeanFactory     : Creating shared instance of singleton bean 'messageConverters'
2025-02-20T11:03:16.225+02:00 DEBUG 8868 --- [shop] [           main] o.s.b.f.s.DefaultListableBeanFactory     : Creating shared instance of singleton bean 'org.springframework.boot.autoconfigure.http.HttpMessageConvertersAutoConfiguration'
2025-02-20T11:03:16.225+02:00 DEBUG 8868 --- [shop] [           main] o.s.b.f.s.DefaultListableBeanFactory     : Creating shared instance of singleton bean 'stringHttpMessageConverter'
2025-02-20T11:03:16.225+02:00 DEBUG 8868 --- [shop] [           main] o.s.b.f.s.DefaultListableBeanFactory     : Creating shared instance of singleton bean 'org.springframework.boot.autoconfigure.http.HttpMessageConvertersAutoConfiguration$StringHttpMessageConverterConfiguration'
2025-02-20T11:03:16.225+02:00 DEBUG 8868 --- [shop] [           main] o.s.b.f.s.DefaultListableBeanFactory     : Autowiring by type from bean name 'stringHttpMessageConverter' via factory method to bean named 'environment'
2025-02-20T11:03:16.232+02:00 DEBUG 8868 --- [shop] [           main] o.s.b.f.s.DefaultListableBeanFactory     : Creating shared instance of singleton bean 'mappingJackson2HttpMessageConverter'
2025-02-20T11:03:16.232+02:00 DEBUG 8868 --- [shop] [           main] o.s.b.f.s.DefaultListableBeanFactory     : Creating shared instance of singleton bean 'org.springframework.boot.autoconfigure.http.JacksonHttpMessageConvertersConfiguration$MappingJackson2HttpMessageConverterConfiguration'
2025-02-20T11:03:16.232+02:00 DEBUG 8868 --- [shop] [           main] o.s.b.f.s.DefaultListableBeanFactory     : Autowiring by type from bean name 'mappingJackson2HttpMessageConverter' via factory method to bean named 'jacksonObjectMapper'
2025-02-20T11:03:16.250+02:00 DEBUG 8868 --- [shop] [           main] o.s.b.f.s.DefaultListableBeanFactory     : Creating shared instance of singleton bean 'resourceHandlerMapping'
2025-02-20T11:03:16.250+02:00 DEBUG 8868 --- [shop] [           main] o.s.b.f.s.DefaultListableBeanFactory     : Autowiring by type from bean name 'resourceHandlerMapping' via factory method to bean named 'mvcContentNegotiationManager'
2025-02-20T11:03:16.250+02:00 DEBUG 8868 --- [shop] [           main] o.s.b.f.s.DefaultListableBeanFactory     : Autowiring by type from bean name 'resourceHandlerMapping' via factory method to bean named 'mvcConversionService'
2025-02-20T11:03:16.250+02:00 DEBUG 8868 --- [shop] [           main] o.s.b.f.s.DefaultListableBeanFactory     : Autowiring by type from bean name 'resourceHandlerMapping' via factory method to bean named 'mvcResourceUrlProvider'
2025-02-20T11:03:16.250+02:00 DEBUG 8868 --- [shop] [           main] o.s.w.s.handler.SimpleUrlHandlerMapping  : Patterns [/webjars/**, /**] in 'resourceHandlerMapping'
2025-02-20T11:03:16.260+02:00 DEBUG 8868 --- [shop] [           main] o.s.b.f.s.DefaultListableBeanFactory     : Creating shared instance of singleton bean 'defaultServletHandlerMapping'
2025-02-20T11:03:16.263+02:00 DEBUG 8868 --- [shop] [           main] o.s.b.f.s.DefaultListableBeanFactory     : Creating shared instance of singleton bean 'securityFilterChain'
2025-02-20T11:03:16.263+02:00 DEBUG 8868 --- [shop] [           main] o.s.b.f.s.DefaultListableBeanFactory     : Autowiring by type from bean name 'securityFilterChain' via factory method to bean named 'org.springframework.security.config.annotation.web.configuration.HttpSecurityConfiguration.httpSecurity'
2025-02-20T11:03:16.280+02:00 DEBUG 8868 --- [shop] [           main] o.s.b.f.s.DefaultListableBeanFactory     : Creating shared instance of singleton bean 'webAuthorizationManagerPostProcessor'
2025-02-20T11:03:16.300+02:00 DEBUG 8868 --- [shop] [           main] o.s.b.f.s.DefaultListableBeanFactory     : Creating shared instance of singleton bean 'authenticationManagerPostProcessor'
2025-02-20T11:03:16.311+02:00 DEBUG 8868 --- [shop] [           main] o.s.s.web.DefaultSecurityFilterChain     : Will secure any request with filters: DisableEncodeUrlFilter, WebAsyncManagerIntegrationFilter, SecurityContextHolderFilter, HeaderWriterFilter, CorsFilter, LogoutFilter, UsernamePasswordAuthenticationFilter, RequestCacheAwareFilter, SecurityContextHolderAwareRequestFilter, AnonymousAuthenticationFilter, ExceptionTranslationFilter, AuthorizationFilter
2025-02-20T11:03:16.311+02:00 DEBUG 8868 --- [shop] [           main] o.s.b.f.s.DefaultListableBeanFactory     : Creating shared instance of singleton bean 'delegatingApplicationListener'
2025-02-20T11:03:16.311+02:00 DEBUG 8868 --- [shop] [           main] o.s.b.f.s.DefaultListableBeanFactory     : Creating shared instance of singleton bean 'springSecurityFilterChain'
2025-02-20T11:03:16.320+02:00 DEBUG 8868 --- [shop] [           main] o.s.b.f.s.DefaultListableBeanFactory     : Creating shared instance of singleton bean 'webSecurityExpressionHandler'
2025-02-20T11:03:16.320+02:00 DEBUG 8868 --- [shop] [           main] o.s.b.f.s.DefaultListableBeanFactory     : Creating shared instance of singleton bean 'privilegeEvaluator'
2025-02-20T11:03:16.325+02:00 DEBUG 8868 --- [shop] [           main] o.s.b.f.s.DefaultListableBeanFactory     : Creating shared instance of singleton bean 'requestDataValueProcessor'
2025-02-20T11:03:16.325+02:00 DEBUG 8868 --- [shop] [           main] o.s.b.f.s.DefaultListableBeanFactory     : Creating shared instance of singleton bean 'org.springframework.security.config.annotation.web.configuration.ObservationConfiguration'
2025-02-20T11:03:16.325+02:00 DEBUG 8868 --- [shop] [           main] o.s.b.f.s.DefaultListableBeanFactory     : Creating shared instance of singleton bean 'webSocketMessageBrokerStats'
2025-02-20T11:03:16.325+02:00 DEBUG 8868 --- [shop] [           main] o.s.b.f.s.DefaultListableBeanFactory     : Creating shared instance of singleton bean 'stompBrokerRelayMessageHandler'
2025-02-20T11:03:16.325+02:00 DEBUG 8868 --- [shop] [           main] o.s.b.f.s.DefaultListableBeanFactory     : Creating shared instance of singleton bean 'userDestinationMessageHandler'
2025-02-20T11:03:16.327+02:00 DEBUG 8868 --- [shop] [           main] o.s.b.f.s.DefaultListableBeanFactory     : Creating shared instance of singleton bean 'userDestinationResolver'
2025-02-20T11:03:16.327+02:00 DEBUG 8868 --- [shop] [           main] o.s.b.f.s.DefaultListableBeanFactory     : Creating shared instance of singleton bean 'userRegistry'
2025-02-20T11:03:16.327+02:00 DEBUG 8868 --- [shop] [           main] o.s.b.f.s.DefaultListableBeanFactory     : Autowiring by type from bean name 'userRegistry' via factory method to bean named 'clientInboundChannel'
2025-02-20T11:03:16.327+02:00 DEBUG 8868 --- [shop] [           main] o.s.b.f.s.DefaultListableBeanFactory     : Autowiring by type from bean name 'userRegistry' via factory method to bean named 'clientOutboundChannel'
2025-02-20T11:03:16.327+02:00 DEBUG 8868 --- [shop] [           main] o.s.b.f.s.DefaultListableBeanFactory     : Autowiring by type from bean name 'userDestinationResolver' via factory method to bean named 'userRegistry'
2025-02-20T11:03:16.327+02:00 DEBUG 8868 --- [shop] [           main] o.s.b.f.s.DefaultListableBeanFactory     : Autowiring by type from bean name 'userDestinationResolver' via factory method to bean named 'clientInboundChannel'
2025-02-20T11:03:16.327+02:00 DEBUG 8868 --- [shop] [           main] o.s.b.f.s.DefaultListableBeanFactory     : Autowiring by type from bean name 'userDestinationResolver' via factory method to bean named 'clientOutboundChannel'
2025-02-20T11:03:16.330+02:00 DEBUG 8868 --- [shop] [           main] o.s.b.f.s.DefaultListableBeanFactory     : Autowiring by type from bean name 'userDestinationMessageHandler' via factory method to bean named 'clientInboundChannel'
2025-02-20T11:03:16.330+02:00 DEBUG 8868 --- [shop] [           main] o.s.b.f.s.DefaultListableBeanFactory     : Autowiring by type from bean name 'userDestinationMessageHandler' via factory method to bean named 'clientOutboundChannel'
2025-02-20T11:03:16.330+02:00 DEBUG 8868 --- [shop] [           main] o.s.b.f.s.DefaultListableBeanFactory     : Autowiring by type from bean name 'userDestinationMessageHandler' via factory method to bean named 'brokerChannel'
2025-02-20T11:03:16.330+02:00 DEBUG 8868 --- [shop] [           main] o.s.b.f.s.DefaultListableBeanFactory     : Autowiring by type from bean name 'userDestinationMessageHandler' via factory method to bean named 'userDestinationResolver'
2025-02-20T11:03:16.330+02:00 DEBUG 8868 --- [shop] [           main] o.s.b.f.s.DefaultListableBeanFactory     : Creating shared instance of singleton bean 'userRegistryMessageHandler'
2025-02-20T11:03:16.330+02:00 DEBUG 8868 --- [shop] [           main] o.s.b.f.s.DefaultListableBeanFactory     : Autowiring by type from bean name 'userRegistryMessageHandler' via factory method to bean named 'clientInboundChannel'
2025-02-20T11:03:16.330+02:00 DEBUG 8868 --- [shop] [           main] o.s.b.f.s.DefaultListableBeanFactory     : Autowiring by type from bean name 'userRegistryMessageHandler' via factory method to bean named 'clientOutboundChannel'
2025-02-20T11:03:16.330+02:00 DEBUG 8868 --- [shop] [           main] o.s.b.f.s.DefaultListableBeanFactory     : Autowiring by type from bean name 'userRegistryMessageHandler' via factory method to bean named 'userRegistry'
2025-02-20T11:03:16.330+02:00 DEBUG 8868 --- [shop] [           main] o.s.b.f.s.DefaultListableBeanFactory     : Autowiring by type from bean name 'userRegistryMessageHandler' via factory method to bean named 'brokerMessagingTemplate'
2025-02-20T11:03:16.330+02:00 DEBUG 8868 --- [shop] [           main] o.s.b.f.s.DefaultListableBeanFactory     : Autowiring by type from bean name 'userRegistryMessageHandler' via factory method to bean named 'messageBrokerTaskScheduler'
2025-02-20T11:03:16.330+02:00 DEBUG 8868 --- [shop] [           main] o.s.b.f.s.DefaultListableBeanFactory     : Autowiring by type from bean name 'stompBrokerRelayMessageHandler' via factory method to bean named 'clientInboundChannel'
2025-02-20T11:03:16.330+02:00 DEBUG 8868 --- [shop] [           main] o.s.b.f.s.DefaultListableBeanFactory     : Autowiring by type from bean name 'stompBrokerRelayMessageHandler' via factory method to bean named 'clientOutboundChannel'
2025-02-20T11:03:16.330+02:00 DEBUG 8868 --- [shop] [           main] o.s.b.f.s.DefaultListableBeanFactory     : Autowiring by type from bean name 'stompBrokerRelayMessageHandler' via factory method to bean named 'brokerChannel'
2025-02-20T11:03:16.330+02:00 DEBUG 8868 --- [shop] [           main] o.s.b.f.s.DefaultListableBeanFactory     : Autowiring by type from bean name 'stompBrokerRelayMessageHandler' via factory method to bean named 'userDestinationMessageHandler'
2025-02-20T11:03:16.330+02:00 DEBUG 8868 --- [shop] [           main] o.s.b.f.s.DefaultListableBeanFactory     : Autowiring by type from bean name 'stompBrokerRelayMessageHandler' via factory method to bean named 'userRegistryMessageHandler'
2025-02-20T11:03:16.330+02:00 DEBUG 8868 --- [shop] [           main] o.s.b.f.s.DefaultListableBeanFactory     : Autowiring by type from bean name 'stompBrokerRelayMessageHandler' via factory method to bean named 'userDestinationResolver'
2025-02-20T11:03:16.330+02:00 DEBUG 8868 --- [shop] [           main] o.s.b.f.s.DefaultListableBeanFactory     : Autowiring by type from bean name 'webSocketMessageBrokerStats' via factory method to bean named 'stompBrokerRelayMessageHandler'
2025-02-20T11:03:16.330+02:00 DEBUG 8868 --- [shop] [           main] o.s.b.f.s.DefaultListableBeanFactory     : Autowiring by type from bean name 'webSocketMessageBrokerStats' via factory method to bean named 'subProtocolWebSocketHandler'
2025-02-20T11:03:16.330+02:00 DEBUG 8868 --- [shop] [           main] o.s.b.f.s.DefaultListableBeanFactory     : Autowiring by type from bean name 'webSocketMessageBrokerStats' via factory method to bean named 'clientInboundChannelExecutor'
2025-02-20T11:03:16.330+02:00 DEBUG 8868 --- [shop] [           main] o.s.b.f.s.DefaultListableBeanFactory     : Autowiring by type from bean name 'webSocketMessageBrokerStats' via factory method to bean named 'clientOutboundChannelExecutor'
2025-02-20T11:03:16.330+02:00 DEBUG 8868 --- [shop] [           main] o.s.b.f.s.DefaultListableBeanFactory     : Autowiring by type from bean name 'webSocketMessageBrokerStats' via factory method to bean named 'messageBrokerTaskScheduler'
2025-02-20T11:03:16.330+02:00 DEBUG 8868 --- [shop] [           main] o.s.b.f.s.DefaultListableBeanFactory     : Creating shared instance of singleton bean 'simpAnnotationMethodMessageHandler'
2025-02-20T11:03:16.330+02:00 DEBUG 8868 --- [shop] [           main] o.s.b.f.s.DefaultListableBeanFactory     : Autowiring by type from bean name 'simpAnnotationMethodMessageHandler' via factory method to bean named 'clientInboundChannel'
2025-02-20T11:03:16.330+02:00 DEBUG 8868 --- [shop] [           main] o.s.b.f.s.DefaultListableBeanFactory     : Autowiring by type from bean name 'simpAnnotationMethodMessageHandler' via factory method to bean named 'clientOutboundChannel'
2025-02-20T11:03:16.330+02:00 DEBUG 8868 --- [shop] [           main] o.s.b.f.s.DefaultListableBeanFactory     : Autowiring by type from bean name 'simpAnnotationMethodMessageHandler' via factory method to bean named 'brokerMessagingTemplate'
2025-02-20T11:03:16.330+02:00 DEBUG 8868 --- [shop] [           main] o.s.b.f.s.DefaultListableBeanFactory     : Autowiring by type from bean name 'simpAnnotationMethodMessageHandler' via factory method to bean named 'brokerMessageConverter'
2025-02-20T11:03:16.338+02:00 DEBUG 8868 --- [shop] [           main] o.s.b.f.s.DefaultListableBeanFactory     : Creating shared instance of singleton bean 'mvcValidator'
2025-02-20T11:03:16.343+02:00 DEBUG 8868 --- [shop] [           main] .WebSocketAnnotationMethodMessageHandler : 
	c.o.s.c.AdminController:
	
2025-02-20T11:03:16.343+02:00 DEBUG 8868 --- [shop] [           main] .WebSocketAnnotationMethodMessageHandler : 
	c.o.s.c.AuthController:
	
2025-02-20T11:03:16.343+02:00 DEBUG 8868 --- [shop] [           main] .WebSocketAnnotationMethodMessageHandler : 
	c.o.s.c.CartController:
	
2025-02-20T11:03:16.343+02:00 DEBUG 8868 --- [shop] [           main] .WebSocketAnnotationMethodMessageHandler : 
	c.o.s.c.ProductController:
	
2025-02-20T11:03:16.343+02:00 DEBUG 8868 --- [shop] [           main] .WebSocketAnnotationMethodMessageHandler : 
	c.o.s.c.SettingsController:
	
2025-02-20T11:03:16.343+02:00 DEBUG 8868 --- [shop] [           main] .WebSocketAnnotationMethodMessageHandler : 
	c.o.s.c.ViewController:
	
2025-02-20T11:03:16.343+02:00 DEBUG 8868 --- [shop] [           main] .WebSocketAnnotationMethodMessageHandler : 
	c.o.s.c.WishListController:
	
2025-02-20T11:03:16.343+02:00 DEBUG 8868 --- [shop] [           main] .WebSocketAnnotationMethodMessageHandler : 
	o.s.b.a.w.s.e.BasicErrorController:
	
2025-02-20T11:03:16.350+02:00 DEBUG 8868 --- [shop] [           main] o.s.b.f.s.DefaultListableBeanFactory     : Creating shared instance of singleton bean 'simpleBrokerMessageHandler'
2025-02-20T11:03:16.350+02:00 DEBUG 8868 --- [shop] [           main] o.s.b.f.s.DefaultListableBeanFactory     : Autowiring by type from bean name 'simpleBrokerMessageHandler' via factory method to bean named 'clientInboundChannel'
2025-02-20T11:03:16.350+02:00 DEBUG 8868 --- [shop] [           main] o.s.b.f.s.DefaultListableBeanFactory     : Autowiring by type from bean name 'simpleBrokerMessageHandler' via factory method to bean named 'clientOutboundChannel'
2025-02-20T11:03:16.350+02:00 DEBUG 8868 --- [shop] [           main] o.s.b.f.s.DefaultListableBeanFactory     : Autowiring by type from bean name 'simpleBrokerMessageHandler' via factory method to bean named 'brokerChannel'
2025-02-20T11:03:16.350+02:00 DEBUG 8868 --- [shop] [           main] o.s.b.f.s.DefaultListableBeanFactory     : Autowiring by type from bean name 'simpleBrokerMessageHandler' via factory method to bean named 'userDestinationResolver'
2025-02-20T11:03:16.350+02:00 DEBUG 8868 --- [shop] [           main] o.s.b.f.s.DefaultListableBeanFactory     : Creating shared instance of singleton bean 'org.springframework.boot.autoconfigure.context.PropertyPlaceholderAutoConfiguration'
2025-02-20T11:03:16.350+02:00 DEBUG 8868 --- [shop] [           main] o.s.b.f.s.DefaultListableBeanFactory     : Creating shared instance of singleton bean 'org.springframework.boot.autoconfigure.ssl.SslAutoConfiguration'
2025-02-20T11:03:16.350+02:00 DEBUG 8868 --- [shop] [           main] o.s.b.f.s.DefaultListableBeanFactory     : Creating shared instance of singleton bean 'spring.ssl-org.springframework.boot.autoconfigure.ssl.SslProperties'
2025-02-20T11:03:16.360+02:00 DEBUG 8868 --- [shop] [           main] o.s.b.f.s.DefaultListableBeanFactory     : Autowiring by type from bean name 'org.springframework.boot.autoconfigure.ssl.SslAutoConfiguration' via constructor to bean named 'org.springframework.web.context.support.GenericWebApplicationContext@3f77cd24'
2025-02-20T11:03:16.360+02:00 DEBUG 8868 --- [shop] [           main] o.s.b.f.s.DefaultListableBeanFactory     : Autowiring by type from bean name 'org.springframework.boot.autoconfigure.ssl.SslAutoConfiguration' via constructor to bean named 'spring.ssl-org.springframework.boot.autoconfigure.ssl.SslProperties'
2025-02-20T11:03:16.360+02:00 DEBUG 8868 --- [shop] [           main] o.s.b.f.s.DefaultListableBeanFactory     : Creating shared instance of singleton bean 'fileWatcher'
2025-02-20T11:03:16.360+02:00 DEBUG 8868 --- [shop] [           main] o.s.b.f.s.DefaultListableBeanFactory     : Creating shared instance of singleton bean 'sslPropertiesSslBundleRegistrar'
2025-02-20T11:03:16.360+02:00 DEBUG 8868 --- [shop] [           main] o.s.b.f.s.DefaultListableBeanFactory     : Autowiring by type from bean name 'sslPropertiesSslBundleRegistrar' via factory method to bean named 'fileWatcher'
2025-02-20T11:03:16.360+02:00 DEBUG 8868 --- [shop] [           main] o.s.b.f.s.DefaultListableBeanFactory     : Creating shared instance of singleton bean 'sslBundleRegistry'
2025-02-20T11:03:16.360+02:00 DEBUG 8868 --- [shop] [           main] o.s.b.f.s.DefaultListableBeanFactory     : Creating shared instance of singleton bean 'org.springframework.boot.context.properties.EnableConfigurationPropertiesRegistrar.methodValidationExcludeFilter'
2025-02-20T11:03:16.360+02:00 DEBUG 8868 --- [shop] [           main] o.s.b.f.s.DefaultListableBeanFactory     : Creating shared instance of singleton bean 'org.springframework.boot.autoconfigure.websocket.servlet.WebSocketServletAutoConfiguration$TomcatWebSocketConfiguration'
2025-02-20T11:03:16.360+02:00 DEBUG 8868 --- [shop] [           main] o.s.b.f.s.DefaultListableBeanFactory     : Creating shared instance of singleton bean 'websocketServletWebServerCustomizer'
2025-02-20T11:03:16.360+02:00 DEBUG 8868 --- [shop] [           main] o.s.b.f.s.DefaultListableBeanFactory     : Creating shared instance of singleton bean 'org.springframework.boot.autoconfigure.websocket.servlet.WebSocketServletAutoConfiguration'
2025-02-20T11:03:16.370+02:00 DEBUG 8868 --- [shop] [           main] o.s.b.f.s.DefaultListableBeanFactory     : Creating shared instance of singleton bean 'org.springframework.boot.autoconfigure.web.servlet.ServletWebServerFactoryConfiguration$EmbeddedTomcat'
2025-02-20T11:03:16.370+02:00 DEBUG 8868 --- [shop] [           main] o.s.b.f.s.DefaultListableBeanFactory     : Creating shared instance of singleton bean 'tomcatServletWebServerFactory'
2025-02-20T11:03:16.370+02:00 DEBUG 8868 --- [shop] [           main] o.s.b.f.s.DefaultListableBeanFactory     : Creating shared instance of singleton bean 'servletWebServerFactoryCustomizer'
2025-02-20T11:03:16.370+02:00 DEBUG 8868 --- [shop] [           main] o.s.b.f.s.DefaultListableBeanFactory     : Creating shared instance of singleton bean 'org.springframework.boot.autoconfigure.web.servlet.ServletWebServerFactoryAutoConfiguration'
2025-02-20T11:03:16.375+02:00 DEBUG 8868 --- [shop] [           main] o.s.b.f.s.DefaultListableBeanFactory     : Creating shared instance of singleton bean 'server-org.springframework.boot.autoconfigure.web.ServerProperties'
2025-02-20T11:03:16.380+02:00 DEBUG 8868 --- [shop] [           main] o.s.b.f.s.DefaultListableBeanFactory     : Autowiring by type from bean name 'servletWebServerFactoryCustomizer' via factory method to bean named 'server-org.springframework.boot.autoconfigure.web.ServerProperties'
2025-02-20T11:03:16.380+02:00 DEBUG 8868 --- [shop] [           main] o.s.b.f.s.DefaultListableBeanFactory     : Creating shared instance of singleton bean 'tomcatServletWebServerFactoryCustomizer'
2025-02-20T11:03:16.385+02:00 DEBUG 8868 --- [shop] [           main] o.s.b.f.s.DefaultListableBeanFactory     : Autowiring by type from bean name 'tomcatServletWebServerFactoryCustomizer' via factory method to bean named 'server-org.springframework.boot.autoconfigure.web.ServerProperties'
2025-02-20T11:03:16.385+02:00 DEBUG 8868 --- [shop] [           main] o.s.b.f.s.DefaultListableBeanFactory     : Creating shared instance of singleton bean 'localeCharsetMappingsCustomizer'
2025-02-20T11:03:16.385+02:00 DEBUG 8868 --- [shop] [           main] o.s.b.f.s.DefaultListableBeanFactory     : Creating shared instance of singleton bean 'org.springframework.boot.autoconfigure.web.servlet.HttpEncodingAutoConfiguration'
2025-02-20T11:03:16.385+02:00 DEBUG 8868 --- [shop] [           main] o.s.b.f.s.DefaultListableBeanFactory     : Autowiring by type from bean name 'org.springframework.boot.autoconfigure.web.servlet.HttpEncodingAutoConfiguration' via constructor to bean named 'server-org.springframework.boot.autoconfigure.web.ServerProperties'
2025-02-20T11:03:16.385+02:00 DEBUG 8868 --- [shop] [           main] o.s.b.f.s.DefaultListableBeanFactory     : Creating shared instance of singleton bean 'errorPageCustomizer'
2025-02-20T11:03:16.385+02:00 DEBUG 8868 --- [shop] [           main] o.s.b.f.s.DefaultListableBeanFactory     : Creating shared instance of singleton bean 'org.springframework.boot.autoconfigure.web.servlet.error.ErrorMvcAutoConfiguration'
2025-02-20T11:03:16.385+02:00 DEBUG 8868 --- [shop] [           main] o.s.b.f.s.DefaultListableBeanFactory     : Autowiring by type from bean name 'org.springframework.boot.autoconfigure.web.servlet.error.ErrorMvcAutoConfiguration' via constructor to bean named 'server-org.springframework.boot.autoconfigure.web.ServerProperties'
2025-02-20T11:03:16.390+02:00 DEBUG 8868 --- [shop] [           main] o.s.b.f.s.DefaultListableBeanFactory     : Creating shared instance of singleton bean 'dispatcherServletRegistration'
2025-02-20T11:03:16.390+02:00 DEBUG 8868 --- [shop] [           main] o.s.b.f.s.DefaultListableBeanFactory     : Creating shared instance of singleton bean 'org.springframework.boot.autoconfigure.web.servlet.DispatcherServletAutoConfiguration$DispatcherServletRegistrationConfiguration'
2025-02-20T11:03:16.390+02:00 DEBUG 8868 --- [shop] [           main] o.s.b.f.s.DefaultListableBeanFactory     : Creating shared instance of singleton bean 'dispatcherServlet'
2025-02-20T11:03:16.390+02:00 DEBUG 8868 --- [shop] [           main] o.s.b.f.s.DefaultListableBeanFactory     : Creating shared instance of singleton bean 'org.springframework.boot.autoconfigure.web.servlet.DispatcherServletAutoConfiguration$DispatcherServletConfiguration'
2025-02-20T11:03:16.390+02:00 DEBUG 8868 --- [shop] [           main] o.s.b.f.s.DefaultListableBeanFactory     : Autowiring by type from bean name 'dispatcherServlet' via factory method to bean named 'spring.mvc-org.springframework.boot.autoconfigure.web.servlet.WebMvcProperties'
2025-02-20T11:03:16.395+02:00 DEBUG 8868 --- [shop] [           main] o.s.b.f.s.DefaultListableBeanFactory     : Autowiring by type from bean name 'dispatcherServletRegistration' via factory method to bean named 'dispatcherServlet'
2025-02-20T11:03:16.395+02:00 DEBUG 8868 --- [shop] [           main] o.s.b.f.s.DefaultListableBeanFactory     : Autowiring by type from bean name 'dispatcherServletRegistration' via factory method to bean named 'spring.mvc-org.springframework.boot.autoconfigure.web.servlet.WebMvcProperties'
2025-02-20T11:03:16.395+02:00 DEBUG 8868 --- [shop] [           main] o.s.b.f.s.DefaultListableBeanFactory     : Creating shared instance of singleton bean 'multipartConfigElement'
2025-02-20T11:03:16.395+02:00 DEBUG 8868 --- [shop] [           main] o.s.b.f.s.DefaultListableBeanFactory     : Creating shared instance of singleton bean 'org.springframework.boot.autoconfigure.web.servlet.MultipartAutoConfiguration'
2025-02-20T11:03:16.395+02:00 DEBUG 8868 --- [shop] [           main] o.s.b.f.s.DefaultListableBeanFactory     : Creating shared instance of singleton bean 'spring.servlet.multipart-org.springframework.boot.autoconfigure.web.servlet.MultipartProperties'
2025-02-20T11:03:16.400+02:00 DEBUG 8868 --- [shop] [           main] o.s.b.f.s.DefaultListableBeanFactory     : Autowiring by type from bean name 'org.springframework.boot.autoconfigure.web.servlet.MultipartAutoConfiguration' via constructor to bean named 'spring.servlet.multipart-org.springframework.boot.autoconfigure.web.servlet.MultipartProperties'
2025-02-20T11:03:16.406+02:00 DEBUG 8868 --- [shop] [           main] o.s.b.f.s.DefaultListableBeanFactory     : Autowiring by type from bean name 'errorPageCustomizer' via factory method to bean named 'dispatcherServletRegistration'
2025-02-20T11:03:16.410+02:00 DEBUG 8868 --- [shop] [           main] o.s.b.f.s.DefaultListableBeanFactory     : Creating shared instance of singleton bean 'org.springframework.boot.autoconfigure.web.servlet.DispatcherServletAutoConfiguration'
2025-02-20T11:03:16.410+02:00 DEBUG 8868 --- [shop] [           main] o.s.b.f.s.DefaultListableBeanFactory     : Creating shared instance of singleton bean 'org.springframework.boot.autoconfigure.task.TaskExecutorConfigurations$ThreadPoolTaskExecutorBuilderConfiguration'
2025-02-20T11:03:16.410+02:00 DEBUG 8868 --- [shop] [           main] o.s.b.f.s.DefaultListableBeanFactory     : Creating shared instance of singleton bean 'threadPoolTaskExecutorBuilder'
2025-02-20T11:03:16.410+02:00 DEBUG 8868 --- [shop] [           main] o.s.b.f.s.DefaultListableBeanFactory     : Creating shared instance of singleton bean 'spring.task.execution-org.springframework.boot.autoconfigure.task.TaskExecutionProperties'
2025-02-20T11:03:16.410+02:00 DEBUG 8868 --- [shop] [           main] o.s.b.f.s.DefaultListableBeanFactory     : Autowiring by type from bean name 'threadPoolTaskExecutorBuilder' via factory method to bean named 'spring.task.execution-org.springframework.boot.autoconfigure.task.TaskExecutionProperties'
2025-02-20T11:03:16.410+02:00 DEBUG 8868 --- [shop] [           main] o.s.b.f.s.DefaultListableBeanFactory     : Creating shared instance of singleton bean 'org.springframework.boot.autoconfigure.task.TaskExecutorConfigurations$SimpleAsyncTaskExecutorBuilderConfiguration'
2025-02-20T11:03:16.410+02:00 DEBUG 8868 --- [shop] [           main] o.s.b.f.s.DefaultListableBeanFactory     : Autowiring by type from bean name 'org.springframework.boot.autoconfigure.task.TaskExecutorConfigurations$SimpleAsyncTaskExecutorBuilderConfiguration' via constructor to bean named 'spring.task.execution-org.springframework.boot.autoconfigure.task.TaskExecutionProperties'
2025-02-20T11:03:16.410+02:00 DEBUG 8868 --- [shop] [           main] o.s.b.f.s.DefaultListableBeanFactory     : Creating shared instance of singleton bean 'simpleAsyncTaskExecutorBuilder'
2025-02-20T11:03:16.420+02:00 DEBUG 8868 --- [shop] [           main] o.s.b.f.s.DefaultListableBeanFactory     : Creating shared instance of singleton bean 'org.springframework.boot.autoconfigure.task.TaskExecutionAutoConfiguration'
2025-02-20T11:03:16.420+02:00 DEBUG 8868 --- [shop] [           main] o.s.b.f.s.DefaultListableBeanFactory     : Creating shared instance of singleton bean 'org.springframework.boot.autoconfigure.web.servlet.error.ErrorMvcAutoConfiguration$WhitelabelErrorViewConfiguration'
2025-02-20T11:03:16.420+02:00 DEBUG 8868 --- [shop] [           main] o.s.b.f.s.DefaultListableBeanFactory     : Creating shared instance of singleton bean 'error'
2025-02-20T11:03:16.422+02:00 DEBUG 8868 --- [shop] [           main] o.s.b.f.s.DefaultListableBeanFactory     : Creating shared instance of singleton bean 'beanNameViewResolver'
2025-02-20T11:03:16.422+02:00 DEBUG 8868 --- [shop] [           main] o.s.b.f.s.DefaultListableBeanFactory     : Creating shared instance of singleton bean 'org.springframework.boot.autoconfigure.web.servlet.error.ErrorMvcAutoConfiguration$DefaultErrorViewResolverConfiguration'
2025-02-20T11:03:16.422+02:00 DEBUG 8868 --- [shop] [           main] o.s.b.f.s.DefaultListableBeanFactory     : Autowiring by type from bean name 'org.springframework.boot.autoconfigure.web.servlet.error.ErrorMvcAutoConfiguration$DefaultErrorViewResolverConfiguration' via constructor to bean named 'org.springframework.web.context.support.GenericWebApplicationContext@3f77cd24'
2025-02-20T11:03:16.422+02:00 DEBUG 8868 --- [shop] [           main] o.s.b.f.s.DefaultListableBeanFactory     : Autowiring by type from bean name 'org.springframework.boot.autoconfigure.web.servlet.error.ErrorMvcAutoConfiguration$DefaultErrorViewResolverConfiguration' via constructor to bean named 'spring.web-org.springframework.boot.autoconfigure.web.WebProperties'
2025-02-20T11:03:16.422+02:00 DEBUG 8868 --- [shop] [           main] o.s.b.f.s.DefaultListableBeanFactory     : Creating shared instance of singleton bean 'conventionErrorViewResolver'
2025-02-20T11:03:16.422+02:00 DEBUG 8868 --- [shop] [           main] o.s.b.f.s.DefaultListableBeanFactory     : Creating shared instance of singleton bean 'errorAttributes'
2025-02-20T11:03:16.422+02:00 DEBUG 8868 --- [shop] [           main] o.s.b.f.s.DefaultListableBeanFactory     : Creating shared instance of singleton bean 'basicErrorController'
2025-02-20T11:03:16.422+02:00 DEBUG 8868 --- [shop] [           main] o.s.b.f.s.DefaultListableBeanFactory     : Autowiring by type from bean name 'basicErrorController' via factory method to bean named 'errorAttributes'
2025-02-20T11:03:16.422+02:00 DEBUG 8868 --- [shop] [           main] o.s.b.f.s.DefaultListableBeanFactory     : Creating shared instance of singleton bean 'localeResolver'
2025-02-20T11:03:16.422+02:00 DEBUG 8868 --- [shop] [           main] o.s.b.f.s.DefaultListableBeanFactory     : Creating shared instance of singleton bean 'themeResolver'
2025-02-20T11:03:16.422+02:00 DEBUG 8868 --- [shop] [           main] o.s.b.f.s.DefaultListableBeanFactory     : Creating shared instance of singleton bean 'flashMapManager'
2025-02-20T11:03:16.422+02:00 DEBUG 8868 --- [shop] [           main] o.s.b.f.s.DefaultListableBeanFactory     : Creating shared instance of singleton bean 'viewNameTranslator'
2025-02-20T11:03:16.430+02:00 DEBUG 8868 --- [shop] [           main] o.s.b.f.s.DefaultListableBeanFactory     : Creating shared instance of singleton bean 'mvcPatternParser'
2025-02-20T11:03:16.430+02:00 DEBUG 8868 --- [shop] [           main] o.s.b.f.s.DefaultListableBeanFactory     : Creating shared instance of singleton bean 'mvcUrlPathHelper'
2025-02-20T11:03:16.430+02:00 DEBUG 8868 --- [shop] [           main] o.s.b.f.s.DefaultListableBeanFactory     : Creating shared instance of singleton bean 'mvcPathMatcher'
2025-02-20T11:03:16.430+02:00 DEBUG 8868 --- [shop] [           main] o.s.b.f.s.DefaultListableBeanFactory     : Creating shared instance of singleton bean 'requestMappingHandlerAdapter'
2025-02-20T11:03:16.430+02:00 DEBUG 8868 --- [shop] [           main] o.s.b.f.s.DefaultListableBeanFactory     : Autowiring by type from bean name 'requestMappingHandlerAdapter' via factory method to bean named 'mvcContentNegotiationManager'
2025-02-20T11:03:16.430+02:00 DEBUG 8868 --- [shop] [           main] o.s.b.f.s.DefaultListableBeanFactory     : Autowiring by type from bean name 'requestMappingHandlerAdapter' via factory method to bean named 'mvcConversionService'
2025-02-20T11:03:16.430+02:00 DEBUG 8868 --- [shop] [           main] o.s.b.f.s.DefaultListableBeanFactory     : Autowiring by type from bean name 'requestMappingHandlerAdapter' via factory method to bean named 'mvcValidator'
2025-02-20T11:03:16.430+02:00 DEBUG 8868 --- [shop] [           main] o.s.b.f.s.DefaultListableBeanFactory     : Creating shared instance of singleton bean 'sortResolver'
2025-02-20T11:03:16.430+02:00 DEBUG 8868 --- [shop] [           main] o.s.b.f.s.DefaultListableBeanFactory     : Creating shared instance of singleton bean 'sortCustomizer'
2025-02-20T11:03:16.438+02:00 DEBUG 8868 --- [shop] [           main] o.s.b.f.s.DefaultListableBeanFactory     : Creating shared instance of singleton bean 'pageableResolver'
2025-02-20T11:03:16.438+02:00 DEBUG 8868 --- [shop] [           main] o.s.b.f.s.DefaultListableBeanFactory     : Creating shared instance of singleton bean 'pageableCustomizer'
2025-02-20T11:03:16.440+02:00 DEBUG 8868 --- [shop] [           main] s.w.s.m.m.a.RequestMappingHandlerAdapter : ControllerAdvice beans: 0 @ModelAttribute, 0 @InitBinder, 1 RequestBodyAdvice, 1 ResponseBodyAdvice
2025-02-20T11:03:16.440+02:00 DEBUG 8868 --- [shop] [           main] o.s.b.f.s.DefaultListableBeanFactory     : Creating shared instance of singleton bean 'mvcViewResolver'
2025-02-20T11:03:16.440+02:00 DEBUG 8868 --- [shop] [           main] o.s.b.f.s.DefaultListableBeanFactory     : Autowiring by type from bean name 'mvcViewResolver' via factory method to bean named 'mvcContentNegotiationManager'
2025-02-20T11:03:16.440+02:00 DEBUG 8868 --- [shop] [           main] o.s.b.f.s.DefaultListableBeanFactory     : Creating shared instance of singleton bean 'defaultViewResolver'
2025-02-20T11:03:16.450+02:00 DEBUG 8868 --- [shop] [           main] o.s.b.f.s.DefaultListableBeanFactory     : Creating shared instance of singleton bean 'viewResolver'
2025-02-20T11:03:16.450+02:00 DEBUG 8868 --- [shop] [           main] o.s.b.f.s.DefaultListableBeanFactory     : Autowiring by type from bean name 'viewResolver' via factory method to bean named 'org.springframework.beans.factory.support.DefaultListableBeanFactory@39dbea69'
2025-02-20T11:03:16.450+02:00 DEBUG 8868 --- [shop] [           main] o.s.b.f.s.DefaultListableBeanFactory     : Creating shared instance of singleton bean 'viewResolver'
2025-02-20T11:03:16.453+02:00 DEBUG 8868 --- [shop] [           main] o.s.b.f.s.DefaultListableBeanFactory     : Creating shared instance of singleton bean 'thymeleafViewResolver'
2025-02-20T11:03:16.453+02:00 DEBUG 8868 --- [shop] [           main] o.s.b.f.s.DefaultListableBeanFactory     : Creating shared instance of singleton bean 'org.springframework.boot.autoconfigure.thymeleaf.ThymeleafAutoConfiguration$ThymeleafWebMvcConfiguration$ThymeleafViewResolverConfiguration'
2025-02-20T11:03:16.453+02:00 DEBUG 8868 --- [shop] [           main] o.s.b.f.s.DefaultListableBeanFactory     : Creating shared instance of singleton bean 'spring.thymeleaf-org.springframework.boot.autoconfigure.thymeleaf.ThymeleafProperties'
2025-02-20T11:03:16.460+02:00 DEBUG 8868 --- [shop] [           main] o.s.b.f.s.DefaultListableBeanFactory     : Creating shared instance of singleton bean 'templateEngine'
2025-02-20T11:03:16.460+02:00 DEBUG 8868 --- [shop] [           main] o.s.b.f.s.DefaultListableBeanFactory     : Creating shared instance of singleton bean 'org.springframework.boot.autoconfigure.thymeleaf.TemplateEngineConfigurations$DefaultTemplateEngineConfiguration'
2025-02-20T11:03:16.460+02:00 DEBUG 8868 --- [shop] [           main] o.s.b.f.s.DefaultListableBeanFactory     : Autowiring by type from bean name 'templateEngine' via factory method to bean named 'spring.thymeleaf-org.springframework.boot.autoconfigure.thymeleaf.ThymeleafProperties'
2025-02-20T11:03:16.460+02:00 DEBUG 8868 --- [shop] [           main] o.s.b.f.s.DefaultListableBeanFactory     : Creating shared instance of singleton bean 'defaultTemplateResolver'
2025-02-20T11:03:16.460+02:00 DEBUG 8868 --- [shop] [           main] o.s.b.f.s.DefaultListableBeanFactory     : Creating shared instance of singleton bean 'org.springframework.boot.autoconfigure.thymeleaf.ThymeleafAutoConfiguration$DefaultTemplateResolverConfiguration'
2025-02-20T11:03:16.460+02:00 DEBUG 8868 --- [shop] [           main] o.s.b.f.s.DefaultListableBeanFactory     : Autowiring by type from bean name 'org.springframework.boot.autoconfigure.thymeleaf.ThymeleafAutoConfiguration$DefaultTemplateResolverConfiguration' via constructor to bean named 'spring.thymeleaf-org.springframework.boot.autoconfigure.thymeleaf.ThymeleafProperties'
2025-02-20T11:03:16.460+02:00 DEBUG 8868 --- [shop] [           main] o.s.b.f.s.DefaultListableBeanFactory     : Autowiring by type from bean name 'org.springframework.boot.autoconfigure.thymeleaf.ThymeleafAutoConfiguration$DefaultTemplateResolverConfiguration' via constructor to bean named 'org.springframework.web.context.support.GenericWebApplicationContext@3f77cd24'
2025-02-20T11:03:16.465+02:00 DEBUG 8868 --- [shop] [           main] o.s.b.f.s.DefaultListableBeanFactory     : Autowiring by type from bean name 'thymeleafViewResolver' via factory method to bean named 'spring.thymeleaf-org.springframework.boot.autoconfigure.thymeleaf.ThymeleafProperties'
2025-02-20T11:03:16.469+02:00 DEBUG 8868 --- [shop] [           main] o.s.b.f.s.DefaultListableBeanFactory     : Autowiring by type from bean name 'thymeleafViewResolver' via factory method to bean named 'templateEngine'
2025-02-20T11:03:16.471+02:00 DEBUG 8868 --- [shop] [           main] o.s.b.f.s.DefaultListableBeanFactory     : Creating shared instance of singleton bean 'handlerFunctionAdapter'
2025-02-20T11:03:16.471+02:00 DEBUG 8868 --- [shop] [           main] o.s.b.f.s.DefaultListableBeanFactory     : Creating shared instance of singleton bean 'mvcUriComponentsContributor'
2025-02-20T11:03:16.471+02:00 DEBUG 8868 --- [shop] [           main] o.s.b.f.s.DefaultListableBeanFactory     : Autowiring by type from bean name 'mvcUriComponentsContributor' via factory method to bean named 'mvcConversionService'
2025-02-20T11:03:16.471+02:00 DEBUG 8868 --- [shop] [           main] o.s.b.f.s.DefaultListableBeanFactory     : Autowiring by type from bean name 'mvcUriComponentsContributor' via factory method to bean named 'requestMappingHandlerAdapter'
2025-02-20T11:03:16.480+02:00 DEBUG 8868 --- [shop] [           main] o.s.b.f.s.DefaultListableBeanFactory     : Creating shared instance of singleton bean 'httpRequestHandlerAdapter'
2025-02-20T11:03:16.480+02:00 DEBUG 8868 --- [shop] [           main] o.s.b.f.s.DefaultListableBeanFactory     : Creating shared instance of singleton bean 'simpleControllerHandlerAdapter'
2025-02-20T11:03:16.480+02:00 DEBUG 8868 --- [shop] [           main] o.s.b.f.s.DefaultListableBeanFactory     : Creating shared instance of singleton bean 'handlerExceptionResolver'
2025-02-20T11:03:16.480+02:00 DEBUG 8868 --- [shop] [           main] o.s.b.f.s.DefaultListableBeanFactory     : Autowiring by type from bean name 'handlerExceptionResolver' via factory method to bean named 'mvcContentNegotiationManager'
2025-02-20T11:03:16.485+02:00 DEBUG 8868 --- [shop] [           main] .m.m.a.ExceptionHandlerExceptionResolver : ControllerAdvice beans: 1 @ExceptionHandler, 1 ResponseBodyAdvice
2025-02-20T11:03:16.485+02:00 DEBUG 8868 --- [shop] [           main] o.s.b.f.s.DefaultListableBeanFactory     : Creating shared instance of singleton bean 'requestContextFilter'
2025-02-20T11:03:16.485+02:00 DEBUG 8868 --- [shop] [           main] o.s.b.f.s.DefaultListableBeanFactory     : Creating shared instance of singleton bean 'org.springframework.boot.autoconfigure.web.servlet.WebMvcAutoConfiguration'
2025-02-20T11:03:16.485+02:00 DEBUG 8868 --- [shop] [           main] o.s.b.f.s.DefaultListableBeanFactory     : Creating shared instance of singleton bean 'formContentFilter'
2025-02-20T11:03:16.490+02:00 DEBUG 8868 --- [shop] [           main] o.s.b.f.s.DefaultListableBeanFactory     : Creating shared instance of singleton bean 'org.springframework.boot.autoconfigure.aop.AopAutoConfiguration$AspectJAutoProxyingConfiguration$CglibAutoProxyConfiguration'
2025-02-20T11:03:16.490+02:00 DEBUG 8868 --- [shop] [           main] o.s.b.f.s.DefaultListableBeanFactory     : Creating shared instance of singleton bean 'org.springframework.boot.autoconfigure.aop.AopAutoConfiguration$AspectJAutoProxyingConfiguration'
2025-02-20T11:03:16.490+02:00 DEBUG 8868 --- [shop] [           main] o.s.b.f.s.DefaultListableBeanFactory     : Creating shared instance of singleton bean 'org.springframework.boot.autoconfigure.aop.AopAutoConfiguration'
2025-02-20T11:03:16.490+02:00 DEBUG 8868 --- [shop] [           main] o.s.b.f.s.DefaultListableBeanFactory     : Creating shared instance of singleton bean 'org.springframework.boot.autoconfigure.availability.ApplicationAvailabilityAutoConfiguration'
2025-02-20T11:03:16.490+02:00 DEBUG 8868 --- [shop] [           main] o.s.b.f.s.DefaultListableBeanFactory     : Creating shared instance of singleton bean 'applicationAvailability'
2025-02-20T11:03:16.490+02:00 DEBUG 8868 --- [shop] [           main] o.s.b.f.s.DefaultListableBeanFactory     : Creating shared instance of singleton bean 'org.springframework.boot.autoconfigure.transaction.jta.JtaAutoConfiguration'
2025-02-20T11:03:16.490+02:00 DEBUG 8868 --- [shop] [           main] o.s.b.f.s.DefaultListableBeanFactory     : Creating shared instance of singleton bean 'org.springframework.boot.autoconfigure.jdbc.metadata.DataSourcePoolMetadataProvidersConfiguration'
2025-02-20T11:03:16.495+02:00 DEBUG 8868 --- [shop] [           main] o.s.b.f.s.DefaultListableBeanFactory     : Creating shared instance of singleton bean 'org.springframework.boot.autoconfigure.jdbc.DataSourceAutoConfiguration'
2025-02-20T11:03:16.495+02:00 DEBUG 8868 --- [shop] [           main] o.s.b.f.s.DefaultListableBeanFactory     : Creating shared instance of singleton bean 'org.springframework.boot.autoconfigure.transaction.TransactionManagerCustomizationAutoConfiguration'
2025-02-20T11:03:16.495+02:00 DEBUG 8868 --- [shop] [           main] o.s.b.f.s.DefaultListableBeanFactory     : Creating shared instance of singleton bean 'platformTransactionManagerCustomizers'
2025-02-20T11:03:16.495+02:00 DEBUG 8868 --- [shop] [           main] o.s.b.f.s.DefaultListableBeanFactory     : Creating shared instance of singleton bean 'transactionExecutionListeners'
2025-02-20T11:03:16.495+02:00 DEBUG 8868 --- [shop] [           main] o.s.b.f.s.DefaultListableBeanFactory     : Creating shared instance of singleton bean 'spring.transaction-org.springframework.boot.autoconfigure.transaction.TransactionProperties'
2025-02-20T11:03:16.501+02:00 DEBUG 8868 --- [shop] [           main] o.s.b.f.s.DefaultListableBeanFactory     : Creating shared instance of singleton bean 'org.springframework.boot.autoconfigure.orm.jpa.JpaBaseConfiguration$PersistenceManagedTypesConfiguration'
2025-02-20T11:03:16.501+02:00 DEBUG 8868 --- [shop] [           main] o.s.b.f.s.DefaultListableBeanFactory     : Creating shared instance of singleton bean 'transactionManager'
2025-02-20T11:03:16.505+02:00 DEBUG 8868 --- [shop] [           main] o.s.b.f.s.DefaultListableBeanFactory     : Creating shared instance of singleton bean 'org.springframework.boot.autoconfigure.orm.jpa.HibernateJpaAutoConfiguration'
2025-02-20T11:03:16.505+02:00 DEBUG 8868 --- [shop] [           main] o.s.b.f.s.DefaultListableBeanFactory     : Creating shared instance of singleton bean 'org.springframework.boot.autoconfigure.context.ConfigurationPropertiesAutoConfiguration'
2025-02-20T11:03:16.505+02:00 DEBUG 8868 --- [shop] [           main] o.s.b.f.s.DefaultListableBeanFactory     : Creating shared instance of singleton bean 'org.springframework.boot.autoconfigure.context.LifecycleAutoConfiguration'
2025-02-20T11:03:16.505+02:00 DEBUG 8868 --- [shop] [           main] o.s.b.f.s.DefaultListableBeanFactory     : Creating shared instance of singleton bean 'lifecycleProcessor'
2025-02-20T11:03:16.505+02:00 DEBUG 8868 --- [shop] [           main] o.s.b.f.s.DefaultListableBeanFactory     : Creating shared instance of singleton bean 'spring.lifecycle-org.springframework.boot.autoconfigure.context.LifecycleProperties'
2025-02-20T11:03:16.505+02:00 DEBUG 8868 --- [shop] [           main] o.s.b.f.s.DefaultListableBeanFactory     : Autowiring by type from bean name 'lifecycleProcessor' via factory method to bean named 'spring.lifecycle-org.springframework.boot.autoconfigure.context.LifecycleProperties'
2025-02-20T11:03:16.510+02:00 DEBUG 8868 --- [shop] [           main] o.s.b.f.s.DefaultListableBeanFactory     : Creating shared instance of singleton bean 'org.springframework.boot.autoconfigure.dao.PersistenceExceptionTranslationAutoConfiguration'
2025-02-20T11:03:16.510+02:00 DEBUG 8868 --- [shop] [           main] o.s.b.f.s.DefaultListableBeanFactory     : Creating shared instance of singleton bean 'org.springframework.boot.autoconfigure.data.jpa.JpaRepositoriesAutoConfiguration'
2025-02-20T11:03:16.510+02:00 DEBUG 8868 --- [shop] [           main] o.s.b.f.s.DefaultListableBeanFactory     : Creating shared instance of singleton bean 'org.springframework.data.jpa.util.JpaMetamodelCacheCleanup'
2025-02-20T11:03:16.510+02:00 DEBUG 8868 --- [shop] [           main] o.s.b.f.s.DefaultListableBeanFactory     : Creating shared instance of singleton bean 'org.springframework.data.jpa.repository.support.JpaEvaluationContextExtension'
2025-02-20T11:03:16.510+02:00 DEBUG 8868 --- [shop] [           main] o.s.b.f.s.DefaultListableBeanFactory     : Creating shared instance of singleton bean 'data-jpa.repository-aot-processor#0'
2025-02-20T11:03:16.515+02:00 DEBUG 8868 --- [shop] [           main] o.s.b.f.s.DefaultListableBeanFactory     : Creating shared instance of singleton bean 'org.springframework.boot.autoconfigure.gson.GsonAutoConfiguration'
2025-02-20T11:03:16.517+02:00 DEBUG 8868 --- [shop] [           main] o.s.b.f.s.DefaultListableBeanFactory     : Creating shared instance of singleton bean 'gsonBuilder'
2025-02-20T11:03:16.517+02:00 DEBUG 8868 --- [shop] [           main] o.s.b.f.s.DefaultListableBeanFactory     : Creating shared instance of singleton bean 'standardGsonBuilderCustomizer'
2025-02-20T11:03:16.517+02:00 DEBUG 8868 --- [shop] [           main] o.s.b.f.s.DefaultListableBeanFactory     : Creating shared instance of singleton bean 'spring.gson-org.springframework.boot.autoconfigure.gson.GsonProperties'
2025-02-20T11:03:16.525+02:00 DEBUG 8868 --- [shop] [           main] o.s.b.f.s.DefaultListableBeanFactory     : Autowiring by type from bean name 'standardGsonBuilderCustomizer' via factory method to bean named 'spring.gson-org.springframework.boot.autoconfigure.gson.GsonProperties'
2025-02-20T11:03:16.525+02:00 DEBUG 8868 --- [shop] [           main] o.s.b.f.s.DefaultListableBeanFactory     : Autowiring by type from bean name 'gsonBuilder' via factory method to bean named 'standardGsonBuilderCustomizer'
2025-02-20T11:03:16.525+02:00 DEBUG 8868 --- [shop] [           main] o.s.b.f.s.DefaultListableBeanFactory     : Creating shared instance of singleton bean 'gson'
2025-02-20T11:03:16.525+02:00 DEBUG 8868 --- [shop] [           main] o.s.b.f.s.DefaultListableBeanFactory     : Autowiring by type from bean name 'gson' via factory method to bean named 'gsonBuilder'
2025-02-20T11:03:16.525+02:00 DEBUG 8868 --- [shop] [           main] o.s.b.f.s.DefaultListableBeanFactory     : Creating shared instance of singleton bean 'org.springframework.boot.autoconfigure.http.JacksonHttpMessageConvertersConfiguration'
2025-02-20T11:03:16.530+02:00 DEBUG 8868 --- [shop] [           main] o.s.b.f.s.DefaultListableBeanFactory     : Creating shared instance of singleton bean 'org.springframework.boot.autoconfigure.http.GsonHttpMessageConvertersConfiguration'
2025-02-20T11:03:16.530+02:00 DEBUG 8868 --- [shop] [           main] o.s.b.f.s.DefaultListableBeanFactory     : Creating shared instance of singleton bean 'org.springframework.data.web.config.ProjectingArgumentResolverRegistrar'
2025-02-20T11:03:16.530+02:00 DEBUG 8868 --- [shop] [           main] o.s.b.f.s.DefaultListableBeanFactory     : Creating shared instance of singleton bean 'offsetResolver'
2025-02-20T11:03:16.533+02:00 DEBUG 8868 --- [shop] [           main] o.s.b.f.s.DefaultListableBeanFactory     : Creating shared instance of singleton bean 'org.springframework.boot.autoconfigure.http.client.HttpClientAutoConfiguration'
2025-02-20T11:03:16.533+02:00 DEBUG 8868 --- [shop] [           main] o.s.b.f.s.DefaultListableBeanFactory     : Creating shared instance of singleton bean 'clientHttpRequestFactoryBuilder'
2025-02-20T11:03:16.533+02:00 DEBUG 8868 --- [shop] [           main] o.s.b.f.s.DefaultListableBeanFactory     : Creating shared instance of singleton bean 'spring.http.client-org.springframework.boot.autoconfigure.http.client.HttpClientProperties'
2025-02-20T11:03:16.538+02:00 DEBUG 8868 --- [shop] [           main] o.s.b.f.s.DefaultListableBeanFactory     : Autowiring by type from bean name 'clientHttpRequestFactoryBuilder' via factory method to bean named 'spring.http.client-org.springframework.boot.autoconfigure.http.client.HttpClientProperties'
2025-02-20T11:03:16.538+02:00 DEBUG 8868 --- [shop] [           main] o.s.b.f.s.DefaultListableBeanFactory     : Creating shared instance of singleton bean 'clientHttpRequestFactorySettings'
2025-02-20T11:03:16.538+02:00 DEBUG 8868 --- [shop] [           main] o.s.b.f.s.DefaultListableBeanFactory     : Autowiring by type from bean name 'clientHttpRequestFactorySettings' via factory method to bean named 'spring.http.client-org.springframework.boot.autoconfigure.http.client.HttpClientProperties'
2025-02-20T11:03:16.540+02:00 DEBUG 8868 --- [shop] [           main] o.s.b.f.s.DefaultListableBeanFactory     : Creating shared instance of singleton bean 'org.springframework.boot.autoconfigure.info.ProjectInfoAutoConfiguration'
2025-02-20T11:03:16.540+02:00 DEBUG 8868 --- [shop] [           main] o.s.b.f.s.DefaultListableBeanFactory     : Creating shared instance of singleton bean 'spring.info-org.springframework.boot.autoconfigure.info.ProjectInfoProperties'
2025-02-20T11:03:16.540+02:00 DEBUG 8868 --- [shop] [           main] o.s.b.f.s.DefaultListableBeanFactory     : Autowiring by type from bean name 'org.springframework.boot.autoconfigure.info.ProjectInfoAutoConfiguration' via constructor to bean named 'spring.info-org.springframework.boot.autoconfigure.info.ProjectInfoProperties'
2025-02-20T11:03:16.545+02:00 DEBUG 8868 --- [shop] [           main] o.s.b.f.s.DefaultListableBeanFactory     : Creating shared instance of singleton bean 'org.springframework.boot.autoconfigure.jdbc.JdbcTemplateConfiguration'
2025-02-20T11:03:16.545+02:00 DEBUG 8868 --- [shop] [           main] o.s.b.f.s.DefaultListableBeanFactory     : Creating shared instance of singleton bean 'jdbcTemplate'
2025-02-20T11:03:16.545+02:00 DEBUG 8868 --- [shop] [           main] o.s.b.f.s.DefaultListableBeanFactory     : Creating shared instance of singleton bean 'spring.jdbc-org.springframework.boot.autoconfigure.jdbc.JdbcProperties'
2025-02-20T11:03:16.545+02:00 DEBUG 8868 --- [shop] [           main] o.s.b.f.s.DefaultListableBeanFactory     : Autowiring by type from bean name 'jdbcTemplate' via factory method to bean named 'dataSource'
2025-02-20T11:03:16.548+02:00 DEBUG 8868 --- [shop] [           main] o.s.b.f.s.DefaultListableBeanFactory     : Autowiring by type from bean name 'jdbcTemplate' via factory method to bean named 'spring.jdbc-org.springframework.boot.autoconfigure.jdbc.JdbcProperties'
2025-02-20T11:03:16.550+02:00 DEBUG 8868 --- [shop] [           main] o.s.b.f.s.DefaultListableBeanFactory     : Creating shared instance of singleton bean 'org.springframework.boot.autoconfigure.jdbc.NamedParameterJdbcTemplateConfiguration'
2025-02-20T11:03:16.550+02:00 DEBUG 8868 --- [shop] [           main] o.s.b.f.s.DefaultListableBeanFactory     : Creating shared instance of singleton bean 'namedParameterJdbcTemplate'
2025-02-20T11:03:16.550+02:00 DEBUG 8868 --- [shop] [           main] o.s.b.f.s.DefaultListableBeanFactory     : Autowiring by type from bean name 'namedParameterJdbcTemplate' via factory method to bean named 'jdbcTemplate'
2025-02-20T11:03:16.550+02:00 DEBUG 8868 --- [shop] [           main] o.s.b.f.s.DefaultListableBeanFactory     : Creating shared instance of singleton bean 'org.springframework.boot.autoconfigure.jdbc.JdbcTemplateAutoConfiguration'
2025-02-20T11:03:16.550+02:00 DEBUG 8868 --- [shop] [           main] o.s.b.f.s.DefaultListableBeanFactory     : Creating shared instance of singleton bean 'org.springframework.boot.autoconfigure.jdbc.JdbcClientAutoConfiguration'
2025-02-20T11:03:16.550+02:00 DEBUG 8868 --- [shop] [           main] o.s.b.f.s.DefaultListableBeanFactory     : Creating shared instance of singleton bean 'jdbcClient'
2025-02-20T11:03:16.550+02:00 DEBUG 8868 --- [shop] [           main] o.s.b.f.s.DefaultListableBeanFactory     : Autowiring by type from bean name 'jdbcClient' via factory method to bean named 'namedParameterJdbcTemplate'
2025-02-20T11:03:16.550+02:00 DEBUG 8868 --- [shop] [           main] o.s.b.f.s.DefaultListableBeanFactory     : Creating shared instance of singleton bean 'org.springframework.boot.autoconfigure.netty.NettyAutoConfiguration'
2025-02-20T11:03:16.550+02:00 DEBUG 8868 --- [shop] [           main] o.s.b.f.s.DefaultListableBeanFactory     : Creating shared instance of singleton bean 'spring.netty-org.springframework.boot.autoconfigure.netty.NettyProperties'
2025-02-20T11:03:16.560+02:00 DEBUG 8868 --- [shop] [           main] o.s.b.f.s.DefaultListableBeanFactory     : Autowiring by type from bean name 'org.springframework.boot.autoconfigure.netty.NettyAutoConfiguration' via constructor to bean named 'spring.netty-org.springframework.boot.autoconfigure.netty.NettyProperties'
2025-02-20T11:03:16.560+02:00 DEBUG 8868 --- [shop] [           main] o.s.b.f.s.DefaultListableBeanFactory     : Creating shared instance of singleton bean 'org.springframework.boot.autoconfigure.security.servlet.SpringBootWebSecurityConfiguration'
2025-02-20T11:03:16.560+02:00 DEBUG 8868 --- [shop] [           main] o.s.b.f.s.DefaultListableBeanFactory     : Creating shared instance of singleton bean 'spring.security-org.springframework.boot.autoconfigure.security.SecurityProperties'
2025-02-20T11:03:16.560+02:00 DEBUG 8868 --- [shop] [           main] o.s.b.f.s.DefaultListableBeanFactory     : Creating shared instance of singleton bean 'org.springframework.boot.autoconfigure.security.servlet.SecurityFilterAutoConfiguration'
2025-02-20T11:03:16.564+02:00 DEBUG 8868 --- [shop] [           main] o.s.b.f.s.DefaultListableBeanFactory     : Creating shared instance of singleton bean 'securityFilterChainRegistration'
2025-02-20T11:03:16.564+02:00 DEBUG 8868 --- [shop] [           main] o.s.b.f.s.DefaultListableBeanFactory     : Autowiring by type from bean name 'securityFilterChainRegistration' via factory method to bean named 'spring.security-org.springframework.boot.autoconfigure.security.SecurityProperties'
2025-02-20T11:03:16.564+02:00 DEBUG 8868 --- [shop] [           main] o.s.b.f.s.DefaultListableBeanFactory     : Creating shared instance of singleton bean 'org.springframework.boot.autoconfigure.sql.init.SqlInitializationAutoConfiguration'
2025-02-20T11:03:16.564+02:00 DEBUG 8868 --- [shop] [           main] o.s.b.f.s.DefaultListableBeanFactory     : Creating shared instance of singleton bean 'org.springframework.boot.autoconfigure.task.TaskSchedulingConfigurations$ThreadPoolTaskSchedulerBuilderConfiguration'
2025-02-20T11:03:16.564+02:00 DEBUG 8868 --- [shop] [           main] o.s.b.f.s.DefaultListableBeanFactory     : Creating shared instance of singleton bean 'threadPoolTaskSchedulerBuilder'
2025-02-20T11:03:16.564+02:00 DEBUG 8868 --- [shop] [           main] o.s.b.f.s.DefaultListableBeanFactory     : Creating shared instance of singleton bean 'spring.task.scheduling-org.springframework.boot.autoconfigure.task.TaskSchedulingProperties'
2025-02-20T11:03:16.570+02:00 DEBUG 8868 --- [shop] [           main] o.s.b.f.s.DefaultListableBeanFactory     : Autowiring by type from bean name 'threadPoolTaskSchedulerBuilder' via factory method to bean named 'spring.task.scheduling-org.springframework.boot.autoconfigure.task.TaskSchedulingProperties'
2025-02-20T11:03:16.570+02:00 DEBUG 8868 --- [shop] [           main] o.s.b.f.s.DefaultListableBeanFactory     : Creating shared instance of singleton bean 'org.springframework.boot.autoconfigure.task.TaskSchedulingConfigurations$SimpleAsyncTaskSchedulerBuilderConfiguration'
2025-02-20T11:03:16.570+02:00 DEBUG 8868 --- [shop] [           main] o.s.b.f.s.DefaultListableBeanFactory     : Autowiring by type from bean name 'org.springframework.boot.autoconfigure.task.TaskSchedulingConfigurations$SimpleAsyncTaskSchedulerBuilderConfiguration' via constructor to bean named 'spring.task.scheduling-org.springframework.boot.autoconfigure.task.TaskSchedulingProperties'
2025-02-20T11:03:16.570+02:00 DEBUG 8868 --- [shop] [           main] o.s.b.f.s.DefaultListableBeanFactory     : Creating shared instance of singleton bean 'simpleAsyncTaskSchedulerBuilder'
2025-02-20T11:03:16.570+02:00 DEBUG 8868 --- [shop] [           main] o.s.b.f.s.DefaultListableBeanFactory     : Creating shared instance of singleton bean 'org.springframework.boot.autoconfigure.task.TaskSchedulingAutoConfiguration'
2025-02-20T11:03:16.570+02:00 DEBUG 8868 --- [shop] [           main] o.s.b.f.s.DefaultListableBeanFactory     : Creating shared instance of singleton bean 'scheduledBeanLazyInitializationExcludeFilter'
2025-02-20T11:03:16.570+02:00 DEBUG 8868 --- [shop] [           main] o.s.b.f.s.DefaultListableBeanFactory     : Creating shared instance of singleton bean 'org.springframework.boot.autoconfigure.thymeleaf.ThymeleafAutoConfiguration$ThymeleafWebMvcConfiguration'
2025-02-20T11:03:16.570+02:00 DEBUG 8868 --- [shop] [           main] o.s.b.f.s.DefaultListableBeanFactory     : Creating shared instance of singleton bean 'org.springframework.boot.autoconfigure.thymeleaf.ThymeleafAutoConfiguration'
2025-02-20T11:03:16.575+02:00 DEBUG 8868 --- [shop] [           main] o.s.b.f.s.DefaultListableBeanFactory     : Creating shared instance of singleton bean 'org.springframework.boot.autoconfigure.jdbc.DataSourceTransactionManagerAutoConfiguration$JdbcTransactionManagerConfiguration'
2025-02-20T11:03:16.575+02:00 DEBUG 8868 --- [shop] [           main] o.s.b.f.s.DefaultListableBeanFactory     : Creating shared instance of singleton bean 'org.springframework.boot.autoconfigure.jdbc.DataSourceTransactionManagerAutoConfiguration'
2025-02-20T11:03:16.575+02:00 DEBUG 8868 --- [shop] [           main] o.s.b.f.s.DefaultListableBeanFactory     : Creating shared instance of singleton bean 'org.springframework.boot.autoconfigure.transaction.TransactionAutoConfiguration$EnableTransactionManagementConfiguration$CglibAutoProxyConfiguration'
2025-02-20T11:03:16.575+02:00 DEBUG 8868 --- [shop] [           main] o.s.b.f.s.DefaultListableBeanFactory     : Creating shared instance of singleton bean 'org.springframework.boot.autoconfigure.transaction.TransactionAutoConfiguration$EnableTransactionManagementConfiguration'
2025-02-20T11:03:16.575+02:00 DEBUG 8868 --- [shop] [           main] o.s.b.f.s.DefaultListableBeanFactory     : Creating shared instance of singleton bean 'org.springframework.boot.autoconfigure.transaction.TransactionAutoConfiguration$TransactionTemplateConfiguration'
2025-02-20T11:03:16.575+02:00 DEBUG 8868 --- [shop] [           main] o.s.b.f.s.DefaultListableBeanFactory     : Creating shared instance of singleton bean 'transactionTemplate'
2025-02-20T11:03:16.575+02:00 DEBUG 8868 --- [shop] [           main] o.s.b.f.s.DefaultListableBeanFactory     : Autowiring by type from bean name 'transactionTemplate' via factory method to bean named 'transactionManager'
2025-02-20T11:03:16.580+02:00 DEBUG 8868 --- [shop] [           main] o.s.b.f.s.DefaultListableBeanFactory     : Creating shared instance of singleton bean 'org.springframework.boot.autoconfigure.transaction.TransactionAutoConfiguration'
2025-02-20T11:03:16.580+02:00 DEBUG 8868 --- [shop] [           main] o.s.b.f.s.DefaultListableBeanFactory     : Creating shared instance of singleton bean 'org.springframework.boot.autoconfigure.web.client.RestClientAutoConfiguration'
2025-02-20T11:03:16.580+02:00 DEBUG 8868 --- [shop] [           main] o.s.b.f.s.DefaultListableBeanFactory     : Creating shared instance of singleton bean 'httpMessageConvertersRestClientCustomizer'
2025-02-20T11:03:16.580+02:00 DEBUG 8868 --- [shop] [           main] o.s.b.f.s.DefaultListableBeanFactory     : Creating shared instance of singleton bean 'restClientSsl'
2025-02-20T11:03:16.580+02:00 DEBUG 8868 --- [shop] [           main] o.s.b.f.s.DefaultListableBeanFactory     : Autowiring by type from bean name 'restClientSsl' via factory method to bean named 'sslBundleRegistry'
2025-02-20T11:03:16.580+02:00 DEBUG 8868 --- [shop] [           main] o.s.b.f.s.DefaultListableBeanFactory     : Creating shared instance of singleton bean 'restClientBuilderConfigurer'
2025-02-20T11:03:16.585+02:00 DEBUG 8868 --- [shop] [           main] o.s.b.f.s.DefaultListableBeanFactory     : Creating shared instance of singleton bean 'org.springframework.boot.autoconfigure.web.client.RestTemplateAutoConfiguration'
2025-02-20T11:03:16.585+02:00 DEBUG 8868 --- [shop] [           main] o.s.b.f.s.DefaultListableBeanFactory     : Creating shared instance of singleton bean 'characterEncodingFilter'
2025-02-20T11:03:16.585+02:00 DEBUG 8868 --- [shop] [           main] o.s.b.f.s.DefaultListableBeanFactory     : Creating shared instance of singleton bean 'multipartResolver'
2025-02-20T11:03:16.590+02:00 DEBUG 8868 --- [shop] [           main] o.s.b.f.s.DefaultListableBeanFactory     : Creating shared instance of singleton bean 'eagerStompWebSocketHandlerMapping'
2025-02-20T11:03:16.590+02:00 DEBUG 8868 --- [shop] [           main] o.s.b.f.s.DefaultListableBeanFactory     : Creating shared instance of singleton bean 'org.springframework.boot.autoconfigure.websocket.servlet.WebSocketMessagingAutoConfiguration'
2025-02-20T11:03:16.590+02:00 DEBUG 8868 --- [shop] [           main] o.s.b.f.s.DefaultListableBeanFactory     : Creating shared instance of singleton bean 'org.springframework.boot.test.autoconfigure.web.servlet.MockMvcConfiguration'
2025-02-20T11:03:16.590+02:00 DEBUG 8868 --- [shop] [           main] o.s.b.f.s.DefaultListableBeanFactory     : Autowiring by type from bean name 'org.springframework.boot.test.autoconfigure.web.servlet.MockMvcConfiguration' via constructor to bean named 'org.springframework.web.context.support.GenericWebApplicationContext@3f77cd24'
2025-02-20T11:03:16.590+02:00 DEBUG 8868 --- [shop] [           main] o.s.b.f.s.DefaultListableBeanFactory     : Autowiring by type from bean name 'org.springframework.boot.test.autoconfigure.web.servlet.MockMvcConfiguration' via constructor to bean named 'spring.mvc-org.springframework.boot.autoconfigure.web.servlet.WebMvcProperties'
2025-02-20T11:03:16.590+02:00 DEBUG 8868 --- [shop] [           main] o.s.b.f.s.DefaultListableBeanFactory     : Creating shared instance of singleton bean 'mockMvcBuilder'
2025-02-20T11:03:16.595+02:00 DEBUG 8868 --- [shop] [           main] o.s.b.f.s.DefaultListableBeanFactory     : Creating shared instance of singleton bean 'springBootMockMvcBuilderCustomizer'
2025-02-20T11:03:16.595+02:00 DEBUG 8868 --- [shop] [           main] o.s.b.f.s.DefaultListableBeanFactory     : Creating shared instance of singleton bean 'securityMockMvcBuilderCustomizer'
2025-02-20T11:03:16.595+02:00 DEBUG 8868 --- [shop] [           main] o.s.b.f.s.DefaultListableBeanFactory     : Creating shared instance of singleton bean 'org.springframework.boot.test.autoconfigure.web.servlet.MockMvcSecurityConfiguration'
2025-02-20T11:03:16.595+02:00 DEBUG 8868 --- [shop] [           main] o.s.b.f.s.DefaultListableBeanFactory     : Autowiring by type from bean name 'mockMvcBuilder' via factory method to bean named 'springBootMockMvcBuilderCustomizer'
2025-02-20T11:03:16.595+02:00 DEBUG 8868 --- [shop] [           main] o.s.b.f.s.DefaultListableBeanFactory     : Autowiring by type from bean name 'mockMvcBuilder' via factory method to bean named 'securityMockMvcBuilderCustomizer'
2025-02-20T11:03:16.600+02:00 DEBUG 8868 --- [shop] [           main] o.s.b.w.s.ServletContextInitializerBeans : Mapping filters: springSecurityFilterChain urls=[/*] order=-100, characterEncodingFilter urls=[/*] order=-2147483648, formContentFilter urls=[/*] order=-9900, requestContextFilter urls=[/*] order=-105
2025-02-20T11:03:16.600+02:00 DEBUG 8868 --- [shop] [           main] o.s.b.w.s.ServletContextInitializerBeans : Mapping servlets: 
2025-02-20T11:03:16.600+02:00 DEBUG 8868 --- [shop] [           main] o.s.b.f.s.DefaultListableBeanFactory     : Creating shared instance of singleton bean 'mockMvc'
2025-02-20T11:03:16.600+02:00 DEBUG 8868 --- [shop] [           main] o.s.b.f.s.DefaultListableBeanFactory     : Autowiring by type from bean name 'mockMvc' via factory method to bean named 'mockMvcBuilder'
2025-02-20T11:03:16.600+02:00 DEBUG 8868 --- [shop] [           main] s.b.w.s.f.OrderedCharacterEncodingFilter : Filter 'characterEncodingFilter' configured for use
2025-02-20T11:03:16.600+02:00 DEBUG 8868 --- [shop] [           main] o.s.b.w.s.f.OrderedFormContentFilter     : Filter 'formContentFilter' configured for use
2025-02-20T11:03:16.600+02:00 DEBUG 8868 --- [shop] [           main] o.s.b.w.s.f.OrderedRequestContextFilter  : Filter 'requestContextFilter' configured for use
2025-02-20T11:03:16.600+02:00 DEBUG 8868 --- [shop] [           main] .DelegatingFilterProxyRegistrationBean$1 : Filter 'springSecurityFilterChain' configured for use
2025-02-20T11:03:16.600+02:00  INFO 8868 --- [shop] [           main] o.s.b.t.m.w.SpringBootMockServletContext : Initializing Spring TestDispatcherServlet ''
2025-02-20T11:03:16.600+02:00  INFO 8868 --- [shop] [           main] o.s.t.web.servlet.TestDispatcherServlet  : Initializing Servlet ''
2025-02-20T11:03:16.600+02:00 DEBUG 8868 --- [shop] [           main] o.s.t.web.servlet.TestDispatcherServlet  : Detected StandardServletMultipartResolver
2025-02-20T11:03:16.600+02:00 DEBUG 8868 --- [shop] [           main] o.s.t.web.servlet.TestDispatcherServlet  : Detected AcceptHeaderLocaleResolver
2025-02-20T11:03:16.600+02:00 DEBUG 8868 --- [shop] [           main] o.s.t.web.servlet.TestDispatcherServlet  : Detected FixedThemeResolver
2025-02-20T11:03:16.600+02:00 DEBUG 8868 --- [shop] [           main] o.s.t.web.servlet.TestDispatcherServlet  : Detected org.springframework.web.servlet.view.DefaultRequestToViewNameTranslator@7be55279
2025-02-20T11:03:16.600+02:00 DEBUG 8868 --- [shop] [           main] o.s.t.web.servlet.TestDispatcherServlet  : Detected org.springframework.web.servlet.support.SessionFlashMapManager@58e48d9
2025-02-20T11:03:16.600+02:00 DEBUG 8868 --- [shop] [           main] o.s.t.web.servlet.TestDispatcherServlet  : enableLoggingRequestDetails='false': request parameters and headers will be masked to prevent unsafe logging of potentially sensitive data
2025-02-20T11:03:16.600+02:00  INFO 8868 --- [shop] [           main] o.s.t.web.servlet.TestDispatcherServlet  : Completed initialization in 0 ms
2025-02-20T11:03:16.600+02:00 DEBUG 8868 --- [shop] [           main] o.s.b.f.s.DefaultListableBeanFactory     : Creating shared instance of singleton bean 'org.springframework.boot.test.autoconfigure.web.servlet.MockMvcTesterConfiguration'
2025-02-20T11:03:16.600+02:00 DEBUG 8868 --- [shop] [           main] o.s.b.f.s.DefaultListableBeanFactory     : Creating shared instance of singleton bean 'mockMvcTester'
2025-02-20T11:03:16.610+02:00 DEBUG 8868 --- [shop] [           main] o.s.b.f.s.DefaultListableBeanFactory     : Autowiring by type from bean name 'mockMvcTester' via factory method to bean named 'mockMvc'
2025-02-20T11:03:16.610+02:00 DEBUG 8868 --- [shop] [           main] o.s.b.f.s.DefaultListableBeanFactory     : Creating shared instance of singleton bean 'org.springframework.boot.test.autoconfigure.web.servlet.MockMvcAutoConfiguration'
2025-02-20T11:03:16.630+02:00 DEBUG 8868 --- [shop] [           main] o.s.c.support.DefaultLifecycleProcessor  : Starting beans in phase -2147483647
2025-02-20T11:03:16.630+02:00 DEBUG 8868 --- [shop] [           main] o.s.c.support.DefaultLifecycleProcessor  : Successfully started bean 'springBootLoggingLifecycle'
2025-02-20T11:03:16.630+02:00 DEBUG 8868 --- [shop] [           main] o.s.c.support.DefaultLifecycleProcessor  : Starting beans in phase 0
2025-02-20T11:03:16.630+02:00 DEBUG 8868 --- [shop] [           main] o.s.m.s.ExecutorSubscribableChannel      : clientOutboundChannel added SubProtocolWebSocketHandler[StompSubProtocolHandler[v10.stomp, v11.stomp, v12.stomp]]
2025-02-20T11:03:16.630+02:00 DEBUG 8868 --- [shop] [           main] o.s.c.support.DefaultLifecycleProcessor  : Successfully started bean 'subProtocolWebSocketHandler'
2025-02-20T11:03:16.630+02:00 DEBUG 8868 --- [shop] [           main] o.s.c.support.DefaultLifecycleProcessor  : Successfully started bean 'stompWebSocketHandlerMapping'
2025-02-20T11:03:16.630+02:00 DEBUG 8868 --- [shop] [           main] o.s.m.s.ExecutorSubscribableChannel      : clientInboundChannel added WebSocketAnnotationMethodMessageHandler[prefixes=[/app/]]
2025-02-20T11:03:16.630+02:00 DEBUG 8868 --- [shop] [           main] o.s.c.support.DefaultLifecycleProcessor  : Successfully started bean 'simpAnnotationMethodMessageHandler'
2025-02-20T11:03:16.630+02:00  INFO 8868 --- [shop] [           main] o.s.m.s.b.SimpleBrokerMessageHandler     : Starting...
2025-02-20T11:03:16.630+02:00 DEBUG 8868 --- [shop] [           main] o.s.m.s.ExecutorSubscribableChannel      : clientInboundChannel added SimpleBrokerMessageHandler [org.springframework.messaging.simp.broker.DefaultSubscriptionRegistry@167eab4]
2025-02-20T11:03:16.630+02:00 DEBUG 8868 --- [shop] [           main] o.s.m.s.ExecutorSubscribableChannel      : brokerChannel added SimpleBrokerMessageHandler [org.springframework.messaging.simp.broker.DefaultSubscriptionRegistry@167eab4]
2025-02-20T11:03:16.630+02:00  INFO 8868 --- [shop] [           main] o.s.m.s.b.SimpleBrokerMessageHandler     : BrokerAvailabilityEvent[available=true, SimpleBrokerMessageHandler [org.springframework.messaging.simp.broker.DefaultSubscriptionRegistry@167eab4]]
2025-02-20T11:03:16.630+02:00  INFO 8868 --- [shop] [           main] o.s.m.s.b.SimpleBrokerMessageHandler     : Started.
2025-02-20T11:03:16.630+02:00 DEBUG 8868 --- [shop] [           main] o.s.c.support.DefaultLifecycleProcessor  : Successfully started bean 'simpleBrokerMessageHandler'
2025-02-20T11:03:16.630+02:00 DEBUG 8868 --- [shop] [           main] o.s.m.s.ExecutorSubscribableChannel      : clientInboundChannel added UserDestinationMessageHandler[DefaultUserDestinationResolver[prefix=/user/]]
2025-02-20T11:03:16.630+02:00 DEBUG 8868 --- [shop] [           main] o.s.m.s.ExecutorSubscribableChannel      : brokerChannel added UserDestinationMessageHandler[DefaultUserDestinationResolver[prefix=/user/]]
2025-02-20T11:03:16.630+02:00 DEBUG 8868 --- [shop] [           main] o.s.c.support.DefaultLifecycleProcessor  : Successfully started bean 'userDestinationMessageHandler'
2025-02-20T11:03:16.643+02:00 DEBUG 8868 --- [shop] [           main] .s.b.a.l.ConditionEvaluationReportLogger : 


============================
CONDITIONS EVALUATION REPORT
============================


Positive matches:
-----------------

   AopAutoConfiguration matched:
      - @ConditionalOnProperty (spring.aop.auto=true) matched (OnPropertyCondition)

   AopAutoConfiguration.AspectJAutoProxyingConfiguration matched:
      - @ConditionalOnClass found required class 'org.aspectj.weaver.Advice' (OnClassCondition)

   AopAutoConfiguration.AspectJAutoProxyingConfiguration.CglibAutoProxyConfiguration matched:
      - @ConditionalOnProperty (spring.aop.proxy-target-class=true) matched (OnPropertyCondition)

   ApplicationAvailabilityAutoConfiguration#applicationAvailability matched:
      - @ConditionalOnMissingBean (types: org.springframework.boot.availability.ApplicationAvailability; SearchStrategy: all) did not find any beans (OnBeanCondition)

   DataSourceAutoConfiguration matched:
      - @ConditionalOnClass found required classes 'javax.sql.DataSource', 'org.springframework.jdbc.datasource.embedded.EmbeddedDatabaseType' (OnClassCondition)
      - @ConditionalOnMissingBean (types: io.r2dbc.spi.ConnectionFactory; SearchStrategy: all) did not find any beans (OnBeanCondition)

   DataSourceAutoConfiguration.PooledDataSourceConfiguration matched:
      - AnyNestedCondition 1 matched 1 did not; NestedCondition on DataSourceAutoConfiguration.PooledDataSourceCondition.PooledDataSourceAvailable PooledDataSource found supported DataSource; NestedCondition on DataSourceAutoConfiguration.PooledDataSourceCondition.ExplicitType @ConditionalOnProperty (spring.datasource.type) did not find property 'type' (DataSourceAutoConfiguration.PooledDataSourceCondition)
      - @ConditionalOnMissingBean (types: javax.sql.DataSource,javax.sql.XADataSource; SearchStrategy: all) did not find any beans (OnBeanCondition)

   DataSourceAutoConfiguration.PooledDataSourceConfiguration#jdbcConnectionDetails matched:
      - @ConditionalOnMissingBean (types: org.springframework.boot.autoconfigure.jdbc.JdbcConnectionDetails; SearchStrategy: all) did not find any beans (OnBeanCondition)

   DataSourceConfiguration.Hikari matched:
      - @ConditionalOnClass found required class 'com.zaxxer.hikari.HikariDataSource' (OnClassCondition)
      - @ConditionalOnProperty (spring.datasource.type=com.zaxxer.hikari.HikariDataSource) matched (OnPropertyCondition)
      - @ConditionalOnMissingBean (types: javax.sql.DataSource; SearchStrategy: all) did not find any beans (OnBeanCondition)

   DataSourceInitializationConfiguration matched:
      - @ConditionalOnClass found required class 'org.springframework.jdbc.datasource.init.DatabasePopulator' (OnClassCondition)
      - @ConditionalOnSingleCandidate (types: javax.sql.DataSource; SearchStrategy: all) found a single bean 'dataSource'; @ConditionalOnMissingBean (types: org.springframework.boot.autoconfigure.sql.init.SqlDataSourceScriptDatabaseInitializer,org.springframework.boot.autoconfigure.sql.init.SqlR2dbcScriptDatabaseInitializer; SearchStrategy: all) did not find any beans (OnBeanCondition)

   DataSourcePoolMetadataProvidersConfiguration.HikariPoolDataSourceMetadataProviderConfiguration matched:
      - @ConditionalOnClass found required class 'com.zaxxer.hikari.HikariDataSource' (OnClassCondition)

   DataSourceTransactionManagerAutoConfiguration matched:
      - @ConditionalOnClass found required classes 'javax.sql.DataSource', 'org.springframework.jdbc.core.JdbcTemplate', 'org.springframework.transaction.TransactionManager' (OnClassCondition)

   DataSourceTransactionManagerAutoConfiguration.JdbcTransactionManagerConfiguration matched:
      - @ConditionalOnSingleCandidate (types: javax.sql.DataSource; SearchStrategy: all) found a single bean 'dataSource' (OnBeanCondition)

   DispatcherServletAutoConfiguration matched:
      - @ConditionalOnClass found required class 'org.springframework.web.servlet.DispatcherServlet' (OnClassCondition)
      - found 'session' scope (OnWebApplicationCondition)

   DispatcherServletAutoConfiguration.DispatcherServletConfiguration matched:
      - @ConditionalOnClass found required class 'jakarta.servlet.ServletRegistration' (OnClassCondition)
      - Default DispatcherServlet did not find dispatcher servlet beans (DispatcherServletAutoConfiguration.DefaultDispatcherServletCondition)

   DispatcherServletAutoConfiguration.DispatcherServletRegistrationConfiguration matched:
      - @ConditionalOnClass found required class 'jakarta.servlet.ServletRegistration' (OnClassCondition)
      - DispatcherServlet Registration did not find servlet registration bean (DispatcherServletAutoConfiguration.DispatcherServletRegistrationCondition)

   DispatcherServletAutoConfiguration.DispatcherServletRegistrationConfiguration#dispatcherServletRegistration matched:
      - @ConditionalOnBean (names: dispatcherServlet types: org.springframework.web.servlet.DispatcherServlet; SearchStrategy: all) found bean 'dispatcherServlet' (OnBeanCondition)

   ErrorMvcAutoConfiguration matched:
      - @ConditionalOnClass found required classes 'jakarta.servlet.Servlet', 'org.springframework.web.servlet.DispatcherServlet' (OnClassCondition)
      - found 'session' scope (OnWebApplicationCondition)

   ErrorMvcAutoConfiguration#basicErrorController matched:
      - @ConditionalOnMissingBean (types: org.springframework.boot.web.servlet.error.ErrorController; SearchStrategy: current) did not find any beans (OnBeanCondition)

   ErrorMvcAutoConfiguration#errorAttributes matched:
      - @ConditionalOnMissingBean (types: org.springframework.boot.web.servlet.error.ErrorAttributes; SearchStrategy: current) did not find any beans (OnBeanCondition)

   ErrorMvcAutoConfiguration.DefaultErrorViewResolverConfiguration#conventionErrorViewResolver matched:
      - @ConditionalOnBean (types: org.springframework.web.servlet.DispatcherServlet; SearchStrategy: all) found bean 'dispatcherServlet'; @ConditionalOnMissingBean (types: org.springframework.boot.autoconfigure.web.servlet.error.ErrorViewResolver; SearchStrategy: all) did not find any beans (OnBeanCondition)

   ErrorMvcAutoConfiguration.WhitelabelErrorViewConfiguration matched:
      - @ConditionalOnProperty (server.error.whitelabel.enabled) matched (OnPropertyCondition)
      - ErrorTemplate Missing did not find error template view (ErrorMvcAutoConfiguration.ErrorTemplateMissingCondition)

   ErrorMvcAutoConfiguration.WhitelabelErrorViewConfiguration#beanNameViewResolver matched:
      - @ConditionalOnMissingBean (types: org.springframework.web.servlet.view.BeanNameViewResolver; SearchStrategy: all) did not find any beans (OnBeanCondition)

   ErrorMvcAutoConfiguration.WhitelabelErrorViewConfiguration#defaultErrorView matched:
      - @ConditionalOnMissingBean (names: error; SearchStrategy: all) did not find any beans (OnBeanCondition)

   GenericCacheConfiguration matched:
      - Cache org.springframework.boot.autoconfigure.cache.GenericCacheConfiguration automatic cache type (CacheCondition)

   GsonAutoConfiguration matched:
      - @ConditionalOnClass found required class 'com.google.gson.Gson' (OnClassCondition)

   GsonAutoConfiguration#gson matched:
      - @ConditionalOnMissingBean (types: com.google.gson.Gson; SearchStrategy: all) did not find any beans (OnBeanCondition)

   GsonAutoConfiguration#gsonBuilder matched:
      - @ConditionalOnMissingBean (types: com.google.gson.GsonBuilder; SearchStrategy: all) did not find any beans (OnBeanCondition)

   GsonHttpMessageConvertersConfiguration matched:
      - @ConditionalOnClass found required class 'com.google.gson.Gson' (OnClassCondition)

   HibernateJpaAutoConfiguration matched:
      - @ConditionalOnClass found required classes 'org.springframework.orm.jpa.LocalContainerEntityManagerFactoryBean', 'jakarta.persistence.EntityManager', 'org.hibernate.engine.spi.SessionImplementor' (OnClassCondition)

   HibernateJpaConfiguration matched:
      - @ConditionalOnSingleCandidate (types: javax.sql.DataSource; SearchStrategy: all) found a single bean 'dataSource' (OnBeanCondition)

   HttpClientAutoConfiguration matched:
      - @ConditionalOnClass found required class 'org.springframework.http.client.ClientHttpRequestFactory' (OnClassCondition)
      - NoneNestedConditions 0 matched 1 did not; NestedCondition on NotReactiveWebApplicationCondition.ReactiveWebApplication did not find reactive web application classes (NotReactiveWebApplicationCondition)

   HttpClientAutoConfiguration#clientHttpRequestFactoryBuilder matched:
      - @ConditionalOnMissingBean (types: org.springframework.boot.http.client.ClientHttpRequestFactoryBuilder; SearchStrategy: all) did not find any beans (OnBeanCondition)

   HttpClientAutoConfiguration#clientHttpRequestFactorySettings matched:
      - @ConditionalOnMissingBean (types: org.springframework.boot.http.client.ClientHttpRequestFactorySettings; SearchStrategy: all) did not find any beans (OnBeanCondition)

   HttpEncodingAutoConfiguration matched:
      - @ConditionalOnClass found required class 'org.springframework.web.filter.CharacterEncodingFilter' (OnClassCondition)
      - found 'session' scope (OnWebApplicationCondition)
      - @ConditionalOnProperty (server.servlet.encoding.enabled) matched (OnPropertyCondition)

   HttpEncodingAutoConfiguration#characterEncodingFilter matched:
      - @ConditionalOnMissingBean (types: org.springframework.web.filter.CharacterEncodingFilter; SearchStrategy: all) did not find any beans (OnBeanCondition)

   HttpMessageConvertersAutoConfiguration matched:
      - @ConditionalOnClass found required class 'org.springframework.http.converter.HttpMessageConverter' (OnClassCondition)
      - NoneNestedConditions 0 matched 1 did not; NestedCondition on HttpMessageConvertersAutoConfiguration.NotReactiveWebApplicationCondition.ReactiveWebApplication did not find reactive web application classes (HttpMessageConvertersAutoConfiguration.NotReactiveWebApplicationCondition)

   HttpMessageConvertersAutoConfiguration#messageConverters matched:
      - @ConditionalOnMissingBean (types: org.springframework.boot.autoconfigure.http.HttpMessageConverters; SearchStrategy: all) did not find any beans (OnBeanCondition)

   HttpMessageConvertersAutoConfiguration.StringHttpMessageConverterConfiguration matched:
      - @ConditionalOnClass found required class 'org.springframework.http.converter.StringHttpMessageConverter' (OnClassCondition)

   HttpMessageConvertersAutoConfiguration.StringHttpMessageConverterConfiguration#stringHttpMessageConverter matched:
      - @ConditionalOnMissingBean (types: org.springframework.http.converter.StringHttpMessageConverter; SearchStrategy: all) did not find any beans (OnBeanCondition)

   JacksonAutoConfiguration matched:
      - @ConditionalOnClass found required class 'com.fasterxml.jackson.databind.ObjectMapper' (OnClassCondition)

   JacksonAutoConfiguration.Jackson2ObjectMapperBuilderCustomizerConfiguration matched:
      - @ConditionalOnClass found required class 'org.springframework.http.converter.json.Jackson2ObjectMapperBuilder' (OnClassCondition)

   JacksonAutoConfiguration.JacksonObjectMapperBuilderConfiguration matched:
      - @ConditionalOnClass found required class 'org.springframework.http.converter.json.Jackson2ObjectMapperBuilder' (OnClassCondition)

   JacksonAutoConfiguration.JacksonObjectMapperBuilderConfiguration#jacksonObjectMapperBuilder matched:
      - @ConditionalOnMissingBean (types: org.springframework.http.converter.json.Jackson2ObjectMapperBuilder; SearchStrategy: all) did not find any beans (OnBeanCondition)

   JacksonAutoConfiguration.JacksonObjectMapperConfiguration matched:
      - @ConditionalOnClass found required class 'org.springframework.http.converter.json.Jackson2ObjectMapperBuilder' (OnClassCondition)

   JacksonAutoConfiguration.JacksonObjectMapperConfiguration#jacksonObjectMapper matched:
      - @ConditionalOnMissingBean (types: com.fasterxml.jackson.databind.ObjectMapper; SearchStrategy: all) did not find any beans (OnBeanCondition)

   JacksonAutoConfiguration.ParameterNamesModuleConfiguration matched:
      - @ConditionalOnClass found required class 'com.fasterxml.jackson.module.paramnames.ParameterNamesModule' (OnClassCondition)

   JacksonAutoConfiguration.ParameterNamesModuleConfiguration#parameterNamesModule matched:
      - @ConditionalOnMissingBean (types: com.fasterxml.jackson.module.paramnames.ParameterNamesModule; SearchStrategy: all) did not find any beans (OnBeanCondition)

   JacksonHttpMessageConvertersConfiguration.MappingJackson2HttpMessageConverterConfiguration matched:
      - @ConditionalOnClass found required class 'com.fasterxml.jackson.databind.ObjectMapper' (OnClassCondition)
      - @ConditionalOnProperty (spring.mvc.converters.preferred-json-mapper=jackson) matched (OnPropertyCondition)
      - @ConditionalOnBean (types: com.fasterxml.jackson.databind.ObjectMapper; SearchStrategy: all) found bean 'jacksonObjectMapper' (OnBeanCondition)

   JacksonHttpMessageConvertersConfiguration.MappingJackson2HttpMessageConverterConfiguration#mappingJackson2HttpMessageConverter matched:
      - @ConditionalOnMissingBean (types: org.springframework.http.converter.json.MappingJackson2HttpMessageConverter ignored: org.springframework.hateoas.server.mvc.TypeConstrainedMappingJackson2HttpMessageConverter,org.springframework.data.rest.webmvc.alps.AlpsJsonHttpMessageConverter; SearchStrategy: all) did not find any beans (OnBeanCondition)

   JdbcClientAutoConfiguration matched:
      - @ConditionalOnSingleCandidate (types: org.springframework.jdbc.core.namedparam.NamedParameterJdbcTemplate; SearchStrategy: all) found a single bean 'namedParameterJdbcTemplate'; @ConditionalOnMissingBean (types: org.springframework.jdbc.core.simple.JdbcClient; SearchStrategy: all) did not find any beans (OnBeanCondition)

   JdbcTemplateAutoConfiguration matched:
      - @ConditionalOnClass found required classes 'javax.sql.DataSource', 'org.springframework.jdbc.core.JdbcTemplate' (OnClassCondition)
      - @ConditionalOnSingleCandidate (types: javax.sql.DataSource; SearchStrategy: all) found a single bean 'dataSource' (OnBeanCondition)

   JdbcTemplateConfiguration matched:
      - @ConditionalOnMissingBean (types: org.springframework.jdbc.core.JdbcOperations; SearchStrategy: all) did not find any beans (OnBeanCondition)

   JpaBaseConfiguration#entityManagerFactory matched:
      - @ConditionalOnMissingBean (types: org.springframework.orm.jpa.LocalContainerEntityManagerFactoryBean,jakarta.persistence.EntityManagerFactory; SearchStrategy: all) did not find any beans (OnBeanCondition)

   JpaBaseConfiguration#entityManagerFactoryBuilder matched:
      - @ConditionalOnMissingBean (types: org.springframework.boot.orm.jpa.EntityManagerFactoryBuilder; SearchStrategy: all) did not find any beans (OnBeanCondition)

   JpaBaseConfiguration#jpaVendorAdapter matched:
      - @ConditionalOnMissingBean (types: org.springframework.orm.jpa.JpaVendorAdapter; SearchStrategy: all) did not find any beans (OnBeanCondition)

   JpaBaseConfiguration#transactionManager matched:
      - @ConditionalOnMissingBean (types: org.springframework.transaction.TransactionManager; SearchStrategy: all) did not find any beans (OnBeanCondition)

   JpaBaseConfiguration.JpaWebConfiguration matched:
      - @ConditionalOnClass found required class 'org.springframework.web.servlet.config.annotation.WebMvcConfigurer' (OnClassCondition)
      - found 'session' scope (OnWebApplicationCondition)
      - @ConditionalOnProperty (spring.jpa.open-in-view=true) matched (OnPropertyCondition)
      - @ConditionalOnMissingBean (types: org.springframework.orm.jpa.support.OpenEntityManagerInViewInterceptor,org.springframework.orm.jpa.support.OpenEntityManagerInViewFilter; SearchStrategy: all) did not find any beans (OnBeanCondition)

   JpaBaseConfiguration.PersistenceManagedTypesConfiguration matched:
      - @ConditionalOnMissingBean (types: org.springframework.orm.jpa.LocalContainerEntityManagerFactoryBean,jakarta.persistence.EntityManagerFactory; SearchStrategy: all) did not find any beans (OnBeanCondition)

   JpaBaseConfiguration.PersistenceManagedTypesConfiguration#persistenceManagedTypes matched:
      - @ConditionalOnMissingBean (types: org.springframework.orm.jpa.persistenceunit.PersistenceManagedTypes; SearchStrategy: all) did not find any beans (OnBeanCondition)

   JpaRepositoriesAutoConfiguration matched:
      - @ConditionalOnClass found required class 'org.springframework.data.jpa.repository.JpaRepository' (OnClassCondition)
      - @ConditionalOnProperty (spring.data.jpa.repositories.enabled=true) matched (OnPropertyCondition)
      - @ConditionalOnBean (types: javax.sql.DataSource; SearchStrategy: all) found bean 'dataSource'; @ConditionalOnMissingBean (types: org.springframework.data.jpa.repository.support.JpaRepositoryFactoryBean,org.springframework.data.jpa.repository.config.JpaRepositoryConfigExtension; SearchStrategy: all) did not find any beans (OnBeanCondition)

   JtaAutoConfiguration matched:
      - @ConditionalOnClass found required class 'jakarta.transaction.Transaction' (OnClassCondition)
      - @ConditionalOnProperty (spring.jta.enabled) matched (OnPropertyCondition)

   LifecycleAutoConfiguration#defaultLifecycleProcessor matched:
      - @ConditionalOnMissingBean (names: lifecycleProcessor; SearchStrategy: current) did not find any beans (OnBeanCondition)

   MailSenderPropertiesConfiguration matched:
      - @ConditionalOnProperty (spring.mail.host) matched (OnPropertyCondition)

   MockMvcAutoConfiguration matched:
      - found 'session' scope (OnWebApplicationCondition)

   MockMvcConfiguration#mockMvc matched:
      - @ConditionalOnMissingBean (types: org.springframework.test.web.servlet.MockMvc; SearchStrategy: all) did not find any beans (OnBeanCondition)

   MockMvcConfiguration#mockMvcBuilder matched:
      - @ConditionalOnMissingBean (types: org.springframework.test.web.servlet.MockMvcBuilder; SearchStrategy: all) did not find any beans (OnBeanCondition)

   MockMvcSecurityConfiguration matched:
      - @ConditionalOnClass found required class 'org.springframework.security.test.web.servlet.request.SecurityMockMvcRequestPostProcessors' (OnClassCondition)

   MockMvcSecurityConfiguration#securityMockMvcBuilderCustomizer matched:
      - @ConditionalOnBean (names: springSecurityFilterChain; SearchStrategy: all) found bean 'springSecurityFilterChain' (OnBeanCondition)

   MockMvcTesterConfiguration matched:
      - @ConditionalOnClass found required class 'org.assertj.core.api.Assert' (OnClassCondition)

   MockMvcTesterConfiguration#mockMvcTester matched:
      - @ConditionalOnMissingBean (types: org.springframework.test.web.servlet.assertj.MockMvcTester; SearchStrategy: all) did not find any beans (OnBeanCondition)

   MultipartAutoConfiguration matched:
      - @ConditionalOnClass found required classes 'jakarta.servlet.Servlet', 'org.springframework.web.multipart.support.StandardServletMultipartResolver', 'jakarta.servlet.MultipartConfigElement' (OnClassCondition)
      - found 'session' scope (OnWebApplicationCondition)
      - @ConditionalOnProperty (spring.servlet.multipart.enabled) matched (OnPropertyCondition)

   MultipartAutoConfiguration#multipartConfigElement matched:
      - @ConditionalOnMissingBean (types: jakarta.servlet.MultipartConfigElement; SearchStrategy: all) did not find any beans (OnBeanCondition)

   MultipartAutoConfiguration#multipartResolver matched:
      - @ConditionalOnMissingBean (types: org.springframework.web.multipart.MultipartResolver; SearchStrategy: all) did not find any beans (OnBeanCondition)

   NamedParameterJdbcTemplateConfiguration matched:
      - @ConditionalOnSingleCandidate (types: org.springframework.jdbc.core.JdbcTemplate; SearchStrategy: all) found a single bean 'jdbcTemplate'; @ConditionalOnMissingBean (types: org.springframework.jdbc.core.namedparam.NamedParameterJdbcOperations; SearchStrategy: all) did not find any beans (OnBeanCondition)

   NettyAutoConfiguration matched:
      - @ConditionalOnClass found required class 'io.netty.util.NettyRuntime' (OnClassCondition)

   NoOpCacheConfiguration matched:
      - Cache org.springframework.boot.autoconfigure.cache.NoOpCacheConfiguration automatic cache type (CacheCondition)

   PersistenceExceptionTranslationAutoConfiguration matched:
      - @ConditionalOnClass found required class 'org.springframework.dao.annotation.PersistenceExceptionTranslationPostProcessor' (OnClassCondition)

   PersistenceExceptionTranslationAutoConfiguration#persistenceExceptionTranslationPostProcessor matched:
      - @ConditionalOnProperty (spring.dao.exceptiontranslation.enabled) matched (OnPropertyCondition)
      - @ConditionalOnMissingBean (types: org.springframework.dao.annotation.PersistenceExceptionTranslationPostProcessor; SearchStrategy: all) did not find any beans (OnBeanCondition)

   PropertyPlaceholderAutoConfiguration#propertySourcesPlaceholderConfigurer matched:
      - @ConditionalOnMissingBean (types: org.springframework.context.support.PropertySourcesPlaceholderConfigurer; SearchStrategy: current) did not find any beans (OnBeanCondition)

   RestClientAutoConfiguration matched:
      - @ConditionalOnClass found required class 'org.springframework.web.client.RestClient' (OnClassCondition)
      - NoneNestedConditions 0 matched 1 did not; NestedCondition on NotReactiveWebApplicationCondition.ReactiveWebApplication did not find reactive web application classes (NotReactiveWebApplicationCondition)

   RestClientAutoConfiguration#httpMessageConvertersRestClientCustomizer matched:
      - @ConditionalOnMissingBean (types: org.springframework.boot.autoconfigure.web.client.HttpMessageConvertersRestClientCustomizer; SearchStrategy: all) did not find any beans (OnBeanCondition)

   RestClientAutoConfiguration#restClientBuilder matched:
      - @ConditionalOnMissingBean (types: org.springframework.web.client.RestClient$Builder; SearchStrategy: all) did not find any beans (OnBeanCondition)

   RestClientAutoConfiguration#restClientBuilderConfigurer matched:
      - @ConditionalOnMissingBean (types: org.springframework.boot.autoconfigure.web.client.RestClientBuilderConfigurer; SearchStrategy: all) did not find any beans (OnBeanCondition)

   RestClientAutoConfiguration#restClientSsl matched:
      - @ConditionalOnBean (types: org.springframework.boot.ssl.SslBundles; SearchStrategy: all) found bean 'sslBundleRegistry'; @ConditionalOnMissingBean (types: org.springframework.boot.autoconfigure.web.client.RestClientSsl; SearchStrategy: all) did not find any beans (OnBeanCondition)

   RestTemplateAutoConfiguration matched:
      - @ConditionalOnClass found required class 'org.springframework.web.client.RestTemplate' (OnClassCondition)
      - NoneNestedConditions 0 matched 1 did not; NestedCondition on NotReactiveWebApplicationCondition.ReactiveWebApplication did not find reactive web application classes (NotReactiveWebApplicationCondition)

   RestTemplateAutoConfiguration#restTemplateBuilder matched:
      - @ConditionalOnMissingBean (types: org.springframework.boot.web.client.RestTemplateBuilder; SearchStrategy: all) did not find any beans (OnBeanCondition)

   SecurityAutoConfiguration matched:
      - @ConditionalOnClass found required class 'org.springframework.security.authentication.DefaultAuthenticationEventPublisher' (OnClassCondition)

   SecurityAutoConfiguration#authenticationEventPublisher matched:
      - @ConditionalOnMissingBean (types: org.springframework.security.authentication.AuthenticationEventPublisher; SearchStrategy: all) did not find any beans (OnBeanCondition)

   SecurityFilterAutoConfiguration matched:
      - @ConditionalOnClass found required classes 'org.springframework.security.web.context.AbstractSecurityWebApplicationInitializer', 'org.springframework.security.config.http.SessionCreationPolicy' (OnClassCondition)
      - found 'session' scope (OnWebApplicationCondition)

   SecurityFilterAutoConfiguration#securityFilterChainRegistration matched:
      - @ConditionalOnBean (names: springSecurityFilterChain; SearchStrategy: all) found bean 'springSecurityFilterChain' (OnBeanCondition)

   ServletWebServerFactoryAutoConfiguration matched:
      - @ConditionalOnClass found required class 'jakarta.servlet.ServletRequest' (OnClassCondition)
      - found 'session' scope (OnWebApplicationCondition)

   ServletWebServerFactoryAutoConfiguration#tomcatServletWebServerFactoryCustomizer matched:
      - @ConditionalOnClass found required class 'org.apache.catalina.startup.Tomcat' (OnClassCondition)

   ServletWebServerFactoryConfiguration.EmbeddedTomcat matched:
      - @ConditionalOnClass found required classes 'jakarta.servlet.Servlet', 'org.apache.catalina.startup.Tomcat', 'org.apache.coyote.UpgradeProtocol' (OnClassCondition)
      - @ConditionalOnMissingBean (types: org.springframework.boot.web.servlet.server.ServletWebServerFactory; SearchStrategy: current) did not find any beans (OnBeanCondition)

   SimpleCacheConfiguration matched:
      - Cache org.springframework.boot.autoconfigure.cache.SimpleCacheConfiguration automatic cache type (CacheCondition)

   SpringBootWebSecurityConfiguration matched:
      - found 'session' scope (OnWebApplicationCondition)

   SpringDataWebAutoConfiguration matched:
      - @ConditionalOnClass found required classes 'org.springframework.data.web.PageableHandlerMethodArgumentResolver', 'org.springframework.web.servlet.config.annotation.WebMvcConfigurer' (OnClassCondition)
      - found 'session' scope (OnWebApplicationCondition)
      - @ConditionalOnMissingBean (types: org.springframework.data.web.PageableHandlerMethodArgumentResolver; SearchStrategy: all) did not find any beans (OnBeanCondition)

   SpringDataWebAutoConfiguration#pageableCustomizer matched:
      - @ConditionalOnMissingBean (types: org.springframework.data.web.config.PageableHandlerMethodArgumentResolverCustomizer; SearchStrategy: all) did not find any beans (OnBeanCondition)

   SpringDataWebAutoConfiguration#sortCustomizer matched:
      - @ConditionalOnMissingBean (types: org.springframework.data.web.config.SortHandlerMethodArgumentResolverCustomizer; SearchStrategy: all) did not find any beans (OnBeanCondition)

   SpringDataWebAutoConfiguration#springDataWebSettings matched:
      - @ConditionalOnMissingBean (types: org.springframework.data.web.config.SpringDataWebSettings; SearchStrategy: all) did not find any beans (OnBeanCondition)

   SqlInitializationAutoConfiguration matched:
      - @ConditionalOnProperty (spring.sql.init.enabled) matched (OnPropertyCondition)
      - NoneNestedConditions 0 matched 1 did not; NestedCondition on SqlInitializationAutoConfiguration.SqlInitializationModeCondition.ModeIsNever @ConditionalOnProperty (spring.sql.init.mode=never) did not find property 'mode' (SqlInitializationAutoConfiguration.SqlInitializationModeCondition)

   SslAutoConfiguration#sslBundleRegistry matched:
      - @ConditionalOnMissingBean (types: org.springframework.boot.ssl.SslBundleRegistry,org.springframework.boot.ssl.SslBundles; SearchStrategy: all) did not find any beans (OnBeanCondition)

   TaskExecutionAutoConfiguration matched:
      - @ConditionalOnClass found required class 'org.springframework.scheduling.concurrent.ThreadPoolTaskExecutor' (OnClassCondition)

   TaskExecutorConfigurations.SimpleAsyncTaskExecutorBuilderConfiguration#simpleAsyncTaskExecutorBuilder matched:
      - @ConditionalOnMissingBean (types: org.springframework.boot.task.SimpleAsyncTaskExecutorBuilder; SearchStrategy: all) did not find any beans (OnBeanCondition)
      - @ConditionalOnThreading found PLATFORM (OnThreadingCondition)

   TaskExecutorConfigurations.ThreadPoolTaskExecutorBuilderConfiguration#threadPoolTaskExecutorBuilder matched:
      - @ConditionalOnMissingBean (types: org.springframework.boot.task.ThreadPoolTaskExecutorBuilder; SearchStrategy: all) did not find any beans (OnBeanCondition)

   TaskSchedulingAutoConfiguration matched:
      - @ConditionalOnClass found required class 'org.springframework.scheduling.concurrent.ThreadPoolTaskScheduler' (OnClassCondition)

   TaskSchedulingAutoConfiguration#scheduledBeanLazyInitializationExcludeFilter matched:
      - @ConditionalOnBean (names: org.springframework.context.annotation.internalScheduledAnnotationProcessor; SearchStrategy: all) found bean 'org.springframework.context.annotation.internalScheduledAnnotationProcessor' (OnBeanCondition)

   TaskSchedulingConfigurations.SimpleAsyncTaskSchedulerBuilderConfiguration#simpleAsyncTaskSchedulerBuilder matched:
      - @ConditionalOnMissingBean (types: org.springframework.boot.task.SimpleAsyncTaskSchedulerBuilder; SearchStrategy: all) did not find any beans (OnBeanCondition)
      - @ConditionalOnThreading found PLATFORM (OnThreadingCondition)

   TaskSchedulingConfigurations.ThreadPoolTaskSchedulerBuilderConfiguration#threadPoolTaskSchedulerBuilder matched:
      - @ConditionalOnMissingBean (types: org.springframework.boot.task.ThreadPoolTaskSchedulerBuilder; SearchStrategy: all) did not find any beans (OnBeanCondition)

   TemplateEngineConfigurations.DefaultTemplateEngineConfiguration#templateEngine matched:
      - @ConditionalOnMissingBean (types: org.thymeleaf.spring6.ISpringTemplateEngine; SearchStrategy: all) did not find any beans (OnBeanCondition)

   ThymeleafAutoConfiguration matched:
      - @ConditionalOnClass found required classes 'org.thymeleaf.templatemode.TemplateMode', 'org.thymeleaf.spring6.SpringTemplateEngine' (OnClassCondition)

   ThymeleafAutoConfiguration.DefaultTemplateResolverConfiguration matched:
      - @ConditionalOnMissingBean (names: defaultTemplateResolver; SearchStrategy: all) did not find any beans (OnBeanCondition)

   ThymeleafAutoConfiguration.ThymeleafWebMvcConfiguration matched:
      - found 'session' scope (OnWebApplicationCondition)
      - @ConditionalOnProperty (spring.thymeleaf.enabled) matched (OnPropertyCondition)

   ThymeleafAutoConfiguration.ThymeleafWebMvcConfiguration.ThymeleafViewResolverConfiguration#thymeleafViewResolver matched:
      - @ConditionalOnMissingBean (names: thymeleafViewResolver; SearchStrategy: all) did not find any beans (OnBeanCondition)

   TransactionAutoConfiguration matched:
      - @ConditionalOnClass found required class 'org.springframework.transaction.PlatformTransactionManager' (OnClassCondition)

   TransactionAutoConfiguration.EnableTransactionManagementConfiguration matched:
      - @ConditionalOnBean (types: org.springframework.transaction.TransactionManager; SearchStrategy: all) found bean 'transactionManager'; @ConditionalOnMissingBean (types: org.springframework.transaction.annotation.AbstractTransactionManagementConfiguration; SearchStrategy: all) did not find any beans (OnBeanCondition)

   TransactionAutoConfiguration.EnableTransactionManagementConfiguration.CglibAutoProxyConfiguration matched:
      - @ConditionalOnProperty (spring.aop.proxy-target-class=true) matched (OnPropertyCondition)

   TransactionAutoConfiguration.TransactionTemplateConfiguration matched:
      - @ConditionalOnSingleCandidate (types: org.springframework.transaction.PlatformTransactionManager; SearchStrategy: all) found a single bean 'transactionManager' (OnBeanCondition)

   TransactionAutoConfiguration.TransactionTemplateConfiguration#transactionTemplate matched:
      - @ConditionalOnMissingBean (types: org.springframework.transaction.support.TransactionOperations; SearchStrategy: all) did not find any beans (OnBeanCondition)

   TransactionManagerCustomizationAutoConfiguration matched:
      - @ConditionalOnClass found required class 'org.springframework.transaction.PlatformTransactionManager' (OnClassCondition)

   TransactionManagerCustomizationAutoConfiguration#platformTransactionManagerCustomizers matched:
      - @ConditionalOnMissingBean (types: org.springframework.boot.autoconfigure.transaction.TransactionManagerCustomizers; SearchStrategy: all) did not find any beans (OnBeanCondition)

   WebMvcAutoConfiguration matched:
      - @ConditionalOnClass found required classes 'jakarta.servlet.Servlet', 'org.springframework.web.servlet.DispatcherServlet', 'org.springframework.web.servlet.config.annotation.WebMvcConfigurer' (OnClassCondition)
      - found 'session' scope (OnWebApplicationCondition)
      - @ConditionalOnMissingBean (types: org.springframework.web.servlet.config.annotation.WebMvcConfigurationSupport; SearchStrategy: all) did not find any beans (OnBeanCondition)

   WebMvcAutoConfiguration#formContentFilter matched:
      - @ConditionalOnProperty (spring.mvc.formcontent.filter.enabled) matched (OnPropertyCondition)
      - @ConditionalOnMissingBean (types: org.springframework.web.filter.FormContentFilter; SearchStrategy: all) did not find any beans (OnBeanCondition)

   WebMvcAutoConfiguration.EnableWebMvcConfiguration#flashMapManager matched:
      - @ConditionalOnMissingBean (names: flashMapManager; SearchStrategy: all) did not find any beans (OnBeanCondition)

   WebMvcAutoConfiguration.EnableWebMvcConfiguration#localeResolver matched:
      - @ConditionalOnMissingBean (names: localeResolver; SearchStrategy: all) did not find any beans (OnBeanCondition)

   WebMvcAutoConfiguration.EnableWebMvcConfiguration#themeResolver matched:
      - @ConditionalOnMissingBean (names: themeResolver; SearchStrategy: all) did not find any beans (OnBeanCondition)

   WebMvcAutoConfiguration.EnableWebMvcConfiguration#viewNameTranslator matched:
      - @ConditionalOnMissingBean (names: viewNameTranslator; SearchStrategy: all) did not find any beans (OnBeanCondition)

   WebMvcAutoConfiguration.WebMvcAutoConfigurationAdapter#defaultViewResolver matched:
      - @ConditionalOnMissingBean (types: org.springframework.web.servlet.view.InternalResourceViewResolver; SearchStrategy: all) did not find any beans (OnBeanCondition)

   WebMvcAutoConfiguration.WebMvcAutoConfigurationAdapter#requestContextFilter matched:
      - @ConditionalOnMissingBean (types: org.springframework.web.context.request.RequestContextListener,org.springframework.web.filter.RequestContextFilter; SearchStrategy: all) did not find any beans (OnBeanCondition)

   WebMvcAutoConfiguration.WebMvcAutoConfigurationAdapter#viewResolver matched:
      - @ConditionalOnBean (types: org.springframework.web.servlet.ViewResolver; SearchStrategy: all) found beans 'defaultViewResolver', 'beanNameViewResolver', 'mvcViewResolver'; @ConditionalOnMissingBean (names: viewResolver types: org.springframework.web.servlet.view.ContentNegotiatingViewResolver; SearchStrategy: all) did not find any beans (OnBeanCondition)

   WebSocketMessagingAutoConfiguration matched:
      - @ConditionalOnClass found required class 'org.springframework.web.socket.config.annotation.WebSocketMessageBrokerConfigurer' (OnClassCondition)
      - found 'session' scope (OnWebApplicationCondition)

   WebSocketMessagingAutoConfiguration.WebSocketMessageConverterConfiguration matched:
      - @ConditionalOnClass found required classes 'com.fasterxml.jackson.databind.ObjectMapper', 'org.springframework.messaging.simp.config.AbstractMessageBrokerConfiguration' (OnClassCondition)
      - @ConditionalOnBean (types: org.springframework.web.socket.config.annotation.DelegatingWebSocketMessageBrokerConfiguration,com.fasterxml.jackson.databind.ObjectMapper; SearchStrategy: all) found beans 'jacksonObjectMapper', 'org.springframework.web.socket.config.annotation.DelegatingWebSocketMessageBrokerConfiguration' (OnBeanCondition)

   WebSocketServletAutoConfiguration matched:
      - @ConditionalOnClass found required classes 'jakarta.servlet.Servlet', 'jakarta.websocket.server.ServerContainer' (OnClassCondition)
      - found 'session' scope (OnWebApplicationCondition)

   WebSocketServletAutoConfiguration.TomcatWebSocketConfiguration matched:
      - @ConditionalOnClass found required classes 'org.apache.catalina.startup.Tomcat', 'org.apache.tomcat.websocket.server.WsSci' (OnClassCondition)

   WebSocketServletAutoConfiguration.TomcatWebSocketConfiguration#websocketServletWebServerCustomizer matched:
      - @ConditionalOnMissingBean (names: websocketServletWebServerCustomizer; SearchStrategy: all) did not find any beans (OnBeanCondition)


Negative matches:
-----------------

   ActiveMQAutoConfiguration:
      Did not match:
         - @ConditionalOnClass did not find required class 'jakarta.jms.ConnectionFactory' (OnClassCondition)

   AopAutoConfiguration.AspectJAutoProxyingConfiguration.JdkDynamicAutoProxyConfiguration:
      Did not match:
         - @ConditionalOnProperty (spring.aop.proxy-target-class=false) did not find property 'proxy-target-class' (OnPropertyCondition)

   AopAutoConfiguration.ClassProxyingConfiguration:
      Did not match:
         - @ConditionalOnMissingClass found unwanted class 'org.aspectj.weaver.Advice' (OnClassCondition)

   ArtemisAutoConfiguration:
      Did not match:
         - @ConditionalOnClass did not find required class 'jakarta.jms.ConnectionFactory' (OnClassCondition)

   BatchAutoConfiguration:
      Did not match:
         - @ConditionalOnClass did not find required class 'org.springframework.batch.core.launch.JobLauncher' (OnClassCondition)

   Cache2kCacheConfiguration:
      Did not match:
         - @ConditionalOnClass did not find required class 'org.cache2k.Cache2kBuilder' (OnClassCondition)

   CacheAutoConfiguration:
      Did not match:
         - @ConditionalOnBean (types: org.springframework.cache.interceptor.CacheAspectSupport; SearchStrategy: all) did not find any beans of type org.springframework.cache.interceptor.CacheAspectSupport (OnBeanCondition)
      Matched:
         - @ConditionalOnClass found required class 'org.springframework.cache.CacheManager' (OnClassCondition)

   CacheAutoConfiguration.CacheManagerEntityManagerFactoryDependsOnPostProcessor:
      Did not match:
         - Ancestor org.springframework.boot.autoconfigure.cache.CacheAutoConfiguration did not match (ConditionEvaluationReport.AncestorsMatchedCondition)
      Matched:
         - @ConditionalOnClass found required class 'org.springframework.orm.jpa.LocalContainerEntityManagerFactoryBean' (OnClassCondition)

   CaffeineCacheConfiguration:
      Did not match:
         - @ConditionalOnClass did not find required class 'com.github.benmanes.caffeine.cache.Caffeine' (OnClassCondition)

   CassandraAutoConfiguration:
      Did not match:
         - @ConditionalOnClass did not find required class 'com.datastax.oss.driver.api.core.CqlSession' (OnClassCondition)

   CassandraDataAutoConfiguration:
      Did not match:
         - @ConditionalOnClass did not find required class 'com.datastax.oss.driver.api.core.CqlSession' (OnClassCondition)

   CassandraReactiveDataAutoConfiguration:
      Did not match:
         - @ConditionalOnClass did not find required class 'com.datastax.oss.driver.api.core.CqlSession' (OnClassCondition)

   CassandraReactiveRepositoriesAutoConfiguration:
      Did not match:
         - @ConditionalOnClass did not find required class 'org.springframework.data.cassandra.ReactiveSession' (OnClassCondition)

   CassandraRepositoriesAutoConfiguration:
      Did not match:
         - @ConditionalOnClass did not find required class 'com.datastax.oss.driver.api.core.CqlSession' (OnClassCondition)

   ClientHttpConnectorAutoConfiguration:
      Did not match:
         - @ConditionalOnClass did not find required class 'org.springframework.web.reactive.function.client.WebClient' (OnClassCondition)

   CodecsAutoConfiguration:
      Did not match:
         - @ConditionalOnClass did not find required class 'org.springframework.web.reactive.function.client.WebClient' (OnClassCondition)

   CouchbaseAutoConfiguration:
      Did not match:
         - @ConditionalOnClass did not find required class 'com.couchbase.client.java.Cluster' (OnClassCondition)

   CouchbaseCacheConfiguration:
      Did not match:
         - @ConditionalOnClass did not find required class 'com.couchbase.client.java.Cluster' (OnClassCondition)

   CouchbaseDataAutoConfiguration:
      Did not match:
         - @ConditionalOnClass did not find required class 'com.couchbase.client.java.Bucket' (OnClassCondition)

   CouchbaseReactiveDataAutoConfiguration:
      Did not match:
         - @ConditionalOnClass did not find required class 'com.couchbase.client.java.Cluster' (OnClassCondition)

   CouchbaseReactiveRepositoriesAutoConfiguration:
      Did not match:
         - @ConditionalOnClass did not find required class 'com.couchbase.client.java.Cluster' (OnClassCondition)

   CouchbaseRepositoriesAutoConfiguration:
      Did not match:
         - @ConditionalOnClass did not find required class 'com.couchbase.client.java.Bucket' (OnClassCondition)

   DataSourceAutoConfiguration.EmbeddedDatabaseConfiguration:
      Did not match:
         - EmbeddedDataSource spring.datasource.url is set (DataSourceAutoConfiguration.EmbeddedDatabaseCondition)

   DataSourceCheckpointRestoreConfiguration:
      Did not match:
         - @ConditionalOnClass did not find required class 'org.crac.Resource' (OnClassCondition)

   DataSourceConfiguration.Dbcp2:
      Did not match:
         - @ConditionalOnClass did not find required class 'org.apache.commons.dbcp2.BasicDataSource' (OnClassCondition)

   DataSourceConfiguration.Generic:
      Did not match:
         - @ConditionalOnProperty (spring.datasource.type) did not find property 'spring.datasource.type' (OnPropertyCondition)

   DataSourceConfiguration.OracleUcp:
      Did not match:
         - @ConditionalOnClass did not find required classes 'oracle.ucp.jdbc.PoolDataSourceImpl', 'oracle.jdbc.OracleConnection' (OnClassCondition)

   DataSourceConfiguration.Tomcat:
      Did not match:
         - @ConditionalOnClass did not find required class 'org.apache.tomcat.jdbc.pool.DataSource' (OnClassCondition)

   DataSourceJmxConfiguration:
      Did not match:
         - @ConditionalOnProperty (spring.jmx.enabled=true) found different value in property 'enabled' (OnPropertyCondition)

   DataSourcePoolMetadataProvidersConfiguration.CommonsDbcp2PoolDataSourceMetadataProviderConfiguration:
      Did not match:
         - @ConditionalOnClass did not find required class 'org.apache.commons.dbcp2.BasicDataSource' (OnClassCondition)

   DataSourcePoolMetadataProvidersConfiguration.OracleUcpPoolDataSourceMetadataProviderConfiguration:
      Did not match:
         - @ConditionalOnClass did not find required classes 'oracle.ucp.jdbc.PoolDataSource', 'oracle.jdbc.OracleConnection' (OnClassCondition)

   DataSourcePoolMetadataProvidersConfiguration.TomcatDataSourcePoolMetadataProviderConfiguration:
      Did not match:
         - @ConditionalOnClass did not find required class 'org.apache.tomcat.jdbc.pool.DataSource' (OnClassCondition)

   DataSourceTransactionManagerAutoConfiguration.JdbcTransactionManagerConfiguration#transactionManager:
      Did not match:
         - @ConditionalOnMissingBean (types: org.springframework.transaction.TransactionManager; SearchStrategy: all) found beans of type 'org.springframework.transaction.TransactionManager' transactionManager (OnBeanCondition)

   DispatcherServletAutoConfiguration.DispatcherServletConfiguration#multipartResolver:
      Did not match:
         - @ConditionalOnBean (types: org.springframework.web.multipart.MultipartResolver; SearchStrategy: all) did not find any beans of type org.springframework.web.multipart.MultipartResolver (OnBeanCondition)

   ElasticsearchClientAutoConfiguration:
      Did not match:
         - @ConditionalOnClass did not find required class 'co.elastic.clients.elasticsearch.ElasticsearchClient' (OnClassCondition)

   ElasticsearchDataAutoConfiguration:
      Did not match:
         - @ConditionalOnClass did not find required class 'org.springframework.data.elasticsearch.client.elc.ElasticsearchTemplate' (OnClassCondition)

   ElasticsearchRepositoriesAutoConfiguration:
      Did not match:
         - @ConditionalOnClass did not find required class 'org.springframework.data.elasticsearch.repository.ElasticsearchRepository' (OnClassCondition)

   ElasticsearchRestClientAutoConfiguration:
      Did not match:
         - @ConditionalOnClass did not find required class 'org.elasticsearch.client.RestClientBuilder' (OnClassCondition)

   EmbeddedLdapAutoConfiguration:
      Did not match:
         - @ConditionalOnClass did not find required class 'com.unboundid.ldap.listener.InMemoryDirectoryServer' (OnClassCondition)

   EmbeddedWebServerFactoryCustomizerAutoConfiguration:
      Did not match:
         - Application is deployed as a WAR file. (OnWarDeploymentCondition)
      Matched:
         - @ConditionalOnWebApplication (required) found 'session' scope (OnWebApplicationCondition)

   ErrorWebFluxAutoConfiguration:
      Did not match:
         - @ConditionalOnClass did not find required class 'org.springframework.web.reactive.config.WebFluxConfigurer' (OnClassCondition)

   FlywayAutoConfiguration:
      Did not match:
         - @ConditionalOnClass did not find required class 'org.flywaydb.core.Flyway' (OnClassCondition)

   FreeMarkerAutoConfiguration:
      Did not match:
         - @ConditionalOnClass did not find required class 'freemarker.template.Configuration' (OnClassCondition)

   GraphQlAutoConfiguration:
      Did not match:
         - @ConditionalOnClass did not find required class 'graphql.GraphQL' (OnClassCondition)

   GraphQlQueryByExampleAutoConfiguration:
      Did not match:
         - @ConditionalOnClass did not find required class 'graphql.GraphQL' (OnClassCondition)

   GraphQlQuerydslAutoConfiguration:
      Did not match:
         - @ConditionalOnClass did not find required class 'com.querydsl.core.Query' (OnClassCondition)

   GraphQlRSocketAutoConfiguration:
      Did not match:
         - @ConditionalOnClass did not find required class 'graphql.GraphQL' (OnClassCondition)

   GraphQlReactiveQueryByExampleAutoConfiguration:
      Did not match:
         - @ConditionalOnClass did not find required class 'graphql.GraphQL' (OnClassCondition)

   GraphQlReactiveQuerydslAutoConfiguration:
      Did not match:
         - @ConditionalOnClass did not find required class 'com.querydsl.core.Query' (OnClassCondition)

   GraphQlWebFluxAutoConfiguration:
      Did not match:
         - @ConditionalOnClass did not find required class 'graphql.GraphQL' (OnClassCondition)

   GraphQlWebFluxSecurityAutoConfiguration:
      Did not match:
         - @ConditionalOnClass did not find required class 'graphql.GraphQL' (OnClassCondition)

   GraphQlWebMvcAutoConfiguration:
      Did not match:
         - @ConditionalOnClass did not find required class 'graphql.GraphQL' (OnClassCondition)

   GraphQlWebMvcSecurityAutoConfiguration:
      Did not match:
         - @ConditionalOnClass did not find required class 'graphql.GraphQL' (OnClassCondition)

   GroovyTemplateAutoConfiguration:
      Did not match:
         - @ConditionalOnClass did not find required class 'groovy.text.markup.MarkupTemplateEngine' (OnClassCondition)

   GsonHttpMessageConvertersConfiguration.GsonHttpMessageConverterConfiguration:
      Did not match:
         - AnyNestedCondition 0 matched 2 did not; NestedCondition on GsonHttpMessageConvertersConfiguration.PreferGsonOrJacksonAndJsonbUnavailableCondition.JacksonJsonbUnavailable NoneNestedConditions 1 matched 1 did not; NestedCondition on GsonHttpMessageConvertersConfiguration.JacksonAndJsonbUnavailableCondition.JsonbPreferred @ConditionalOnProperty (spring.mvc.converters.preferred-json-mapper=jsonb) did not find property 'spring.mvc.converters.preferred-json-mapper'; NestedCondition on GsonHttpMessageConvertersConfiguration.JacksonAndJsonbUnavailableCondition.JacksonAvailable @ConditionalOnBean (types: org.springframework.http.converter.json.MappingJackson2HttpMessageConverter; SearchStrategy: all) found bean 'mappingJackson2HttpMessageConverter'; NestedCondition on GsonHttpMessageConvertersConfiguration.PreferGsonOrJacksonAndJsonbUnavailableCondition.GsonPreferred @ConditionalOnProperty (spring.mvc.converters.preferred-json-mapper=gson) did not find property 'spring.mvc.converters.preferred-json-mapper' (GsonHttpMessageConvertersConfiguration.PreferGsonOrJacksonAndJsonbUnavailableCondition)

   H2ConsoleAutoConfiguration:
      Did not match:
         - @ConditionalOnProperty (spring.h2.console.enabled=true) did not find property 'enabled' (OnPropertyCondition)
      Matched:
         - @ConditionalOnClass found required class 'org.h2.server.web.JakartaWebServlet' (OnClassCondition)
         - found 'session' scope (OnWebApplicationCondition)

   HazelcastAutoConfiguration:
      Did not match:
         - @ConditionalOnClass did not find required class 'com.hazelcast.core.HazelcastInstance' (OnClassCondition)

   HazelcastCacheConfiguration:
      Did not match:
         - @ConditionalOnClass did not find required class 'com.hazelcast.core.HazelcastInstance' (OnClassCondition)

   HazelcastJpaDependencyAutoConfiguration:
      Did not match:
         - @ConditionalOnClass did not find required class 'com.hazelcast.core.HazelcastInstance' (OnClassCondition)

   HttpHandlerAutoConfiguration:
      Did not match:
         - @ConditionalOnClass did not find required class 'org.springframework.web.reactive.DispatcherHandler' (OnClassCondition)

   HypermediaAutoConfiguration:
      Did not match:
         - @ConditionalOnClass did not find required class 'org.springframework.hateoas.EntityModel' (OnClassCondition)

   InfinispanCacheConfiguration:
      Did not match:
         - @ConditionalOnClass did not find required class 'org.infinispan.spring.embedded.provider.SpringEmbeddedCacheManager' (OnClassCondition)

   IntegrationAutoConfiguration:
      Did not match:
         - @ConditionalOnClass did not find required class 'org.springframework.integration.config.EnableIntegration' (OnClassCondition)

   JCacheCacheConfiguration:
      Did not match:
         - @ConditionalOnClass did not find required class 'javax.cache.Caching' (OnClassCondition)

   JacksonHttpMessageConvertersConfiguration.MappingJackson2XmlHttpMessageConverterConfiguration:
      Did not match:
         - @ConditionalOnClass did not find required class 'com.fasterxml.jackson.dataformat.xml.XmlMapper' (OnClassCondition)

   JdbcRepositoriesAutoConfiguration:
      Did not match:
         - @ConditionalOnClass did not find required class 'org.springframework.data.jdbc.repository.config.AbstractJdbcConfiguration' (OnClassCondition)

   JerseyAutoConfiguration:
      Did not match:
         - @ConditionalOnClass did not find required class 'org.glassfish.jersey.server.spring.SpringComponentProvider' (OnClassCondition)

   JmsAutoConfiguration:
      Did not match:
         - @ConditionalOnClass did not find required class 'jakarta.jms.Message' (OnClassCondition)

   JmxAutoConfiguration:
      Did not match:
         - @ConditionalOnProperty (spring.jmx.enabled=true) found different value in property 'enabled' (OnPropertyCondition)
      Matched:
         - @ConditionalOnClass found required class 'org.springframework.jmx.export.MBeanExporter' (OnClassCondition)

   JndiConnectionFactoryAutoConfiguration:
      Did not match:
         - @ConditionalOnClass did not find required class 'org.springframework.jms.core.JmsTemplate' (OnClassCondition)

   JndiDataSourceAutoConfiguration:
      Did not match:
         - @ConditionalOnProperty (spring.datasource.jndi-name) did not find property 'jndi-name' (OnPropertyCondition)
      Matched:
         - @ConditionalOnClass found required classes 'javax.sql.DataSource', 'org.springframework.jdbc.datasource.embedded.EmbeddedDatabaseType' (OnClassCondition)

   JndiJtaConfiguration:
      Did not match:
         - @ConditionalOnJndi JNDI environment is not available (OnJndiCondition)
      Matched:
         - @ConditionalOnClass found required class 'org.springframework.transaction.jta.JtaTransactionManager' (OnClassCondition)

   JooqAutoConfiguration:
      Did not match:
         - @ConditionalOnClass did not find required class 'org.jooq.DSLContext' (OnClassCondition)

   JpaRepositoriesAutoConfiguration#entityManagerFactoryBootstrapExecutorCustomizer:
      Did not match:
         - AnyNestedCondition 0 matched 2 did not; NestedCondition on JpaRepositoriesAutoConfiguration.BootstrapExecutorCondition.LazyBootstrapMode @ConditionalOnProperty (spring.data.jpa.repositories.bootstrap-mode=lazy) did not find property 'bootstrap-mode'; NestedCondition on JpaRepositoriesAutoConfiguration.BootstrapExecutorCondition.DeferredBootstrapMode @ConditionalOnProperty (spring.data.jpa.repositories.bootstrap-mode=deferred) did not find property 'bootstrap-mode' (JpaRepositoriesAutoConfiguration.BootstrapExecutorCondition)

   JsonbAutoConfiguration:
      Did not match:
         - @ConditionalOnClass did not find required class 'jakarta.json.bind.Jsonb' (OnClassCondition)

   JsonbHttpMessageConvertersConfiguration:
      Did not match:
         - @ConditionalOnClass did not find required class 'jakarta.json.bind.Jsonb' (OnClassCondition)

   KafkaAutoConfiguration:
      Did not match:
         - @ConditionalOnClass did not find required class 'org.springframework.kafka.core.KafkaTemplate' (OnClassCondition)

   LdapAutoConfiguration:
      Did not match:
         - @ConditionalOnClass did not find required class 'org.springframework.ldap.core.ContextSource' (OnClassCondition)

   LdapRepositoriesAutoConfiguration:
      Did not match:
         - @ConditionalOnClass did not find required class 'org.springframework.data.ldap.repository.LdapRepository' (OnClassCondition)

   LiquibaseAutoConfiguration:
      Did not match:
         - @ConditionalOnClass did not find required class 'liquibase.change.DatabaseChange' (OnClassCondition)

   MailSenderAutoConfiguration:
      Did not match:
         - @ConditionalOnMissingBean (types: org.springframework.mail.MailSender; SearchStrategy: all) found beans of type 'org.springframework.mail.MailSender' javaMailSender (OnBeanCondition)
      Matched:
         - @ConditionalOnClass found required classes 'jakarta.mail.internet.MimeMessage', 'jakarta.activation.MimeType', 'org.springframework.mail.MailSender' (OnClassCondition)
         - AnyNestedCondition 1 matched 1 did not; NestedCondition on MailSenderAutoConfiguration.MailSenderCondition.JndiNameProperty @ConditionalOnProperty (spring.mail.jndi-name) did not find property 'jndi-name'; NestedCondition on MailSenderAutoConfiguration.MailSenderCondition.HostProperty @ConditionalOnProperty (spring.mail.host) matched (MailSenderAutoConfiguration.MailSenderCondition)

   MailSenderJndiConfiguration:
      Did not match:
         - @ConditionalOnProperty (spring.mail.jndi-name) did not find property 'jndi-name' (OnPropertyCondition)
      Matched:
         - @ConditionalOnClass found required class 'jakarta.mail.Session' (OnClassCondition)

   MailSenderValidatorAutoConfiguration:
      Did not match:
         - @ConditionalOnProperty (spring.mail.test-connection) did not find property 'test-connection' (OnPropertyCondition)

   MessageSourceAutoConfiguration:
      Did not match:
         - ResourceBundle did not find bundle with basename messages (MessageSourceAutoConfiguration.ResourceBundleCondition)

   MockMvcAutoConfiguration#dispatcherServlet:
      Did not match:
         - @ConditionalOnMissingBean (types: org.springframework.web.servlet.DispatcherServlet; SearchStrategy: all) found beans of type 'org.springframework.web.servlet.DispatcherServlet' dispatcherServlet (OnBeanCondition)

   MockMvcAutoConfiguration#dispatcherServletPath:
      Did not match:
         - @ConditionalOnMissingBean (types: org.springframework.boot.autoconfigure.web.servlet.DispatcherServletPath; SearchStrategy: all) found beans of type 'org.springframework.boot.autoconfigure.web.servlet.DispatcherServletPath' dispatcherServletRegistration (OnBeanCondition)

   MockMvcAutoConfiguration.WebTestClientMockMvcConfiguration:
      Did not match:
         - @ConditionalOnClass did not find required class 'org.springframework.web.reactive.function.client.WebClient' (OnClassCondition)

   MockMvcWebClientAutoConfiguration:
      Did not match:
         - @ConditionalOnClass did not find required class 'org.htmlunit.WebClient' (OnClassCondition)

   MockMvcWebDriverAutoConfiguration:
      Did not match:
         - @ConditionalOnClass did not find required class 'org.openqa.selenium.htmlunit.HtmlUnitDriver' (OnClassCondition)

   MongoAutoConfiguration:
      Did not match:
         - @ConditionalOnClass did not find required class 'com.mongodb.client.MongoClient' (OnClassCondition)

   MongoDataAutoConfiguration:
      Did not match:
         - @ConditionalOnClass did not find required class 'com.mongodb.client.MongoClient' (OnClassCondition)

   MongoReactiveAutoConfiguration:
      Did not match:
         - @ConditionalOnClass did not find required class 'com.mongodb.reactivestreams.client.MongoClient' (OnClassCondition)

   MongoReactiveDataAutoConfiguration:
      Did not match:
         - @ConditionalOnClass did not find required class 'com.mongodb.reactivestreams.client.MongoClient' (OnClassCondition)

   MongoReactiveRepositoriesAutoConfiguration:
      Did not match:
         - @ConditionalOnClass did not find required class 'com.mongodb.reactivestreams.client.MongoClient' (OnClassCondition)

   MongoRepositoriesAutoConfiguration:
      Did not match:
         - @ConditionalOnClass did not find required class 'com.mongodb.client.MongoClient' (OnClassCondition)

   MustacheAutoConfiguration:
      Did not match:
         - @ConditionalOnClass did not find required class 'com.samskivert.mustache.Mustache' (OnClassCondition)

   Neo4jAutoConfiguration:
      Did not match:
         - @ConditionalOnClass did not find required class 'org.neo4j.driver.Driver' (OnClassCondition)

   Neo4jDataAutoConfiguration:
      Did not match:
         - @ConditionalOnClass did not find required class 'org.neo4j.driver.Driver' (OnClassCondition)

   Neo4jReactiveDataAutoConfiguration:
      Did not match:
         - @ConditionalOnClass did not find required class 'org.neo4j.driver.Driver' (OnClassCondition)

   Neo4jReactiveRepositoriesAutoConfiguration:
      Did not match:
         - @ConditionalOnClass did not find required class 'org.neo4j.driver.Driver' (OnClassCondition)

   Neo4jRepositoriesAutoConfiguration:
      Did not match:
         - @ConditionalOnClass did not find required class 'org.neo4j.driver.Driver' (OnClassCondition)

   OAuth2AuthorizationServerAutoConfiguration:
      Did not match:
         - @ConditionalOnClass did not find required class 'org.springframework.security.oauth2.server.authorization.OAuth2Authorization' (OnClassCondition)

   OAuth2AuthorizationServerJwtAutoConfiguration:
      Did not match:
         - @ConditionalOnClass did not find required class 'org.springframework.security.oauth2.server.authorization.OAuth2Authorization' (OnClassCondition)

   OAuth2ClientAutoConfiguration:
      Did not match:
         - @ConditionalOnClass did not find required class 'org.springframework.security.oauth2.client.registration.ClientRegistration' (OnClassCondition)

   OAuth2ResourceServerAutoConfiguration:
      Did not match:
         - @ConditionalOnClass did not find required class 'org.springframework.security.oauth2.server.resource.authentication.BearerTokenAuthenticationToken' (OnClassCondition)

   ProjectInfoAutoConfiguration#buildProperties:
      Did not match:
         - @ConditionalOnResource did not find resource '${spring.info.build.location:classpath:META-INF/build-info.properties}' (OnResourceCondition)

   ProjectInfoAutoConfiguration#gitProperties:
      Did not match:
         - GitResource did not find git info at classpath:git.properties (ProjectInfoAutoConfiguration.GitResourceAvailableCondition)

   PulsarAutoConfiguration:
      Did not match:
         - @ConditionalOnClass did not find required class 'org.apache.pulsar.client.api.PulsarClient' (OnClassCondition)

   PulsarReactiveAutoConfiguration:
      Did not match:
         - @ConditionalOnClass did not find required class 'org.apache.pulsar.client.api.PulsarClient' (OnClassCondition)

   QuartzAutoConfiguration:
      Did not match:
         - @ConditionalOnClass did not find required class 'org.quartz.Scheduler' (OnClassCondition)

   R2dbcAutoConfiguration:
      Did not match:
         - @ConditionalOnClass did not find required class 'io.r2dbc.spi.ConnectionFactory' (OnClassCondition)

   R2dbcDataAutoConfiguration:
      Did not match:
         - @ConditionalOnClass did not find required class 'org.springframework.data.r2dbc.core.R2dbcEntityTemplate' (OnClassCondition)

   R2dbcInitializationConfiguration:
      Did not match:
         - @ConditionalOnClass did not find required classes 'io.r2dbc.spi.ConnectionFactory', 'org.springframework.r2dbc.connection.init.DatabasePopulator' (OnClassCondition)

   R2dbcProxyAutoConfiguration:
      Did not match:
         - @ConditionalOnClass did not find required class 'io.r2dbc.proxy.ProxyConnectionFactory' (OnClassCondition)

   R2dbcRepositoriesAutoConfiguration:
      Did not match:
         - @ConditionalOnClass did not find required class 'io.r2dbc.spi.ConnectionFactory' (OnClassCondition)

   R2dbcTransactionManagerAutoConfiguration:
      Did not match:
         - @ConditionalOnClass did not find required class 'org.springframework.r2dbc.connection.R2dbcTransactionManager' (OnClassCondition)

   RSocketGraphQlClientAutoConfiguration:
      Did not match:
         - @ConditionalOnClass did not find required class 'graphql.GraphQL' (OnClassCondition)

   RSocketMessagingAutoConfiguration:
      Did not match:
         - @ConditionalOnClass did not find required class 'io.rsocket.RSocket' (OnClassCondition)

   RSocketRequesterAutoConfiguration:
      Did not match:
         - @ConditionalOnClass did not find required class 'io.rsocket.RSocket' (OnClassCondition)

   RSocketSecurityAutoConfiguration:
      Did not match:
         - @ConditionalOnClass did not find required class 'org.springframework.security.rsocket.core.SecuritySocketAcceptorInterceptor' (OnClassCondition)

   RSocketServerAutoConfiguration:
      Did not match:
         - @ConditionalOnClass did not find required class 'io.rsocket.core.RSocketServer' (OnClassCondition)

   RSocketStrategiesAutoConfiguration:
      Did not match:
         - @ConditionalOnClass did not find required class 'io.rsocket.RSocket' (OnClassCondition)

   RabbitAutoConfiguration:
      Did not match:
         - @ConditionalOnClass did not find required class 'com.rabbitmq.client.Channel' (OnClassCondition)

   ReactiveElasticsearchClientAutoConfiguration:
      Did not match:
         - @ConditionalOnClass did not find required class 'co.elastic.clients.transport.ElasticsearchTransport' (OnClassCondition)

   ReactiveElasticsearchRepositoriesAutoConfiguration:
      Did not match:
         - @ConditionalOnClass did not find required class 'reactor.core.publisher.Mono' (OnClassCondition)

   ReactiveMultipartAutoConfiguration:
      Did not match:
         - @ConditionalOnClass did not find required class 'org.springframework.web.reactive.config.WebFluxConfigurer' (OnClassCondition)

   ReactiveOAuth2ClientAutoConfiguration:
      Did not match:
         - @ConditionalOnClass did not find required class 'reactor.core.publisher.Flux' (OnClassCondition)

   ReactiveOAuth2ResourceServerAutoConfiguration:
      Did not match:
         - @ConditionalOnWebApplication did not find reactive web application classes (OnWebApplicationCondition)

   ReactiveSecurityAutoConfiguration:
      Did not match:
         - @ConditionalOnClass did not find required class 'reactor.core.publisher.Flux' (OnClassCondition)

   ReactiveUserDetailsServiceAutoConfiguration:
      Did not match:
         - AnyNestedCondition 0 matched 2 did not; NestedCondition on ReactiveUserDetailsServiceAutoConfiguration.RSocketEnabledOrReactiveWebApplication.ReactiveWebApplicationCondition did not find reactive web application classes; NestedCondition on ReactiveUserDetailsServiceAutoConfiguration.RSocketEnabledOrReactiveWebApplication.RSocketSecurityEnabledCondition @ConditionalOnBean (types: org.springframework.messaging.rsocket.annotation.support.RSocketMessageHandler; SearchStrategy: all) did not find any beans of type org.springframework.messaging.rsocket.annotation.support.RSocketMessageHandler (ReactiveUserDetailsServiceAutoConfiguration.RSocketEnabledOrReactiveWebApplication)
      Matched:
         - @ConditionalOnClass found required class 'org.springframework.security.authentication.ReactiveAuthenticationManager' (OnClassCondition)
         - AnyNestedCondition 1 matched 2 did not; NestedCondition on ReactiveUserDetailsServiceAutoConfiguration.MissingAlternativeOrUserPropertiesConfigured.PasswordConfigured @ConditionalOnProperty (spring.security.user.password) did not find property 'password'; NestedCondition on ReactiveUserDetailsServiceAutoConfiguration.MissingAlternativeOrUserPropertiesConfigured.NameConfigured @ConditionalOnProperty (spring.security.user.name) did not find property 'name'; NestedCondition on ReactiveUserDetailsServiceAutoConfiguration.MissingAlternativeOrUserPropertiesConfigured.MissingAlternative @ConditionalOnMissingClass did not find unwanted classes 'org.springframework.security.oauth2.client.registration.ClientRegistrationRepository', 'org.springframework.security.oauth2.server.resource.introspection.ReactiveOpaqueTokenIntrospector' (ReactiveUserDetailsServiceAutoConfiguration.MissingAlternativeOrUserPropertiesConfigured)

   ReactiveWebServerFactoryAutoConfiguration:
      Did not match:
         - @ConditionalOnWebApplication did not find reactive web application classes (OnWebApplicationCondition)

   ReactorAutoConfiguration:
      Did not match:
         - @ConditionalOnClass did not find required class 'reactor.core.publisher.Hooks' (OnClassCondition)

   RedisAutoConfiguration:
      Did not match:
         - @ConditionalOnClass did not find required class 'org.springframework.data.redis.core.RedisOperations' (OnClassCondition)

   RedisCacheConfiguration:
      Did not match:
         - @ConditionalOnClass did not find required class 'org.springframework.data.redis.connection.RedisConnectionFactory' (OnClassCondition)

   RedisReactiveAutoConfiguration:
      Did not match:
         - @ConditionalOnClass did not find required class 'reactor.core.publisher.Flux' (OnClassCondition)

   RedisRepositoriesAutoConfiguration:
      Did not match:
         - @ConditionalOnClass did not find required class 'org.springframework.data.redis.repository.configuration.EnableRedisRepositories' (OnClassCondition)

   RepositoryRestMvcAutoConfiguration:
      Did not match:
         - @ConditionalOnClass did not find required class 'org.springframework.data.rest.webmvc.config.RepositoryRestMvcConfiguration' (OnClassCondition)

   Saml2RelyingPartyAutoConfiguration:
      Did not match:
         - @ConditionalOnClass did not find required class 'org.springframework.security.saml2.provider.service.registration.RelyingPartyRegistrationRepository' (OnClassCondition)

   SecurityDataConfiguration:
      Did not match:
         - @ConditionalOnClass did not find required class 'org.springframework.security.data.repository.query.SecurityEvaluationContextExtension' (OnClassCondition)

   SendGridAutoConfiguration:
      Did not match:
         - @ConditionalOnClass did not find required class 'com.sendgrid.SendGrid' (OnClassCondition)

   ServletWebServerFactoryAutoConfiguration.ForwardedHeaderFilterConfiguration:
      Did not match:
         - @ConditionalOnProperty (server.forward-headers-strategy=framework) did not find property 'server.forward-headers-strategy' (OnPropertyCondition)

   ServletWebServerFactoryConfiguration.EmbeddedJetty:
      Did not match:
         - @ConditionalOnClass did not find required classes 'org.eclipse.jetty.server.Server', 'org.eclipse.jetty.util.Loader', 'org.eclipse.jetty.ee10.webapp.WebAppContext' (OnClassCondition)

   ServletWebServerFactoryConfiguration.EmbeddedUndertow:
      Did not match:
         - @ConditionalOnClass did not find required classes 'io.undertow.Undertow', 'org.xnio.SslClientAuthMode' (OnClassCondition)

   SessionAutoConfiguration:
      Did not match:
         - @ConditionalOnClass did not find required class 'org.springframework.session.Session' (OnClassCondition)

   SpringApplicationAdminJmxAutoConfiguration:
      Did not match:
         - @ConditionalOnProperty (spring.application.admin.enabled=true) did not find property 'enabled' (OnPropertyCondition)

   SpringBootWebSecurityConfiguration.SecurityFilterChainConfiguration:
      Did not match:
         - AllNestedConditions 1 matched 1 did not; NestedCondition on DefaultWebSecurityCondition.Beans @ConditionalOnMissingBean (types: org.springframework.security.web.SecurityFilterChain; SearchStrategy: all) found beans of type 'org.springframework.security.web.SecurityFilterChain' securityFilterChain; NestedCondition on DefaultWebSecurityCondition.Classes @ConditionalOnClass found required classes 'org.springframework.security.web.SecurityFilterChain', 'org.springframework.security.config.annotation.web.builders.HttpSecurity' (DefaultWebSecurityCondition)

   SpringBootWebSecurityConfiguration.WebSecurityEnablerConfiguration:
      Did not match:
         - @ConditionalOnMissingBean (names: springSecurityFilterChain; SearchStrategy: all) found beans named springSecurityFilterChain (OnBeanCondition)
      Matched:
         - @ConditionalOnClass found required class 'org.springframework.security.config.annotation.web.configuration.EnableWebSecurity' (OnClassCondition)

   TaskExecutorConfigurations.SimpleAsyncTaskExecutorBuilderConfiguration#simpleAsyncTaskExecutorBuilderVirtualThreads:
      Did not match:
         - @ConditionalOnMissingBean (types: org.springframework.boot.task.SimpleAsyncTaskExecutorBuilder; SearchStrategy: all) found beans of type 'org.springframework.boot.task.SimpleAsyncTaskExecutorBuilder' simpleAsyncTaskExecutorBuilder (OnBeanCondition)

   TaskExecutorConfigurations.TaskExecutorConfiguration:
      Did not match:
         - @ConditionalOnMissingBean (types: java.util.concurrent.Executor; SearchStrategy: all) found beans of type 'java.util.concurrent.Executor' clientInboundChannelExecutor, clientOutboundChannelExecutor, brokerChannelExecutor (OnBeanCondition)

   TaskSchedulingConfigurations.SimpleAsyncTaskSchedulerBuilderConfiguration#simpleAsyncTaskSchedulerBuilderVirtualThreads:
      Did not match:
         - @ConditionalOnMissingBean (types: org.springframework.boot.task.SimpleAsyncTaskSchedulerBuilder; SearchStrategy: all) found beans of type 'org.springframework.boot.task.SimpleAsyncTaskSchedulerBuilder' simpleAsyncTaskSchedulerBuilder (OnBeanCondition)

   TaskSchedulingConfigurations.TaskSchedulerConfiguration:
      Did not match:
         - @ConditionalOnMissingBean (types: org.springframework.scheduling.TaskScheduler,java.util.concurrent.ScheduledExecutorService; SearchStrategy: all) found beans of type 'org.springframework.scheduling.TaskScheduler' messageBrokerTaskScheduler (OnBeanCondition)

   TemplateEngineConfigurations.ReactiveTemplateEngineConfiguration:
      Did not match:
         - did not find reactive web application classes (OnWebApplicationCondition)

   ThymeleafAutoConfiguration.DataAttributeDialectConfiguration:
      Did not match:
         - @ConditionalOnClass did not find required class 'com.github.mxab.thymeleaf.extras.dataattribute.dialect.DataAttributeDialect' (OnClassCondition)

   ThymeleafAutoConfiguration.ThymeleafSecurityDialectConfiguration:
      Did not match:
         - @ConditionalOnClass did not find required class 'org.thymeleaf.extras.springsecurity6.dialect.SpringSecurityDialect' (OnClassCondition)

   ThymeleafAutoConfiguration.ThymeleafWebFluxConfiguration:
      Did not match:
         - did not find reactive web application classes (OnWebApplicationCondition)

   ThymeleafAutoConfiguration.ThymeleafWebLayoutConfiguration:
      Did not match:
         - @ConditionalOnClass did not find required class 'nz.net.ultraq.thymeleaf.layoutdialect.LayoutDialect' (OnClassCondition)

   ThymeleafAutoConfiguration.ThymeleafWebMvcConfiguration#resourceUrlEncodingFilter:
      Did not match:
         - @ConditionalOnEnabledResourceChain did not find class org.webjars.WebJarVersionLocator (OnEnabledResourceChainCondition)

   TransactionAutoConfiguration#transactionalOperator:
      Did not match:
         - @ConditionalOnSingleCandidate (types: org.springframework.transaction.ReactiveTransactionManager; SearchStrategy: all) did not find any beans (OnBeanCondition)

   TransactionAutoConfiguration.AspectJTransactionManagementConfiguration:
      Did not match:
         - @ConditionalOnBean (types: org.springframework.transaction.aspectj.AbstractTransactionAspect; SearchStrategy: all) did not find any beans of type org.springframework.transaction.aspectj.AbstractTransactionAspect (OnBeanCondition)

   TransactionAutoConfiguration.EnableTransactionManagementConfiguration.JdkDynamicAutoProxyConfiguration:
      Did not match:
         - @ConditionalOnProperty (spring.aop.proxy-target-class=false) did not find property 'proxy-target-class' (OnPropertyCondition)

   UserDetailsServiceAutoConfiguration:
      Did not match:
         - @ConditionalOnMissingBean (types: org.springframework.security.authentication.AuthenticationManager,org.springframework.security.authentication.AuthenticationProvider,org.springframework.security.core.userdetails.UserDetailsService,org.springframework.security.authentication.AuthenticationManagerResolver,org.springframework.security.oauth2.jwt.JwtDecoder; SearchStrategy: all) found beans of type 'org.springframework.security.authentication.AuthenticationManager' authenticationManager and found beans of type 'org.springframework.security.core.userdetails.UserDetailsService' customUserDetailsService (OnBeanCondition)
      Matched:
         - @ConditionalOnClass found required class 'org.springframework.security.authentication.AuthenticationManager' (OnClassCondition)
         - found 'session' scope (OnWebApplicationCondition)
         - AnyNestedCondition 1 matched 2 did not; NestedCondition on UserDetailsServiceAutoConfiguration.MissingAlternativeOrUserPropertiesConfigured.PasswordConfigured @ConditionalOnProperty (spring.security.user.password) did not find property 'password'; NestedCondition on UserDetailsServiceAutoConfiguration.MissingAlternativeOrUserPropertiesConfigured.NameConfigured @ConditionalOnProperty (spring.security.user.name) did not find property 'name'; NestedCondition on UserDetailsServiceAutoConfiguration.MissingAlternativeOrUserPropertiesConfigured.MissingAlternative @ConditionalOnMissingClass did not find unwanted classes 'org.springframework.security.oauth2.client.registration.ClientRegistrationRepository', 'org.springframework.security.oauth2.server.resource.introspection.OpaqueTokenIntrospector', 'org.springframework.security.saml2.provider.service.registration.RelyingPartyRegistrationRepository' (UserDetailsServiceAutoConfiguration.MissingAlternativeOrUserPropertiesConfigured)

   ValidationAutoConfiguration:
      Did not match:
         - @ConditionalOnClass did not find required class 'jakarta.validation.executable.ExecutableValidator' (OnClassCondition)

   WebClientAutoConfiguration:
      Did not match:
         - @ConditionalOnClass did not find required class 'org.springframework.web.reactive.function.client.WebClient' (OnClassCondition)

   WebFluxAutoConfiguration:
      Did not match:
         - @ConditionalOnClass did not find required class 'org.springframework.web.reactive.config.WebFluxConfigurer' (OnClassCondition)

   WebMvcAutoConfiguration#hiddenHttpMethodFilter:
      Did not match:
         - @ConditionalOnProperty (spring.mvc.hiddenmethod.filter.enabled) did not find property 'enabled' (OnPropertyCondition)

   WebMvcAutoConfiguration.ProblemDetailsErrorHandlingConfiguration:
      Did not match:
         - @ConditionalOnProperty (spring.mvc.problemdetails.enabled=true) did not find property 'enabled' (OnPropertyCondition)

   WebMvcAutoConfiguration.ResourceChainCustomizerConfiguration:
      Did not match:
         - @ConditionalOnEnabledResourceChain did not find class org.webjars.WebJarVersionLocator (OnEnabledResourceChainCondition)

   WebMvcAutoConfiguration.WebMvcAutoConfigurationAdapter#beanNameViewResolver:
      Did not match:
         - @ConditionalOnMissingBean (types: org.springframework.web.servlet.view.BeanNameViewResolver; SearchStrategy: all) found beans of type 'org.springframework.web.servlet.view.BeanNameViewResolver' beanNameViewResolver (OnBeanCondition)

   WebServiceTemplateAutoConfiguration:
      Did not match:
         - @ConditionalOnClass did not find required class 'org.springframework.oxm.Marshaller' (OnClassCondition)

   WebServicesAutoConfiguration:
      Did not match:
         - @ConditionalOnClass did not find required class 'org.springframework.ws.transport.http.MessageDispatcherServlet' (OnClassCondition)

   WebSessionIdResolverAutoConfiguration:
      Did not match:
         - @ConditionalOnClass did not find required class 'reactor.core.publisher.Mono' (OnClassCondition)

   WebSocketReactiveAutoConfiguration:
      Did not match:
         - @ConditionalOnWebApplication did not find reactive web application classes (OnWebApplicationCondition)

   WebSocketServletAutoConfiguration.JettyWebSocketConfiguration:
      Did not match:
         - @ConditionalOnClass did not find required class 'org.eclipse.jetty.ee10.websocket.jakarta.server.config.JakartaWebSocketServletContainerInitializer' (OnClassCondition)

   WebSocketServletAutoConfiguration.UndertowWebSocketConfiguration:
      Did not match:
         - @ConditionalOnClass did not find required class 'io.undertow.websockets.jsr.Bootstrap' (OnClassCondition)

   WebTestClientAutoConfiguration:
      Did not match:
         - @ConditionalOnClass did not find required class 'org.springframework.web.reactive.function.client.WebClient' (OnClassCondition)

   XADataSourceAutoConfiguration:
      Did not match:
         - @ConditionalOnBean (types: org.springframework.boot.jdbc.XADataSourceWrapper; SearchStrategy: all) did not find any beans of type org.springframework.boot.jdbc.XADataSourceWrapper (OnBeanCondition)
      Matched:
         - @ConditionalOnClass found required classes 'javax.sql.DataSource', 'jakarta.transaction.TransactionManager', 'org.springframework.jdbc.datasource.embedded.EmbeddedDatabaseType' (OnClassCondition)


Exclusions:
-----------

    None


Unconditional classes:
----------------------

    org.springframework.boot.autoconfigure.context.ConfigurationPropertiesAutoConfiguration

    org.springframework.boot.autoconfigure.ssl.SslAutoConfiguration

    org.springframework.boot.autoconfigure.context.PropertyPlaceholderAutoConfiguration

    org.springframework.boot.autoconfigure.context.LifecycleAutoConfiguration

    org.springframework.boot.autoconfigure.availability.ApplicationAvailabilityAutoConfiguration

    org.springframework.boot.autoconfigure.info.ProjectInfoAutoConfiguration



2025-02-20T11:03:16.653+02:00 DEBUG 8868 --- [shop] [MessageBroker-1] o.s.orm.jpa.JpaTransactionManager        : Creating new transaction with name [com.online.shop.services.CartService.cleanupPendingOrders]: PROPAGATION_REQUIRED,ISOLATION_DEFAULT
2025-02-20T11:03:16.654+02:00 DEBUG 8868 --- [shop] [MessageBroker-1] o.s.orm.jpa.JpaTransactionManager        : Opened new EntityManager [SessionImpl(1178568095<open>)] for JPA transaction
2025-02-20T11:03:16.654+02:00 DEBUG 8868 --- [shop] [MessageBroker-1] o.s.orm.jpa.JpaTransactionManager        : Exposing JPA transaction as JDBC [org.springframework.orm.jpa.vendor.HibernateJpaDialect$HibernateConnectionHandle@48f87328]
2025-02-20T11:03:16.654+02:00  INFO 8868 --- [shop] [           main] c.o.shop.CartControllerIntegrationTest   : Started CartControllerIntegrationTest in 3.619 seconds (process running for 23.847)
2025-02-20T11:03:16.656+02:00 DEBUG 8868 --- [shop] [           main] o.s.b.a.ApplicationAvailabilityBean      : Application availability state LivenessState changed to CORRECT
2025-02-20T11:03:16.656+02:00 DEBUG 8868 --- [shop] [           main] tor$SharedEntityManagerInvocationHandler : Creating new EntityManager for shared EntityManager invocation
2025-02-20T11:03:16.660+02:00 DEBUG 8868 --- [shop] [MessageBroker-1] org.hibernate.SQL                        : select o1_0.id,o1_0.created_at,o1_0.status,o1_0.total,o1_0.user_id from orders o1_0 where o1_0.status=?
Hibernate: select o1_0.id,o1_0.created_at,o1_0.status,o1_0.total,o1_0.user_id from orders o1_0 where o1_0.status=?
2025-02-20T11:03:16.660+02:00 DEBUG 8868 --- [shop] [           main] org.hibernate.SQL                        : select u1_0.id,u1_0.code_expiration,u1_0.email,u1_0.fcm_token,u1_0.password,u1_0.role,u1_0.username,u1_0.verification_code,u1_0.verified from users u1_0 where u1_0.username=?
Hibernate: select u1_0.id,u1_0.code_expiration,u1_0.email,u1_0.fcm_token,u1_0.password,u1_0.role,u1_0.username,u1_0.verification_code,u1_0.verified from users u1_0 where u1_0.username=?
2025-02-20T11:03:16.660+02:00 DEBUG 8868 --- [shop] [MessageBroker-1] o.s.orm.jpa.JpaTransactionManager        : Initiating transaction commit
2025-02-20T11:03:16.660+02:00 DEBUG 8868 --- [shop] [MessageBroker-1] o.s.orm.jpa.JpaTransactionManager        : Committing JPA transaction on EntityManager [SessionImpl(1178568095<open>)]
2025-02-20T11:03:16.665+02:00 DEBUG 8868 --- [shop] [MessageBroker-1] o.s.orm.jpa.JpaTransactionManager        : Closing JPA EntityManager [SessionImpl(1178568095<open>)] after transaction
2025-02-20T11:03:16.935+02:00 DEBUG 8868 --- [shop] [           main] o.s.orm.jpa.JpaTransactionManager        : Creating new transaction with name [org.springframework.data.jpa.repository.support.SimpleJpaRepository.save]: PROPAGATION_REQUIRED,ISOLATION_DEFAULT
2025-02-20T11:03:16.935+02:00 DEBUG 8868 --- [shop] [           main] o.s.orm.jpa.JpaTransactionManager        : Opened new EntityManager [SessionImpl(647222047<open>)] for JPA transaction
2025-02-20T11:03:16.935+02:00 DEBUG 8868 --- [shop] [           main] o.s.orm.jpa.JpaTransactionManager        : Exposing JPA transaction as JDBC [org.springframework.orm.jpa.vendor.HibernateJpaDialect$HibernateConnectionHandle@750a4fc1]
2025-02-20T11:03:16.935+02:00 DEBUG 8868 --- [shop] [           main] org.hibernate.SQL                        : select next value for users_seq
Hibernate: select next value for users_seq
2025-02-20T11:03:16.940+02:00 DEBUG 8868 --- [shop] [           main] org.hibernate.SQL                        : select next value for shopping_cart_seq
Hibernate: select next value for shopping_cart_seq
2025-02-20T11:03:16.945+02:00 DEBUG 8868 --- [shop] [           main] org.hibernate.SQL                        : insert into users (code_expiration,email,fcm_token,password,role,username,verification_code,verified,id) values (?,?,?,?,?,?,?,?,?)
Hibernate: insert into users (code_expiration,email,fcm_token,password,role,username,verification_code,verified,id) values (?,?,?,?,?,?,?,?,?)
2025-02-20T11:03:16.946+02:00 DEBUG 8868 --- [shop] [           main] org.hibernate.SQL                        : insert into shopping_cart (user_id,id) values (?,?)
Hibernate: insert into shopping_cart (user_id,id) values (?,?)
2025-02-20T11:03:16.946+02:00 DEBUG 8868 --- [shop] [           main] org.hibernate.SQL                        : insert into notifications (new_arrivals,offers,order_status,user_id,via_email,via_push,id) values (?,?,?,?,?,?,default)
Hibernate: insert into notifications (new_arrivals,offers,order_status,user_id,via_email,via_push,id) values (?,?,?,?,?,?,default)
2025-02-20T11:03:16.946+02:00 DEBUG 8868 --- [shop] [           main] org.hibernate.SQL                        : select next value for wish_list_seq
Hibernate: select next value for wish_list_seq
2025-02-20T11:03:16.950+02:00 DEBUG 8868 --- [shop] [           main] o.s.orm.jpa.JpaTransactionManager        : Initiating transaction commit
2025-02-20T11:03:16.950+02:00 DEBUG 8868 --- [shop] [           main] o.s.orm.jpa.JpaTransactionManager        : Committing JPA transaction on EntityManager [SessionImpl(647222047<open>)]
2025-02-20T11:03:16.950+02:00 DEBUG 8868 --- [shop] [           main] org.hibernate.SQL                        : insert into wish_list (user_id,id) values (?,?)
Hibernate: insert into wish_list (user_id,id) values (?,?)
2025-02-20T11:03:16.955+02:00 DEBUG 8868 --- [shop] [           main] o.s.orm.jpa.JpaTransactionManager        : Closing JPA EntityManager [SessionImpl(647222047<open>)] after transaction
2025-02-20T11:03:16.955+02:00 DEBUG 8868 --- [shop] [           main] o.s.b.a.ApplicationAvailabilityBean      : Application availability state ReadinessState changed to ACCEPTING_TRAFFIC
2025-02-20T11:03:16.955+02:00 DEBUG 8868 --- [shop] [           main] org.springframework.test.context.cache   : Spring test ApplicationContext cache statistics: [DefaultContextCache@64d19dad size = 2, maxSize = 32, parentContextCount = 0, hitCount = 37, missCount = 2, failureCount = 0]
2025-02-20T11:03:16.955+02:00 DEBUG 8868 --- [shop] [           main] o.s.t.c.w.ServletTestExecutionListener   : Setting up MockHttpServletRequest, MockHttpServletResponse, ServletWebRequest, and RequestContextHolder for test class com.online.shop.CartControllerIntegrationTest
2025-02-20T11:03:16.955+02:00 DEBUG 8868 --- [shop] [           main] DependencyInjectionTestExecutionListener : Performing dependency injection for test class com.online.shop.CartControllerIntegrationTest
2025-02-20T11:03:16.955+02:00 DEBUG 8868 --- [shop] [           main] org.springframework.test.context.cache   : Spring test ApplicationContext cache statistics: [DefaultContextCache@64d19dad size = 2, maxSize = 32, parentContextCount = 0, hitCount = 38, missCount = 2, failureCount = 0]
2025-02-20T11:03:16.962+02:00 DEBUG 8868 --- [shop] [           main] org.springframework.test.context.cache   : Spring test ApplicationContext cache statistics: [DefaultContextCache@64d19dad size = 2, maxSize = 32, parentContextCount = 0, hitCount = 39, missCount = 2, failureCount = 0]
2025-02-20T11:03:16.962+02:00 DEBUG 8868 --- [shop] [           main] sContextBeforeModesTestExecutionListener : Before test method: class [CartControllerIntegrationTest], method [checkCartContent], class annotated with @DirtiesContext [false] with mode [null], method annotated with @DirtiesContext [false] with mode [null]
2025-02-20T11:03:16.970+02:00 DEBUG 8868 --- [shop] [           main] t.c.t.TransactionalTestExecutionListener : Explicit transaction definition [PROPAGATION_REQUIRED,ISOLATION_DEFAULT] found for test class [com.online.shop.CartControllerIntegrationTest] and test method [checkCartContent]
2025-02-20T11:03:16.970+02:00 DEBUG 8868 --- [shop] [           main] org.springframework.test.context.cache   : Spring test ApplicationContext cache statistics: [DefaultContextCache@64d19dad size = 2, maxSize = 32, parentContextCount = 0, hitCount = 40, missCount = 2, failureCount = 0]
2025-02-20T11:03:16.979+02:00 DEBUG 8868 --- [shop] [           main] t.c.t.TransactionalTestExecutionListener : No method-level @Rollback override: using default rollback [true] for test method [public void com.online.shop.CartControllerIntegrationTest.checkCartContent() throws java.lang.Exception]
2025-02-20T11:03:16.980+02:00 DEBUG 8868 --- [shop] [           main] o.s.orm.jpa.JpaTransactionManager        : Creating new transaction with name [com.online.shop.CartControllerIntegrationTest.checkCartContent]: PROPAGATION_REQUIRED,ISOLATION_DEFAULT
2025-02-20T11:03:16.980+02:00 DEBUG 8868 --- [shop] [           main] o.s.orm.jpa.JpaTransactionManager        : Opened new EntityManager [SessionImpl(115791172<open>)] for JPA transaction
2025-02-20T11:03:16.980+02:00 DEBUG 8868 --- [shop] [           main] o.s.orm.jpa.JpaTransactionManager        : Exposing JPA transaction as JDBC [org.springframework.orm.jpa.vendor.HibernateJpaDialect$HibernateConnectionHandle@5ab30bb4]
2025-02-20T11:03:16.980+02:00 DEBUG 8868 --- [shop] [           main] o.s.t.c.transaction.TransactionContext   : Began transaction (1) for test class [com.online.shop.CartControllerIntegrationTest]; test method [checkCartContent]; transaction manager [org.springframework.orm.jpa.JpaTransactionManager@2bd89b8e]; rollback [true]
2025-02-20T11:03:16.980+02:00 DEBUG 8868 --- [shop] [           main] org.springframework.test.context.cache   : Spring test ApplicationContext cache statistics: [DefaultContextCache@64d19dad size = 2, maxSize = 32, parentContextCount = 0, hitCount = 41, missCount = 2, failureCount = 0]
2025-02-20T11:03:16.980+02:00 DEBUG 8868 --- [shop] [           main] org.springframework.test.context.cache   : Spring test ApplicationContext cache statistics: [DefaultContextCache@64d19dad size = 2, maxSize = 32, parentContextCount = 0, hitCount = 42, missCount = 2, failureCount = 0]
2025-02-20T11:03:16.980+02:00 DEBUG 8868 --- [shop] [           main] org.springframework.test.context.cache   : Spring test ApplicationContext cache statistics: [DefaultContextCache@64d19dad size = 2, maxSize = 32, parentContextCount = 0, hitCount = 43, missCount = 2, failureCount = 0]
2025-02-20T11:03:16.980+02:00 DEBUG 8868 --- [shop] [           main] org.springframework.test.context.cache   : Spring test ApplicationContext cache statistics: [DefaultContextCache@64d19dad size = 2, maxSize = 32, parentContextCount = 0, hitCount = 44, missCount = 2, failureCount = 0]
2025-02-20T11:03:16.990+02:00 DEBUG 8868 --- [shop] [           main] org.springframework.test.context.cache   : Spring test ApplicationContext cache statistics: [DefaultContextCache@64d19dad size = 2, maxSize = 32, parentContextCount = 0, hitCount = 45, missCount = 2, failureCount = 0]
2025-02-20T11:03:17.000+02:00 DEBUG 8868 --- [shop] [           main] o.s.orm.jpa.JpaTransactionManager        : Found thread-bound EntityManager [SessionImpl(115791172<open>)] for JPA transaction
2025-02-20T11:03:17.000+02:00 DEBUG 8868 --- [shop] [           main] o.s.orm.jpa.JpaTransactionManager        : Participating in existing transaction
2025-02-20T11:03:17.000+02:00 DEBUG 8868 --- [shop] [           main] org.hibernate.SQL                        : select p1_0.id,p1_0.category_id,p1_0.created_at,p1_0.description,p1_0.discount,p1_0.name,p1_0.price,p1_0.rating,p1_0.sales,p1_0.stock from product p1_0
Hibernate: select p1_0.id,p1_0.category_id,p1_0.created_at,p1_0.description,p1_0.discount,p1_0.name,p1_0.price,p1_0.rating,p1_0.sales,p1_0.stock from product p1_0
2025-02-20T11:03:17.000+02:00 DEBUG 8868 --- [shop] [           main] o.s.orm.jpa.JpaTransactionManager        : Found thread-bound EntityManager [SessionImpl(115791172<open>)] for JPA transaction
2025-02-20T11:03:17.000+02:00 DEBUG 8868 --- [shop] [           main] o.s.orm.jpa.JpaTransactionManager        : Participating in existing transaction
2025-02-20T11:03:17.000+02:00 DEBUG 8868 --- [shop] [           main] org.hibernate.SQL                        : select next value for product_seq
Hibernate: select next value for product_seq
2025-02-20T11:03:17.010+02:00 DEBUG 8868 --- [shop] [           main] o.s.orm.jpa.JpaTransactionManager        : Found thread-bound EntityManager [SessionImpl(115791172<open>)] for JPA transaction
2025-02-20T11:03:17.010+02:00 DEBUG 8868 --- [shop] [           main] o.s.orm.jpa.JpaTransactionManager        : Participating in existing transaction
2025-02-20T11:03:17.010+02:00 DEBUG 8868 --- [shop] [           main] org.hibernate.SQL                        : select next value for product_seq
Hibernate: select next value for product_seq
2025-02-20T11:03:17.010+02:00 DEBUG 8868 --- [shop] [           main] o.s.orm.jpa.JpaTransactionManager        : Found thread-bound EntityManager [SessionImpl(115791172<open>)] for JPA transaction
2025-02-20T11:03:17.010+02:00 DEBUG 8868 --- [shop] [           main] o.s.orm.jpa.JpaTransactionManager        : Participating in existing transaction
2025-02-20T11:03:17.010+02:00 DEBUG 8868 --- [shop] [           main] org.hibernate.SQL                        : select u1_0.id,u1_0.code_expiration,u1_0.email,u1_0.fcm_token,u1_0.password,u1_0.role,u1_0.username,u1_0.verification_code,u1_0.verified from users u1_0
Hibernate: select u1_0.id,u1_0.code_expiration,u1_0.email,u1_0.fcm_token,u1_0.password,u1_0.role,u1_0.username,u1_0.verification_code,u1_0.verified from users u1_0
2025-02-20T11:03:17.020+02:00 DEBUG 8868 --- [shop] [           main] org.hibernate.SQL                        : select sc1_0.id,u1_0.id,u1_0.code_expiration,u1_0.email,u1_0.fcm_token,n1_0.id,n1_0.new_arrivals,n1_0.offers,n1_0.order_status,n1_0.via_email,n1_0.via_push,u1_0.password,u1_0.role,s1_0.id,s1_0.address_line1,s1_0.address_line2,s1_0.country,s1_0.first_name,s1_0.last_name,s1_0.phone_number,s1_0.postal_code,s1_0.province,s1_0.town,t1_0.id,t1_0.amount,t1_0.currency,t1_0.payment_method,t1_0.status,t1_0.transaction_date,t1_0.transaction_id,u1_0.username,u1_0.verification_code,u1_0.verified,wl1_0.id,o1_0.user_id,o1_0.id,o1_0.created_at,o1_0.status,o1_0.total from shopping_cart sc1_0 left join users u1_0 on u1_0.id=sc1_0.user_id left join notifications n1_0 on u1_0.id=n1_0.user_id left join shipment s1_0 on u1_0.id=s1_0.user_id left join transaction t1_0 on u1_0.id=t1_0.user_id left join wish_list wl1_0 on u1_0.id=wl1_0.user_id left join orders o1_0 on u1_0.id=o1_0.user_id where sc1_0.user_id=?
Hibernate: select sc1_0.id,u1_0.id,u1_0.code_expiration,u1_0.email,u1_0.fcm_token,n1_0.id,n1_0.new_arrivals,n1_0.offers,n1_0.order_status,n1_0.via_email,n1_0.via_push,u1_0.password,u1_0.role,s1_0.id,s1_0.address_line1,s1_0.address_line2,s1_0.country,s1_0.first_name,s1_0.last_name,s1_0.phone_number,s1_0.postal_code,s1_0.province,s1_0.town,t1_0.id,t1_0.amount,t1_0.currency,t1_0.payment_method,t1_0.status,t1_0.transaction_date,t1_0.transaction_id,u1_0.username,u1_0.verification_code,u1_0.verified,wl1_0.id,o1_0.user_id,o1_0.id,o1_0.created_at,o1_0.status,o1_0.total from shopping_cart sc1_0 left join users u1_0 on u1_0.id=sc1_0.user_id left join notifications n1_0 on u1_0.id=n1_0.user_id left join shipment s1_0 on u1_0.id=s1_0.user_id left join transaction t1_0 on u1_0.id=t1_0.user_id left join wish_list wl1_0 on u1_0.id=wl1_0.user_id left join orders o1_0 on u1_0.id=o1_0.user_id where sc1_0.user_id=?
2025-02-20T11:03:17.041+02:00 DEBUG 8868 --- [shop] [           main] org.hibernate.SQL                        : select n1_0.id,n1_0.new_arrivals,n1_0.offers,n1_0.order_status,u1_0.id,c1_0.id,u1_0.code_expiration,u1_0.email,u1_0.fcm_token,u1_0.password,u1_0.role,s1_0.id,s1_0.address_line1,s1_0.address_line2,s1_0.country,s1_0.first_name,s1_0.last_name,s1_0.phone_number,s1_0.postal_code,s1_0.province,s1_0.town,t1_0.id,t1_0.amount,t1_0.currency,t1_0.payment_method,t1_0.status,t1_0.transaction_date,t1_0.transaction_id,u1_0.username,u1_0.verification_code,u1_0.verified,wl1_0.id,o1_0.user_id,o1_0.id,o1_0.created_at,o1_0.status,o1_0.total,n1_0.via_email,n1_0.via_push from notifications n1_0 left join users u1_0 on u1_0.id=n1_0.user_id left join shopping_cart c1_0 on u1_0.id=c1_0.user_id left join shipment s1_0 on u1_0.id=s1_0.user_id left join transaction t1_0 on u1_0.id=t1_0.user_id left join wish_list wl1_0 on u1_0.id=wl1_0.user_id left join orders o1_0 on u1_0.id=o1_0.user_id where n1_0.user_id=?
Hibernate: select n1_0.id,n1_0.new_arrivals,n1_0.offers,n1_0.order_status,u1_0.id,c1_0.id,u1_0.code_expiration,u1_0.email,u1_0.fcm_token,u1_0.password,u1_0.role,s1_0.id,s1_0.address_line1,s1_0.address_line2,s1_0.country,s1_0.first_name,s1_0.last_name,s1_0.phone_number,s1_0.postal_code,s1_0.province,s1_0.town,t1_0.id,t1_0.amount,t1_0.currency,t1_0.payment_method,t1_0.status,t1_0.transaction_date,t1_0.transaction_id,u1_0.username,u1_0.verification_code,u1_0.verified,wl1_0.id,o1_0.user_id,o1_0.id,o1_0.created_at,o1_0.status,o1_0.total,n1_0.via_email,n1_0.via_push from notifications n1_0 left join users u1_0 on u1_0.id=n1_0.user_id left join shopping_cart c1_0 on u1_0.id=c1_0.user_id left join shipment s1_0 on u1_0.id=s1_0.user_id left join transaction t1_0 on u1_0.id=t1_0.user_id left join wish_list wl1_0 on u1_0.id=wl1_0.user_id left join orders o1_0 on u1_0.id=o1_0.user_id where n1_0.user_id=?
2025-02-20T11:03:17.050+02:00 DEBUG 8868 --- [shop] [           main] org.hibernate.SQL                        : select s1_0.id,s1_0.address_line1,s1_0.address_line2,s1_0.country,s1_0.first_name,s1_0.last_name,s1_0.phone_number,s1_0.postal_code,s1_0.province,s1_0.town,u1_0.id,c1_0.id,u1_0.code_expiration,u1_0.email,u1_0.fcm_token,n1_0.id,n1_0.new_arrivals,n1_0.offers,n1_0.order_status,n1_0.via_email,n1_0.via_push,u1_0.password,u1_0.role,t1_0.id,t1_0.amount,t1_0.currency,t1_0.payment_method,t1_0.status,t1_0.transaction_date,t1_0.transaction_id,u1_0.username,u1_0.verification_code,u1_0.verified,wl1_0.id,o1_0.user_id,o1_0.id,o1_0.created_at,o1_0.status,o1_0.total from shipment s1_0 left join users u1_0 on u1_0.id=s1_0.user_id left join shopping_cart c1_0 on u1_0.id=c1_0.user_id left join notifications n1_0 on u1_0.id=n1_0.user_id left join transaction t1_0 on u1_0.id=t1_0.user_id left join wish_list wl1_0 on u1_0.id=wl1_0.user_id left join orders o1_0 on u1_0.id=o1_0.user_id where s1_0.user_id=?
Hibernate: select s1_0.id,s1_0.address_line1,s1_0.address_line2,s1_0.country,s1_0.first_name,s1_0.last_name,s1_0.phone_number,s1_0.postal_code,s1_0.province,s1_0.town,u1_0.id,c1_0.id,u1_0.code_expiration,u1_0.email,u1_0.fcm_token,n1_0.id,n1_0.new_arrivals,n1_0.offers,n1_0.order_status,n1_0.via_email,n1_0.via_push,u1_0.password,u1_0.role,t1_0.id,t1_0.amount,t1_0.currency,t1_0.payment_method,t1_0.status,t1_0.transaction_date,t1_0.transaction_id,u1_0.username,u1_0.verification_code,u1_0.verified,wl1_0.id,o1_0.user_id,o1_0.id,o1_0.created_at,o1_0.status,o1_0.total from shipment s1_0 left join users u1_0 on u1_0.id=s1_0.user_id left join shopping_cart c1_0 on u1_0.id=c1_0.user_id left join notifications n1_0 on u1_0.id=n1_0.user_id left join transaction t1_0 on u1_0.id=t1_0.user_id left join wish_list wl1_0 on u1_0.id=wl1_0.user_id left join orders o1_0 on u1_0.id=o1_0.user_id where s1_0.user_id=?
2025-02-20T11:03:17.060+02:00 DEBUG 8868 --- [shop] [           main] org.hibernate.SQL                        : select t1_0.id,t1_0.amount,t1_0.currency,t1_0.payment_method,t1_0.status,t1_0.transaction_date,t1_0.transaction_id,u1_0.id,c1_0.id,u1_0.code_expiration,u1_0.email,u1_0.fcm_token,n1_0.id,n1_0.new_arrivals,n1_0.offers,n1_0.order_status,n1_0.via_email,n1_0.via_push,u1_0.password,u1_0.role,s1_0.id,s1_0.address_line1,s1_0.address_line2,s1_0.country,s1_0.first_name,s1_0.last_name,s1_0.phone_number,s1_0.postal_code,s1_0.province,s1_0.town,u1_0.username,u1_0.verification_code,u1_0.verified,wl1_0.id,o1_0.user_id,o1_0.id,o1_0.created_at,o1_0.status,o1_0.total from transaction t1_0 left join users u1_0 on u1_0.id=t1_0.user_id left join shopping_cart c1_0 on u1_0.id=c1_0.user_id left join notifications n1_0 on u1_0.id=n1_0.user_id left join shipment s1_0 on u1_0.id=s1_0.user_id left join wish_list wl1_0 on u1_0.id=wl1_0.user_id left join orders o1_0 on u1_0.id=o1_0.user_id where t1_0.user_id=?
Hibernate: select t1_0.id,t1_0.amount,t1_0.currency,t1_0.payment_method,t1_0.status,t1_0.transaction_date,t1_0.transaction_id,u1_0.id,c1_0.id,u1_0.code_expiration,u1_0.email,u1_0.fcm_token,n1_0.id,n1_0.new_arrivals,n1_0.offers,n1_0.order_status,n1_0.via_email,n1_0.via_push,u1_0.password,u1_0.role,s1_0.id,s1_0.address_line1,s1_0.address_line2,s1_0.country,s1_0.first_name,s1_0.last_name,s1_0.phone_number,s1_0.postal_code,s1_0.province,s1_0.town,u1_0.username,u1_0.verification_code,u1_0.verified,wl1_0.id,o1_0.user_id,o1_0.id,o1_0.created_at,o1_0.status,o1_0.total from transaction t1_0 left join users u1_0 on u1_0.id=t1_0.user_id left join shopping_cart c1_0 on u1_0.id=c1_0.user_id left join notifications n1_0 on u1_0.id=n1_0.user_id left join shipment s1_0 on u1_0.id=s1_0.user_id left join wish_list wl1_0 on u1_0.id=wl1_0.user_id left join orders o1_0 on u1_0.id=o1_0.user_id where t1_0.user_id=?
2025-02-20T11:03:17.060+02:00 DEBUG 8868 --- [shop] [           main] org.hibernate.SQL                        : select i1_0.cart_id,i1_0.id,p1_0.id,c2_0.id,c2_0.name,p1_0.created_at,p1_0.description,p1_0.discount,p1_0.name,p1_0.price,p1_0.rating,p1_0.sales,p1_0.stock,i1_0.quantity from cart_item i1_0 left join product p1_0 on p1_0.id=i1_0.product_id left join category c2_0 on c2_0.id=p1_0.category_id where i1_0.cart_id=?
Hibernate: select i1_0.cart_id,i1_0.id,p1_0.id,c2_0.id,c2_0.name,p1_0.created_at,p1_0.description,p1_0.discount,p1_0.name,p1_0.price,p1_0.rating,p1_0.sales,p1_0.stock,i1_0.quantity from cart_item i1_0 left join product p1_0 on p1_0.id=i1_0.product_id left join category c2_0 on c2_0.id=p1_0.category_id where i1_0.cart_id=?
2025-02-20T11:03:17.060+02:00 DEBUG 8868 --- [shop] [           main] org.hibernate.SQL                        : select r1_0.user_id,r1_0.id,r1_0.created_at,r1_0.posted_by,p1_0.id,c1_0.id,c1_0.name,p1_0.created_at,p1_0.description,p1_0.discount,p1_0.name,p1_0.price,p1_0.rating,p1_0.sales,p1_0.stock,r1_0.rating,r1_0.text from review r1_0 left join product p1_0 on p1_0.id=r1_0.product_id left join category c1_0 on c1_0.id=p1_0.category_id where r1_0.user_id=?
Hibernate: select r1_0.user_id,r1_0.id,r1_0.created_at,r1_0.posted_by,p1_0.id,c1_0.id,c1_0.name,p1_0.created_at,p1_0.description,p1_0.discount,p1_0.name,p1_0.price,p1_0.rating,p1_0.sales,p1_0.stock,r1_0.rating,r1_0.text from review r1_0 left join product p1_0 on p1_0.id=r1_0.product_id left join category c1_0 on c1_0.id=p1_0.category_id where r1_0.user_id=?
2025-02-20T11:03:17.072+02:00 DEBUG 8868 --- [shop] [           main] o.s.orm.jpa.JpaTransactionManager        : Found thread-bound EntityManager [SessionImpl(115791172<open>)] for JPA transaction
2025-02-20T11:03:17.072+02:00 DEBUG 8868 --- [shop] [           main] o.s.orm.jpa.JpaTransactionManager        : Participating in existing transaction
2025-02-20T11:03:17.072+02:00 DEBUG 8868 --- [shop] [           main] org.hibernate.SQL                        : select next value for users_seq
Hibernate: select next value for users_seq
2025-02-20T11:03:17.073+02:00 DEBUG 8868 --- [shop] [           main] org.hibernate.SQL                        : select next value for shopping_cart_seq
Hibernate: select next value for shopping_cart_seq
2025-02-20T11:03:17.073+02:00 DEBUG 8868 --- [shop] [           main] org.hibernate.SQL                        : select next value for cart_item_seq
Hibernate: select next value for cart_item_seq
2025-02-20T11:03:17.073+02:00 DEBUG 8868 --- [shop] [           main] org.hibernate.SQL                        : insert into product (category_id,created_at,description,discount,name,price,rating,sales,stock,id) values (?,?,?,?,?,?,?,?,?,?)
Hibernate: insert into product (category_id,created_at,description,discount,name,price,rating,sales,stock,id) values (?,?,?,?,?,?,?,?,?,?)
2025-02-20T11:03:17.073+02:00 DEBUG 8868 --- [shop] [           main] org.hibernate.SQL                        : insert into product (category_id,created_at,description,discount,name,price,rating,sales,stock,id) values (?,?,?,?,?,?,?,?,?,?)
Hibernate: insert into product (category_id,created_at,description,discount,name,price,rating,sales,stock,id) values (?,?,?,?,?,?,?,?,?,?)
2025-02-20T11:03:17.080+02:00 DEBUG 8868 --- [shop] [           main] org.hibernate.SQL                        : insert into users (code_expiration,email,fcm_token,password,role,username,verification_code,verified,id) values (?,?,?,?,?,?,?,?,?)
Hibernate: insert into users (code_expiration,email,fcm_token,password,role,username,verification_code,verified,id) values (?,?,?,?,?,?,?,?,?)
2025-02-20T11:03:17.080+02:00 DEBUG 8868 --- [shop] [           main] org.hibernate.SQL                        : insert into shopping_cart (user_id,id) values (?,?)
Hibernate: insert into shopping_cart (user_id,id) values (?,?)
2025-02-20T11:03:17.080+02:00 DEBUG 8868 --- [shop] [           main] org.hibernate.SQL                        : insert into cart_item (cart_id,product_id,quantity,id) values (?,?,?,?)
Hibernate: insert into cart_item (cart_id,product_id,quantity,id) values (?,?,?,?)
2025-02-20T11:03:17.080+02:00 DEBUG 8868 --- [shop] [           main] org.hibernate.SQL                        : insert into notifications (new_arrivals,offers,order_status,user_id,via_email,via_push,id) values (?,?,?,?,?,?,default)
Hibernate: insert into notifications (new_arrivals,offers,order_status,user_id,via_email,via_push,id) values (?,?,?,?,?,?,default)
2025-02-20T11:03:17.080+02:00 DEBUG 8868 --- [shop] [           main] org.hibernate.SQL                        : select next value for wish_list_seq
Hibernate: select next value for wish_list_seq
2025-02-20T11:03:17.080+02:00 DEBUG 8868 --- [shop] [           main] org.springframework.test.context.cache   : Spring test ApplicationContext cache statistics: [DefaultContextCache@64d19dad size = 2, maxSize = 32, parentContextCount = 0, hitCount = 46, missCount = 2, failureCount = 0]
2025-02-20T11:03:17.115+02:00 DEBUG 8868 --- [shop] [           main] o.s.test.util.ReflectionTestUtils        : Invoking method 'getFilters' on target object [FilterChainProxy[Filter Chains: null]] or target class [null] with arguments {org.springframework.mock.web.MockHttpServletRequest@60a64104}
2025-02-20T11:03:17.115+02:00 DEBUG 8868 --- [shop] [           main] o.s.test.util.ReflectionTestUtils        : Invoking method 'getFilters' on target object [FilterChainProxy[Filter Chains: null]] or target class [null] with arguments {org.springframework.mock.web.MockHttpServletRequest@60a64104}
2025-02-20T11:03:17.115+02:00 DEBUG 8868 --- [shop] [           main] o.s.test.util.ReflectionTestUtils        : Getting field 'securityContextRepository' from target object [org.springframework.security.web.context.SecurityContextHolderFilter@5dd7f921] or target class [class org.springframework.security.web.context.SecurityContextHolderFilter]
2025-02-20T11:03:17.115+02:00 DEBUG 8868 --- [shop] [           main] o.s.test.util.ReflectionTestUtils        : Invoking method 'getFilters' on target object [FilterChainProxy[Filter Chains: null]] or target class [null] with arguments {org.springframework.mock.web.MockHttpServletRequest@60a64104}
2025-02-20T11:03:17.120+02:00 DEBUG 8868 --- [shop] [           main] o.s.test.util.ReflectionTestUtils        : Invoking method 'getFilters' on target object [FilterChainProxy[Filter Chains: null]] or target class [null] with arguments {org.springframework.mock.web.MockHttpServletRequest@60a64104}
2025-02-20T11:03:17.120+02:00 DEBUG 8868 --- [shop] [           main] o.s.test.util.ReflectionTestUtils        : Setting field 'securityContextRepository' of type [null] on target object [org.springframework.security.web.context.SecurityContextHolderFilter@5dd7f921] or target class [class org.springframework.security.web.context.SecurityContextHolderFilter] to value [org.springframework.security.test.web.servlet.request.SecurityMockMvcRequestPostProcessors$SecurityContextRequestPostProcessorSupport$TestSecurityContextRepository@12ceff30]
2025-02-20T11:03:17.120+02:00 DEBUG 8868 --- [shop] [           main] w.c.HttpSessionSecurityContextRepository : Created HttpSession as SecurityContext is non-default
2025-02-20T11:03:17.120+02:00 DEBUG 8868 --- [shop] [           main] w.c.HttpSessionSecurityContextRepository : Stored SecurityContextImpl [Authentication=UsernamePasswordAuthenticationToken [Principal=org.springframework.security.core.userdetails.User [Username=user, Password=[PROTECTED], Enabled=true, AccountNonExpired=true, CredentialsNonExpired=true, AccountNonLocked=true, Granted Authorities=[ROLE_USER]], Credentials=[PROTECTED], Authenticated=true, Details=null, Granted Authorities=[ROLE_USER]]] to HttpSession [org.springframework.mock.web.MockHttpSession@2d550996]
2025-02-20T11:03:17.120+02:00 DEBUG 8868 --- [shop] [           main] o.s.security.web.FilterChainProxy        : Securing POST /user/cart/updateItemQuantity/1
2025-02-20T11:03:17.120+02:00 DEBUG 8868 --- [shop] [           main] w.c.HttpSessionSecurityContextRepository : Retrieved SecurityContextImpl [Authentication=UsernamePasswordAuthenticationToken [Principal=org.springframework.security.core.userdetails.User [Username=user, Password=[PROTECTED], Enabled=true, AccountNonExpired=true, CredentialsNonExpired=true, AccountNonLocked=true, Granted Authorities=[ROLE_USER]], Credentials=[PROTECTED], Authenticated=true, Details=null, Granted Authorities=[ROLE_USER]]]
2025-02-20T11:03:17.120+02:00 DEBUG 8868 --- [shop] [           main] o.s.security.web.FilterChainProxy        : Secured POST /user/cart/updateItemQuantity/1
2025-02-20T11:03:17.120+02:00 DEBUG 8868 --- [shop] [           main] o.s.t.web.servlet.TestDispatcherServlet  : POST "/user/cart/updateItemQuantity/1", parameters={}
2025-02-20T11:03:17.120+02:00 DEBUG 8868 --- [shop] [           main] s.w.s.m.m.a.RequestMappingHandlerMapping : Mapped to com.online.shop.controllers.CartController#updateProductQuantity(Principal, Long, Integer)
2025-02-20T11:03:17.170+02:00 DEBUG 8868 --- [shop] [           main] m.m.a.RequestResponseBodyMethodProcessor : Read "application/json;charset=UTF-8" to [5]
2025-02-20T11:03:17.180+02:00 DEBUG 8868 --- [shop] [           main] o.s.orm.jpa.JpaTransactionManager        : Found thread-bound EntityManager [SessionImpl(115791172<open>)] for JPA transaction
2025-02-20T11:03:17.180+02:00 DEBUG 8868 --- [shop] [           main] o.s.orm.jpa.JpaTransactionManager        : Participating in existing transaction
2025-02-20T11:03:17.190+02:00 DEBUG 8868 --- [shop] [           main] org.hibernate.SQL                        : insert into wish_list (user_id,id) values (?,?)
Hibernate: insert into wish_list (user_id,id) values (?,?)
2025-02-20T11:03:17.190+02:00 DEBUG 8868 --- [shop] [           main] org.hibernate.SQL                        : update cart_item set cart_id=?,product_id=?,quantity=? where id=?
Hibernate: update cart_item set cart_id=?,product_id=?,quantity=? where id=?
2025-02-20T11:03:17.194+02:00 DEBUG 8868 --- [shop] [           main] org.hibernate.SQL                        : delete from wish_list_products where wish_list_id=?
Hibernate: delete from wish_list_products where wish_list_id=?
2025-02-20T11:03:17.194+02:00 DEBUG 8868 --- [shop] [           main] org.hibernate.SQL                        : delete from users_order_history where user_id=?
Hibernate: delete from users_order_history where user_id=?
2025-02-20T11:03:17.194+02:00 DEBUG 8868 --- [shop] [           main] org.hibernate.SQL                        : delete from shopping_cart where id=?
Hibernate: delete from shopping_cart where id=?
2025-02-20T11:03:17.199+02:00 DEBUG 8868 --- [shop] [           main] org.hibernate.SQL                        : delete from wish_list where id=?
Hibernate: delete from wish_list where id=?
2025-02-20T11:03:17.200+02:00 DEBUG 8868 --- [shop] [           main] org.hibernate.SQL                        : delete from users where id=?
Hibernate: delete from users where id=?
2025-02-20T11:03:17.202+02:00 DEBUG 8868 --- [shop] [           main] org.hibernate.SQL                        : select u1_0.id,u1_0.code_expiration,u1_0.email,u1_0.fcm_token,u1_0.password,u1_0.role,u1_0.username,u1_0.verification_code,u1_0.verified from users u1_0 where u1_0.username=?
Hibernate: select u1_0.id,u1_0.code_expiration,u1_0.email,u1_0.fcm_token,u1_0.password,u1_0.role,u1_0.username,u1_0.verification_code,u1_0.verified from users u1_0 where u1_0.username=?
2025-02-20T11:03:17.202+02:00 DEBUG 8868 --- [shop] [           main] o.s.orm.jpa.JpaTransactionManager        : Found thread-bound EntityManager [SessionImpl(115791172<open>)] for JPA transaction
2025-02-20T11:03:17.202+02:00 DEBUG 8868 --- [shop] [           main] o.s.orm.jpa.JpaTransactionManager        : Participating in existing transaction
2025-02-20T11:03:17.202+02:00 DEBUG 8868 --- [shop] [           main] o.s.w.s.m.m.a.HttpEntityMethodProcessor  : Using 'text/plain', given [*/*] and supported [text/plain, */*, application/json, application/*+json]
2025-02-20T11:03:17.202+02:00 DEBUG 8868 --- [shop] [           main] o.s.w.s.m.m.a.HttpEntityMethodProcessor  : Writing ["The product quantity is updated!"]
2025-02-20T11:03:17.210+02:00 DEBUG 8868 --- [shop] [           main] o.s.t.web.servlet.TestDispatcherServlet  : Completed 200 OK
2025-02-20T11:03:17.210+02:00 DEBUG 8868 --- [shop] [           main] o.s.test.util.ReflectionTestUtils        : Invoking method 'getFilters' on target object [FilterChainProxy[Filter Chains: null]] or target class [null] with arguments {org.springframework.mock.web.MockHttpServletRequest@1603d1fb}
2025-02-20T11:03:17.210+02:00 DEBUG 8868 --- [shop] [           main] o.s.test.util.ReflectionTestUtils        : Invoking method 'getFilters' on target object [FilterChainProxy[Filter Chains: null]] or target class [null] with arguments {org.springframework.mock.web.MockHttpServletRequest@1603d1fb}
2025-02-20T11:03:17.210+02:00 DEBUG 8868 --- [shop] [           main] o.s.test.util.ReflectionTestUtils        : Getting field 'securityContextRepository' from target object [org.springframework.security.web.context.SecurityContextHolderFilter@5dd7f921] or target class [class org.springframework.security.web.context.SecurityContextHolderFilter]
2025-02-20T11:03:17.210+02:00 DEBUG 8868 --- [shop] [           main] w.c.HttpSessionSecurityContextRepository : Created HttpSession as SecurityContext is non-default
2025-02-20T11:03:17.210+02:00 DEBUG 8868 --- [shop] [           main] w.c.HttpSessionSecurityContextRepository : Stored SecurityContextImpl [Authentication=UsernamePasswordAuthenticationToken [Principal=org.springframework.security.core.userdetails.User [Username=user, Password=[PROTECTED], Enabled=true, AccountNonExpired=true, CredentialsNonExpired=true, AccountNonLocked=true, Granted Authorities=[ROLE_USER]], Credentials=[PROTECTED], Authenticated=true, Details=null, Granted Authorities=[ROLE_USER]]] to HttpSession [org.springframework.mock.web.MockHttpSession@11757914]
2025-02-20T11:03:17.215+02:00 DEBUG 8868 --- [shop] [           main] o.s.security.web.FilterChainProxy        : Securing GET /user/cart/total
2025-02-20T11:03:17.215+02:00 DEBUG 8868 --- [shop] [           main] w.c.HttpSessionSecurityContextRepository : Retrieved SecurityContextImpl [Authentication=UsernamePasswordAuthenticationToken [Principal=org.springframework.security.core.userdetails.User [Username=user, Password=[PROTECTED], Enabled=true, AccountNonExpired=true, CredentialsNonExpired=true, AccountNonLocked=true, Granted Authorities=[ROLE_USER]], Credentials=[PROTECTED], Authenticated=true, Details=null, Granted Authorities=[ROLE_USER]]]
2025-02-20T11:03:17.215+02:00 DEBUG 8868 --- [shop] [           main] o.s.security.web.FilterChainProxy        : Secured GET /user/cart/total
2025-02-20T11:03:17.215+02:00 DEBUG 8868 --- [shop] [           main] o.s.t.web.servlet.TestDispatcherServlet  : GET "/user/cart/total", parameters={}
2025-02-20T11:03:17.218+02:00 DEBUG 8868 --- [shop] [           main] s.w.s.m.m.a.RequestMappingHandlerMapping : Mapped to com.online.shop.controllers.CartController#getCartTotal(Principal)
2025-02-20T11:03:17.230+02:00 DEBUG 8868 --- [shop] [           main] org.hibernate.SQL                        : select u1_0.id,u1_0.code_expiration,u1_0.email,u1_0.fcm_token,u1_0.password,u1_0.role,u1_0.username,u1_0.verification_code,u1_0.verified from users u1_0 where u1_0.username=?
Hibernate: select u1_0.id,u1_0.code_expiration,u1_0.email,u1_0.fcm_token,u1_0.password,u1_0.role,u1_0.username,u1_0.verification_code,u1_0.verified from users u1_0 where u1_0.username=?
2025-02-20T11:03:17.248+02:00 DEBUG 8868 --- [shop] [           main] org.hibernate.SQL                        : select sc1_0.id,sc1_0.user_id from shopping_cart sc1_0 where sc1_0.user_id=?
Hibernate: select sc1_0.id,sc1_0.user_id from shopping_cart sc1_0 where sc1_0.user_id=?
2025-02-20T11:03:17.294+02:00 DEBUG 8868 --- [shop] [           main] o.s.w.s.m.m.a.HttpEntityMethodProcessor  : Using 'application/json', given [*/*] and supported [application/json, application/*+json]
2025-02-20T11:03:17.294+02:00 DEBUG 8868 --- [shop] [           main] o.s.w.s.m.m.a.HttpEntityMethodProcessor  : Writing [500.0]
2025-02-20T11:03:17.305+02:00 DEBUG 8868 --- [shop] [           main] o.s.t.web.servlet.TestDispatcherServlet  : Completed 200 OK
2025-02-20T11:03:17.326+02:00 DEBUG 8868 --- [shop] [           main] o.s.test.util.ReflectionTestUtils        : Invoking method 'getFilters' on target object [FilterChainProxy[Filter Chains: null]] or target class [null] with arguments {org.springframework.mock.web.MockHttpServletRequest@2351ad5a}
2025-02-20T11:03:17.326+02:00 DEBUG 8868 --- [shop] [           main] o.s.test.util.ReflectionTestUtils        : Invoking method 'getFilters' on target object [FilterChainProxy[Filter Chains: null]] or target class [null] with arguments {org.springframework.mock.web.MockHttpServletRequest@2351ad5a}
2025-02-20T11:03:17.326+02:00 DEBUG 8868 --- [shop] [           main] o.s.test.util.ReflectionTestUtils        : Getting field 'securityContextRepository' from target object [org.springframework.security.web.context.SecurityContextHolderFilter@5dd7f921] or target class [class org.springframework.security.web.context.SecurityContextHolderFilter]
2025-02-20T11:03:17.326+02:00 DEBUG 8868 --- [shop] [           main] w.c.HttpSessionSecurityContextRepository : Created HttpSession as SecurityContext is non-default
2025-02-20T11:03:17.326+02:00 DEBUG 8868 --- [shop] [           main] w.c.HttpSessionSecurityContextRepository : Stored SecurityContextImpl [Authentication=UsernamePasswordAuthenticationToken [Principal=org.springframework.security.core.userdetails.User [Username=user, Password=[PROTECTED], Enabled=true, AccountNonExpired=true, CredentialsNonExpired=true, AccountNonLocked=true, Granted Authorities=[ROLE_USER]], Credentials=[PROTECTED], Authenticated=true, Details=null, Granted Authorities=[ROLE_USER]]] to HttpSession [org.springframework.mock.web.MockHttpSession@27f0a71d]
2025-02-20T11:03:17.326+02:00 DEBUG 8868 --- [shop] [           main] o.s.security.web.FilterChainProxy        : Securing DELETE /user/cart/clearCart
2025-02-20T11:03:17.326+02:00 DEBUG 8868 --- [shop] [           main] w.c.HttpSessionSecurityContextRepository : Retrieved SecurityContextImpl [Authentication=UsernamePasswordAuthenticationToken [Principal=org.springframework.security.core.userdetails.User [Username=user, Password=[PROTECTED], Enabled=true, AccountNonExpired=true, CredentialsNonExpired=true, AccountNonLocked=true, Granted Authorities=[ROLE_USER]], Credentials=[PROTECTED], Authenticated=true, Details=null, Granted Authorities=[ROLE_USER]]]
2025-02-20T11:03:17.326+02:00 DEBUG 8868 --- [shop] [           main] o.s.security.web.FilterChainProxy        : Secured DELETE /user/cart/clearCart
2025-02-20T11:03:17.326+02:00 DEBUG 8868 --- [shop] [           main] o.s.t.web.servlet.TestDispatcherServlet  : DELETE "/user/cart/clearCart", parameters={}
2025-02-20T11:03:17.326+02:00 DEBUG 8868 --- [shop] [           main] s.w.s.m.m.a.RequestMappingHandlerMapping : Mapped to com.online.shop.controllers.CartController#clearCart(Principal)
2025-02-20T11:03:17.340+02:00 DEBUG 8868 --- [shop] [           main] org.hibernate.SQL                        : select u1_0.id,u1_0.code_expiration,u1_0.email,u1_0.fcm_token,u1_0.password,u1_0.role,u1_0.username,u1_0.verification_code,u1_0.verified from users u1_0 where u1_0.username=?
Hibernate: select u1_0.id,u1_0.code_expiration,u1_0.email,u1_0.fcm_token,u1_0.password,u1_0.role,u1_0.username,u1_0.verification_code,u1_0.verified from users u1_0 where u1_0.username=?
2025-02-20T11:03:17.341+02:00 DEBUG 8868 --- [shop] [           main] org.hibernate.SQL                        : select sc1_0.id,sc1_0.user_id from shopping_cart sc1_0 where sc1_0.user_id=?
Hibernate: select sc1_0.id,sc1_0.user_id from shopping_cart sc1_0 where sc1_0.user_id=?
2025-02-20T11:03:17.341+02:00 DEBUG 8868 --- [shop] [           main] o.s.orm.jpa.JpaTransactionManager        : Found thread-bound EntityManager [SessionImpl(115791172<open>)] for JPA transaction
2025-02-20T11:03:17.341+02:00 DEBUG 8868 --- [shop] [           main] o.s.orm.jpa.JpaTransactionManager        : Participating in existing transaction
2025-02-20T11:03:17.341+02:00 DEBUG 8868 --- [shop] [           main] o.s.w.s.m.m.a.HttpEntityMethodProcessor  : Using 'text/plain', given [*/*] and supported [text/plain, */*, application/json, application/*+json]
2025-02-20T11:03:17.341+02:00 DEBUG 8868 --- [shop] [           main] o.s.w.s.m.m.a.HttpEntityMethodProcessor  : Writing ["The cart has been cleared!"]
2025-02-20T11:03:17.350+02:00 DEBUG 8868 --- [shop] [           main] o.s.t.web.servlet.TestDispatcherServlet  : Completed 200 OK
2025-02-20T11:03:17.360+02:00 DEBUG 8868 --- [shop] [           main] org.hibernate.SQL                        : select u1_0.id,u1_0.code_expiration,u1_0.email,u1_0.fcm_token,u1_0.password,u1_0.role,u1_0.username,u1_0.verification_code,u1_0.verified from users u1_0 where u1_0.username=?
Hibernate: select u1_0.id,u1_0.code_expiration,u1_0.email,u1_0.fcm_token,u1_0.password,u1_0.role,u1_0.username,u1_0.verification_code,u1_0.verified from users u1_0 where u1_0.username=?
2025-02-20T11:03:17.360+02:00 DEBUG 8868 --- [shop] [           main] org.springframework.test.context.cache   : Spring test ApplicationContext cache statistics: [DefaultContextCache@64d19dad size = 2, maxSize = 32, parentContextCount = 0, hitCount = 47, missCount = 2, failureCount = 0]
2025-02-20T11:03:17.360+02:00 DEBUG 8868 --- [shop] [           main] org.springframework.test.context.cache   : Spring test ApplicationContext cache statistics: [DefaultContextCache@64d19dad size = 2, maxSize = 32, parentContextCount = 0, hitCount = 48, missCount = 2, failureCount = 0]
2025-02-20T11:03:17.370+02:00 DEBUG 8868 --- [shop] [           main] org.springframework.test.context.cache   : Spring test ApplicationContext cache statistics: [DefaultContextCache@64d19dad size = 2, maxSize = 32, parentContextCount = 0, hitCount = 49, missCount = 2, failureCount = 0]
2025-02-20T11:03:17.370+02:00 DEBUG 8868 --- [shop] [           main] org.springframework.test.context.cache   : Spring test ApplicationContext cache statistics: [DefaultContextCache@64d19dad size = 2, maxSize = 32, parentContextCount = 0, hitCount = 50, missCount = 2, failureCount = 0]
2025-02-20T11:03:17.370+02:00 DEBUG 8868 --- [shop] [           main] org.springframework.test.context.cache   : Spring test ApplicationContext cache statistics: [DefaultContextCache@64d19dad size = 2, maxSize = 32, parentContextCount = 0, hitCount = 51, missCount = 2, failureCount = 0]
2025-02-20T11:03:17.373+02:00 DEBUG 8868 --- [shop] [           main] org.springframework.test.context.cache   : Spring test ApplicationContext cache statistics: [DefaultContextCache@64d19dad size = 2, maxSize = 32, parentContextCount = 0, hitCount = 52, missCount = 2, failureCount = 0]
2025-02-20T11:03:17.373+02:00 DEBUG 8868 --- [shop] [           main] org.springframework.test.context.cache   : Spring test ApplicationContext cache statistics: [DefaultContextCache@64d19dad size = 2, maxSize = 32, parentContextCount = 0, hitCount = 53, missCount = 2, failureCount = 0]
2025-02-20T11:03:17.373+02:00 DEBUG 8868 --- [shop] [           main] org.springframework.test.context.cache   : Spring test ApplicationContext cache statistics: [DefaultContextCache@64d19dad size = 2, maxSize = 32, parentContextCount = 0, hitCount = 54, missCount = 2, failureCount = 0]
2025-02-20T11:03:17.380+02:00 DEBUG 8868 --- [shop] [           main] o.s.orm.jpa.JpaTransactionManager        : Initiating transaction rollback
2025-02-20T11:03:17.380+02:00 DEBUG 8868 --- [shop] [           main] o.s.orm.jpa.JpaTransactionManager        : Rolling back JPA transaction on EntityManager [SessionImpl(115791172<open>)]
2025-02-20T11:03:17.380+02:00 DEBUG 8868 --- [shop] [           main] o.s.orm.jpa.JpaTransactionManager        : Closing JPA EntityManager [SessionImpl(115791172<open>)] after transaction
2025-02-20T11:03:17.380+02:00 DEBUG 8868 --- [shop] [           main] o.s.t.c.transaction.TransactionContext   : Rolled back transaction (1) for test class [com.online.shop.CartControllerIntegrationTest]; test method [checkCartContent]
2025-02-20T11:03:17.380+02:00 DEBUG 8868 --- [shop] [           main] .c.s.DirtiesContextTestExecutionListener : After test method: class [CartControllerIntegrationTest], method [checkCartContent], class annotated with @DirtiesContext [false] with mode [null], method annotated with @DirtiesContext [false] with mode [null]
2025-02-20T11:03:17.380+02:00 DEBUG 8868 --- [shop] [           main] o.s.t.c.w.ServletTestExecutionListener   : Resetting RequestContextHolder for test class com.online.shop.CartControllerIntegrationTest
]]></system-out>
  </testcase>
  <testcase name="testAddingAndDeletingOrders" classname="com.online.shop.CartControllerIntegrationTest" time="0.161">
    <system-out><![CDATA[2025-02-20T11:03:17.390+02:00 DEBUG 8868 --- [shop] [           main] org.springframework.test.context.cache   : Spring test ApplicationContext cache statistics: [DefaultContextCache@64d19dad size = 2, maxSize = 32, parentContextCount = 0, hitCount = 55, missCount = 2, failureCount = 0]
2025-02-20T11:03:17.390+02:00 DEBUG 8868 --- [shop] [           main] o.s.t.c.w.ServletTestExecutionListener   : Setting up MockHttpServletRequest, MockHttpServletResponse, ServletWebRequest, and RequestContextHolder for test class com.online.shop.CartControllerIntegrationTest
2025-02-20T11:03:17.390+02:00 DEBUG 8868 --- [shop] [           main] DependencyInjectionTestExecutionListener : Performing dependency injection for test class com.online.shop.CartControllerIntegrationTest
2025-02-20T11:03:17.390+02:00 DEBUG 8868 --- [shop] [           main] org.springframework.test.context.cache   : Spring test ApplicationContext cache statistics: [DefaultContextCache@64d19dad size = 2, maxSize = 32, parentContextCount = 0, hitCount = 56, missCount = 2, failureCount = 0]
2025-02-20T11:03:17.390+02:00 DEBUG 8868 --- [shop] [           main] org.springframework.test.context.cache   : Spring test ApplicationContext cache statistics: [DefaultContextCache@64d19dad size = 2, maxSize = 32, parentContextCount = 0, hitCount = 57, missCount = 2, failureCount = 0]
2025-02-20T11:03:17.390+02:00 DEBUG 8868 --- [shop] [           main] sContextBeforeModesTestExecutionListener : Before test method: class [CartControllerIntegrationTest], method [testAddingAndDeletingOrders], class annotated with @DirtiesContext [false] with mode [null], method annotated with @DirtiesContext [false] with mode [null]
2025-02-20T11:03:17.390+02:00 DEBUG 8868 --- [shop] [           main] t.c.t.TransactionalTestExecutionListener : Explicit transaction definition [PROPAGATION_REQUIRED,ISOLATION_DEFAULT] found for test class [com.online.shop.CartControllerIntegrationTest] and test method [testAddingAndDeletingOrders]
2025-02-20T11:03:17.390+02:00 DEBUG 8868 --- [shop] [           main] org.springframework.test.context.cache   : Spring test ApplicationContext cache statistics: [DefaultContextCache@64d19dad size = 2, maxSize = 32, parentContextCount = 0, hitCount = 58, missCount = 2, failureCount = 0]
2025-02-20T11:03:17.390+02:00 DEBUG 8868 --- [shop] [           main] t.c.t.TransactionalTestExecutionListener : No method-level @Rollback override: using default rollback [true] for test method [public void com.online.shop.CartControllerIntegrationTest.testAddingAndDeletingOrders() throws java.lang.Exception]
2025-02-20T11:03:17.390+02:00 DEBUG 8868 --- [shop] [           main] o.s.orm.jpa.JpaTransactionManager        : Creating new transaction with name [com.online.shop.CartControllerIntegrationTest.testAddingAndDeletingOrders]: PROPAGATION_REQUIRED,ISOLATION_DEFAULT
2025-02-20T11:03:17.390+02:00 DEBUG 8868 --- [shop] [           main] o.s.orm.jpa.JpaTransactionManager        : Opened new EntityManager [SessionImpl(1079496040<open>)] for JPA transaction
2025-02-20T11:03:17.390+02:00 DEBUG 8868 --- [shop] [           main] o.s.orm.jpa.JpaTransactionManager        : Exposing JPA transaction as JDBC [org.springframework.orm.jpa.vendor.HibernateJpaDialect$HibernateConnectionHandle@3db8ca0e]
2025-02-20T11:03:17.395+02:00 DEBUG 8868 --- [shop] [           main] o.s.t.c.transaction.TransactionContext   : Began transaction (1) for test class [com.online.shop.CartControllerIntegrationTest]; test method [testAddingAndDeletingOrders]; transaction manager [org.springframework.orm.jpa.JpaTransactionManager@2bd89b8e]; rollback [true]
2025-02-20T11:03:17.395+02:00 DEBUG 8868 --- [shop] [           main] org.springframework.test.context.cache   : Spring test ApplicationContext cache statistics: [DefaultContextCache@64d19dad size = 2, maxSize = 32, parentContextCount = 0, hitCount = 59, missCount = 2, failureCount = 0]
2025-02-20T11:03:17.395+02:00 DEBUG 8868 --- [shop] [           main] org.springframework.test.context.cache   : Spring test ApplicationContext cache statistics: [DefaultContextCache@64d19dad size = 2, maxSize = 32, parentContextCount = 0, hitCount = 60, missCount = 2, failureCount = 0]
2025-02-20T11:03:17.395+02:00 DEBUG 8868 --- [shop] [           main] org.springframework.test.context.cache   : Spring test ApplicationContext cache statistics: [DefaultContextCache@64d19dad size = 2, maxSize = 32, parentContextCount = 0, hitCount = 61, missCount = 2, failureCount = 0]
2025-02-20T11:03:17.395+02:00 DEBUG 8868 --- [shop] [           main] org.springframework.test.context.cache   : Spring test ApplicationContext cache statistics: [DefaultContextCache@64d19dad size = 2, maxSize = 32, parentContextCount = 0, hitCount = 62, missCount = 2, failureCount = 0]
2025-02-20T11:03:17.395+02:00 DEBUG 8868 --- [shop] [           main] org.springframework.test.context.cache   : Spring test ApplicationContext cache statistics: [DefaultContextCache@64d19dad size = 2, maxSize = 32, parentContextCount = 0, hitCount = 63, missCount = 2, failureCount = 0]
2025-02-20T11:03:17.400+02:00 DEBUG 8868 --- [shop] [           main] o.s.orm.jpa.JpaTransactionManager        : Found thread-bound EntityManager [SessionImpl(1079496040<open>)] for JPA transaction
2025-02-20T11:03:17.400+02:00 DEBUG 8868 --- [shop] [           main] o.s.orm.jpa.JpaTransactionManager        : Participating in existing transaction
2025-02-20T11:03:17.405+02:00 DEBUG 8868 --- [shop] [           main] org.hibernate.SQL                        : select p1_0.id,p1_0.category_id,p1_0.created_at,p1_0.description,p1_0.discount,p1_0.name,p1_0.price,p1_0.rating,p1_0.sales,p1_0.stock from product p1_0
Hibernate: select p1_0.id,p1_0.category_id,p1_0.created_at,p1_0.description,p1_0.discount,p1_0.name,p1_0.price,p1_0.rating,p1_0.sales,p1_0.stock from product p1_0
2025-02-20T11:03:17.405+02:00 DEBUG 8868 --- [shop] [           main] o.s.orm.jpa.JpaTransactionManager        : Found thread-bound EntityManager [SessionImpl(1079496040<open>)] for JPA transaction
2025-02-20T11:03:17.405+02:00 DEBUG 8868 --- [shop] [           main] o.s.orm.jpa.JpaTransactionManager        : Participating in existing transaction
2025-02-20T11:03:17.410+02:00 DEBUG 8868 --- [shop] [           main] o.s.orm.jpa.JpaTransactionManager        : Found thread-bound EntityManager [SessionImpl(1079496040<open>)] for JPA transaction
2025-02-20T11:03:17.410+02:00 DEBUG 8868 --- [shop] [           main] o.s.orm.jpa.JpaTransactionManager        : Participating in existing transaction
2025-02-20T11:03:17.410+02:00 DEBUG 8868 --- [shop] [           main] o.s.orm.jpa.JpaTransactionManager        : Found thread-bound EntityManager [SessionImpl(1079496040<open>)] for JPA transaction
2025-02-20T11:03:17.410+02:00 DEBUG 8868 --- [shop] [           main] o.s.orm.jpa.JpaTransactionManager        : Participating in existing transaction
2025-02-20T11:03:17.415+02:00 DEBUG 8868 --- [shop] [           main] org.hibernate.SQL                        : select u1_0.id,u1_0.code_expiration,u1_0.email,u1_0.fcm_token,u1_0.password,u1_0.role,u1_0.username,u1_0.verification_code,u1_0.verified from users u1_0
Hibernate: select u1_0.id,u1_0.code_expiration,u1_0.email,u1_0.fcm_token,u1_0.password,u1_0.role,u1_0.username,u1_0.verification_code,u1_0.verified from users u1_0
2025-02-20T11:03:17.415+02:00 DEBUG 8868 --- [shop] [           main] org.hibernate.SQL                        : select sc1_0.id,u1_0.id,u1_0.code_expiration,u1_0.email,u1_0.fcm_token,n1_0.id,n1_0.new_arrivals,n1_0.offers,n1_0.order_status,n1_0.via_email,n1_0.via_push,u1_0.password,u1_0.role,s1_0.id,s1_0.address_line1,s1_0.address_line2,s1_0.country,s1_0.first_name,s1_0.last_name,s1_0.phone_number,s1_0.postal_code,s1_0.province,s1_0.town,t1_0.id,t1_0.amount,t1_0.currency,t1_0.payment_method,t1_0.status,t1_0.transaction_date,t1_0.transaction_id,u1_0.username,u1_0.verification_code,u1_0.verified,wl1_0.id,o1_0.user_id,o1_0.id,o1_0.created_at,o1_0.status,o1_0.total from shopping_cart sc1_0 left join users u1_0 on u1_0.id=sc1_0.user_id left join notifications n1_0 on u1_0.id=n1_0.user_id left join shipment s1_0 on u1_0.id=s1_0.user_id left join transaction t1_0 on u1_0.id=t1_0.user_id left join wish_list wl1_0 on u1_0.id=wl1_0.user_id left join orders o1_0 on u1_0.id=o1_0.user_id where sc1_0.user_id=?
Hibernate: select sc1_0.id,u1_0.id,u1_0.code_expiration,u1_0.email,u1_0.fcm_token,n1_0.id,n1_0.new_arrivals,n1_0.offers,n1_0.order_status,n1_0.via_email,n1_0.via_push,u1_0.password,u1_0.role,s1_0.id,s1_0.address_line1,s1_0.address_line2,s1_0.country,s1_0.first_name,s1_0.last_name,s1_0.phone_number,s1_0.postal_code,s1_0.province,s1_0.town,t1_0.id,t1_0.amount,t1_0.currency,t1_0.payment_method,t1_0.status,t1_0.transaction_date,t1_0.transaction_id,u1_0.username,u1_0.verification_code,u1_0.verified,wl1_0.id,o1_0.user_id,o1_0.id,o1_0.created_at,o1_0.status,o1_0.total from shopping_cart sc1_0 left join users u1_0 on u1_0.id=sc1_0.user_id left join notifications n1_0 on u1_0.id=n1_0.user_id left join shipment s1_0 on u1_0.id=s1_0.user_id left join transaction t1_0 on u1_0.id=t1_0.user_id left join wish_list wl1_0 on u1_0.id=wl1_0.user_id left join orders o1_0 on u1_0.id=o1_0.user_id where sc1_0.user_id=?
2025-02-20T11:03:17.420+02:00 DEBUG 8868 --- [shop] [           main] org.hibernate.SQL                        : select n1_0.id,n1_0.new_arrivals,n1_0.offers,n1_0.order_status,u1_0.id,c1_0.id,u1_0.code_expiration,u1_0.email,u1_0.fcm_token,u1_0.password,u1_0.role,s1_0.id,s1_0.address_line1,s1_0.address_line2,s1_0.country,s1_0.first_name,s1_0.last_name,s1_0.phone_number,s1_0.postal_code,s1_0.province,s1_0.town,t1_0.id,t1_0.amount,t1_0.currency,t1_0.payment_method,t1_0.status,t1_0.transaction_date,t1_0.transaction_id,u1_0.username,u1_0.verification_code,u1_0.verified,wl1_0.id,o1_0.user_id,o1_0.id,o1_0.created_at,o1_0.status,o1_0.total,n1_0.via_email,n1_0.via_push from notifications n1_0 left join users u1_0 on u1_0.id=n1_0.user_id left join shopping_cart c1_0 on u1_0.id=c1_0.user_id left join shipment s1_0 on u1_0.id=s1_0.user_id left join transaction t1_0 on u1_0.id=t1_0.user_id left join wish_list wl1_0 on u1_0.id=wl1_0.user_id left join orders o1_0 on u1_0.id=o1_0.user_id where n1_0.user_id=?
Hibernate: select n1_0.id,n1_0.new_arrivals,n1_0.offers,n1_0.order_status,u1_0.id,c1_0.id,u1_0.code_expiration,u1_0.email,u1_0.fcm_token,u1_0.password,u1_0.role,s1_0.id,s1_0.address_line1,s1_0.address_line2,s1_0.country,s1_0.first_name,s1_0.last_name,s1_0.phone_number,s1_0.postal_code,s1_0.province,s1_0.town,t1_0.id,t1_0.amount,t1_0.currency,t1_0.payment_method,t1_0.status,t1_0.transaction_date,t1_0.transaction_id,u1_0.username,u1_0.verification_code,u1_0.verified,wl1_0.id,o1_0.user_id,o1_0.id,o1_0.created_at,o1_0.status,o1_0.total,n1_0.via_email,n1_0.via_push from notifications n1_0 left join users u1_0 on u1_0.id=n1_0.user_id left join shopping_cart c1_0 on u1_0.id=c1_0.user_id left join shipment s1_0 on u1_0.id=s1_0.user_id left join transaction t1_0 on u1_0.id=t1_0.user_id left join wish_list wl1_0 on u1_0.id=wl1_0.user_id left join orders o1_0 on u1_0.id=o1_0.user_id where n1_0.user_id=?
2025-02-20T11:03:17.420+02:00 DEBUG 8868 --- [shop] [           main] org.hibernate.SQL                        : select s1_0.id,s1_0.address_line1,s1_0.address_line2,s1_0.country,s1_0.first_name,s1_0.last_name,s1_0.phone_number,s1_0.postal_code,s1_0.province,s1_0.town,u1_0.id,c1_0.id,u1_0.code_expiration,u1_0.email,u1_0.fcm_token,n1_0.id,n1_0.new_arrivals,n1_0.offers,n1_0.order_status,n1_0.via_email,n1_0.via_push,u1_0.password,u1_0.role,t1_0.id,t1_0.amount,t1_0.currency,t1_0.payment_method,t1_0.status,t1_0.transaction_date,t1_0.transaction_id,u1_0.username,u1_0.verification_code,u1_0.verified,wl1_0.id,o1_0.user_id,o1_0.id,o1_0.created_at,o1_0.status,o1_0.total from shipment s1_0 left join users u1_0 on u1_0.id=s1_0.user_id left join shopping_cart c1_0 on u1_0.id=c1_0.user_id left join notifications n1_0 on u1_0.id=n1_0.user_id left join transaction t1_0 on u1_0.id=t1_0.user_id left join wish_list wl1_0 on u1_0.id=wl1_0.user_id left join orders o1_0 on u1_0.id=o1_0.user_id where s1_0.user_id=?
Hibernate: select s1_0.id,s1_0.address_line1,s1_0.address_line2,s1_0.country,s1_0.first_name,s1_0.last_name,s1_0.phone_number,s1_0.postal_code,s1_0.province,s1_0.town,u1_0.id,c1_0.id,u1_0.code_expiration,u1_0.email,u1_0.fcm_token,n1_0.id,n1_0.new_arrivals,n1_0.offers,n1_0.order_status,n1_0.via_email,n1_0.via_push,u1_0.password,u1_0.role,t1_0.id,t1_0.amount,t1_0.currency,t1_0.payment_method,t1_0.status,t1_0.transaction_date,t1_0.transaction_id,u1_0.username,u1_0.verification_code,u1_0.verified,wl1_0.id,o1_0.user_id,o1_0.id,o1_0.created_at,o1_0.status,o1_0.total from shipment s1_0 left join users u1_0 on u1_0.id=s1_0.user_id left join shopping_cart c1_0 on u1_0.id=c1_0.user_id left join notifications n1_0 on u1_0.id=n1_0.user_id left join transaction t1_0 on u1_0.id=t1_0.user_id left join wish_list wl1_0 on u1_0.id=wl1_0.user_id left join orders o1_0 on u1_0.id=o1_0.user_id where s1_0.user_id=?
2025-02-20T11:03:17.420+02:00 DEBUG 8868 --- [shop] [           main] org.hibernate.SQL                        : select t1_0.id,t1_0.amount,t1_0.currency,t1_0.payment_method,t1_0.status,t1_0.transaction_date,t1_0.transaction_id,u1_0.id,c1_0.id,u1_0.code_expiration,u1_0.email,u1_0.fcm_token,n1_0.id,n1_0.new_arrivals,n1_0.offers,n1_0.order_status,n1_0.via_email,n1_0.via_push,u1_0.password,u1_0.role,s1_0.id,s1_0.address_line1,s1_0.address_line2,s1_0.country,s1_0.first_name,s1_0.last_name,s1_0.phone_number,s1_0.postal_code,s1_0.province,s1_0.town,u1_0.username,u1_0.verification_code,u1_0.verified,wl1_0.id,o1_0.user_id,o1_0.id,o1_0.created_at,o1_0.status,o1_0.total from transaction t1_0 left join users u1_0 on u1_0.id=t1_0.user_id left join shopping_cart c1_0 on u1_0.id=c1_0.user_id left join notifications n1_0 on u1_0.id=n1_0.user_id left join shipment s1_0 on u1_0.id=s1_0.user_id left join wish_list wl1_0 on u1_0.id=wl1_0.user_id left join orders o1_0 on u1_0.id=o1_0.user_id where t1_0.user_id=?
Hibernate: select t1_0.id,t1_0.amount,t1_0.currency,t1_0.payment_method,t1_0.status,t1_0.transaction_date,t1_0.transaction_id,u1_0.id,c1_0.id,u1_0.code_expiration,u1_0.email,u1_0.fcm_token,n1_0.id,n1_0.new_arrivals,n1_0.offers,n1_0.order_status,n1_0.via_email,n1_0.via_push,u1_0.password,u1_0.role,s1_0.id,s1_0.address_line1,s1_0.address_line2,s1_0.country,s1_0.first_name,s1_0.last_name,s1_0.phone_number,s1_0.postal_code,s1_0.province,s1_0.town,u1_0.username,u1_0.verification_code,u1_0.verified,wl1_0.id,o1_0.user_id,o1_0.id,o1_0.created_at,o1_0.status,o1_0.total from transaction t1_0 left join users u1_0 on u1_0.id=t1_0.user_id left join shopping_cart c1_0 on u1_0.id=c1_0.user_id left join notifications n1_0 on u1_0.id=n1_0.user_id left join shipment s1_0 on u1_0.id=s1_0.user_id left join wish_list wl1_0 on u1_0.id=wl1_0.user_id left join orders o1_0 on u1_0.id=o1_0.user_id where t1_0.user_id=?
2025-02-20T11:03:17.430+02:00 DEBUG 8868 --- [shop] [           main] org.hibernate.SQL                        : select i1_0.cart_id,i1_0.id,p1_0.id,c2_0.id,c2_0.name,p1_0.created_at,p1_0.description,p1_0.discount,p1_0.name,p1_0.price,p1_0.rating,p1_0.sales,p1_0.stock,i1_0.quantity from cart_item i1_0 left join product p1_0 on p1_0.id=i1_0.product_id left join category c2_0 on c2_0.id=p1_0.category_id where i1_0.cart_id=?
Hibernate: select i1_0.cart_id,i1_0.id,p1_0.id,c2_0.id,c2_0.name,p1_0.created_at,p1_0.description,p1_0.discount,p1_0.name,p1_0.price,p1_0.rating,p1_0.sales,p1_0.stock,i1_0.quantity from cart_item i1_0 left join product p1_0 on p1_0.id=i1_0.product_id left join category c2_0 on c2_0.id=p1_0.category_id where i1_0.cart_id=?
2025-02-20T11:03:17.430+02:00 DEBUG 8868 --- [shop] [           main] org.hibernate.SQL                        : select r1_0.user_id,r1_0.id,r1_0.created_at,r1_0.posted_by,p1_0.id,c1_0.id,c1_0.name,p1_0.created_at,p1_0.description,p1_0.discount,p1_0.name,p1_0.price,p1_0.rating,p1_0.sales,p1_0.stock,r1_0.rating,r1_0.text from review r1_0 left join product p1_0 on p1_0.id=r1_0.product_id left join category c1_0 on c1_0.id=p1_0.category_id where r1_0.user_id=?
Hibernate: select r1_0.user_id,r1_0.id,r1_0.created_at,r1_0.posted_by,p1_0.id,c1_0.id,c1_0.name,p1_0.created_at,p1_0.description,p1_0.discount,p1_0.name,p1_0.price,p1_0.rating,p1_0.sales,p1_0.stock,r1_0.rating,r1_0.text from review r1_0 left join product p1_0 on p1_0.id=r1_0.product_id left join category c1_0 on c1_0.id=p1_0.category_id where r1_0.user_id=?
2025-02-20T11:03:17.436+02:00 DEBUG 8868 --- [shop] [           main] o.s.orm.jpa.JpaTransactionManager        : Found thread-bound EntityManager [SessionImpl(1079496040<open>)] for JPA transaction
2025-02-20T11:03:17.436+02:00 DEBUG 8868 --- [shop] [           main] o.s.orm.jpa.JpaTransactionManager        : Participating in existing transaction
2025-02-20T11:03:17.439+02:00 DEBUG 8868 --- [shop] [           main] org.hibernate.SQL                        : select next value for cart_item_seq
Hibernate: select next value for cart_item_seq
2025-02-20T11:03:17.440+02:00 DEBUG 8868 --- [shop] [           main] org.hibernate.SQL                        : insert into product (category_id,created_at,description,discount,name,price,rating,sales,stock,id) values (?,?,?,?,?,?,?,?,?,?)
Hibernate: insert into product (category_id,created_at,description,discount,name,price,rating,sales,stock,id) values (?,?,?,?,?,?,?,?,?,?)
2025-02-20T11:03:17.440+02:00 DEBUG 8868 --- [shop] [           main] org.hibernate.SQL                        : insert into product (category_id,created_at,description,discount,name,price,rating,sales,stock,id) values (?,?,?,?,?,?,?,?,?,?)
Hibernate: insert into product (category_id,created_at,description,discount,name,price,rating,sales,stock,id) values (?,?,?,?,?,?,?,?,?,?)
2025-02-20T11:03:17.440+02:00 DEBUG 8868 --- [shop] [           main] org.hibernate.SQL                        : insert into users (code_expiration,email,fcm_token,password,role,username,verification_code,verified,id) values (?,?,?,?,?,?,?,?,?)
Hibernate: insert into users (code_expiration,email,fcm_token,password,role,username,verification_code,verified,id) values (?,?,?,?,?,?,?,?,?)
2025-02-20T11:03:17.445+02:00 DEBUG 8868 --- [shop] [           main] org.hibernate.SQL                        : insert into shopping_cart (user_id,id) values (?,?)
Hibernate: insert into shopping_cart (user_id,id) values (?,?)
2025-02-20T11:03:17.445+02:00 DEBUG 8868 --- [shop] [           main] org.hibernate.SQL                        : insert into cart_item (cart_id,product_id,quantity,id) values (?,?,?,?)
Hibernate: insert into cart_item (cart_id,product_id,quantity,id) values (?,?,?,?)
2025-02-20T11:03:17.445+02:00 DEBUG 8868 --- [shop] [           main] org.hibernate.SQL                        : insert into notifications (new_arrivals,offers,order_status,user_id,via_email,via_push,id) values (?,?,?,?,?,?,default)
Hibernate: insert into notifications (new_arrivals,offers,order_status,user_id,via_email,via_push,id) values (?,?,?,?,?,?,default)
2025-02-20T11:03:17.451+02:00 DEBUG 8868 --- [shop] [           main] org.springframework.test.context.cache   : Spring test ApplicationContext cache statistics: [DefaultContextCache@64d19dad size = 2, maxSize = 32, parentContextCount = 0, hitCount = 64, missCount = 2, failureCount = 0]
2025-02-20T11:03:17.451+02:00 DEBUG 8868 --- [shop] [           main] o.s.test.util.ReflectionTestUtils        : Invoking method 'getFilters' on target object [FilterChainProxy[Filter Chains: null]] or target class [null] with arguments {org.springframework.mock.web.MockHttpServletRequest@15774e00}
2025-02-20T11:03:17.451+02:00 DEBUG 8868 --- [shop] [           main] o.s.test.util.ReflectionTestUtils        : Invoking method 'getFilters' on target object [FilterChainProxy[Filter Chains: null]] or target class [null] with arguments {org.springframework.mock.web.MockHttpServletRequest@15774e00}
2025-02-20T11:03:17.451+02:00 DEBUG 8868 --- [shop] [           main] o.s.test.util.ReflectionTestUtils        : Getting field 'securityContextRepository' from target object [org.springframework.security.web.context.SecurityContextHolderFilter@5dd7f921] or target class [class org.springframework.security.web.context.SecurityContextHolderFilter]
2025-02-20T11:03:17.451+02:00 DEBUG 8868 --- [shop] [           main] w.c.HttpSessionSecurityContextRepository : Created HttpSession as SecurityContext is non-default
2025-02-20T11:03:17.451+02:00 DEBUG 8868 --- [shop] [           main] w.c.HttpSessionSecurityContextRepository : Stored SecurityContextImpl [Authentication=UsernamePasswordAuthenticationToken [Principal=org.springframework.security.core.userdetails.User [Username=user, Password=[PROTECTED], Enabled=true, AccountNonExpired=true, CredentialsNonExpired=true, AccountNonLocked=true, Granted Authorities=[ROLE_USER]], Credentials=[PROTECTED], Authenticated=true, Details=null, Granted Authorities=[ROLE_USER]]] to HttpSession [org.springframework.mock.web.MockHttpSession@561419ce]
2025-02-20T11:03:17.451+02:00 DEBUG 8868 --- [shop] [           main] o.s.security.web.FilterChainProxy        : Securing POST /user/cart/addOrder
2025-02-20T11:03:17.451+02:00 DEBUG 8868 --- [shop] [           main] w.c.HttpSessionSecurityContextRepository : Retrieved SecurityContextImpl [Authentication=UsernamePasswordAuthenticationToken [Principal=org.springframework.security.core.userdetails.User [Username=user, Password=[PROTECTED], Enabled=true, AccountNonExpired=true, CredentialsNonExpired=true, AccountNonLocked=true, Granted Authorities=[ROLE_USER]], Credentials=[PROTECTED], Authenticated=true, Details=null, Granted Authorities=[ROLE_USER]]]
2025-02-20T11:03:17.451+02:00 DEBUG 8868 --- [shop] [           main] o.s.security.web.FilterChainProxy        : Secured POST /user/cart/addOrder
2025-02-20T11:03:17.451+02:00 DEBUG 8868 --- [shop] [           main] o.s.t.web.servlet.TestDispatcherServlet  : POST "/user/cart/addOrder", parameters={}
2025-02-20T11:03:17.451+02:00 DEBUG 8868 --- [shop] [           main] s.w.s.m.m.a.RequestMappingHandlerMapping : Mapped to com.online.shop.controllers.CartController#addOrder(Principal)
2025-02-20T11:03:17.460+02:00 DEBUG 8868 --- [shop] [           main] org.hibernate.SQL                        : insert into wish_list (user_id,id) values (?,?)
Hibernate: insert into wish_list (user_id,id) values (?,?)
2025-02-20T11:03:17.467+02:00 DEBUG 8868 --- [shop] [           main] org.hibernate.SQL                        : delete from wish_list_products where wish_list_id=?
Hibernate: delete from wish_list_products where wish_list_id=?
2025-02-20T11:03:17.467+02:00 DEBUG 8868 --- [shop] [           main] org.hibernate.SQL                        : delete from users_order_history where user_id=?
Hibernate: delete from users_order_history where user_id=?
2025-02-20T11:03:17.470+02:00 DEBUG 8868 --- [shop] [           main] org.hibernate.SQL                        : delete from shopping_cart where id=?
Hibernate: delete from shopping_cart where id=?
2025-02-20T11:03:17.470+02:00 DEBUG 8868 --- [shop] [           main] org.hibernate.SQL                        : delete from wish_list where id=?
Hibernate: delete from wish_list where id=?
2025-02-20T11:03:17.470+02:00 DEBUG 8868 --- [shop] [           main] org.hibernate.SQL                        : delete from users where id=?
Hibernate: delete from users where id=?
2025-02-20T11:03:17.470+02:00 DEBUG 8868 --- [shop] [           main] org.hibernate.SQL                        : select u1_0.id,u1_0.code_expiration,u1_0.email,u1_0.fcm_token,u1_0.password,u1_0.role,u1_0.username,u1_0.verification_code,u1_0.verified from users u1_0 where u1_0.username=?
Hibernate: select u1_0.id,u1_0.code_expiration,u1_0.email,u1_0.fcm_token,u1_0.password,u1_0.role,u1_0.username,u1_0.verification_code,u1_0.verified from users u1_0 where u1_0.username=?
2025-02-20T11:03:17.480+02:00 DEBUG 8868 --- [shop] [           main] org.hibernate.SQL                        : select u1_0.id,u1_0.code_expiration,u1_0.email,u1_0.fcm_token,u1_0.password,u1_0.role,u1_0.username,u1_0.verification_code,u1_0.verified from users u1_0 where u1_0.username=?
Hibernate: select u1_0.id,u1_0.code_expiration,u1_0.email,u1_0.fcm_token,u1_0.password,u1_0.role,u1_0.username,u1_0.verification_code,u1_0.verified from users u1_0 where u1_0.username=?
2025-02-20T11:03:17.486+02:00 DEBUG 8868 --- [shop] [           main] org.hibernate.SQL                        : select sc1_0.id,sc1_0.user_id from shopping_cart sc1_0 where sc1_0.user_id=?
Hibernate: select sc1_0.id,sc1_0.user_id from shopping_cart sc1_0 where sc1_0.user_id=?
2025-02-20T11:03:17.490+02:00 DEBUG 8868 --- [shop] [           main] o.s.orm.jpa.JpaTransactionManager        : Found thread-bound EntityManager [SessionImpl(1079496040<open>)] for JPA transaction
2025-02-20T11:03:17.490+02:00 DEBUG 8868 --- [shop] [           main] o.s.orm.jpa.JpaTransactionManager        : Participating in existing transaction
2025-02-20T11:03:17.490+02:00 DEBUG 8868 --- [shop] [           main] org.hibernate.SQL                        : select next value for orders_seq
Hibernate: select next value for orders_seq
2025-02-20T11:03:17.490+02:00 DEBUG 8868 --- [shop] [           main] org.hibernate.SQL                        : select next value for order_product_seq
Hibernate: select next value for order_product_seq
2025-02-20T11:03:17.501+02:00 DEBUG 8868 --- [shop] [           main] o.s.orm.jpa.JpaTransactionManager        : Found thread-bound EntityManager [SessionImpl(1079496040<open>)] for JPA transaction
2025-02-20T11:03:17.501+02:00 DEBUG 8868 --- [shop] [           main] o.s.orm.jpa.JpaTransactionManager        : Participating in existing transaction
2025-02-20T11:03:17.510+02:00 DEBUG 8868 --- [shop] [           main] o.s.orm.jpa.JpaTransactionManager        : Found thread-bound EntityManager [SessionImpl(1079496040<open>)] for JPA transaction
2025-02-20T11:03:17.510+02:00 DEBUG 8868 --- [shop] [           main] o.s.orm.jpa.JpaTransactionManager        : Participating in existing transaction
2025-02-20T11:03:17.510+02:00 DEBUG 8868 --- [shop] [           main] o.s.orm.jpa.JpaTransactionManager        : Found thread-bound EntityManager [SessionImpl(1079496040<open>)] for JPA transaction
2025-02-20T11:03:17.510+02:00 DEBUG 8868 --- [shop] [           main] o.s.orm.jpa.JpaTransactionManager        : Participating in existing transaction
2025-02-20T11:03:17.510+02:00 DEBUG 8868 --- [shop] [           main] o.s.orm.jpa.JpaTransactionManager        : Found thread-bound EntityManager [SessionImpl(1079496040<open>)] for JPA transaction
2025-02-20T11:03:17.510+02:00 DEBUG 8868 --- [shop] [           main] o.s.orm.jpa.JpaTransactionManager        : Participating in existing transaction
2025-02-20T11:03:17.510+02:00 DEBUG 8868 --- [shop] [           main] o.s.w.s.m.m.a.HttpEntityMethodProcessor  : Using 'application/json', given [*/*] and supported [application/json, application/*+json]
2025-02-20T11:03:17.510+02:00 DEBUG 8868 --- [shop] [           main] o.s.w.s.m.m.a.HttpEntityMethodProcessor  : Writing [1]
2025-02-20T11:03:17.515+02:00 DEBUG 8868 --- [shop] [           main] o.s.t.web.servlet.TestDispatcherServlet  : Completed 200 OK
2025-02-20T11:03:17.520+02:00 DEBUG 8868 --- [shop] [           main] org.hibernate.SQL                        : select u1_0.id,u1_0.code_expiration,u1_0.email,u1_0.fcm_token,u1_0.password,u1_0.role,u1_0.username,u1_0.verification_code,u1_0.verified from users u1_0 where u1_0.username=?
Hibernate: select u1_0.id,u1_0.code_expiration,u1_0.email,u1_0.fcm_token,u1_0.password,u1_0.role,u1_0.username,u1_0.verification_code,u1_0.verified from users u1_0 where u1_0.username=?
2025-02-20T11:03:17.525+02:00 DEBUG 8868 --- [shop] [           main] o.s.test.util.ReflectionTestUtils        : Invoking method 'getFilters' on target object [FilterChainProxy[Filter Chains: null]] or target class [null] with arguments {org.springframework.mock.web.MockHttpServletRequest@5ca32d1a}
2025-02-20T11:03:17.525+02:00 DEBUG 8868 --- [shop] [           main] o.s.test.util.ReflectionTestUtils        : Invoking method 'getFilters' on target object [FilterChainProxy[Filter Chains: null]] or target class [null] with arguments {org.springframework.mock.web.MockHttpServletRequest@5ca32d1a}
2025-02-20T11:03:17.525+02:00 DEBUG 8868 --- [shop] [           main] o.s.test.util.ReflectionTestUtils        : Getting field 'securityContextRepository' from target object [org.springframework.security.web.context.SecurityContextHolderFilter@5dd7f921] or target class [class org.springframework.security.web.context.SecurityContextHolderFilter]
2025-02-20T11:03:17.525+02:00 DEBUG 8868 --- [shop] [           main] w.c.HttpSessionSecurityContextRepository : Created HttpSession as SecurityContext is non-default
2025-02-20T11:03:17.525+02:00 DEBUG 8868 --- [shop] [           main] w.c.HttpSessionSecurityContextRepository : Stored SecurityContextImpl [Authentication=UsernamePasswordAuthenticationToken [Principal=org.springframework.security.core.userdetails.User [Username=user, Password=[PROTECTED], Enabled=true, AccountNonExpired=true, CredentialsNonExpired=true, AccountNonLocked=true, Granted Authorities=[ROLE_USER]], Credentials=[PROTECTED], Authenticated=true, Details=null, Granted Authorities=[ROLE_USER]]] to HttpSession [org.springframework.mock.web.MockHttpSession@31489acc]
2025-02-20T11:03:17.525+02:00 DEBUG 8868 --- [shop] [           main] o.s.security.web.FilterChainProxy        : Securing POST /user/cart/removeOrder/1
2025-02-20T11:03:17.525+02:00 DEBUG 8868 --- [shop] [           main] w.c.HttpSessionSecurityContextRepository : Retrieved SecurityContextImpl [Authentication=UsernamePasswordAuthenticationToken [Principal=org.springframework.security.core.userdetails.User [Username=user, Password=[PROTECTED], Enabled=true, AccountNonExpired=true, CredentialsNonExpired=true, AccountNonLocked=true, Granted Authorities=[ROLE_USER]], Credentials=[PROTECTED], Authenticated=true, Details=null, Granted Authorities=[ROLE_USER]]]
2025-02-20T11:03:17.525+02:00 DEBUG 8868 --- [shop] [           main] o.s.security.web.FilterChainProxy        : Secured POST /user/cart/removeOrder/1
2025-02-20T11:03:17.525+02:00 DEBUG 8868 --- [shop] [           main] o.s.t.web.servlet.TestDispatcherServlet  : POST "/user/cart/removeOrder/1", parameters={}
2025-02-20T11:03:17.525+02:00 DEBUG 8868 --- [shop] [           main] s.w.s.m.m.a.RequestMappingHandlerMapping : Mapped to com.online.shop.controllers.CartController#removeOrder(Principal, Long)
2025-02-20T11:03:17.530+02:00 DEBUG 8868 --- [shop] [           main] o.s.orm.jpa.JpaTransactionManager        : Found thread-bound EntityManager [SessionImpl(1079496040<open>)] for JPA transaction
2025-02-20T11:03:17.530+02:00 DEBUG 8868 --- [shop] [           main] o.s.orm.jpa.JpaTransactionManager        : Participating in existing transaction
2025-02-20T11:03:17.530+02:00 DEBUG 8868 --- [shop] [           main] o.s.orm.jpa.JpaTransactionManager        : Found thread-bound EntityManager [SessionImpl(1079496040<open>)] for JPA transaction
2025-02-20T11:03:17.530+02:00 DEBUG 8868 --- [shop] [           main] o.s.orm.jpa.JpaTransactionManager        : Participating in existing transaction
2025-02-20T11:03:17.530+02:00 DEBUG 8868 --- [shop] [           main] o.s.orm.jpa.JpaTransactionManager        : Found thread-bound EntityManager [SessionImpl(1079496040<open>)] for JPA transaction
2025-02-20T11:03:17.530+02:00 DEBUG 8868 --- [shop] [           main] o.s.orm.jpa.JpaTransactionManager        : Participating in existing transaction
2025-02-20T11:03:17.530+02:00 DEBUG 8868 --- [shop] [           main] o.s.orm.jpa.JpaTransactionManager        : Found thread-bound EntityManager [SessionImpl(1079496040<open>)] for JPA transaction
2025-02-20T11:03:17.530+02:00 DEBUG 8868 --- [shop] [           main] o.s.orm.jpa.JpaTransactionManager        : Participating in existing transaction
2025-02-20T11:03:17.530+02:00 DEBUG 8868 --- [shop] [           main] o.s.w.s.m.m.a.HttpEntityMethodProcessor  : Using 'text/plain', given [*/*] and supported [text/plain, */*, application/json, application/*+json]
2025-02-20T11:03:17.530+02:00 DEBUG 8868 --- [shop] [           main] o.s.w.s.m.m.a.HttpEntityMethodProcessor  : Writing ["Order successfully removed!"]
2025-02-20T11:03:17.530+02:00 DEBUG 8868 --- [shop] [           main] o.s.t.web.servlet.TestDispatcherServlet  : Completed 200 OK
2025-02-20T11:03:17.540+02:00 DEBUG 8868 --- [shop] [           main] org.hibernate.SQL                        : select u1_0.id,u1_0.code_expiration,u1_0.email,u1_0.fcm_token,u1_0.password,u1_0.role,u1_0.username,u1_0.verification_code,u1_0.verified from users u1_0 where u1_0.username=?
Hibernate: select u1_0.id,u1_0.code_expiration,u1_0.email,u1_0.fcm_token,u1_0.password,u1_0.role,u1_0.username,u1_0.verification_code,u1_0.verified from users u1_0 where u1_0.username=?
2025-02-20T11:03:17.545+02:00 DEBUG 8868 --- [shop] [           main] org.springframework.test.context.cache   : Spring test ApplicationContext cache statistics: [DefaultContextCache@64d19dad size = 2, maxSize = 32, parentContextCount = 0, hitCount = 65, missCount = 2, failureCount = 0]
2025-02-20T11:03:17.545+02:00 DEBUG 8868 --- [shop] [           main] org.springframework.test.context.cache   : Spring test ApplicationContext cache statistics: [DefaultContextCache@64d19dad size = 2, maxSize = 32, parentContextCount = 0, hitCount = 66, missCount = 2, failureCount = 0]
2025-02-20T11:03:17.547+02:00 DEBUG 8868 --- [shop] [           main] org.springframework.test.context.cache   : Spring test ApplicationContext cache statistics: [DefaultContextCache@64d19dad size = 2, maxSize = 32, parentContextCount = 0, hitCount = 67, missCount = 2, failureCount = 0]
2025-02-20T11:03:17.548+02:00 DEBUG 8868 --- [shop] [           main] org.springframework.test.context.cache   : Spring test ApplicationContext cache statistics: [DefaultContextCache@64d19dad size = 2, maxSize = 32, parentContextCount = 0, hitCount = 68, missCount = 2, failureCount = 0]
2025-02-20T11:03:17.548+02:00 DEBUG 8868 --- [shop] [           main] org.springframework.test.context.cache   : Spring test ApplicationContext cache statistics: [DefaultContextCache@64d19dad size = 2, maxSize = 32, parentContextCount = 0, hitCount = 69, missCount = 2, failureCount = 0]
2025-02-20T11:03:17.548+02:00 DEBUG 8868 --- [shop] [           main] org.springframework.test.context.cache   : Spring test ApplicationContext cache statistics: [DefaultContextCache@64d19dad size = 2, maxSize = 32, parentContextCount = 0, hitCount = 70, missCount = 2, failureCount = 0]
2025-02-20T11:03:17.550+02:00 DEBUG 8868 --- [shop] [           main] org.springframework.test.context.cache   : Spring test ApplicationContext cache statistics: [DefaultContextCache@64d19dad size = 2, maxSize = 32, parentContextCount = 0, hitCount = 71, missCount = 2, failureCount = 0]
2025-02-20T11:03:17.550+02:00 DEBUG 8868 --- [shop] [           main] org.springframework.test.context.cache   : Spring test ApplicationContext cache statistics: [DefaultContextCache@64d19dad size = 2, maxSize = 32, parentContextCount = 0, hitCount = 72, missCount = 2, failureCount = 0]
2025-02-20T11:03:17.550+02:00 DEBUG 8868 --- [shop] [           main] o.s.orm.jpa.JpaTransactionManager        : Initiating transaction rollback
2025-02-20T11:03:17.551+02:00 DEBUG 8868 --- [shop] [           main] o.s.orm.jpa.JpaTransactionManager        : Rolling back JPA transaction on EntityManager [SessionImpl(1079496040<open>)]
2025-02-20T11:03:17.551+02:00 DEBUG 8868 --- [shop] [           main] o.s.orm.jpa.JpaTransactionManager        : Closing JPA EntityManager [SessionImpl(1079496040<open>)] after transaction
2025-02-20T11:03:17.551+02:00 DEBUG 8868 --- [shop] [           main] o.s.t.c.transaction.TransactionContext   : Rolled back transaction (1) for test class [com.online.shop.CartControllerIntegrationTest]; test method [testAddingAndDeletingOrders]
2025-02-20T11:03:17.551+02:00 DEBUG 8868 --- [shop] [           main] .c.s.DirtiesContextTestExecutionListener : After test method: class [CartControllerIntegrationTest], method [testAddingAndDeletingOrders], class annotated with @DirtiesContext [false] with mode [null], method annotated with @DirtiesContext [false] with mode [null]
2025-02-20T11:03:17.551+02:00 DEBUG 8868 --- [shop] [           main] o.s.t.c.w.ServletTestExecutionListener   : Resetting RequestContextHolder for test class com.online.shop.CartControllerIntegrationTest
]]></system-out>
  </testcase>
  <testcase name="testPlaceOrder" classname="com.online.shop.CartControllerIntegrationTest" time="3.097">
    <system-out><![CDATA[2025-02-20T11:03:17.555+02:00 DEBUG 8868 --- [shop] [           main] org.springframework.test.context.cache   : Spring test ApplicationContext cache statistics: [DefaultContextCache@64d19dad size = 2, maxSize = 32, parentContextCount = 0, hitCount = 73, missCount = 2, failureCount = 0]
2025-02-20T11:03:17.555+02:00 DEBUG 8868 --- [shop] [           main] o.s.t.c.w.ServletTestExecutionListener   : Setting up MockHttpServletRequest, MockHttpServletResponse, ServletWebRequest, and RequestContextHolder for test class com.online.shop.CartControllerIntegrationTest
2025-02-20T11:03:17.555+02:00 DEBUG 8868 --- [shop] [           main] DependencyInjectionTestExecutionListener : Performing dependency injection for test class com.online.shop.CartControllerIntegrationTest
2025-02-20T11:03:17.555+02:00 DEBUG 8868 --- [shop] [           main] org.springframework.test.context.cache   : Spring test ApplicationContext cache statistics: [DefaultContextCache@64d19dad size = 2, maxSize = 32, parentContextCount = 0, hitCount = 74, missCount = 2, failureCount = 0]
2025-02-20T11:03:17.555+02:00 DEBUG 8868 --- [shop] [           main] org.springframework.test.context.cache   : Spring test ApplicationContext cache statistics: [DefaultContextCache@64d19dad size = 2, maxSize = 32, parentContextCount = 0, hitCount = 75, missCount = 2, failureCount = 0]
2025-02-20T11:03:17.555+02:00 DEBUG 8868 --- [shop] [           main] sContextBeforeModesTestExecutionListener : Before test method: class [CartControllerIntegrationTest], method [testPlaceOrder], class annotated with @DirtiesContext [false] with mode [null], method annotated with @DirtiesContext [false] with mode [null]
2025-02-20T11:03:17.560+02:00 DEBUG 8868 --- [shop] [           main] t.c.t.TransactionalTestExecutionListener : Explicit transaction definition [PROPAGATION_REQUIRED,ISOLATION_DEFAULT] found for test class [com.online.shop.CartControllerIntegrationTest] and test method [testPlaceOrder]
2025-02-20T11:03:17.560+02:00 DEBUG 8868 --- [shop] [           main] org.springframework.test.context.cache   : Spring test ApplicationContext cache statistics: [DefaultContextCache@64d19dad size = 2, maxSize = 32, parentContextCount = 0, hitCount = 76, missCount = 2, failureCount = 0]
2025-02-20T11:03:17.561+02:00 DEBUG 8868 --- [shop] [           main] t.c.t.TransactionalTestExecutionListener : No method-level @Rollback override: using default rollback [true] for test method [public void com.online.shop.CartControllerIntegrationTest.testPlaceOrder() throws java.lang.Exception]
2025-02-20T11:03:17.561+02:00 DEBUG 8868 --- [shop] [           main] o.s.orm.jpa.JpaTransactionManager        : Creating new transaction with name [com.online.shop.CartControllerIntegrationTest.testPlaceOrder]: PROPAGATION_REQUIRED,ISOLATION_DEFAULT
2025-02-20T11:03:17.561+02:00 DEBUG 8868 --- [shop] [           main] o.s.orm.jpa.JpaTransactionManager        : Opened new EntityManager [SessionImpl(66497191<open>)] for JPA transaction
2025-02-20T11:03:17.561+02:00 DEBUG 8868 --- [shop] [           main] o.s.orm.jpa.JpaTransactionManager        : Exposing JPA transaction as JDBC [org.springframework.orm.jpa.vendor.HibernateJpaDialect$HibernateConnectionHandle@7f9f66c3]
2025-02-20T11:03:17.561+02:00 DEBUG 8868 --- [shop] [           main] o.s.t.c.transaction.TransactionContext   : Began transaction (1) for test class [com.online.shop.CartControllerIntegrationTest]; test method [testPlaceOrder]; transaction manager [org.springframework.orm.jpa.JpaTransactionManager@2bd89b8e]; rollback [true]
2025-02-20T11:03:17.561+02:00 DEBUG 8868 --- [shop] [           main] org.springframework.test.context.cache   : Spring test ApplicationContext cache statistics: [DefaultContextCache@64d19dad size = 2, maxSize = 32, parentContextCount = 0, hitCount = 77, missCount = 2, failureCount = 0]
2025-02-20T11:03:17.561+02:00 DEBUG 8868 --- [shop] [           main] org.springframework.test.context.cache   : Spring test ApplicationContext cache statistics: [DefaultContextCache@64d19dad size = 2, maxSize = 32, parentContextCount = 0, hitCount = 78, missCount = 2, failureCount = 0]
2025-02-20T11:03:17.561+02:00 DEBUG 8868 --- [shop] [           main] org.springframework.test.context.cache   : Spring test ApplicationContext cache statistics: [DefaultContextCache@64d19dad size = 2, maxSize = 32, parentContextCount = 0, hitCount = 79, missCount = 2, failureCount = 0]
2025-02-20T11:03:17.565+02:00 DEBUG 8868 --- [shop] [           main] org.springframework.test.context.cache   : Spring test ApplicationContext cache statistics: [DefaultContextCache@64d19dad size = 2, maxSize = 32, parentContextCount = 0, hitCount = 80, missCount = 2, failureCount = 0]
2025-02-20T11:03:17.574+02:00 DEBUG 8868 --- [shop] [           main] org.springframework.test.context.cache   : Spring test ApplicationContext cache statistics: [DefaultContextCache@64d19dad size = 2, maxSize = 32, parentContextCount = 0, hitCount = 81, missCount = 2, failureCount = 0]
2025-02-20T11:03:17.577+02:00 DEBUG 8868 --- [shop] [           main] o.s.orm.jpa.JpaTransactionManager        : Found thread-bound EntityManager [SessionImpl(66497191<open>)] for JPA transaction
2025-02-20T11:03:17.580+02:00 DEBUG 8868 --- [shop] [           main] o.s.orm.jpa.JpaTransactionManager        : Participating in existing transaction
2025-02-20T11:03:17.580+02:00 DEBUG 8868 --- [shop] [           main] org.hibernate.SQL                        : select p1_0.id,p1_0.category_id,p1_0.created_at,p1_0.description,p1_0.discount,p1_0.name,p1_0.price,p1_0.rating,p1_0.sales,p1_0.stock from product p1_0
Hibernate: select p1_0.id,p1_0.category_id,p1_0.created_at,p1_0.description,p1_0.discount,p1_0.name,p1_0.price,p1_0.rating,p1_0.sales,p1_0.stock from product p1_0
2025-02-20T11:03:17.585+02:00 DEBUG 8868 --- [shop] [           main] o.s.orm.jpa.JpaTransactionManager        : Found thread-bound EntityManager [SessionImpl(66497191<open>)] for JPA transaction
2025-02-20T11:03:17.585+02:00 DEBUG 8868 --- [shop] [           main] o.s.orm.jpa.JpaTransactionManager        : Participating in existing transaction
2025-02-20T11:03:17.588+02:00 DEBUG 8868 --- [shop] [           main] o.s.orm.jpa.JpaTransactionManager        : Found thread-bound EntityManager [SessionImpl(66497191<open>)] for JPA transaction
2025-02-20T11:03:17.588+02:00 DEBUG 8868 --- [shop] [           main] o.s.orm.jpa.JpaTransactionManager        : Participating in existing transaction
2025-02-20T11:03:17.588+02:00 DEBUG 8868 --- [shop] [           main] o.s.orm.jpa.JpaTransactionManager        : Found thread-bound EntityManager [SessionImpl(66497191<open>)] for JPA transaction
2025-02-20T11:03:17.588+02:00 DEBUG 8868 --- [shop] [           main] o.s.orm.jpa.JpaTransactionManager        : Participating in existing transaction
2025-02-20T11:03:17.593+02:00 DEBUG 8868 --- [shop] [           main] org.hibernate.SQL                        : select u1_0.id,u1_0.code_expiration,u1_0.email,u1_0.fcm_token,u1_0.password,u1_0.role,u1_0.username,u1_0.verification_code,u1_0.verified from users u1_0
Hibernate: select u1_0.id,u1_0.code_expiration,u1_0.email,u1_0.fcm_token,u1_0.password,u1_0.role,u1_0.username,u1_0.verification_code,u1_0.verified from users u1_0
2025-02-20T11:03:17.593+02:00 DEBUG 8868 --- [shop] [           main] org.hibernate.SQL                        : select sc1_0.id,u1_0.id,u1_0.code_expiration,u1_0.email,u1_0.fcm_token,n1_0.id,n1_0.new_arrivals,n1_0.offers,n1_0.order_status,n1_0.via_email,n1_0.via_push,u1_0.password,u1_0.role,s1_0.id,s1_0.address_line1,s1_0.address_line2,s1_0.country,s1_0.first_name,s1_0.last_name,s1_0.phone_number,s1_0.postal_code,s1_0.province,s1_0.town,t1_0.id,t1_0.amount,t1_0.currency,t1_0.payment_method,t1_0.status,t1_0.transaction_date,t1_0.transaction_id,u1_0.username,u1_0.verification_code,u1_0.verified,wl1_0.id,o1_0.user_id,o1_0.id,o1_0.created_at,o1_0.status,o1_0.total from shopping_cart sc1_0 left join users u1_0 on u1_0.id=sc1_0.user_id left join notifications n1_0 on u1_0.id=n1_0.user_id left join shipment s1_0 on u1_0.id=s1_0.user_id left join transaction t1_0 on u1_0.id=t1_0.user_id left join wish_list wl1_0 on u1_0.id=wl1_0.user_id left join orders o1_0 on u1_0.id=o1_0.user_id where sc1_0.user_id=?
Hibernate: select sc1_0.id,u1_0.id,u1_0.code_expiration,u1_0.email,u1_0.fcm_token,n1_0.id,n1_0.new_arrivals,n1_0.offers,n1_0.order_status,n1_0.via_email,n1_0.via_push,u1_0.password,u1_0.role,s1_0.id,s1_0.address_line1,s1_0.address_line2,s1_0.country,s1_0.first_name,s1_0.last_name,s1_0.phone_number,s1_0.postal_code,s1_0.province,s1_0.town,t1_0.id,t1_0.amount,t1_0.currency,t1_0.payment_method,t1_0.status,t1_0.transaction_date,t1_0.transaction_id,u1_0.username,u1_0.verification_code,u1_0.verified,wl1_0.id,o1_0.user_id,o1_0.id,o1_0.created_at,o1_0.status,o1_0.total from shopping_cart sc1_0 left join users u1_0 on u1_0.id=sc1_0.user_id left join notifications n1_0 on u1_0.id=n1_0.user_id left join shipment s1_0 on u1_0.id=s1_0.user_id left join transaction t1_0 on u1_0.id=t1_0.user_id left join wish_list wl1_0 on u1_0.id=wl1_0.user_id left join orders o1_0 on u1_0.id=o1_0.user_id where sc1_0.user_id=?
2025-02-20T11:03:17.600+02:00 DEBUG 8868 --- [shop] [           main] org.hibernate.SQL                        : select n1_0.id,n1_0.new_arrivals,n1_0.offers,n1_0.order_status,u1_0.id,c1_0.id,u1_0.code_expiration,u1_0.email,u1_0.fcm_token,u1_0.password,u1_0.role,s1_0.id,s1_0.address_line1,s1_0.address_line2,s1_0.country,s1_0.first_name,s1_0.last_name,s1_0.phone_number,s1_0.postal_code,s1_0.province,s1_0.town,t1_0.id,t1_0.amount,t1_0.currency,t1_0.payment_method,t1_0.status,t1_0.transaction_date,t1_0.transaction_id,u1_0.username,u1_0.verification_code,u1_0.verified,wl1_0.id,o1_0.user_id,o1_0.id,o1_0.created_at,o1_0.status,o1_0.total,n1_0.via_email,n1_0.via_push from notifications n1_0 left join users u1_0 on u1_0.id=n1_0.user_id left join shopping_cart c1_0 on u1_0.id=c1_0.user_id left join shipment s1_0 on u1_0.id=s1_0.user_id left join transaction t1_0 on u1_0.id=t1_0.user_id left join wish_list wl1_0 on u1_0.id=wl1_0.user_id left join orders o1_0 on u1_0.id=o1_0.user_id where n1_0.user_id=?
Hibernate: select n1_0.id,n1_0.new_arrivals,n1_0.offers,n1_0.order_status,u1_0.id,c1_0.id,u1_0.code_expiration,u1_0.email,u1_0.fcm_token,u1_0.password,u1_0.role,s1_0.id,s1_0.address_line1,s1_0.address_line2,s1_0.country,s1_0.first_name,s1_0.last_name,s1_0.phone_number,s1_0.postal_code,s1_0.province,s1_0.town,t1_0.id,t1_0.amount,t1_0.currency,t1_0.payment_method,t1_0.status,t1_0.transaction_date,t1_0.transaction_id,u1_0.username,u1_0.verification_code,u1_0.verified,wl1_0.id,o1_0.user_id,o1_0.id,o1_0.created_at,o1_0.status,o1_0.total,n1_0.via_email,n1_0.via_push from notifications n1_0 left join users u1_0 on u1_0.id=n1_0.user_id left join shopping_cart c1_0 on u1_0.id=c1_0.user_id left join shipment s1_0 on u1_0.id=s1_0.user_id left join transaction t1_0 on u1_0.id=t1_0.user_id left join wish_list wl1_0 on u1_0.id=wl1_0.user_id left join orders o1_0 on u1_0.id=o1_0.user_id where n1_0.user_id=?
2025-02-20T11:03:17.600+02:00 DEBUG 8868 --- [shop] [           main] org.hibernate.SQL                        : select s1_0.id,s1_0.address_line1,s1_0.address_line2,s1_0.country,s1_0.first_name,s1_0.last_name,s1_0.phone_number,s1_0.postal_code,s1_0.province,s1_0.town,u1_0.id,c1_0.id,u1_0.code_expiration,u1_0.email,u1_0.fcm_token,n1_0.id,n1_0.new_arrivals,n1_0.offers,n1_0.order_status,n1_0.via_email,n1_0.via_push,u1_0.password,u1_0.role,t1_0.id,t1_0.amount,t1_0.currency,t1_0.payment_method,t1_0.status,t1_0.transaction_date,t1_0.transaction_id,u1_0.username,u1_0.verification_code,u1_0.verified,wl1_0.id,o1_0.user_id,o1_0.id,o1_0.created_at,o1_0.status,o1_0.total from shipment s1_0 left join users u1_0 on u1_0.id=s1_0.user_id left join shopping_cart c1_0 on u1_0.id=c1_0.user_id left join notifications n1_0 on u1_0.id=n1_0.user_id left join transaction t1_0 on u1_0.id=t1_0.user_id left join wish_list wl1_0 on u1_0.id=wl1_0.user_id left join orders o1_0 on u1_0.id=o1_0.user_id where s1_0.user_id=?
Hibernate: select s1_0.id,s1_0.address_line1,s1_0.address_line2,s1_0.country,s1_0.first_name,s1_0.last_name,s1_0.phone_number,s1_0.postal_code,s1_0.province,s1_0.town,u1_0.id,c1_0.id,u1_0.code_expiration,u1_0.email,u1_0.fcm_token,n1_0.id,n1_0.new_arrivals,n1_0.offers,n1_0.order_status,n1_0.via_email,n1_0.via_push,u1_0.password,u1_0.role,t1_0.id,t1_0.amount,t1_0.currency,t1_0.payment_method,t1_0.status,t1_0.transaction_date,t1_0.transaction_id,u1_0.username,u1_0.verification_code,u1_0.verified,wl1_0.id,o1_0.user_id,o1_0.id,o1_0.created_at,o1_0.status,o1_0.total from shipment s1_0 left join users u1_0 on u1_0.id=s1_0.user_id left join shopping_cart c1_0 on u1_0.id=c1_0.user_id left join notifications n1_0 on u1_0.id=n1_0.user_id left join transaction t1_0 on u1_0.id=t1_0.user_id left join wish_list wl1_0 on u1_0.id=wl1_0.user_id left join orders o1_0 on u1_0.id=o1_0.user_id where s1_0.user_id=?
2025-02-20T11:03:17.605+02:00 DEBUG 8868 --- [shop] [           main] org.hibernate.SQL                        : select t1_0.id,t1_0.amount,t1_0.currency,t1_0.payment_method,t1_0.status,t1_0.transaction_date,t1_0.transaction_id,u1_0.id,c1_0.id,u1_0.code_expiration,u1_0.email,u1_0.fcm_token,n1_0.id,n1_0.new_arrivals,n1_0.offers,n1_0.order_status,n1_0.via_email,n1_0.via_push,u1_0.password,u1_0.role,s1_0.id,s1_0.address_line1,s1_0.address_line2,s1_0.country,s1_0.first_name,s1_0.last_name,s1_0.phone_number,s1_0.postal_code,s1_0.province,s1_0.town,u1_0.username,u1_0.verification_code,u1_0.verified,wl1_0.id,o1_0.user_id,o1_0.id,o1_0.created_at,o1_0.status,o1_0.total from transaction t1_0 left join users u1_0 on u1_0.id=t1_0.user_id left join shopping_cart c1_0 on u1_0.id=c1_0.user_id left join notifications n1_0 on u1_0.id=n1_0.user_id left join shipment s1_0 on u1_0.id=s1_0.user_id left join wish_list wl1_0 on u1_0.id=wl1_0.user_id left join orders o1_0 on u1_0.id=o1_0.user_id where t1_0.user_id=?
Hibernate: select t1_0.id,t1_0.amount,t1_0.currency,t1_0.payment_method,t1_0.status,t1_0.transaction_date,t1_0.transaction_id,u1_0.id,c1_0.id,u1_0.code_expiration,u1_0.email,u1_0.fcm_token,n1_0.id,n1_0.new_arrivals,n1_0.offers,n1_0.order_status,n1_0.via_email,n1_0.via_push,u1_0.password,u1_0.role,s1_0.id,s1_0.address_line1,s1_0.address_line2,s1_0.country,s1_0.first_name,s1_0.last_name,s1_0.phone_number,s1_0.postal_code,s1_0.province,s1_0.town,u1_0.username,u1_0.verification_code,u1_0.verified,wl1_0.id,o1_0.user_id,o1_0.id,o1_0.created_at,o1_0.status,o1_0.total from transaction t1_0 left join users u1_0 on u1_0.id=t1_0.user_id left join shopping_cart c1_0 on u1_0.id=c1_0.user_id left join notifications n1_0 on u1_0.id=n1_0.user_id left join shipment s1_0 on u1_0.id=s1_0.user_id left join wish_list wl1_0 on u1_0.id=wl1_0.user_id left join orders o1_0 on u1_0.id=o1_0.user_id where t1_0.user_id=?
2025-02-20T11:03:17.610+02:00 DEBUG 8868 --- [shop] [           main] org.hibernate.SQL                        : select i1_0.cart_id,i1_0.id,p1_0.id,c2_0.id,c2_0.name,p1_0.created_at,p1_0.description,p1_0.discount,p1_0.name,p1_0.price,p1_0.rating,p1_0.sales,p1_0.stock,i1_0.quantity from cart_item i1_0 left join product p1_0 on p1_0.id=i1_0.product_id left join category c2_0 on c2_0.id=p1_0.category_id where i1_0.cart_id=?
Hibernate: select i1_0.cart_id,i1_0.id,p1_0.id,c2_0.id,c2_0.name,p1_0.created_at,p1_0.description,p1_0.discount,p1_0.name,p1_0.price,p1_0.rating,p1_0.sales,p1_0.stock,i1_0.quantity from cart_item i1_0 left join product p1_0 on p1_0.id=i1_0.product_id left join category c2_0 on c2_0.id=p1_0.category_id where i1_0.cart_id=?
2025-02-20T11:03:17.610+02:00 DEBUG 8868 --- [shop] [           main] org.hibernate.SQL                        : select r1_0.user_id,r1_0.id,r1_0.created_at,r1_0.posted_by,p1_0.id,c1_0.id,c1_0.name,p1_0.created_at,p1_0.description,p1_0.discount,p1_0.name,p1_0.price,p1_0.rating,p1_0.sales,p1_0.stock,r1_0.rating,r1_0.text from review r1_0 left join product p1_0 on p1_0.id=r1_0.product_id left join category c1_0 on c1_0.id=p1_0.category_id where r1_0.user_id=?
Hibernate: select r1_0.user_id,r1_0.id,r1_0.created_at,r1_0.posted_by,p1_0.id,c1_0.id,c1_0.name,p1_0.created_at,p1_0.description,p1_0.discount,p1_0.name,p1_0.price,p1_0.rating,p1_0.sales,p1_0.stock,r1_0.rating,r1_0.text from review r1_0 left join product p1_0 on p1_0.id=r1_0.product_id left join category c1_0 on c1_0.id=p1_0.category_id where r1_0.user_id=?
2025-02-20T11:03:17.610+02:00 DEBUG 8868 --- [shop] [           main] o.s.orm.jpa.JpaTransactionManager        : Found thread-bound EntityManager [SessionImpl(66497191<open>)] for JPA transaction
2025-02-20T11:03:17.610+02:00 DEBUG 8868 --- [shop] [           main] o.s.orm.jpa.JpaTransactionManager        : Participating in existing transaction
2025-02-20T11:03:17.610+02:00 DEBUG 8868 --- [shop] [           main] org.hibernate.SQL                        : insert into product (category_id,created_at,description,discount,name,price,rating,sales,stock,id) values (?,?,?,?,?,?,?,?,?,?)
Hibernate: insert into product (category_id,created_at,description,discount,name,price,rating,sales,stock,id) values (?,?,?,?,?,?,?,?,?,?)
2025-02-20T11:03:17.610+02:00 DEBUG 8868 --- [shop] [           main] org.hibernate.SQL                        : insert into product (category_id,created_at,description,discount,name,price,rating,sales,stock,id) values (?,?,?,?,?,?,?,?,?,?)
Hibernate: insert into product (category_id,created_at,description,discount,name,price,rating,sales,stock,id) values (?,?,?,?,?,?,?,?,?,?)
2025-02-20T11:03:17.620+02:00 DEBUG 8868 --- [shop] [           main] org.hibernate.SQL                        : insert into users (code_expiration,email,fcm_token,password,role,username,verification_code,verified,id) values (?,?,?,?,?,?,?,?,?)
Hibernate: insert into users (code_expiration,email,fcm_token,password,role,username,verification_code,verified,id) values (?,?,?,?,?,?,?,?,?)
2025-02-20T11:03:17.620+02:00 DEBUG 8868 --- [shop] [           main] org.hibernate.SQL                        : insert into shopping_cart (user_id,id) values (?,?)
Hibernate: insert into shopping_cart (user_id,id) values (?,?)
2025-02-20T11:03:17.620+02:00 DEBUG 8868 --- [shop] [           main] org.hibernate.SQL                        : insert into cart_item (cart_id,product_id,quantity,id) values (?,?,?,?)
Hibernate: insert into cart_item (cart_id,product_id,quantity,id) values (?,?,?,?)
2025-02-20T11:03:17.620+02:00 DEBUG 8868 --- [shop] [           main] org.hibernate.SQL                        : insert into notifications (new_arrivals,offers,order_status,user_id,via_email,via_push,id) values (?,?,?,?,?,?,default)
Hibernate: insert into notifications (new_arrivals,offers,order_status,user_id,via_email,via_push,id) values (?,?,?,?,?,?,default)
2025-02-20T11:03:17.624+02:00 DEBUG 8868 --- [shop] [           main] org.springframework.test.context.cache   : Spring test ApplicationContext cache statistics: [DefaultContextCache@64d19dad size = 2, maxSize = 32, parentContextCount = 0, hitCount = 82, missCount = 2, failureCount = 0]
2025-02-20T11:03:17.624+02:00 DEBUG 8868 --- [shop] [           main] o.s.test.util.ReflectionTestUtils        : Invoking method 'getFilters' on target object [FilterChainProxy[Filter Chains: null]] or target class [null] with arguments {org.springframework.mock.web.MockHttpServletRequest@52e7bed1}
2025-02-20T11:03:17.624+02:00 DEBUG 8868 --- [shop] [           main] o.s.test.util.ReflectionTestUtils        : Invoking method 'getFilters' on target object [FilterChainProxy[Filter Chains: null]] or target class [null] with arguments {org.springframework.mock.web.MockHttpServletRequest@52e7bed1}
2025-02-20T11:03:17.624+02:00 DEBUG 8868 --- [shop] [           main] o.s.test.util.ReflectionTestUtils        : Getting field 'securityContextRepository' from target object [org.springframework.security.web.context.SecurityContextHolderFilter@5dd7f921] or target class [class org.springframework.security.web.context.SecurityContextHolderFilter]
2025-02-20T11:03:17.624+02:00 DEBUG 8868 --- [shop] [           main] w.c.HttpSessionSecurityContextRepository : Created HttpSession as SecurityContext is non-default
2025-02-20T11:03:17.624+02:00 DEBUG 8868 --- [shop] [           main] w.c.HttpSessionSecurityContextRepository : Stored SecurityContextImpl [Authentication=UsernamePasswordAuthenticationToken [Principal=org.springframework.security.core.userdetails.User [Username=user, Password=[PROTECTED], Enabled=true, AccountNonExpired=true, CredentialsNonExpired=true, AccountNonLocked=true, Granted Authorities=[ROLE_USER]], Credentials=[PROTECTED], Authenticated=true, Details=null, Granted Authorities=[ROLE_USER]]] to HttpSession [org.springframework.mock.web.MockHttpSession@75adbfae]
2025-02-20T11:03:17.630+02:00 DEBUG 8868 --- [shop] [           main] o.s.security.web.FilterChainProxy        : Securing POST /user/cart/addOrder
2025-02-20T11:03:17.630+02:00 DEBUG 8868 --- [shop] [           main] w.c.HttpSessionSecurityContextRepository : Retrieved SecurityContextImpl [Authentication=UsernamePasswordAuthenticationToken [Principal=org.springframework.security.core.userdetails.User [Username=user, Password=[PROTECTED], Enabled=true, AccountNonExpired=true, CredentialsNonExpired=true, AccountNonLocked=true, Granted Authorities=[ROLE_USER]], Credentials=[PROTECTED], Authenticated=true, Details=null, Granted Authorities=[ROLE_USER]]]
2025-02-20T11:03:17.630+02:00 DEBUG 8868 --- [shop] [           main] o.s.security.web.FilterChainProxy        : Secured POST /user/cart/addOrder
2025-02-20T11:03:17.630+02:00 DEBUG 8868 --- [shop] [           main] o.s.t.web.servlet.TestDispatcherServlet  : POST "/user/cart/addOrder", parameters={}
2025-02-20T11:03:17.630+02:00 DEBUG 8868 --- [shop] [           main] s.w.s.m.m.a.RequestMappingHandlerMapping : Mapped to com.online.shop.controllers.CartController#addOrder(Principal)
2025-02-20T11:03:17.630+02:00 DEBUG 8868 --- [shop] [           main] org.hibernate.SQL                        : insert into wish_list (user_id,id) values (?,?)
Hibernate: insert into wish_list (user_id,id) values (?,?)
2025-02-20T11:03:17.630+02:00 DEBUG 8868 --- [shop] [           main] org.hibernate.SQL                        : delete from wish_list_products where wish_list_id=?
Hibernate: delete from wish_list_products where wish_list_id=?
2025-02-20T11:03:17.640+02:00 DEBUG 8868 --- [shop] [           main] org.hibernate.SQL                        : delete from users_order_history where user_id=?
Hibernate: delete from users_order_history where user_id=?
2025-02-20T11:03:17.640+02:00 DEBUG 8868 --- [shop] [           main] org.hibernate.SQL                        : delete from shopping_cart where id=?
Hibernate: delete from shopping_cart where id=?
2025-02-20T11:03:17.640+02:00 DEBUG 8868 --- [shop] [           main] org.hibernate.SQL                        : delete from wish_list where id=?
Hibernate: delete from wish_list where id=?
2025-02-20T11:03:17.640+02:00 DEBUG 8868 --- [shop] [           main] org.hibernate.SQL                        : delete from users where id=?
Hibernate: delete from users where id=?
2025-02-20T11:03:17.640+02:00 DEBUG 8868 --- [shop] [           main] org.hibernate.SQL                        : select u1_0.id,u1_0.code_expiration,u1_0.email,u1_0.fcm_token,u1_0.password,u1_0.role,u1_0.username,u1_0.verification_code,u1_0.verified from users u1_0 where u1_0.username=?
Hibernate: select u1_0.id,u1_0.code_expiration,u1_0.email,u1_0.fcm_token,u1_0.password,u1_0.role,u1_0.username,u1_0.verification_code,u1_0.verified from users u1_0 where u1_0.username=?
2025-02-20T11:03:17.650+02:00 DEBUG 8868 --- [shop] [           main] org.hibernate.SQL                        : select u1_0.id,u1_0.code_expiration,u1_0.email,u1_0.fcm_token,u1_0.password,u1_0.role,u1_0.username,u1_0.verification_code,u1_0.verified from users u1_0 where u1_0.username=?
Hibernate: select u1_0.id,u1_0.code_expiration,u1_0.email,u1_0.fcm_token,u1_0.password,u1_0.role,u1_0.username,u1_0.verification_code,u1_0.verified from users u1_0 where u1_0.username=?
2025-02-20T11:03:17.656+02:00 DEBUG 8868 --- [shop] [           main] org.hibernate.SQL                        : select sc1_0.id,sc1_0.user_id from shopping_cart sc1_0 where sc1_0.user_id=?
Hibernate: select sc1_0.id,sc1_0.user_id from shopping_cart sc1_0 where sc1_0.user_id=?
2025-02-20T11:03:17.660+02:00 DEBUG 8868 --- [shop] [           main] o.s.orm.jpa.JpaTransactionManager        : Found thread-bound EntityManager [SessionImpl(66497191<open>)] for JPA transaction
2025-02-20T11:03:17.660+02:00 DEBUG 8868 --- [shop] [           main] o.s.orm.jpa.JpaTransactionManager        : Participating in existing transaction
2025-02-20T11:03:17.660+02:00 DEBUG 8868 --- [shop] [           main] org.hibernate.SQL                        : select next value for orders_seq
Hibernate: select next value for orders_seq
2025-02-20T11:03:17.660+02:00 DEBUG 8868 --- [shop] [           main] org.hibernate.SQL                        : select next value for order_product_seq
Hibernate: select next value for order_product_seq
2025-02-20T11:03:17.665+02:00 DEBUG 8868 --- [shop] [           main] o.s.orm.jpa.JpaTransactionManager        : Found thread-bound EntityManager [SessionImpl(66497191<open>)] for JPA transaction
2025-02-20T11:03:17.665+02:00 DEBUG 8868 --- [shop] [           main] o.s.orm.jpa.JpaTransactionManager        : Participating in existing transaction
2025-02-20T11:03:17.665+02:00 DEBUG 8868 --- [shop] [           main] o.s.orm.jpa.JpaTransactionManager        : Found thread-bound EntityManager [SessionImpl(66497191<open>)] for JPA transaction
2025-02-20T11:03:17.665+02:00 DEBUG 8868 --- [shop] [           main] o.s.orm.jpa.JpaTransactionManager        : Participating in existing transaction
2025-02-20T11:03:17.665+02:00 DEBUG 8868 --- [shop] [           main] o.s.orm.jpa.JpaTransactionManager        : Found thread-bound EntityManager [SessionImpl(66497191<open>)] for JPA transaction
2025-02-20T11:03:17.665+02:00 DEBUG 8868 --- [shop] [           main] o.s.orm.jpa.JpaTransactionManager        : Participating in existing transaction
2025-02-20T11:03:17.665+02:00 DEBUG 8868 --- [shop] [           main] o.s.orm.jpa.JpaTransactionManager        : Found thread-bound EntityManager [SessionImpl(66497191<open>)] for JPA transaction
2025-02-20T11:03:17.665+02:00 DEBUG 8868 --- [shop] [           main] o.s.orm.jpa.JpaTransactionManager        : Participating in existing transaction
2025-02-20T11:03:17.665+02:00 DEBUG 8868 --- [shop] [           main] o.s.w.s.m.m.a.HttpEntityMethodProcessor  : Using 'application/json', given [*/*] and supported [application/json, application/*+json]
2025-02-20T11:03:17.665+02:00 DEBUG 8868 --- [shop] [           main] o.s.w.s.m.m.a.HttpEntityMethodProcessor  : Writing [2]
2025-02-20T11:03:17.670+02:00 DEBUG 8868 --- [shop] [           main] o.s.t.web.servlet.TestDispatcherServlet  : Completed 200 OK
2025-02-20T11:03:17.672+02:00 DEBUG 8868 --- [shop] [           main] o.s.test.util.ReflectionTestUtils        : Invoking method 'getFilters' on target object [FilterChainProxy[Filter Chains: null]] or target class [null] with arguments {org.springframework.mock.web.MockHttpServletRequest@2429992a}
2025-02-20T11:03:17.672+02:00 DEBUG 8868 --- [shop] [           main] o.s.test.util.ReflectionTestUtils        : Invoking method 'getFilters' on target object [FilterChainProxy[Filter Chains: null]] or target class [null] with arguments {org.springframework.mock.web.MockHttpServletRequest@2429992a}
2025-02-20T11:03:17.672+02:00 DEBUG 8868 --- [shop] [           main] o.s.test.util.ReflectionTestUtils        : Getting field 'securityContextRepository' from target object [org.springframework.security.web.context.SecurityContextHolderFilter@5dd7f921] or target class [class org.springframework.security.web.context.SecurityContextHolderFilter]
2025-02-20T11:03:17.672+02:00 DEBUG 8868 --- [shop] [           main] w.c.HttpSessionSecurityContextRepository : Created HttpSession as SecurityContext is non-default
2025-02-20T11:03:17.672+02:00 DEBUG 8868 --- [shop] [           main] w.c.HttpSessionSecurityContextRepository : Stored SecurityContextImpl [Authentication=UsernamePasswordAuthenticationToken [Principal=org.springframework.security.core.userdetails.User [Username=user, Password=[PROTECTED], Enabled=true, AccountNonExpired=true, CredentialsNonExpired=true, AccountNonLocked=true, Granted Authorities=[ROLE_USER]], Credentials=[PROTECTED], Authenticated=true, Details=null, Granted Authorities=[ROLE_USER]]] to HttpSession [org.springframework.mock.web.MockHttpSession@419c537]
2025-02-20T11:03:17.672+02:00 DEBUG 8868 --- [shop] [           main] o.s.security.web.FilterChainProxy        : Securing POST /user/cart/placeOrder/2
2025-02-20T11:03:17.672+02:00 DEBUG 8868 --- [shop] [           main] w.c.HttpSessionSecurityContextRepository : Retrieved SecurityContextImpl [Authentication=UsernamePasswordAuthenticationToken [Principal=org.springframework.security.core.userdetails.User [Username=user, Password=[PROTECTED], Enabled=true, AccountNonExpired=true, CredentialsNonExpired=true, AccountNonLocked=true, Granted Authorities=[ROLE_USER]], Credentials=[PROTECTED], Authenticated=true, Details=null, Granted Authorities=[ROLE_USER]]]
2025-02-20T11:03:17.672+02:00 DEBUG 8868 --- [shop] [           main] o.s.security.web.FilterChainProxy        : Secured POST /user/cart/placeOrder/2
2025-02-20T11:03:17.672+02:00 DEBUG 8868 --- [shop] [           main] o.s.t.web.servlet.TestDispatcherServlet  : POST "/user/cart/placeOrder/2", parameters={}
2025-02-20T11:03:17.672+02:00 DEBUG 8868 --- [shop] [           main] s.w.s.m.m.a.RequestMappingHandlerMapping : Mapped to com.online.shop.controllers.CartController#placeOrder(Principal, Long)
2025-02-20T11:03:17.680+02:00 DEBUG 8868 --- [shop] [           main] org.hibernate.SQL                        : select u1_0.id,u1_0.code_expiration,u1_0.email,u1_0.fcm_token,u1_0.password,u1_0.role,u1_0.username,u1_0.verification_code,u1_0.verified from users u1_0 where u1_0.username=?
Hibernate: select u1_0.id,u1_0.code_expiration,u1_0.email,u1_0.fcm_token,u1_0.password,u1_0.role,u1_0.username,u1_0.verification_code,u1_0.verified from users u1_0 where u1_0.username=?
2025-02-20T11:03:17.687+02:00 DEBUG 8868 --- [shop] [           main] org.hibernate.SQL                        : select sc1_0.id,sc1_0.user_id from shopping_cart sc1_0 where sc1_0.user_id=?
Hibernate: select sc1_0.id,sc1_0.user_id from shopping_cart sc1_0 where sc1_0.user_id=?
2025-02-20T11:03:17.690+02:00 DEBUG 8868 --- [shop] [           main] o.s.orm.jpa.JpaTransactionManager        : Found thread-bound EntityManager [SessionImpl(66497191<open>)] for JPA transaction
2025-02-20T11:03:17.690+02:00 DEBUG 8868 --- [shop] [           main] o.s.orm.jpa.JpaTransactionManager        : Participating in existing transaction
2025-02-20T11:03:17.690+02:00 DEBUG 8868 --- [shop] [           main] o.s.orm.jpa.JpaTransactionManager        : Found thread-bound EntityManager [SessionImpl(66497191<open>)] for JPA transaction
2025-02-20T11:03:17.690+02:00 DEBUG 8868 --- [shop] [           main] o.s.orm.jpa.JpaTransactionManager        : Participating in existing transaction
2025-02-20T11:03:17.690+02:00 DEBUG 8868 --- [shop] [           main] o.s.orm.jpa.JpaTransactionManager        : Found thread-bound EntityManager [SessionImpl(66497191<open>)] for JPA transaction
2025-02-20T11:03:17.690+02:00 DEBUG 8868 --- [shop] [           main] o.s.orm.jpa.JpaTransactionManager        : Participating in existing transaction
2025-02-20T11:03:17.690+02:00 DEBUG 8868 --- [shop] [           main] o.s.orm.jpa.JpaTransactionManager        : Found thread-bound EntityManager [SessionImpl(66497191<open>)] for JPA transaction
2025-02-20T11:03:17.690+02:00 DEBUG 8868 --- [shop] [           main] o.s.orm.jpa.JpaTransactionManager        : Participating in existing transaction



Response:com.online.shop.components.OrderResponseDTO@3fb75c24



https://www.sandbox.paypal.com/checkoutnow?token=9769930859128034P



2025-02-20T11:03:20.634+02:00 DEBUG 8868 --- [shop] [           main] o.s.w.s.m.m.a.HttpEntityMethodProcessor  : Using 'text/plain', given [*/*] and supported [text/plain, */*, application/json, application/*+json]
2025-02-20T11:03:20.634+02:00 DEBUG 8868 --- [shop] [           main] o.s.w.s.m.m.a.HttpEntityMethodProcessor  : Writing ["https://www.sandbox.paypal.com/checkoutnow?token=9769930859128034P"]
2025-02-20T11:03:20.634+02:00 DEBUG 8868 --- [shop] [           main] o.s.t.web.servlet.TestDispatcherServlet  : Completed 200 OK
2025-02-20T11:03:20.640+02:00 DEBUG 8868 --- [shop] [           main] org.springframework.test.context.cache   : Spring test ApplicationContext cache statistics: [DefaultContextCache@64d19dad size = 2, maxSize = 32, parentContextCount = 0, hitCount = 83, missCount = 2, failureCount = 0]
2025-02-20T11:03:20.640+02:00 DEBUG 8868 --- [shop] [           main] org.springframework.test.context.cache   : Spring test ApplicationContext cache statistics: [DefaultContextCache@64d19dad size = 2, maxSize = 32, parentContextCount = 0, hitCount = 84, missCount = 2, failureCount = 0]
2025-02-20T11:03:20.644+02:00 DEBUG 8868 --- [shop] [           main] org.springframework.test.context.cache   : Spring test ApplicationContext cache statistics: [DefaultContextCache@64d19dad size = 2, maxSize = 32, parentContextCount = 0, hitCount = 85, missCount = 2, failureCount = 0]
2025-02-20T11:03:20.644+02:00 DEBUG 8868 --- [shop] [           main] org.springframework.test.context.cache   : Spring test ApplicationContext cache statistics: [DefaultContextCache@64d19dad size = 2, maxSize = 32, parentContextCount = 0, hitCount = 86, missCount = 2, failureCount = 0]
2025-02-20T11:03:20.644+02:00 DEBUG 8868 --- [shop] [           main] org.springframework.test.context.cache   : Spring test ApplicationContext cache statistics: [DefaultContextCache@64d19dad size = 2, maxSize = 32, parentContextCount = 0, hitCount = 87, missCount = 2, failureCount = 0]
2025-02-20T11:03:20.644+02:00 DEBUG 8868 --- [shop] [           main] org.springframework.test.context.cache   : Spring test ApplicationContext cache statistics: [DefaultContextCache@64d19dad size = 2, maxSize = 32, parentContextCount = 0, hitCount = 88, missCount = 2, failureCount = 0]
2025-02-20T11:03:20.644+02:00 DEBUG 8868 --- [shop] [           main] org.springframework.test.context.cache   : Spring test ApplicationContext cache statistics: [DefaultContextCache@64d19dad size = 2, maxSize = 32, parentContextCount = 0, hitCount = 89, missCount = 2, failureCount = 0]
2025-02-20T11:03:20.644+02:00 DEBUG 8868 --- [shop] [           main] org.springframework.test.context.cache   : Spring test ApplicationContext cache statistics: [DefaultContextCache@64d19dad size = 2, maxSize = 32, parentContextCount = 0, hitCount = 90, missCount = 2, failureCount = 0]
2025-02-20T11:03:20.650+02:00 DEBUG 8868 --- [shop] [           main] o.s.orm.jpa.JpaTransactionManager        : Initiating transaction rollback
2025-02-20T11:03:20.650+02:00 DEBUG 8868 --- [shop] [           main] o.s.orm.jpa.JpaTransactionManager        : Rolling back JPA transaction on EntityManager [SessionImpl(66497191<open>)]
2025-02-20T11:03:20.652+02:00 DEBUG 8868 --- [shop] [           main] o.s.orm.jpa.JpaTransactionManager        : Closing JPA EntityManager [SessionImpl(66497191<open>)] after transaction
2025-02-20T11:03:20.652+02:00 DEBUG 8868 --- [shop] [           main] o.s.t.c.transaction.TransactionContext   : Rolled back transaction (1) for test class [com.online.shop.CartControllerIntegrationTest]; test method [testPlaceOrder]
2025-02-20T11:03:20.652+02:00 DEBUG 8868 --- [shop] [           main] .c.s.DirtiesContextTestExecutionListener : After test method: class [CartControllerIntegrationTest], method [testPlaceOrder], class annotated with @DirtiesContext [false] with mode [null], method annotated with @DirtiesContext [false] with mode [null]
2025-02-20T11:03:20.652+02:00 DEBUG 8868 --- [shop] [           main] o.s.t.c.w.ServletTestExecutionListener   : Resetting RequestContextHolder for test class com.online.shop.CartControllerIntegrationTest
]]></system-out>
  </testcase>
  <testcase name="testAddingGettingAndDeletingCartItems" classname="com.online.shop.CartControllerIntegrationTest" time="0.36">
    <system-out><![CDATA[2025-02-20T11:03:20.652+02:00 DEBUG 8868 --- [shop] [           main] org.springframework.test.context.cache   : Spring test ApplicationContext cache statistics: [DefaultContextCache@64d19dad size = 2, maxSize = 32, parentContextCount = 0, hitCount = 91, missCount = 2, failureCount = 0]
2025-02-20T11:03:20.652+02:00 DEBUG 8868 --- [shop] [           main] o.s.t.c.w.ServletTestExecutionListener   : Setting up MockHttpServletRequest, MockHttpServletResponse, ServletWebRequest, and RequestContextHolder for test class com.online.shop.CartControllerIntegrationTest
2025-02-20T11:03:20.652+02:00 DEBUG 8868 --- [shop] [           main] DependencyInjectionTestExecutionListener : Performing dependency injection for test class com.online.shop.CartControllerIntegrationTest
2025-02-20T11:03:20.652+02:00 DEBUG 8868 --- [shop] [           main] org.springframework.test.context.cache   : Spring test ApplicationContext cache statistics: [DefaultContextCache@64d19dad size = 2, maxSize = 32, parentContextCount = 0, hitCount = 92, missCount = 2, failureCount = 0]
2025-02-20T11:03:20.652+02:00 DEBUG 8868 --- [shop] [           main] org.springframework.test.context.cache   : Spring test ApplicationContext cache statistics: [DefaultContextCache@64d19dad size = 2, maxSize = 32, parentContextCount = 0, hitCount = 93, missCount = 2, failureCount = 0]
2025-02-20T11:03:20.660+02:00 DEBUG 8868 --- [shop] [           main] sContextBeforeModesTestExecutionListener : Before test method: class [CartControllerIntegrationTest], method [testAddingGettingAndDeletingCartItems], class annotated with @DirtiesContext [false] with mode [null], method annotated with @DirtiesContext [false] with mode [null]
2025-02-20T11:03:20.660+02:00 DEBUG 8868 --- [shop] [           main] t.c.t.TransactionalTestExecutionListener : Explicit transaction definition [PROPAGATION_REQUIRED,ISOLATION_DEFAULT] found for test class [com.online.shop.CartControllerIntegrationTest] and test method [testAddingGettingAndDeletingCartItems]
2025-02-20T11:03:20.660+02:00 DEBUG 8868 --- [shop] [           main] org.springframework.test.context.cache   : Spring test ApplicationContext cache statistics: [DefaultContextCache@64d19dad size = 2, maxSize = 32, parentContextCount = 0, hitCount = 94, missCount = 2, failureCount = 0]
2025-02-20T11:03:20.660+02:00 DEBUG 8868 --- [shop] [           main] t.c.t.TransactionalTestExecutionListener : No method-level @Rollback override: using default rollback [true] for test method [public void com.online.shop.CartControllerIntegrationTest.testAddingGettingAndDeletingCartItems() throws java.lang.Exception]
2025-02-20T11:03:20.660+02:00 DEBUG 8868 --- [shop] [           main] o.s.orm.jpa.JpaTransactionManager        : Creating new transaction with name [com.online.shop.CartControllerIntegrationTest.testAddingGettingAndDeletingCartItems]: PROPAGATION_REQUIRED,ISOLATION_DEFAULT
2025-02-20T11:03:20.660+02:00 DEBUG 8868 --- [shop] [           main] o.s.orm.jpa.JpaTransactionManager        : Opened new EntityManager [SessionImpl(2104685993<open>)] for JPA transaction
2025-02-20T11:03:20.660+02:00 DEBUG 8868 --- [shop] [           main] o.s.orm.jpa.JpaTransactionManager        : Exposing JPA transaction as JDBC [org.springframework.orm.jpa.vendor.HibernateJpaDialect$HibernateConnectionHandle@127b9bed]
2025-02-20T11:03:20.660+02:00 DEBUG 8868 --- [shop] [           main] o.s.t.c.transaction.TransactionContext   : Began transaction (1) for test class [com.online.shop.CartControllerIntegrationTest]; test method [testAddingGettingAndDeletingCartItems]; transaction manager [org.springframework.orm.jpa.JpaTransactionManager@2bd89b8e]; rollback [true]
2025-02-20T11:03:20.660+02:00 DEBUG 8868 --- [shop] [           main] org.springframework.test.context.cache   : Spring test ApplicationContext cache statistics: [DefaultContextCache@64d19dad size = 2, maxSize = 32, parentContextCount = 0, hitCount = 95, missCount = 2, failureCount = 0]
2025-02-20T11:03:20.660+02:00 DEBUG 8868 --- [shop] [           main] org.springframework.test.context.cache   : Spring test ApplicationContext cache statistics: [DefaultContextCache@64d19dad size = 2, maxSize = 32, parentContextCount = 0, hitCount = 96, missCount = 2, failureCount = 0]
2025-02-20T11:03:20.660+02:00 DEBUG 8868 --- [shop] [           main] org.springframework.test.context.cache   : Spring test ApplicationContext cache statistics: [DefaultContextCache@64d19dad size = 2, maxSize = 32, parentContextCount = 0, hitCount = 97, missCount = 2, failureCount = 0]
2025-02-20T11:03:20.660+02:00 DEBUG 8868 --- [shop] [           main] org.springframework.test.context.cache   : Spring test ApplicationContext cache statistics: [DefaultContextCache@64d19dad size = 2, maxSize = 32, parentContextCount = 0, hitCount = 98, missCount = 2, failureCount = 0]
2025-02-20T11:03:20.680+02:00 DEBUG 8868 --- [shop] [           main] org.springframework.test.context.cache   : Spring test ApplicationContext cache statistics: [DefaultContextCache@64d19dad size = 2, maxSize = 32, parentContextCount = 0, hitCount = 99, missCount = 2, failureCount = 0]
2025-02-20T11:03:20.685+02:00 DEBUG 8868 --- [shop] [           main] o.s.orm.jpa.JpaTransactionManager        : Found thread-bound EntityManager [SessionImpl(2104685993<open>)] for JPA transaction
2025-02-20T11:03:20.685+02:00 DEBUG 8868 --- [shop] [           main] o.s.orm.jpa.JpaTransactionManager        : Participating in existing transaction
2025-02-20T11:03:20.690+02:00 DEBUG 8868 --- [shop] [           main] org.hibernate.SQL                        : select p1_0.id,p1_0.category_id,p1_0.created_at,p1_0.description,p1_0.discount,p1_0.name,p1_0.price,p1_0.rating,p1_0.sales,p1_0.stock from product p1_0
Hibernate: select p1_0.id,p1_0.category_id,p1_0.created_at,p1_0.description,p1_0.discount,p1_0.name,p1_0.price,p1_0.rating,p1_0.sales,p1_0.stock from product p1_0
2025-02-20T11:03:20.697+02:00 DEBUG 8868 --- [shop] [           main] o.s.orm.jpa.JpaTransactionManager        : Found thread-bound EntityManager [SessionImpl(2104685993<open>)] for JPA transaction
2025-02-20T11:03:20.697+02:00 DEBUG 8868 --- [shop] [           main] o.s.orm.jpa.JpaTransactionManager        : Participating in existing transaction
2025-02-20T11:03:20.701+02:00 DEBUG 8868 --- [shop] [           main] o.s.orm.jpa.JpaTransactionManager        : Found thread-bound EntityManager [SessionImpl(2104685993<open>)] for JPA transaction
2025-02-20T11:03:20.701+02:00 DEBUG 8868 --- [shop] [           main] o.s.orm.jpa.JpaTransactionManager        : Participating in existing transaction
2025-02-20T11:03:20.702+02:00 DEBUG 8868 --- [shop] [           main] o.s.orm.jpa.JpaTransactionManager        : Found thread-bound EntityManager [SessionImpl(2104685993<open>)] for JPA transaction
2025-02-20T11:03:20.702+02:00 DEBUG 8868 --- [shop] [           main] o.s.orm.jpa.JpaTransactionManager        : Participating in existing transaction
2025-02-20T11:03:20.707+02:00 DEBUG 8868 --- [shop] [           main] org.hibernate.SQL                        : select u1_0.id,u1_0.code_expiration,u1_0.email,u1_0.fcm_token,u1_0.password,u1_0.role,u1_0.username,u1_0.verification_code,u1_0.verified from users u1_0
Hibernate: select u1_0.id,u1_0.code_expiration,u1_0.email,u1_0.fcm_token,u1_0.password,u1_0.role,u1_0.username,u1_0.verification_code,u1_0.verified from users u1_0
2025-02-20T11:03:20.710+02:00 DEBUG 8868 --- [shop] [           main] org.hibernate.SQL                        : select sc1_0.id,u1_0.id,u1_0.code_expiration,u1_0.email,u1_0.fcm_token,n1_0.id,n1_0.new_arrivals,n1_0.offers,n1_0.order_status,n1_0.via_email,n1_0.via_push,u1_0.password,u1_0.role,s1_0.id,s1_0.address_line1,s1_0.address_line2,s1_0.country,s1_0.first_name,s1_0.last_name,s1_0.phone_number,s1_0.postal_code,s1_0.province,s1_0.town,t1_0.id,t1_0.amount,t1_0.currency,t1_0.payment_method,t1_0.status,t1_0.transaction_date,t1_0.transaction_id,u1_0.username,u1_0.verification_code,u1_0.verified,wl1_0.id,o1_0.user_id,o1_0.id,o1_0.created_at,o1_0.status,o1_0.total from shopping_cart sc1_0 left join users u1_0 on u1_0.id=sc1_0.user_id left join notifications n1_0 on u1_0.id=n1_0.user_id left join shipment s1_0 on u1_0.id=s1_0.user_id left join transaction t1_0 on u1_0.id=t1_0.user_id left join wish_list wl1_0 on u1_0.id=wl1_0.user_id left join orders o1_0 on u1_0.id=o1_0.user_id where sc1_0.user_id=?
Hibernate: select sc1_0.id,u1_0.id,u1_0.code_expiration,u1_0.email,u1_0.fcm_token,n1_0.id,n1_0.new_arrivals,n1_0.offers,n1_0.order_status,n1_0.via_email,n1_0.via_push,u1_0.password,u1_0.role,s1_0.id,s1_0.address_line1,s1_0.address_line2,s1_0.country,s1_0.first_name,s1_0.last_name,s1_0.phone_number,s1_0.postal_code,s1_0.province,s1_0.town,t1_0.id,t1_0.amount,t1_0.currency,t1_0.payment_method,t1_0.status,t1_0.transaction_date,t1_0.transaction_id,u1_0.username,u1_0.verification_code,u1_0.verified,wl1_0.id,o1_0.user_id,o1_0.id,o1_0.created_at,o1_0.status,o1_0.total from shopping_cart sc1_0 left join users u1_0 on u1_0.id=sc1_0.user_id left join notifications n1_0 on u1_0.id=n1_0.user_id left join shipment s1_0 on u1_0.id=s1_0.user_id left join transaction t1_0 on u1_0.id=t1_0.user_id left join wish_list wl1_0 on u1_0.id=wl1_0.user_id left join orders o1_0 on u1_0.id=o1_0.user_id where sc1_0.user_id=?
2025-02-20T11:03:20.712+02:00 DEBUG 8868 --- [shop] [           main] org.hibernate.SQL                        : select n1_0.id,n1_0.new_arrivals,n1_0.offers,n1_0.order_status,u1_0.id,c1_0.id,u1_0.code_expiration,u1_0.email,u1_0.fcm_token,u1_0.password,u1_0.role,s1_0.id,s1_0.address_line1,s1_0.address_line2,s1_0.country,s1_0.first_name,s1_0.last_name,s1_0.phone_number,s1_0.postal_code,s1_0.province,s1_0.town,t1_0.id,t1_0.amount,t1_0.currency,t1_0.payment_method,t1_0.status,t1_0.transaction_date,t1_0.transaction_id,u1_0.username,u1_0.verification_code,u1_0.verified,wl1_0.id,o1_0.user_id,o1_0.id,o1_0.created_at,o1_0.status,o1_0.total,n1_0.via_email,n1_0.via_push from notifications n1_0 left join users u1_0 on u1_0.id=n1_0.user_id left join shopping_cart c1_0 on u1_0.id=c1_0.user_id left join shipment s1_0 on u1_0.id=s1_0.user_id left join transaction t1_0 on u1_0.id=t1_0.user_id left join wish_list wl1_0 on u1_0.id=wl1_0.user_id left join orders o1_0 on u1_0.id=o1_0.user_id where n1_0.user_id=?
Hibernate: select n1_0.id,n1_0.new_arrivals,n1_0.offers,n1_0.order_status,u1_0.id,c1_0.id,u1_0.code_expiration,u1_0.email,u1_0.fcm_token,u1_0.password,u1_0.role,s1_0.id,s1_0.address_line1,s1_0.address_line2,s1_0.country,s1_0.first_name,s1_0.last_name,s1_0.phone_number,s1_0.postal_code,s1_0.province,s1_0.town,t1_0.id,t1_0.amount,t1_0.currency,t1_0.payment_method,t1_0.status,t1_0.transaction_date,t1_0.transaction_id,u1_0.username,u1_0.verification_code,u1_0.verified,wl1_0.id,o1_0.user_id,o1_0.id,o1_0.created_at,o1_0.status,o1_0.total,n1_0.via_email,n1_0.via_push from notifications n1_0 left join users u1_0 on u1_0.id=n1_0.user_id left join shopping_cart c1_0 on u1_0.id=c1_0.user_id left join shipment s1_0 on u1_0.id=s1_0.user_id left join transaction t1_0 on u1_0.id=t1_0.user_id left join wish_list wl1_0 on u1_0.id=wl1_0.user_id left join orders o1_0 on u1_0.id=o1_0.user_id where n1_0.user_id=?
2025-02-20T11:03:20.720+02:00 DEBUG 8868 --- [shop] [           main] org.hibernate.SQL                        : select s1_0.id,s1_0.address_line1,s1_0.address_line2,s1_0.country,s1_0.first_name,s1_0.last_name,s1_0.phone_number,s1_0.postal_code,s1_0.province,s1_0.town,u1_0.id,c1_0.id,u1_0.code_expiration,u1_0.email,u1_0.fcm_token,n1_0.id,n1_0.new_arrivals,n1_0.offers,n1_0.order_status,n1_0.via_email,n1_0.via_push,u1_0.password,u1_0.role,t1_0.id,t1_0.amount,t1_0.currency,t1_0.payment_method,t1_0.status,t1_0.transaction_date,t1_0.transaction_id,u1_0.username,u1_0.verification_code,u1_0.verified,wl1_0.id,o1_0.user_id,o1_0.id,o1_0.created_at,o1_0.status,o1_0.total from shipment s1_0 left join users u1_0 on u1_0.id=s1_0.user_id left join shopping_cart c1_0 on u1_0.id=c1_0.user_id left join notifications n1_0 on u1_0.id=n1_0.user_id left join transaction t1_0 on u1_0.id=t1_0.user_id left join wish_list wl1_0 on u1_0.id=wl1_0.user_id left join orders o1_0 on u1_0.id=o1_0.user_id where s1_0.user_id=?
Hibernate: select s1_0.id,s1_0.address_line1,s1_0.address_line2,s1_0.country,s1_0.first_name,s1_0.last_name,s1_0.phone_number,s1_0.postal_code,s1_0.province,s1_0.town,u1_0.id,c1_0.id,u1_0.code_expiration,u1_0.email,u1_0.fcm_token,n1_0.id,n1_0.new_arrivals,n1_0.offers,n1_0.order_status,n1_0.via_email,n1_0.via_push,u1_0.password,u1_0.role,t1_0.id,t1_0.amount,t1_0.currency,t1_0.payment_method,t1_0.status,t1_0.transaction_date,t1_0.transaction_id,u1_0.username,u1_0.verification_code,u1_0.verified,wl1_0.id,o1_0.user_id,o1_0.id,o1_0.created_at,o1_0.status,o1_0.total from shipment s1_0 left join users u1_0 on u1_0.id=s1_0.user_id left join shopping_cart c1_0 on u1_0.id=c1_0.user_id left join notifications n1_0 on u1_0.id=n1_0.user_id left join transaction t1_0 on u1_0.id=t1_0.user_id left join wish_list wl1_0 on u1_0.id=wl1_0.user_id left join orders o1_0 on u1_0.id=o1_0.user_id where s1_0.user_id=?
2025-02-20T11:03:20.722+02:00 DEBUG 8868 --- [shop] [           main] org.hibernate.SQL                        : select t1_0.id,t1_0.amount,t1_0.currency,t1_0.payment_method,t1_0.status,t1_0.transaction_date,t1_0.transaction_id,u1_0.id,c1_0.id,u1_0.code_expiration,u1_0.email,u1_0.fcm_token,n1_0.id,n1_0.new_arrivals,n1_0.offers,n1_0.order_status,n1_0.via_email,n1_0.via_push,u1_0.password,u1_0.role,s1_0.id,s1_0.address_line1,s1_0.address_line2,s1_0.country,s1_0.first_name,s1_0.last_name,s1_0.phone_number,s1_0.postal_code,s1_0.province,s1_0.town,u1_0.username,u1_0.verification_code,u1_0.verified,wl1_0.id,o1_0.user_id,o1_0.id,o1_0.created_at,o1_0.status,o1_0.total from transaction t1_0 left join users u1_0 on u1_0.id=t1_0.user_id left join shopping_cart c1_0 on u1_0.id=c1_0.user_id left join notifications n1_0 on u1_0.id=n1_0.user_id left join shipment s1_0 on u1_0.id=s1_0.user_id left join wish_list wl1_0 on u1_0.id=wl1_0.user_id left join orders o1_0 on u1_0.id=o1_0.user_id where t1_0.user_id=?
Hibernate: select t1_0.id,t1_0.amount,t1_0.currency,t1_0.payment_method,t1_0.status,t1_0.transaction_date,t1_0.transaction_id,u1_0.id,c1_0.id,u1_0.code_expiration,u1_0.email,u1_0.fcm_token,n1_0.id,n1_0.new_arrivals,n1_0.offers,n1_0.order_status,n1_0.via_email,n1_0.via_push,u1_0.password,u1_0.role,s1_0.id,s1_0.address_line1,s1_0.address_line2,s1_0.country,s1_0.first_name,s1_0.last_name,s1_0.phone_number,s1_0.postal_code,s1_0.province,s1_0.town,u1_0.username,u1_0.verification_code,u1_0.verified,wl1_0.id,o1_0.user_id,o1_0.id,o1_0.created_at,o1_0.status,o1_0.total from transaction t1_0 left join users u1_0 on u1_0.id=t1_0.user_id left join shopping_cart c1_0 on u1_0.id=c1_0.user_id left join notifications n1_0 on u1_0.id=n1_0.user_id left join shipment s1_0 on u1_0.id=s1_0.user_id left join wish_list wl1_0 on u1_0.id=wl1_0.user_id left join orders o1_0 on u1_0.id=o1_0.user_id where t1_0.user_id=?
2025-02-20T11:03:20.722+02:00 DEBUG 8868 --- [shop] [           main] org.hibernate.SQL                        : select i1_0.cart_id,i1_0.id,p1_0.id,c2_0.id,c2_0.name,p1_0.created_at,p1_0.description,p1_0.discount,p1_0.name,p1_0.price,p1_0.rating,p1_0.sales,p1_0.stock,i1_0.quantity from cart_item i1_0 left join product p1_0 on p1_0.id=i1_0.product_id left join category c2_0 on c2_0.id=p1_0.category_id where i1_0.cart_id=?
Hibernate: select i1_0.cart_id,i1_0.id,p1_0.id,c2_0.id,c2_0.name,p1_0.created_at,p1_0.description,p1_0.discount,p1_0.name,p1_0.price,p1_0.rating,p1_0.sales,p1_0.stock,i1_0.quantity from cart_item i1_0 left join product p1_0 on p1_0.id=i1_0.product_id left join category c2_0 on c2_0.id=p1_0.category_id where i1_0.cart_id=?
2025-02-20T11:03:20.730+02:00 DEBUG 8868 --- [shop] [           main] org.hibernate.SQL                        : select r1_0.user_id,r1_0.id,r1_0.created_at,r1_0.posted_by,p1_0.id,c1_0.id,c1_0.name,p1_0.created_at,p1_0.description,p1_0.discount,p1_0.name,p1_0.price,p1_0.rating,p1_0.sales,p1_0.stock,r1_0.rating,r1_0.text from review r1_0 left join product p1_0 on p1_0.id=r1_0.product_id left join category c1_0 on c1_0.id=p1_0.category_id where r1_0.user_id=?
Hibernate: select r1_0.user_id,r1_0.id,r1_0.created_at,r1_0.posted_by,p1_0.id,c1_0.id,c1_0.name,p1_0.created_at,p1_0.description,p1_0.discount,p1_0.name,p1_0.price,p1_0.rating,p1_0.sales,p1_0.stock,r1_0.rating,r1_0.text from review r1_0 left join product p1_0 on p1_0.id=r1_0.product_id left join category c1_0 on c1_0.id=p1_0.category_id where r1_0.user_id=?
2025-02-20T11:03:20.730+02:00 DEBUG 8868 --- [shop] [           main] o.s.orm.jpa.JpaTransactionManager        : Found thread-bound EntityManager [SessionImpl(2104685993<open>)] for JPA transaction
2025-02-20T11:03:20.730+02:00 DEBUG 8868 --- [shop] [           main] o.s.orm.jpa.JpaTransactionManager        : Participating in existing transaction
2025-02-20T11:03:20.730+02:00 DEBUG 8868 --- [shop] [           main] org.hibernate.SQL                        : insert into product (category_id,created_at,description,discount,name,price,rating,sales,stock,id) values (?,?,?,?,?,?,?,?,?,?)
Hibernate: insert into product (category_id,created_at,description,discount,name,price,rating,sales,stock,id) values (?,?,?,?,?,?,?,?,?,?)
2025-02-20T11:03:20.730+02:00 DEBUG 8868 --- [shop] [           main] org.hibernate.SQL                        : insert into product (category_id,created_at,description,discount,name,price,rating,sales,stock,id) values (?,?,?,?,?,?,?,?,?,?)
Hibernate: insert into product (category_id,created_at,description,discount,name,price,rating,sales,stock,id) values (?,?,?,?,?,?,?,?,?,?)
2025-02-20T11:03:20.730+02:00 DEBUG 8868 --- [shop] [           main] org.hibernate.SQL                        : insert into users (code_expiration,email,fcm_token,password,role,username,verification_code,verified,id) values (?,?,?,?,?,?,?,?,?)
Hibernate: insert into users (code_expiration,email,fcm_token,password,role,username,verification_code,verified,id) values (?,?,?,?,?,?,?,?,?)
2025-02-20T11:03:20.740+02:00 DEBUG 8868 --- [shop] [           main] org.hibernate.SQL                        : insert into shopping_cart (user_id,id) values (?,?)
Hibernate: insert into shopping_cart (user_id,id) values (?,?)
2025-02-20T11:03:20.740+02:00 DEBUG 8868 --- [shop] [           main] org.hibernate.SQL                        : insert into cart_item (cart_id,product_id,quantity,id) values (?,?,?,?)
Hibernate: insert into cart_item (cart_id,product_id,quantity,id) values (?,?,?,?)
2025-02-20T11:03:20.740+02:00 DEBUG 8868 --- [shop] [           main] org.hibernate.SQL                        : insert into notifications (new_arrivals,offers,order_status,user_id,via_email,via_push,id) values (?,?,?,?,?,?,default)
Hibernate: insert into notifications (new_arrivals,offers,order_status,user_id,via_email,via_push,id) values (?,?,?,?,?,?,default)
2025-02-20T11:03:20.745+02:00 DEBUG 8868 --- [shop] [           main] org.springframework.test.context.cache   : Spring test ApplicationContext cache statistics: [DefaultContextCache@64d19dad size = 2, maxSize = 32, parentContextCount = 0, hitCount = 100, missCount = 2, failureCount = 0]
2025-02-20T11:03:20.745+02:00 DEBUG 8868 --- [shop] [           main] o.s.test.util.ReflectionTestUtils        : Invoking method 'getFilters' on target object [FilterChainProxy[Filter Chains: null]] or target class [null] with arguments {org.springframework.mock.web.MockHttpServletRequest@33d74ebd}
2025-02-20T11:03:20.745+02:00 DEBUG 8868 --- [shop] [           main] o.s.test.util.ReflectionTestUtils        : Invoking method 'getFilters' on target object [FilterChainProxy[Filter Chains: null]] or target class [null] with arguments {org.springframework.mock.web.MockHttpServletRequest@33d74ebd}
2025-02-20T11:03:20.745+02:00 DEBUG 8868 --- [shop] [           main] o.s.test.util.ReflectionTestUtils        : Getting field 'securityContextRepository' from target object [org.springframework.security.web.context.SecurityContextHolderFilter@5dd7f921] or target class [class org.springframework.security.web.context.SecurityContextHolderFilter]
2025-02-20T11:03:20.745+02:00 DEBUG 8868 --- [shop] [           main] w.c.HttpSessionSecurityContextRepository : Created HttpSession as SecurityContext is non-default
2025-02-20T11:03:20.745+02:00 DEBUG 8868 --- [shop] [           main] w.c.HttpSessionSecurityContextRepository : Stored SecurityContextImpl [Authentication=UsernamePasswordAuthenticationToken [Principal=org.springframework.security.core.userdetails.User [Username=user, Password=[PROTECTED], Enabled=true, AccountNonExpired=true, CredentialsNonExpired=true, AccountNonLocked=true, Granted Authorities=[ROLE_USER]], Credentials=[PROTECTED], Authenticated=true, Details=null, Granted Authorities=[ROLE_USER]]] to HttpSession [org.springframework.mock.web.MockHttpSession@646a3bc5]
2025-02-20T11:03:20.750+02:00 DEBUG 8868 --- [shop] [           main] o.s.security.web.FilterChainProxy        : Securing POST /user/cart/add/7
2025-02-20T11:03:20.750+02:00 DEBUG 8868 --- [shop] [           main] w.c.HttpSessionSecurityContextRepository : Retrieved SecurityContextImpl [Authentication=UsernamePasswordAuthenticationToken [Principal=org.springframework.security.core.userdetails.User [Username=user, Password=[PROTECTED], Enabled=true, AccountNonExpired=true, CredentialsNonExpired=true, AccountNonLocked=true, Granted Authorities=[ROLE_USER]], Credentials=[PROTECTED], Authenticated=true, Details=null, Granted Authorities=[ROLE_USER]]]
2025-02-20T11:03:20.750+02:00 DEBUG 8868 --- [shop] [           main] o.s.security.web.FilterChainProxy        : Secured POST /user/cart/add/7
2025-02-20T11:03:20.750+02:00 DEBUG 8868 --- [shop] [           main] o.s.t.web.servlet.TestDispatcherServlet  : POST "/user/cart/add/7", parameters={}
2025-02-20T11:03:20.755+02:00 DEBUG 8868 --- [shop] [           main] s.w.s.m.m.a.RequestMappingHandlerMapping : Mapped to com.online.shop.controllers.CartController#addProductToCart(Long, Principal)
2025-02-20T11:03:20.765+02:00 DEBUG 8868 --- [shop] [           main] org.hibernate.SQL                        : insert into wish_list (user_id,id) values (?,?)
Hibernate: insert into wish_list (user_id,id) values (?,?)
2025-02-20T11:03:20.765+02:00 DEBUG 8868 --- [shop] [           main] org.hibernate.SQL                        : delete from wish_list_products where wish_list_id=?
Hibernate: delete from wish_list_products where wish_list_id=?
2025-02-20T11:03:20.765+02:00 DEBUG 8868 --- [shop] [           main] org.hibernate.SQL                        : delete from users_order_history where user_id=?
Hibernate: delete from users_order_history where user_id=?
2025-02-20T11:03:20.770+02:00 DEBUG 8868 --- [shop] [           main] org.hibernate.SQL                        : delete from shopping_cart where id=?
Hibernate: delete from shopping_cart where id=?
2025-02-20T11:03:20.770+02:00 DEBUG 8868 --- [shop] [           main] org.hibernate.SQL                        : delete from wish_list where id=?
Hibernate: delete from wish_list where id=?
2025-02-20T11:03:20.770+02:00 DEBUG 8868 --- [shop] [           main] org.hibernate.SQL                        : delete from users where id=?
Hibernate: delete from users where id=?
2025-02-20T11:03:20.776+02:00 DEBUG 8868 --- [shop] [           main] org.hibernate.SQL                        : select u1_0.id,u1_0.code_expiration,u1_0.email,u1_0.fcm_token,u1_0.password,u1_0.role,u1_0.username,u1_0.verification_code,u1_0.verified from users u1_0 where u1_0.username=?
Hibernate: select u1_0.id,u1_0.code_expiration,u1_0.email,u1_0.fcm_token,u1_0.password,u1_0.role,u1_0.username,u1_0.verification_code,u1_0.verified from users u1_0 where u1_0.username=?
2025-02-20T11:03:20.776+02:00 DEBUG 8868 --- [shop] [           main] o.s.orm.jpa.JpaTransactionManager        : Found thread-bound EntityManager [SessionImpl(2104685993<open>)] for JPA transaction
2025-02-20T11:03:20.776+02:00 DEBUG 8868 --- [shop] [           main] o.s.orm.jpa.JpaTransactionManager        : Participating in existing transaction
2025-02-20T11:03:20.780+02:00 DEBUG 8868 --- [shop] [           main] o.s.orm.jpa.JpaTransactionManager        : Found thread-bound EntityManager [SessionImpl(2104685993<open>)] for JPA transaction
2025-02-20T11:03:20.780+02:00 DEBUG 8868 --- [shop] [           main] o.s.orm.jpa.JpaTransactionManager        : Participating in existing transaction
2025-02-20T11:03:20.780+02:00 DEBUG 8868 --- [shop] [           main] o.s.w.s.m.m.a.HttpEntityMethodProcessor  : Using 'text/plain', given [*/*] and supported [text/plain, */*, application/json, application/*+json]
2025-02-20T11:03:20.780+02:00 DEBUG 8868 --- [shop] [           main] o.s.w.s.m.m.a.HttpEntityMethodProcessor  : Writing ["The product was added to cart!"]
2025-02-20T11:03:20.780+02:00 DEBUG 8868 --- [shop] [           main] o.s.t.web.servlet.TestDispatcherServlet  : Completed 200 OK
2025-02-20T11:03:20.785+02:00 DEBUG 8868 --- [shop] [           main] o.s.test.util.ReflectionTestUtils        : Invoking method 'getFilters' on target object [FilterChainProxy[Filter Chains: null]] or target class [null] with arguments {org.springframework.mock.web.MockHttpServletRequest@78e1625f}
2025-02-20T11:03:20.785+02:00 DEBUG 8868 --- [shop] [           main] o.s.test.util.ReflectionTestUtils        : Invoking method 'getFilters' on target object [FilterChainProxy[Filter Chains: null]] or target class [null] with arguments {org.springframework.mock.web.MockHttpServletRequest@78e1625f}
2025-02-20T11:03:20.785+02:00 DEBUG 8868 --- [shop] [           main] o.s.test.util.ReflectionTestUtils        : Getting field 'securityContextRepository' from target object [org.springframework.security.web.context.SecurityContextHolderFilter@5dd7f921] or target class [class org.springframework.security.web.context.SecurityContextHolderFilter]
2025-02-20T11:03:20.785+02:00 DEBUG 8868 --- [shop] [           main] w.c.HttpSessionSecurityContextRepository : Created HttpSession as SecurityContext is non-default
2025-02-20T11:03:20.785+02:00 DEBUG 8868 --- [shop] [           main] w.c.HttpSessionSecurityContextRepository : Stored SecurityContextImpl [Authentication=UsernamePasswordAuthenticationToken [Principal=org.springframework.security.core.userdetails.User [Username=user, Password=[PROTECTED], Enabled=true, AccountNonExpired=true, CredentialsNonExpired=true, AccountNonLocked=true, Granted Authorities=[ROLE_USER]], Credentials=[PROTECTED], Authenticated=true, Details=null, Granted Authorities=[ROLE_USER]]] to HttpSession [org.springframework.mock.web.MockHttpSession@446e20c0]
2025-02-20T11:03:20.790+02:00 DEBUG 8868 --- [shop] [           main] o.s.security.web.FilterChainProxy        : Securing GET /user/cart/getCartItems
2025-02-20T11:03:20.790+02:00 DEBUG 8868 --- [shop] [           main] w.c.HttpSessionSecurityContextRepository : Retrieved SecurityContextImpl [Authentication=UsernamePasswordAuthenticationToken [Principal=org.springframework.security.core.userdetails.User [Username=user, Password=[PROTECTED], Enabled=true, AccountNonExpired=true, CredentialsNonExpired=true, AccountNonLocked=true, Granted Authorities=[ROLE_USER]], Credentials=[PROTECTED], Authenticated=true, Details=null, Granted Authorities=[ROLE_USER]]]
2025-02-20T11:03:20.790+02:00 DEBUG 8868 --- [shop] [           main] o.s.security.web.FilterChainProxy        : Secured GET /user/cart/getCartItems
2025-02-20T11:03:20.790+02:00 DEBUG 8868 --- [shop] [           main] o.s.t.web.servlet.TestDispatcherServlet  : GET "/user/cart/getCartItems", parameters={}
2025-02-20T11:03:20.790+02:00 DEBUG 8868 --- [shop] [           main] s.w.s.m.m.a.RequestMappingHandlerMapping : Mapped to com.online.shop.controllers.CartController#getCartItems(Principal)
2025-02-20T11:03:20.795+02:00 DEBUG 8868 --- [shop] [           main] org.hibernate.SQL                        : select u1_0.id,u1_0.code_expiration,u1_0.email,u1_0.fcm_token,u1_0.password,u1_0.role,u1_0.username,u1_0.verification_code,u1_0.verified from users u1_0 where u1_0.username=?
Hibernate: select u1_0.id,u1_0.code_expiration,u1_0.email,u1_0.fcm_token,u1_0.password,u1_0.role,u1_0.username,u1_0.verification_code,u1_0.verified from users u1_0 where u1_0.username=?
2025-02-20T11:03:20.880+02:00 DEBUG 8868 --- [shop] [           main] o.s.w.s.m.m.a.HttpEntityMethodProcessor  : Using 'application/json', given [*/*] and supported [application/json, application/*+json]
2025-02-20T11:03:20.880+02:00 DEBUG 8868 --- [shop] [           main] o.s.w.s.m.m.a.HttpEntityMethodProcessor  : Writing [[com.online.shop.entities.CartItem@46646e38, com.online.shop.entities.CartItem@601ebfa1]]
2025-02-20T11:03:20.905+02:00 DEBUG 8868 --- [shop] [           main] o.s.t.web.servlet.TestDispatcherServlet  : Completed 200 OK
2025-02-20T11:03:20.950+02:00 DEBUG 8868 --- [shop] [           main] o.s.test.util.ReflectionTestUtils        : Invoking method 'getFilters' on target object [FilterChainProxy[Filter Chains: null]] or target class [null] with arguments {org.springframework.mock.web.MockHttpServletRequest@5b4f77e1}
2025-02-20T11:03:20.950+02:00 DEBUG 8868 --- [shop] [           main] o.s.test.util.ReflectionTestUtils        : Invoking method 'getFilters' on target object [FilterChainProxy[Filter Chains: null]] or target class [null] with arguments {org.springframework.mock.web.MockHttpServletRequest@5b4f77e1}
2025-02-20T11:03:20.950+02:00 DEBUG 8868 --- [shop] [           main] o.s.test.util.ReflectionTestUtils        : Getting field 'securityContextRepository' from target object [org.springframework.security.web.context.SecurityContextHolderFilter@5dd7f921] or target class [class org.springframework.security.web.context.SecurityContextHolderFilter]
2025-02-20T11:03:20.950+02:00 DEBUG 8868 --- [shop] [           main] w.c.HttpSessionSecurityContextRepository : Created HttpSession as SecurityContext is non-default
2025-02-20T11:03:20.950+02:00 DEBUG 8868 --- [shop] [           main] w.c.HttpSessionSecurityContextRepository : Stored SecurityContextImpl [Authentication=UsernamePasswordAuthenticationToken [Principal=org.springframework.security.core.userdetails.User [Username=user, Password=[PROTECTED], Enabled=true, AccountNonExpired=true, CredentialsNonExpired=true, AccountNonLocked=true, Granted Authorities=[ROLE_USER]], Credentials=[PROTECTED], Authenticated=true, Details=null, Granted Authorities=[ROLE_USER]]] to HttpSession [org.springframework.mock.web.MockHttpSession@40aff4f1]
2025-02-20T11:03:20.950+02:00 DEBUG 8868 --- [shop] [           main] o.s.security.web.FilterChainProxy        : Securing DELETE /user/cart/delete/7
2025-02-20T11:03:20.950+02:00 DEBUG 8868 --- [shop] [           main] w.c.HttpSessionSecurityContextRepository : Retrieved SecurityContextImpl [Authentication=UsernamePasswordAuthenticationToken [Principal=org.springframework.security.core.userdetails.User [Username=user, Password=[PROTECTED], Enabled=true, AccountNonExpired=true, CredentialsNonExpired=true, AccountNonLocked=true, Granted Authorities=[ROLE_USER]], Credentials=[PROTECTED], Authenticated=true, Details=null, Granted Authorities=[ROLE_USER]]]
2025-02-20T11:03:20.950+02:00 DEBUG 8868 --- [shop] [           main] o.s.security.web.FilterChainProxy        : Secured DELETE /user/cart/delete/7
2025-02-20T11:03:20.950+02:00 DEBUG 8868 --- [shop] [           main] o.s.t.web.servlet.TestDispatcherServlet  : DELETE "/user/cart/delete/7", parameters={}
2025-02-20T11:03:20.950+02:00 DEBUG 8868 --- [shop] [           main] s.w.s.m.m.a.RequestMappingHandlerMapping : Mapped to com.online.shop.controllers.CartController#deleteProductFromCart(Principal, Long)
2025-02-20T11:03:20.955+02:00 DEBUG 8868 --- [shop] [           main] o.s.orm.jpa.JpaTransactionManager        : Found thread-bound EntityManager [SessionImpl(2104685993<open>)] for JPA transaction
2025-02-20T11:03:20.955+02:00 DEBUG 8868 --- [shop] [           main] o.s.orm.jpa.JpaTransactionManager        : Participating in existing transaction
2025-02-20T11:03:20.965+02:00 DEBUG 8868 --- [shop] [           main] org.hibernate.SQL                        : select u1_0.id,u1_0.code_expiration,u1_0.email,u1_0.fcm_token,u1_0.password,u1_0.role,u1_0.username,u1_0.verification_code,u1_0.verified from users u1_0 where u1_0.username=?
Hibernate: select u1_0.id,u1_0.code_expiration,u1_0.email,u1_0.fcm_token,u1_0.password,u1_0.role,u1_0.username,u1_0.verification_code,u1_0.verified from users u1_0 where u1_0.username=?
2025-02-20T11:03:20.970+02:00 DEBUG 8868 --- [shop] [           main] org.hibernate.SQL                        : select sc1_0.id,sc1_0.user_id from shopping_cart sc1_0 where sc1_0.user_id=?
Hibernate: select sc1_0.id,sc1_0.user_id from shopping_cart sc1_0 where sc1_0.user_id=?
2025-02-20T11:03:20.970+02:00 DEBUG 8868 --- [shop] [           main] org.hibernate.SQL                        : select u1_0.id,u1_0.code_expiration,u1_0.email,u1_0.fcm_token,u1_0.password,u1_0.role,u1_0.username,u1_0.verification_code,u1_0.verified from users u1_0 where u1_0.username=?
Hibernate: select u1_0.id,u1_0.code_expiration,u1_0.email,u1_0.fcm_token,u1_0.password,u1_0.role,u1_0.username,u1_0.verification_code,u1_0.verified from users u1_0 where u1_0.username=?
2025-02-20T11:03:20.980+02:00 DEBUG 8868 --- [shop] [           main] o.s.orm.jpa.JpaTransactionManager        : Found thread-bound EntityManager [SessionImpl(2104685993<open>)] for JPA transaction
2025-02-20T11:03:20.980+02:00 DEBUG 8868 --- [shop] [           main] o.s.orm.jpa.JpaTransactionManager        : Participating in existing transaction
2025-02-20T11:03:20.980+02:00 DEBUG 8868 --- [shop] [           main] o.s.w.s.m.m.a.HttpEntityMethodProcessor  : Using 'text/plain', given [*/*] and supported [text/plain, */*, application/json, application/*+json]
2025-02-20T11:03:20.980+02:00 DEBUG 8868 --- [shop] [           main] o.s.w.s.m.m.a.HttpEntityMethodProcessor  : Writing ["The product was deleted from the cart!"]
2025-02-20T11:03:20.980+02:00 DEBUG 8868 --- [shop] [           main] o.s.t.web.servlet.TestDispatcherServlet  : Completed 200 OK
2025-02-20T11:03:20.980+02:00 DEBUG 8868 --- [shop] [           main] o.s.test.util.ReflectionTestUtils        : Invoking method 'getFilters' on target object [FilterChainProxy[Filter Chains: null]] or target class [null] with arguments {org.springframework.mock.web.MockHttpServletRequest@63cb1a9a}
2025-02-20T11:03:20.980+02:00 DEBUG 8868 --- [shop] [           main] o.s.test.util.ReflectionTestUtils        : Invoking method 'getFilters' on target object [FilterChainProxy[Filter Chains: null]] or target class [null] with arguments {org.springframework.mock.web.MockHttpServletRequest@63cb1a9a}
2025-02-20T11:03:20.980+02:00 DEBUG 8868 --- [shop] [           main] o.s.test.util.ReflectionTestUtils        : Getting field 'securityContextRepository' from target object [org.springframework.security.web.context.SecurityContextHolderFilter@5dd7f921] or target class [class org.springframework.security.web.context.SecurityContextHolderFilter]
2025-02-20T11:03:20.980+02:00 DEBUG 8868 --- [shop] [           main] w.c.HttpSessionSecurityContextRepository : Created HttpSession as SecurityContext is non-default
2025-02-20T11:03:20.980+02:00 DEBUG 8868 --- [shop] [           main] w.c.HttpSessionSecurityContextRepository : Stored SecurityContextImpl [Authentication=UsernamePasswordAuthenticationToken [Principal=org.springframework.security.core.userdetails.User [Username=user, Password=[PROTECTED], Enabled=true, AccountNonExpired=true, CredentialsNonExpired=true, AccountNonLocked=true, Granted Authorities=[ROLE_USER]], Credentials=[PROTECTED], Authenticated=true, Details=null, Granted Authorities=[ROLE_USER]]] to HttpSession [org.springframework.mock.web.MockHttpSession@37cb41fa]
2025-02-20T11:03:20.980+02:00 DEBUG 8868 --- [shop] [           main] o.s.security.web.FilterChainProxy        : Securing GET /user/cart/getCartItems
2025-02-20T11:03:20.980+02:00 DEBUG 8868 --- [shop] [           main] w.c.HttpSessionSecurityContextRepository : Retrieved SecurityContextImpl [Authentication=UsernamePasswordAuthenticationToken [Principal=org.springframework.security.core.userdetails.User [Username=user, Password=[PROTECTED], Enabled=true, AccountNonExpired=true, CredentialsNonExpired=true, AccountNonLocked=true, Granted Authorities=[ROLE_USER]], Credentials=[PROTECTED], Authenticated=true, Details=null, Granted Authorities=[ROLE_USER]]]
2025-02-20T11:03:20.980+02:00 DEBUG 8868 --- [shop] [           main] o.s.security.web.FilterChainProxy        : Secured GET /user/cart/getCartItems
2025-02-20T11:03:20.980+02:00 DEBUG 8868 --- [shop] [           main] o.s.t.web.servlet.TestDispatcherServlet  : GET "/user/cart/getCartItems", parameters={}
2025-02-20T11:03:20.990+02:00 DEBUG 8868 --- [shop] [           main] s.w.s.m.m.a.RequestMappingHandlerMapping : Mapped to com.online.shop.controllers.CartController#getCartItems(Principal)
2025-02-20T11:03:20.990+02:00 DEBUG 8868 --- [shop] [           main] org.hibernate.SQL                        : select u1_0.id,u1_0.code_expiration,u1_0.email,u1_0.fcm_token,u1_0.password,u1_0.role,u1_0.username,u1_0.verification_code,u1_0.verified from users u1_0 where u1_0.username=?
Hibernate: select u1_0.id,u1_0.code_expiration,u1_0.email,u1_0.fcm_token,u1_0.password,u1_0.role,u1_0.username,u1_0.verification_code,u1_0.verified from users u1_0 where u1_0.username=?
2025-02-20T11:03:20.996+02:00 DEBUG 8868 --- [shop] [           main] o.s.w.s.m.m.a.HttpEntityMethodProcessor  : Using 'application/json', given [*/*] and supported [application/json, application/*+json]
2025-02-20T11:03:20.996+02:00 DEBUG 8868 --- [shop] [           main] o.s.w.s.m.m.a.HttpEntityMethodProcessor  : Writing [[com.online.shop.entities.CartItem@46646e38]]
2025-02-20T11:03:20.996+02:00 DEBUG 8868 --- [shop] [           main] o.s.t.web.servlet.TestDispatcherServlet  : Completed 200 OK
2025-02-20T11:03:21.000+02:00 DEBUG 8868 --- [shop] [           main] org.springframework.test.context.cache   : Spring test ApplicationContext cache statistics: [DefaultContextCache@64d19dad size = 2, maxSize = 32, parentContextCount = 0, hitCount = 101, missCount = 2, failureCount = 0]
2025-02-20T11:03:21.000+02:00 DEBUG 8868 --- [shop] [           main] org.springframework.test.context.cache   : Spring test ApplicationContext cache statistics: [DefaultContextCache@64d19dad size = 2, maxSize = 32, parentContextCount = 0, hitCount = 102, missCount = 2, failureCount = 0]
2025-02-20T11:03:21.000+02:00 DEBUG 8868 --- [shop] [           main] org.springframework.test.context.cache   : Spring test ApplicationContext cache statistics: [DefaultContextCache@64d19dad size = 2, maxSize = 32, parentContextCount = 0, hitCount = 103, missCount = 2, failureCount = 0]
2025-02-20T11:03:21.000+02:00 DEBUG 8868 --- [shop] [           main] org.springframework.test.context.cache   : Spring test ApplicationContext cache statistics: [DefaultContextCache@64d19dad size = 2, maxSize = 32, parentContextCount = 0, hitCount = 104, missCount = 2, failureCount = 0]
2025-02-20T11:03:21.000+02:00 DEBUG 8868 --- [shop] [           main] org.springframework.test.context.cache   : Spring test ApplicationContext cache statistics: [DefaultContextCache@64d19dad size = 2, maxSize = 32, parentContextCount = 0, hitCount = 105, missCount = 2, failureCount = 0]
2025-02-20T11:03:21.000+02:00 DEBUG 8868 --- [shop] [           main] org.springframework.test.context.cache   : Spring test ApplicationContext cache statistics: [DefaultContextCache@64d19dad size = 2, maxSize = 32, parentContextCount = 0, hitCount = 106, missCount = 2, failureCount = 0]
2025-02-20T11:03:21.012+02:00 DEBUG 8868 --- [shop] [           main] org.springframework.test.context.cache   : Spring test ApplicationContext cache statistics: [DefaultContextCache@64d19dad size = 2, maxSize = 32, parentContextCount = 0, hitCount = 107, missCount = 2, failureCount = 0]
2025-02-20T11:03:21.012+02:00 DEBUG 8868 --- [shop] [           main] org.springframework.test.context.cache   : Spring test ApplicationContext cache statistics: [DefaultContextCache@64d19dad size = 2, maxSize = 32, parentContextCount = 0, hitCount = 108, missCount = 2, failureCount = 0]
2025-02-20T11:03:21.012+02:00 DEBUG 8868 --- [shop] [           main] o.s.orm.jpa.JpaTransactionManager        : Initiating transaction rollback
2025-02-20T11:03:21.012+02:00 DEBUG 8868 --- [shop] [           main] o.s.orm.jpa.JpaTransactionManager        : Rolling back JPA transaction on EntityManager [SessionImpl(2104685993<open>)]
2025-02-20T11:03:21.012+02:00 DEBUG 8868 --- [shop] [           main] o.s.orm.jpa.JpaTransactionManager        : Closing JPA EntityManager [SessionImpl(2104685993<open>)] after transaction
2025-02-20T11:03:21.012+02:00 DEBUG 8868 --- [shop] [           main] o.s.t.c.transaction.TransactionContext   : Rolled back transaction (1) for test class [com.online.shop.CartControllerIntegrationTest]; test method [testAddingGettingAndDeletingCartItems]
2025-02-20T11:03:21.012+02:00 DEBUG 8868 --- [shop] [           main] .c.s.DirtiesContextTestExecutionListener : After test method: class [CartControllerIntegrationTest], method [testAddingGettingAndDeletingCartItems], class annotated with @DirtiesContext [false] with mode [null], method annotated with @DirtiesContext [false] with mode [null]
2025-02-20T11:03:21.012+02:00 DEBUG 8868 --- [shop] [           main] o.s.t.c.w.ServletTestExecutionListener   : Resetting RequestContextHolder for test class com.online.shop.CartControllerIntegrationTest
]]></system-out>
  </testcase>
</testsuite>